 General Geometry - Free Format                                                 
  
                          U :            0.000000    0.000000
                       t_up :        1.000000E+00
                       t_dn :        1.000000E+00
                      mu_up :           -0.600000   -0.600000
                      mu_dn :           -0.600000   -0.600000
             Time slice - L :           20
            Number of sites :           32
                       dtau :        1.000000E-01
                       beta :        2.000000E+00
     Number of warmup sweep :        50000
Number of measurement sweep :       100000
   Frequency of measurement :            1
                Random seed :      1234567
 Frequency of recomputing G :            8
Global move number of sites :            1
               Accept count :     49463987
               Reject count :     46464432
    Approximate accept rate :        5.156343E-01
                      gamma :        9.393386E-01
   Global move accept count :       150000
   Global move reject count :            0
    Global move accept rate :        1.000000E+00
           Type of matrix B : Dense MatB  
         Type of matrix HSF : discrete
 Sign of equal time measurements:
                                avg sign :   1.00000000E+00 +-  0.00000000E+00
                             avg up sign :   1.00000000E+00 +-  0.00000000E+00
                             avg dn sign :   1.00000000E+00 +-  0.00000000E+00
============================================================================
 Electronic properties:
                         spin up density :   3.86280518E-01 +-  0.00000000E+00
                       spin down density :   3.86280518E-01 +-  0.00000000E+00
                           total density :   7.72561036E-01 +-  0.00000000E+00
                        double occupancy :   1.49212638E-01 +-  0.00000000E+00
                kinetic (hopping) energy :  -1.43658274E+00 +-  0.00000000E+00
            potential (U*Nup*Ndn) energy :   0.00000000E+00 +-  0.00000000E+00
   PH-symm total energy (inc. chem potl) :  -9.73046121E-01 +-  0.00000000E+00
                             chi_thermal :   1.37572290E+01 +-  0.00000000E+00
                           specific heat :  -3.66836241E+01 +-  1.34816005E-13
                       (magnetization)^2 :   1.18533940E-01 +-  0.00000000E+00
               XX ferro structure factor :   1.63319527E-01 +-  0.00000000E+00
               ZZ ferro structure factor :   1.63319527E-01 +-  0.00000000E+00
============================================================================
 Mean Equal time Green's function:
    0    0    0.0000    0.0000    0.0000   016   6.13719482E-01 +-  0.00000000E+00
    0    1    0.0000    0.0000    1.0000   032   8.95208757E-17 +-  0.00000000E+00
    0    0    1.0000    0.0000    0.0000   032  -1.79572843E-01 +-  0.00000000E+00
    0    1    1.0000    0.0000    1.0000   064  -7.78630038E-17 +-  0.00000000E+00
    0    0    2.0000    0.0000    0.0000   016  -3.35023788E-02 +-  0.00000000E+00
    0    1    2.0000    0.0000    1.0000   032   5.56713424E-17 +-  0.00000000E+00
    0    0    0.0000    1.0000    0.0000   032  -1.79572843E-01 +-  0.00000000E+00
    0    1    0.0000    1.0000    1.0000   064   5.05270113E-17 +-  0.00000000E+00
    0    0    1.0000    1.0000    0.0000   064  -3.35023788E-02 +-  0.00000000E+00
    0    1    1.0000    1.0000    1.0000   128  -6.99884679E-17 +-  0.00000000E+00
    0    0    2.0000    1.0000    0.0000   032   5.47245385E-02 +-  0.00000000E+00
    0    1    2.0000    1.0000    1.0000   064   1.15179909E-16 +-  0.00000000E+00
    0    0    0.0000    2.0000    0.0000   016  -3.35023788E-02 +-  0.00000000E+00
    0    1    0.0000    2.0000    1.0000   032  -6.89777907E-18 +-  0.00000000E+00
    0    0    1.0000    2.0000    0.0000   032   5.47245385E-02 +-  0.00000000E+00
    0    1    1.0000    2.0000    1.0000   064  -8.74491776E-17 +-  0.00000000E+00
    0    0    2.0000    2.0000    0.0000   016   8.78005437E-02 +-  0.00000000E+00
    0    1    2.0000    2.0000    1.0000   032   1.42196780E-16 +-  0.00000000E+00
    1    1    0.0000    0.0000    0.0000   016   6.13719482E-01 +-  0.00000000E+00
    1    1    1.0000    0.0000    0.0000   032  -1.79572843E-01 +-  0.00000000E+00
    1    1    2.0000    0.0000    0.0000   016  -3.35023788E-02 +-  0.00000000E+00
    1    1    0.0000    1.0000    0.0000   032  -1.79572843E-01 +-  0.00000000E+00
    1    1    1.0000    1.0000    0.0000   064  -3.35023788E-02 +-  0.00000000E+00
    1    1    2.0000    1.0000    0.0000   032   5.47245385E-02 +-  0.00000000E+00
    1    1    0.0000    2.0000    0.0000   016  -3.35023788E-02 +-  0.00000000E+00
    1    1    1.0000    2.0000    0.0000   032   5.47245385E-02 +-  0.00000000E+00
    1    1    2.0000    2.0000    0.0000   016   8.78005437E-02 +-  0.00000000E+00
============================================================================
 Up Equal time Green's function:
    0    0    0.0000    0.0000    0.0000   016   6.13719482E-01 +-  0.00000000E+00
    0    1    0.0000    0.0000    1.0000   032   8.95208757E-17 +-  0.00000000E+00
    0    0    1.0000    0.0000    0.0000   032  -1.79572843E-01 +-  0.00000000E+00
    0    1    1.0000    0.0000    1.0000   064  -7.78630038E-17 +-  0.00000000E+00
    0    0    2.0000    0.0000    0.0000   016  -3.35023788E-02 +-  0.00000000E+00
    0    1    2.0000    0.0000    1.0000   032   5.56713424E-17 +-  0.00000000E+00
    0    0    0.0000    1.0000    0.0000   032  -1.79572843E-01 +-  0.00000000E+00
    0    1    0.0000    1.0000    1.0000   064   5.05270113E-17 +-  0.00000000E+00
    0    0    1.0000    1.0000    0.0000   064  -3.35023788E-02 +-  0.00000000E+00
    0    1    1.0000    1.0000    1.0000   128  -6.99884679E-17 +-  0.00000000E+00
    0    0    2.0000    1.0000    0.0000   032   5.47245385E-02 +-  0.00000000E+00
    0    1    2.0000    1.0000    1.0000   064   1.15179909E-16 +-  0.00000000E+00
    0    0    0.0000    2.0000    0.0000   016  -3.35023788E-02 +-  0.00000000E+00
    0    1    0.0000    2.0000    1.0000   032  -6.89777907E-18 +-  0.00000000E+00
    0    0    1.0000    2.0000    0.0000   032   5.47245385E-02 +-  0.00000000E+00
    0    1    1.0000    2.0000    1.0000   064  -8.74491776E-17 +-  0.00000000E+00
    0    0    2.0000    2.0000    0.0000   016   8.78005437E-02 +-  0.00000000E+00
    0    1    2.0000    2.0000    1.0000   032   1.42196780E-16 +-  0.00000000E+00
    1    1    0.0000    0.0000    0.0000   016   6.13719482E-01 +-  0.00000000E+00
    1    1    1.0000    0.0000    0.0000   032  -1.79572843E-01 +-  0.00000000E+00
    1    1    2.0000    0.0000    0.0000   016  -3.35023788E-02 +-  0.00000000E+00
    1    1    0.0000    1.0000    0.0000   032  -1.79572843E-01 +-  0.00000000E+00
    1    1    1.0000    1.0000    0.0000   064  -3.35023788E-02 +-  0.00000000E+00
    1    1    2.0000    1.0000    0.0000   032   5.47245385E-02 +-  0.00000000E+00
    1    1    0.0000    2.0000    0.0000   016  -3.35023788E-02 +-  0.00000000E+00
    1    1    1.0000    2.0000    0.0000   032   5.47245385E-02 +-  0.00000000E+00
    1    1    2.0000    2.0000    0.0000   016   8.78005437E-02 +-  0.00000000E+00
============================================================================
 Down Equal time Green's function:
    0    0    0.0000    0.0000    0.0000   016   6.13719482E-01 +-  0.00000000E+00
    0    1    0.0000    0.0000    1.0000   032   8.95208757E-17 +-  0.00000000E+00
    0    0    1.0000    0.0000    0.0000   032  -1.79572843E-01 +-  0.00000000E+00
    0    1    1.0000    0.0000    1.0000   064  -7.78630038E-17 +-  0.00000000E+00
    0    0    2.0000    0.0000    0.0000   016  -3.35023788E-02 +-  0.00000000E+00
    0    1    2.0000    0.0000    1.0000   032   5.56713424E-17 +-  0.00000000E+00
    0    0    0.0000    1.0000    0.0000   032  -1.79572843E-01 +-  0.00000000E+00
    0    1    0.0000    1.0000    1.0000   064   5.05270113E-17 +-  0.00000000E+00
    0    0    1.0000    1.0000    0.0000   064  -3.35023788E-02 +-  0.00000000E+00
    0    1    1.0000    1.0000    1.0000   128  -6.99884679E-17 +-  0.00000000E+00
    0    0    2.0000    1.0000    0.0000   032   5.47245385E-02 +-  0.00000000E+00
    0    1    2.0000    1.0000    1.0000   064   1.15179909E-16 +-  0.00000000E+00
    0    0    0.0000    2.0000    0.0000   016  -3.35023788E-02 +-  0.00000000E+00
    0    1    0.0000    2.0000    1.0000   032  -6.89777907E-18 +-  0.00000000E+00
    0    0    1.0000    2.0000    0.0000   032   5.47245385E-02 +-  0.00000000E+00
    0    1    1.0000    2.0000    1.0000   064  -8.74491776E-17 +-  0.00000000E+00
    0    0    2.0000    2.0000    0.0000   016   8.78005437E-02 +-  0.00000000E+00
    0    1    2.0000    2.0000    1.0000   032   1.42196780E-16 +-  0.00000000E+00
    1    1    0.0000    0.0000    0.0000   016   6.13719482E-01 +-  0.00000000E+00
    1    1    1.0000    0.0000    0.0000   032  -1.79572843E-01 +-  0.00000000E+00
    1    1    2.0000    0.0000    0.0000   016  -3.35023788E-02 +-  0.00000000E+00
    1    1    0.0000    1.0000    0.0000   032  -1.79572843E-01 +-  0.00000000E+00
    1    1    1.0000    1.0000    0.0000   064  -3.35023788E-02 +-  0.00000000E+00
    1    1    2.0000    1.0000    0.0000   032   5.47245385E-02 +-  0.00000000E+00
    1    1    0.0000    2.0000    0.0000   016  -3.35023788E-02 +-  0.00000000E+00
    1    1    1.0000    2.0000    0.0000   032   5.47245385E-02 +-  0.00000000E+00
    1    1    2.0000    2.0000    0.0000   016   8.78005437E-02 +-  0.00000000E+00
============================================================================
 Density-density correlation fn: (up-up)
    0    0    0.0000    0.0000    0.0000   016   3.86280518E-01 +-  0.00000000E+00
    0    1    0.0000    0.0000    1.0000   032   1.49212638E-01 +-  0.00000000E+00
    0    0    1.0000    0.0000    0.0000   032   1.16966233E-01 +-  0.00000000E+00
    0    1    1.0000    0.0000    1.0000   064   1.49212638E-01 +-  0.00000000E+00
    0    0    2.0000    0.0000    0.0000   016   1.48090229E-01 +-  0.00000000E+00
    0    1    2.0000    0.0000    1.0000   032   1.49212638E-01 +-  0.00000000E+00
    0    0    0.0000    1.0000    0.0000   032   1.16966233E-01 +-  0.00000000E+00
    0    1    0.0000    1.0000    1.0000   064   1.49212638E-01 +-  0.00000000E+00
    0    0    1.0000    1.0000    0.0000   064   1.48090229E-01 +-  0.00000000E+00
    0    1    1.0000    1.0000    1.0000   128   1.49212638E-01 +-  0.00000000E+00
    0    0    2.0000    1.0000    0.0000   032   1.46217863E-01 +-  0.00000000E+00
    0    1    2.0000    1.0000    1.0000   064   1.49212638E-01 +-  0.00000000E+00
    0    0    0.0000    2.0000    0.0000   016   1.48090229E-01 +-  0.00000000E+00
    0    1    0.0000    2.0000    1.0000   032   1.49212638E-01 +-  0.00000000E+00
    0    0    1.0000    2.0000    0.0000   032   1.46217863E-01 +-  0.00000000E+00
    0    1    1.0000    2.0000    1.0000   064   1.49212638E-01 +-  0.00000000E+00
    0    0    2.0000    2.0000    0.0000   016   1.41503703E-01 +-  0.00000000E+00
    0    1    2.0000    2.0000    1.0000   032   1.49212638E-01 +-  0.00000000E+00
    1    1    0.0000    0.0000    0.0000   016   3.86280518E-01 +-  0.00000000E+00
    1    1    1.0000    0.0000    0.0000   032   1.16966233E-01 +-  0.00000000E+00
    1    1    2.0000    0.0000    0.0000   016   1.48090229E-01 +-  0.00000000E+00
    1    1    0.0000    1.0000    0.0000   032   1.16966233E-01 +-  0.00000000E+00
    1    1    1.0000    1.0000    0.0000   064   1.48090229E-01 +-  0.00000000E+00
    1    1    2.0000    1.0000    0.0000   032   1.46217863E-01 +-  0.00000000E+00
    1    1    0.0000    2.0000    0.0000   016   1.48090229E-01 +-  0.00000000E+00
    1    1    1.0000    2.0000    0.0000   032   1.46217863E-01 +-  0.00000000E+00
    1    1    2.0000    2.0000    0.0000   016   1.41503703E-01 +-  0.00000000E+00
============================================================================
 Density-density correlation fn: (up-dn)
    0    0    0.0000    0.0000    0.0000   016   1.49212638E-01 +-  0.00000000E+00
    0    1    0.0000    0.0000    1.0000   032   1.49212638E-01 +-  0.00000000E+00
    0    0    1.0000    0.0000    0.0000   032   1.49212638E-01 +-  0.00000000E+00
    0    1    1.0000    0.0000    1.0000   064   1.49212638E-01 +-  0.00000000E+00
    0    0    2.0000    0.0000    0.0000   016   1.49212638E-01 +-  0.00000000E+00
    0    1    2.0000    0.0000    1.0000   032   1.49212638E-01 +-  0.00000000E+00
    0    0    0.0000    1.0000    0.0000   032   1.49212638E-01 +-  0.00000000E+00
    0    1    0.0000    1.0000    1.0000   064   1.49212638E-01 +-  0.00000000E+00
    0    0    1.0000    1.0000    0.0000   064   1.49212638E-01 +-  0.00000000E+00
    0    1    1.0000    1.0000    1.0000   128   1.49212638E-01 +-  0.00000000E+00
    0    0    2.0000    1.0000    0.0000   032   1.49212638E-01 +-  0.00000000E+00
    0    1    2.0000    1.0000    1.0000   064   1.49212638E-01 +-  0.00000000E+00
    0    0    0.0000    2.0000    0.0000   016   1.49212638E-01 +-  0.00000000E+00
    0    1    0.0000    2.0000    1.0000   032   1.49212638E-01 +-  0.00000000E+00
    0    0    1.0000    2.0000    0.0000   032   1.49212638E-01 +-  0.00000000E+00
    0    1    1.0000    2.0000    1.0000   064   1.49212638E-01 +-  0.00000000E+00
    0    0    2.0000    2.0000    0.0000   016   1.49212638E-01 +-  0.00000000E+00
    0    1    2.0000    2.0000    1.0000   032   1.49212638E-01 +-  0.00000000E+00
    1    1    0.0000    0.0000    0.0000   016   1.49212638E-01 +-  0.00000000E+00
    1    1    1.0000    0.0000    0.0000   032   1.49212638E-01 +-  0.00000000E+00
    1    1    2.0000    0.0000    0.0000   016   1.49212638E-01 +-  0.00000000E+00
    1    1    0.0000    1.0000    0.0000   032   1.49212638E-01 +-  0.00000000E+00
    1    1    1.0000    1.0000    0.0000   064   1.49212638E-01 +-  0.00000000E+00
    1    1    2.0000    1.0000    0.0000   032   1.49212638E-01 +-  0.00000000E+00
    1    1    0.0000    2.0000    0.0000   016   1.49212638E-01 +-  0.00000000E+00
    1    1    1.0000    2.0000    0.0000   032   1.49212638E-01 +-  0.00000000E+00
    1    1    2.0000    2.0000    0.0000   016   1.49212638E-01 +-  0.00000000E+00
============================================================================
 XX Spin correlation function:
    0    0    0.0000    0.0000    0.0000   016   4.74135759E-01 +-  0.00000000E+00
    0    1    0.0000    0.0000    1.0000   032  -2.71243370E-31 +-  0.00000000E+00
    0    0    1.0000    0.0000    0.0000   032  -6.44928118E-02 +-  0.00000000E+00
    0    1    1.0000    0.0000    1.0000   064  -3.53111309E-31 +-  0.00000000E+00
    0    0    2.0000    0.0000    0.0000   016  -2.24481877E-03 +-  0.00000000E+00
    0    1    2.0000    0.0000    1.0000   032  -4.58352553E-31 +-  0.00000000E+00
    0    0    0.0000    1.0000    0.0000   032  -6.44928118E-02 +-  0.00000000E+00
    0    1    0.0000    1.0000    1.0000   064  -2.21980936E-31 +-  0.00000000E+00
    0    0    1.0000    1.0000    0.0000   064  -2.24481877E-03 +-  0.00000000E+00
    0    1    1.0000    1.0000    1.0000   128  -3.69041721E-31 +-  0.00000000E+00
    0    0    2.0000    1.0000    0.0000   032  -5.98955022E-03 +-  0.00000000E+00
    0    1    2.0000    1.0000    1.0000   064  -3.92306191E-31 +-  0.00000000E+00
    0    0    0.0000    2.0000    0.0000   016  -2.24481877E-03 +-  0.00000000E+00
    0    1    0.0000    2.0000    1.0000   032  -2.63442419E-31 +-  0.00000000E+00
    0    0    1.0000    2.0000    0.0000   032  -5.98955022E-03 +-  0.00000000E+00
    0    1    1.0000    2.0000    1.0000   064  -2.71433037E-31 +-  0.00000000E+00
    0    0    2.0000    2.0000    0.0000   016  -1.54178710E-02 +-  0.00000000E+00
    0    1    2.0000    2.0000    1.0000   032  -4.30772047E-31 +-  0.00000000E+00
    1    1    0.0000    0.0000    0.0000   016   4.74135759E-01 +-  0.00000000E+00
    1    1    1.0000    0.0000    0.0000   032  -6.44928118E-02 +-  0.00000000E+00
    1    1    2.0000    0.0000    0.0000   016  -2.24481877E-03 +-  0.00000000E+00
    1    1    0.0000    1.0000    0.0000   032  -6.44928118E-02 +-  0.00000000E+00
    1    1    1.0000    1.0000    0.0000   064  -2.24481877E-03 +-  0.00000000E+00
    1    1    2.0000    1.0000    0.0000   032  -5.98955022E-03 +-  0.00000000E+00
    1    1    0.0000    2.0000    0.0000   016  -2.24481877E-03 +-  0.00000000E+00
    1    1    1.0000    2.0000    0.0000   032  -5.98955022E-03 +-  0.00000000E+00
    1    1    2.0000    2.0000    0.0000   016  -1.54178710E-02 +-  0.00000000E+00
============================================================================
 ZZ Spin correlation function:
    0    0    0.0000    0.0000    0.0000   016   4.74135759E-01 +-  0.00000000E+00
    0    1    0.0000    0.0000    1.0000   032   0.00000000E+00 +-  0.00000000E+00
    0    0    1.0000    0.0000    0.0000   032  -6.44928118E-02 +-  0.00000000E+00
    0    1    1.0000    0.0000    1.0000   064   0.00000000E+00 +-  0.00000000E+00
    0    0    2.0000    0.0000    0.0000   016  -2.24481877E-03 +-  0.00000000E+00
    0    1    2.0000    0.0000    1.0000   032   0.00000000E+00 +-  0.00000000E+00
    0    0    0.0000    1.0000    0.0000   032  -6.44928118E-02 +-  0.00000000E+00
    0    1    0.0000    1.0000    1.0000   064   0.00000000E+00 +-  0.00000000E+00
    0    0    1.0000    1.0000    0.0000   064  -2.24481877E-03 +-  0.00000000E+00
    0    1    1.0000    1.0000    1.0000   128   0.00000000E+00 +-  0.00000000E+00
    0    0    2.0000    1.0000    0.0000   032  -5.98955022E-03 +-  0.00000000E+00
    0    1    2.0000    1.0000    1.0000   064   0.00000000E+00 +-  0.00000000E+00
    0    0    0.0000    2.0000    0.0000   016  -2.24481877E-03 +-  0.00000000E+00
    0    1    0.0000    2.0000    1.0000   032   0.00000000E+00 +-  0.00000000E+00
    0    0    1.0000    2.0000    0.0000   032  -5.98955022E-03 +-  0.00000000E+00
    0    1    1.0000    2.0000    1.0000   064   0.00000000E+00 +-  0.00000000E+00
    0    0    2.0000    2.0000    0.0000   016  -1.54178710E-02 +-  0.00000000E+00
    0    1    2.0000    2.0000    1.0000   032   0.00000000E+00 +-  0.00000000E+00
    1    1    0.0000    0.0000    0.0000   016   4.74135759E-01 +-  0.00000000E+00
    1    1    1.0000    0.0000    0.0000   032  -6.44928118E-02 +-  0.00000000E+00
    1    1    2.0000    0.0000    0.0000   016  -2.24481877E-03 +-  0.00000000E+00
    1    1    0.0000    1.0000    0.0000   032  -6.44928118E-02 +-  0.00000000E+00
    1    1    1.0000    1.0000    0.0000   064  -2.24481877E-03 +-  0.00000000E+00
    1    1    2.0000    1.0000    0.0000   032  -5.98955022E-03 +-  0.00000000E+00
    1    1    0.0000    2.0000    0.0000   016  -2.24481877E-03 +-  0.00000000E+00
    1    1    1.0000    2.0000    0.0000   032  -5.98955022E-03 +-  0.00000000E+00
    1    1    2.0000    2.0000    0.0000   016  -1.54178710E-02 +-  0.00000000E+00
============================================================================
 Average Spin correlation function:
    0    0    0.0000    0.0000    0.0000   016   4.74135759E-01 +-  0.00000000E+00
    0    1    0.0000    0.0000    1.0000   032  -1.80828913E-31 +-  0.00000000E+00
    0    0    1.0000    0.0000    0.0000   032  -6.44928118E-02 +-  0.00000000E+00
    0    1    1.0000    0.0000    1.0000   064  -2.35407539E-31 +-  0.00000000E+00
    0    0    2.0000    0.0000    0.0000   016  -2.24481877E-03 +-  0.00000000E+00
    0    1    2.0000    0.0000    1.0000   032  -3.05568369E-31 +-  0.00000000E+00
    0    0    0.0000    1.0000    0.0000   032  -6.44928118E-02 +-  0.00000000E+00
    0    1    0.0000    1.0000    1.0000   064  -1.47987291E-31 +-  0.00000000E+00
    0    0    1.0000    1.0000    0.0000   064  -2.24481877E-03 +-  0.00000000E+00
    0    1    1.0000    1.0000    1.0000   128  -2.46027814E-31 +-  0.00000000E+00
    0    0    2.0000    1.0000    0.0000   032  -5.98955022E-03 +-  0.00000000E+00
    0    1    2.0000    1.0000    1.0000   064  -2.61537461E-31 +-  0.00000000E+00
    0    0    0.0000    2.0000    0.0000   016  -2.24481877E-03 +-  0.00000000E+00
    0    1    0.0000    2.0000    1.0000   032  -1.75628280E-31 +-  0.00000000E+00
    0    0    1.0000    2.0000    0.0000   032  -5.98955022E-03 +-  0.00000000E+00
    0    1    1.0000    2.0000    1.0000   064  -1.80955358E-31 +-  0.00000000E+00
    0    0    2.0000    2.0000    0.0000   016  -1.54178710E-02 +-  0.00000000E+00
    0    1    2.0000    2.0000    1.0000   032  -2.87181365E-31 +-  0.00000000E+00
    1    1    0.0000    0.0000    0.0000   016   4.74135759E-01 +-  0.00000000E+00
    1    1    1.0000    0.0000    0.0000   032  -6.44928118E-02 +-  0.00000000E+00
    1    1    2.0000    0.0000    0.0000   016  -2.24481877E-03 +-  0.00000000E+00
    1    1    0.0000    1.0000    0.0000   032  -6.44928118E-02 +-  0.00000000E+00
    1    1    1.0000    1.0000    0.0000   064  -2.24481877E-03 +-  0.00000000E+00
    1    1    2.0000    1.0000    0.0000   032  -5.98955022E-03 +-  0.00000000E+00
    1    1    0.0000    2.0000    0.0000   016  -2.24481877E-03 +-  0.00000000E+00
    1    1    1.0000    2.0000    0.0000   032  -5.98955022E-03 +-  0.00000000E+00
    1    1    2.0000    2.0000    0.0000   016  -1.54178710E-02 +-  0.00000000E+00
============================================================================
 S-wave pairing correlation function:
    0    0    0.0000    0.0000    0.0000   016   1.88325801E-01 +-  0.00000000E+00
    0    1    0.0000    0.0000    1.0000   032   6.87831567E-32 +-  0.00000000E+00
    0    0    1.0000    0.0000    0.0000   032   1.61232029E-02 +-  0.00000000E+00
    0    1    1.0000    0.0000    1.0000   064   8.86449733E-32 +-  0.00000000E+00
    0    0    2.0000    0.0000    0.0000   016   5.61204691E-04 +-  0.00000000E+00
    0    1    2.0000    0.0000    1.0000   032   1.15063984E-31 +-  0.00000000E+00
    0    0    0.0000    1.0000    0.0000   032   1.61232029E-02 +-  0.00000000E+00
    0    1    0.0000    1.0000    1.0000   064   5.62650343E-32 +-  0.00000000E+00
    0    0    1.0000    1.0000    0.0000   064   5.61204691E-04 +-  0.00000000E+00
    0    1    1.0000    1.0000    1.0000   128   9.33079896E-32 +-  0.00000000E+00
    0    0    2.0000    1.0000    0.0000   032   1.49738756E-03 +-  0.00000000E+00
    0    1    2.0000    1.0000    1.0000   064   9.88114542E-32 +-  0.00000000E+00
    0    0    0.0000    2.0000    0.0000   016   5.61204691E-04 +-  0.00000000E+00
    0    1    0.0000    2.0000    1.0000   032   6.68195213E-32 +-  0.00000000E+00
    0    0    1.0000    2.0000    0.0000   032   1.49738756E-03 +-  0.00000000E+00
    0    1    1.0000    2.0000    1.0000   064   6.88954689E-32 +-  0.00000000E+00
    0    0    2.0000    2.0000    0.0000   016   3.85446774E-03 +-  0.00000000E+00
    0    1    2.0000    2.0000    1.0000   032   1.11374513E-31 +-  0.00000000E+00
    1    1    0.0000    0.0000    0.0000   016   1.88325801E-01 +-  0.00000000E+00
    1    1    1.0000    0.0000    0.0000   032   1.61232029E-02 +-  0.00000000E+00
    1    1    2.0000    0.0000    0.0000   016   5.61204691E-04 +-  0.00000000E+00
    1    1    0.0000    1.0000    0.0000   032   1.61232029E-02 +-  0.00000000E+00
    1    1    1.0000    1.0000    0.0000   064   5.61204691E-04 +-  0.00000000E+00
    1    1    2.0000    1.0000    0.0000   032   1.49738756E-03 +-  0.00000000E+00
    1    1    0.0000    2.0000    0.0000   016   5.61204691E-04 +-  0.00000000E+00
    1    1    1.0000    2.0000    0.0000   032   1.49738756E-03 +-  0.00000000E+00
    1    1    2.0000    2.0000    0.0000   016   3.85446774E-03 +-  0.00000000E+00
============================================================================
 Grid for Green's function
  K-points
  Class
    1         0.00000   0.00000
 
    2         0.00000  -1.57080
              0.00000   1.57080
 
    3        -1.57080   0.00000
              1.57080   0.00000
 
    4        -1.57080  -1.57080
              1.57080  -1.57080
             -1.57080   1.57080
              1.57080   1.57080
 
    5         0.00000  -3.14159
 
    6        -3.14159   0.00000
 
    7        -1.57080  -3.14159
              1.57080  -3.14159
 
    8        -3.14159  -1.57080
             -3.14159   1.57080
 
    9        -3.14159  -3.14159
 
============================================================================
 Grid for spin/charge correlations
  K-points
  Class
    1         0.00000   0.00000
 
    2         0.00000  -1.57080
              0.00000   1.57080
 
    3        -1.57080   0.00000
              1.57080   0.00000
 
    4        -1.57080  -1.57080
              1.57080  -1.57080
             -1.57080   1.57080
              1.57080   1.57080
 
    5         0.00000  -3.14159
 
    6        -3.14159   0.00000
 
    7        -1.57080  -3.14159
              1.57080  -3.14159
 
    8        -3.14159  -1.57080
             -3.14159   1.57080
 
    9        -3.14159  -3.14159
 
============================================================================
 FT of Ave Equal t Green's function:
    1    0    0                 1.11253603E-03 +-  0.00000000E+00
         1    0                 1.32682458E-18 +-  5.08445505E-32
         1    1                 1.11253603E-03 +-  1.24900090E-16
    2    0    0                 5.73241759E-02 +-  0.00000000E+00
         1    0                 2.90655652E-17 +-  0.00000000E+00
         1    1                 5.73241759E-02 +-  1.66533454E-16
    3    0    0                 5.73241759E-02 +-  0.00000000E+00
         1    0                -2.44550821E-16 +-  0.00000000E+00
         1    1                 5.73241759E-02 +-  4.16333634E-17
    4    0    0                 7.68524783E-01 +-  0.00000000E+00
         1    0                 1.82944092E-16 +-  0.00000000E+00
         1    1                 7.68524783E-01 +-  0.00000000E+00
    5    0    0                 7.68524783E-01 +-  0.00000000E+00
         1    0                -1.01593113E-16 +-  0.00000000E+00
         1    1                 7.68524783E-01 +-  0.00000000E+00
    6    0    0                 7.68524783E-01 +-  0.00000000E+00
         1    0                 1.22248329E-15 +-  0.00000000E+00
         1    1                 7.68524783E-01 +-  0.00000000E+00
    7    0    0                 9.94513701E-01 +-  0.00000000E+00
         1    0                 1.40607696E-17 +-  1.84889275E-32
         1    1                 9.94513701E-01 +-  0.00000000E+00
    8    0    0                 9.94513701E-01 +-  0.00000000E+00
         1    0                -9.27913007E-18 +-  0.00000000E+00
         1    1                 9.94513701E-01 +-  0.00000000E+00
    9    0    0                 9.99898971E-01 +-  0.00000000E+00
         1    0                -2.52130322E-19 +-  3.69778549E-32
         1    1                 9.99898971E-01 +-  0.00000000E+00
============================================================================
 FT of Up Equal t Green's function:
    1    0    0                 1.11253603E-03 +-  0.00000000E+00
         1    0                 1.32682458E-18 +-  5.08445505E-32
         1    1                 1.11253603E-03 +-  1.24900090E-16
    2    0    0                 5.73241759E-02 +-  0.00000000E+00
         1    0                 2.90655652E-17 +-  0.00000000E+00
         1    1                 5.73241759E-02 +-  1.66533454E-16
    3    0    0                 5.73241759E-02 +-  0.00000000E+00
         1    0                -2.44550821E-16 +-  0.00000000E+00
         1    1                 5.73241759E-02 +-  4.16333634E-17
    4    0    0                 7.68524783E-01 +-  0.00000000E+00
         1    0                 1.82944092E-16 +-  0.00000000E+00
         1    1                 7.68524783E-01 +-  0.00000000E+00
    5    0    0                 7.68524783E-01 +-  0.00000000E+00
         1    0                -1.01593113E-16 +-  0.00000000E+00
         1    1                 7.68524783E-01 +-  0.00000000E+00
    6    0    0                 7.68524783E-01 +-  0.00000000E+00
         1    0                 1.22248329E-15 +-  0.00000000E+00
         1    1                 7.68524783E-01 +-  0.00000000E+00
    7    0    0                 9.94513701E-01 +-  0.00000000E+00
         1    0                 1.40607696E-17 +-  1.84889275E-32
         1    1                 9.94513701E-01 +-  0.00000000E+00
    8    0    0                 9.94513701E-01 +-  0.00000000E+00
         1    0                -9.27913007E-18 +-  0.00000000E+00
         1    1                 9.94513701E-01 +-  0.00000000E+00
    9    0    0                 9.99898971E-01 +-  0.00000000E+00
         1    0                -2.52130322E-19 +-  3.69778549E-32
         1    1                 9.99898971E-01 +-  0.00000000E+00
============================================================================
 FT of Dn Equal t Green's function:
    1    0    0                 1.11253603E-03 +-  0.00000000E+00
         1    0                 1.32682458E-18 +-  5.08445505E-32
         1    1                 1.11253603E-03 +-  1.24900090E-16
    2    0    0                 5.73241759E-02 +-  0.00000000E+00
         1    0                 2.90655652E-17 +-  0.00000000E+00
         1    1                 5.73241759E-02 +-  1.66533454E-16
    3    0    0                 5.73241759E-02 +-  0.00000000E+00
         1    0                -2.44550821E-16 +-  0.00000000E+00
         1    1                 5.73241759E-02 +-  4.16333634E-17
    4    0    0                 7.68524783E-01 +-  0.00000000E+00
         1    0                 1.82944092E-16 +-  0.00000000E+00
         1    1                 7.68524783E-01 +-  0.00000000E+00
    5    0    0                 7.68524783E-01 +-  0.00000000E+00
         1    0                -1.01593113E-16 +-  0.00000000E+00
         1    1                 7.68524783E-01 +-  0.00000000E+00
    6    0    0                 7.68524783E-01 +-  0.00000000E+00
         1    0                 1.22248329E-15 +-  0.00000000E+00
         1    1                 7.68524783E-01 +-  0.00000000E+00
    7    0    0                 9.94513701E-01 +-  0.00000000E+00
         1    0                 1.40607696E-17 +-  1.84889275E-32
         1    1                 9.94513701E-01 +-  0.00000000E+00
    8    0    0                 9.94513701E-01 +-  0.00000000E+00
         1    0                -9.27913007E-18 +-  0.00000000E+00
         1    1                 9.94513701E-01 +-  0.00000000E+00
    9    0    0                 9.99898971E-01 +-  0.00000000E+00
         1    0                -2.52130322E-19 +-  3.69778549E-32
         1    1                 9.99898971E-01 +-  0.00000000E+00
============================================================================
 FT of Density-density correlation fn: (up-up)
    1    0    0                 2.46906198E+00 +-  0.00000000E+00
         1    0                 2.38740221E+00 +-  0.00000000E+00
         1    1                 2.46906198E+00 +-  0.00000000E+00
    2    0    0                 1.86273553E-01 +-  8.32667268E-17
         1    0                -6.05418493E-16 +-  6.76542156E-17
         1    1                 1.86273553E-01 +-  8.32667268E-17
    3    0    0                 1.86273553E-01 +-  4.16333634E-16
         1    0                 5.55111512E-16 +-  1.66533454E-16
         1    1                 1.86273553E-01 +-  8.32667268E-17
    4    0    0                 2.31603763E-01 +-  8.32667268E-17
         1    0                -2.42861287E-17 +-  0.00000000E+00
         1    1                 2.31603763E-01 +-  3.33066907E-16
    5    0    0                 2.31603763E-01 +-  8.32667268E-17
         1    0                 4.74446871E-15 +-  2.65412692E-16
         1    1                 2.31603763E-01 +-  4.16333634E-16
    6    0    0                 2.31603763E-01 +-  0.00000000E+00
         1    0                 4.77395901E-15 +-  3.33066907E-16
         1    1                 2.31603763E-01 +-  0.00000000E+00
    7    0    0                 3.03280076E-01 +-  1.66533454E-16
         1    0                -6.24500451E-16 +-  1.66533454E-16
         1    1                 3.03280076E-01 +-  0.00000000E+00
    8    0    0                 3.03280076E-01 +-  1.66533454E-16
         1    0                 6.10622664E-16 +-  1.66533454E-16
         1    1                 3.03280076E-01 +-  1.66533454E-16
    9    0    0                 3.63589212E-01 +-  1.66533454E-16
         1    0                -3.55271368E-15 +-  0.00000000E+00
         1    1                 3.63589212E-01 +-  3.33066907E-16
============================================================================
 FT of Density-density correlation fn: (up-dn)
    1    0    0                 2.38740221E+00 +-  0.00000000E+00
         1    0                 2.38740221E+00 +-  0.00000000E+00
         1    1                 2.38740221E+00 +-  0.00000000E+00
    2    0    0                -3.20923843E-16 +-  1.56125113E-17
         1    0                -5.20417043E-17 +-  1.04083409E-17
         1    1                -1.49186219E-16 +-  1.04083409E-17
    3    0    0                 2.49800181E-16 +-  8.32667268E-17
         1    0                -5.55111512E-17 +-  0.00000000E+00
         1    1                -5.55111512E-17 +-  0.00000000E+00
    4    0    0                 2.81025203E-16 +-  8.32667268E-17
         1    0                -2.42861287E-17 +-  0.00000000E+00
         1    1                -2.42861287E-17 +-  0.00000000E+00
    5    0    0                 8.93382590E-16 +-  9.88792381E-17
         1    0                 1.14144805E-15 +-  9.36750677E-17
         1    1                -1.63064007E-16 +-  5.10008702E-16
    6    0    0                 9.15933995E-16 +-  2.49800181E-16
         1    0                 1.22124533E-15 +-  3.33066907E-16
         1    1                -5.55111512E-17 +-  1.66533454E-16
    7    0    0                -9.29811783E-16 +-  2.49800181E-16
         1    0                -1.38777878E-17 +-  0.00000000E+00
         1    1                -1.38777878E-17 +-  0.00000000E+00
    8    0    0                 9.15933995E-16 +-  2.49800181E-16
         1    0                 0.00000000E+00 +-  0.00000000E+00
         1    1                 5.55111512E-17 +-  1.66533454E-16
    9    0    0                -3.05311332E-16 +-  8.32667268E-17
         1    0                -1.22124533E-15 +-  3.33066907E-16
         1    1                -5.55111512E-17 +-  1.66533454E-16
============================================================================
 FT of XX spin correlation fn:
    1    0    0                 1.63319527E-01 +-  0.00000000E+00
         1    0                -5.37764022E-30 +-  0.00000000E+00
         1    1                 1.63319527E-01 +-  8.32667268E-17
    2    0    0                 3.72547107E-01 +-  0.00000000E+00
         1    0                -1.98738000E-31 +-  1.31371731E-46
         1    1                 3.72547107E-01 +-  0.00000000E+00
    3    0    0                 3.72547107E-01 +-  0.00000000E+00
         1    0                 6.95089320E-31 +-  0.00000000E+00
         1    1                 3.72547107E-01 +-  0.00000000E+00
    4    0    0                 4.63207525E-01 +-  0.00000000E+00
         1    0                 1.97795549E-32 +-  1.47793197E-46
         1    1                 4.63207525E-01 +-  0.00000000E+00
    5    0    0                 4.63207525E-01 +-  1.66533454E-16
         1    0                 3.18420597E-32 +-  0.00000000E+00
         1    1                 4.63207525E-01 +-  0.00000000E+00
    6    0    0                 4.63207525E-01 +-  0.00000000E+00
         1    0                 7.28709322E-32 +-  1.97057597E-46
         1    1                 4.63207525E-01 +-  0.00000000E+00
    7    0    0                 6.06560153E-01 +-  0.00000000E+00
         1    0                 1.37883020E-32 +-  8.21073319E-47
         1    1                 6.06560153E-01 +-  0.00000000E+00
    8    0    0                 6.06560153E-01 +-  0.00000000E+00
         1    0                 1.27975087E-31 +-  1.97057597E-46
         1    1                 6.06560153E-01 +-  0.00000000E+00
    9    0    0                 7.27178423E-01 +-  0.00000000E+00
         1    0                -4.22314329E-31 +-  2.62743462E-46
         1    1                 7.27178423E-01 +-  0.00000000E+00
============================================================================
 FT of ZZ spin correlation fn:
    1    0    0                 1.63319527E-01 +-  0.00000000E+00
         1    0                 0.00000000E+00 +-  0.00000000E+00
         1    1                 1.63319527E-01 +-  8.32667268E-17
    2    0    0                 3.72547107E-01 +-  0.00000000E+00
         1    0                 0.00000000E+00 +-  0.00000000E+00
         1    1                 3.72547107E-01 +-  0.00000000E+00
    3    0    0                 3.72547107E-01 +-  0.00000000E+00
         1    0                 0.00000000E+00 +-  0.00000000E+00
         1    1                 3.72547107E-01 +-  0.00000000E+00
    4    0    0                 4.63207525E-01 +-  0.00000000E+00
         1    0                 0.00000000E+00 +-  0.00000000E+00
         1    1                 4.63207525E-01 +-  0.00000000E+00
    5    0    0                 4.63207525E-01 +-  0.00000000E+00
         1    0                 0.00000000E+00 +-  0.00000000E+00
         1    1                 4.63207525E-01 +-  0.00000000E+00
    6    0    0                 4.63207525E-01 +-  0.00000000E+00
         1    0                 0.00000000E+00 +-  0.00000000E+00
         1    1                 4.63207525E-01 +-  0.00000000E+00
    7    0    0                 6.06560153E-01 +-  0.00000000E+00
         1    0                 0.00000000E+00 +-  0.00000000E+00
         1    1                 6.06560153E-01 +-  0.00000000E+00
    8    0    0                 6.06560153E-01 +-  0.00000000E+00
         1    0                 0.00000000E+00 +-  0.00000000E+00
         1    1                 6.06560153E-01 +-  0.00000000E+00
    9    0    0                 7.27178423E-01 +-  0.00000000E+00
         1    0                 0.00000000E+00 +-  0.00000000E+00
         1    1                 7.27178423E-01 +-  0.00000000E+00
============================================================================
 FT of Average spin correlation fn:
    1    0    0                 1.63319527E-01 +-  8.32667268E-17
         1    0                -3.58509348E-30 +-  0.00000000E+00
         1    1                 1.63319527E-01 +-  2.49800181E-16
    2    0    0                 3.72547107E-01 +-  0.00000000E+00
         1    0                -1.32492000E-31 +-  3.94115193E-46
         1    1                 3.72547107E-01 +-  3.33066907E-16
    3    0    0                 3.72547107E-01 +-  3.33066907E-16
         1    0                 4.63392880E-31 +-  0.00000000E+00
         1    1                 3.72547107E-01 +-  3.33066907E-16
    4    0    0                 4.63207525E-01 +-  1.66533454E-16
         1    0                 1.31863700E-32 +-  3.28429328E-47
         1    1                 4.63207525E-01 +-  3.33066907E-16
    5    0    0                 4.63207525E-01 +-  0.00000000E+00
         1    0                 2.12280398E-32 +-  5.25486924E-46
         1    1                 4.63207525E-01 +-  1.66533454E-16
    6    0    0                 4.63207525E-01 +-  1.66533454E-16
         1    0                 4.85806215E-32 +-  3.94115193E-46
         1    1                 4.63207525E-01 +-  1.66533454E-16
    7    0    0                 6.06560153E-01 +-  0.00000000E+00
         1    0                 9.19220136E-33 +-  1.92952230E-46
         1    1                 6.06560153E-01 +-  3.33066907E-16
    8    0    0                 6.06560153E-01 +-  0.00000000E+00
         1    0                 8.53167250E-32 +-  3.94115193E-46
         1    1                 6.06560153E-01 +-  0.00000000E+00
    9    0    0                 7.27178423E-01 +-  3.33066907E-16
         1    0                -2.81542886E-31 +-  2.62743462E-46
         1    1                 7.27178423E-01 +-  3.33066907E-16
============================================================================
 FT of Pairing correlation fn:
    1    0    0                 2.66029859E-01 +-  1.66533454E-16
         1    0                 1.36050699E-30 +-  0.00000000E+00
         1    1                 2.66029859E-01 +-  1.66533454E-16
    2    0    0                 2.13722964E-01 +-  0.00000000E+00
         1    0                 4.51521146E-32 +-  1.14950265E-46
         1    1                 2.13722964E-01 +-  1.66533454E-16
    3    0    0                 2.13722964E-01 +-  0.00000000E+00
         1    0                -1.75928659E-31 +-  0.00000000E+00
         1    1                 2.13722964E-01 +-  0.00000000E+00
    4    0    0                 1.91057860E-01 +-  0.00000000E+00
         1    0                -1.72583508E-33 +-  0.00000000E+00
         1    1                 1.91057860E-01 +-  0.00000000E+00
    5    0    0                 1.91057860E-01 +-  0.00000000E+00
         1    0                -6.26287611E-33 +-  9.85287983E-47
         1    1                 1.91057860E-01 +-  8.32667268E-17
    6    0    0                 1.91057860E-01 +-  0.00000000E+00
         1    0                -1.61186908E-32 +-  1.64214664E-46
         1    1                 1.91057860E-01 +-  8.32667268E-17
    7    0    0                 1.55219703E-01 +-  8.32667268E-17
         1    0                -5.74297915E-33 +-  0.00000000E+00
         1    1                 1.55219703E-01 +-  0.00000000E+00
    8    0    0                 1.55219703E-01 +-  0.00000000E+00
         1    0                -3.38459030E-32 +-  1.64214664E-47
         1    1                 1.55219703E-01 +-  8.32667268E-17
    9    0    0                 1.25065135E-01 +-  8.32667268E-17
         1    0                 1.10039272E-31 +-  1.31371731E-46
         1    1                 1.25065135E-01 +-  2.49800181E-16
============================================================================
 Eigenvalues of Ave Equal t Green's function:
    1    1                      1.11253603E-03 +-  1.30104261E-18
         2                      1.11253603E-03 +-  1.22298005E-16
    2    1                      5.73241759E-02 +-  2.08166817E-17
         2                      5.73241759E-02 +-  1.45716772E-16
    3    1                      5.73241759E-02 +-  4.16333634E-16
         2                      5.73241759E-02 +-  3.12250226E-16
    4    1                      7.68524783E-01 +-  6.66133815E-16
         2                      7.68524783E-01 +-  3.33066907E-16
    5    1                      7.68524783E-01 +-  9.99200722E-16
         2                      7.68524783E-01 +-  9.99200722E-16
    6    1                      7.68524783E-01 +-  3.33066907E-15
         2                      7.68524783E-01 +-  3.66373598E-15
    7    1                      9.94513701E-01 +-  0.00000000E+00
         2                      9.94513701E-01 +-  0.00000000E+00
    8    1                      9.94513701E-01 +-  0.00000000E+00
         2                      9.94513701E-01 +-  0.00000000E+00
    9    1                      9.99898971E-01 +-  0.00000000E+00
         2                      9.99898971E-01 +-  0.00000000E+00
============================================================================
 Eigenvalues of Up Equal t Green's function:
    1    1                      1.11253603E-03 +-  1.30104261E-18
         2                      1.11253603E-03 +-  1.22298005E-16
    2    1                      5.73241759E-02 +-  2.08166817E-17
         2                      5.73241759E-02 +-  1.45716772E-16
    3    1                      5.73241759E-02 +-  4.16333634E-16
         2                      5.73241759E-02 +-  3.12250226E-16
    4    1                      7.68524783E-01 +-  6.66133815E-16
         2                      7.68524783E-01 +-  3.33066907E-16
    5    1                      7.68524783E-01 +-  9.99200722E-16
         2                      7.68524783E-01 +-  9.99200722E-16
    6    1                      7.68524783E-01 +-  3.33066907E-15
         2                      7.68524783E-01 +-  3.66373598E-15
    7    1                      9.94513701E-01 +-  0.00000000E+00
         2                      9.94513701E-01 +-  0.00000000E+00
    8    1                      9.94513701E-01 +-  0.00000000E+00
         2                      9.94513701E-01 +-  0.00000000E+00
    9    1                      9.99898971E-01 +-  0.00000000E+00
         2                      9.99898971E-01 +-  0.00000000E+00
============================================================================
 Eigenvalues of Dn Equal t Green's function:
    1    1                      1.11253603E-03 +-  1.30104261E-18
         2                      1.11253603E-03 +-  1.22298005E-16
    2    1                      5.73241759E-02 +-  2.08166817E-17
         2                      5.73241759E-02 +-  1.45716772E-16
    3    1                      5.73241759E-02 +-  4.16333634E-16
         2                      5.73241759E-02 +-  3.12250226E-16
    4    1                      7.68524783E-01 +-  6.66133815E-16
         2                      7.68524783E-01 +-  3.33066907E-16
    5    1                      7.68524783E-01 +-  9.99200722E-16
         2                      7.68524783E-01 +-  9.99200722E-16
    6    1                      7.68524783E-01 +-  3.33066907E-15
         2                      7.68524783E-01 +-  3.66373598E-15
    7    1                      9.94513701E-01 +-  0.00000000E+00
         2                      9.94513701E-01 +-  0.00000000E+00
    8    1                      9.94513701E-01 +-  0.00000000E+00
         2                      9.94513701E-01 +-  0.00000000E+00
    9    1                      9.99898971E-01 +-  0.00000000E+00
         2                      9.99898971E-01 +-  0.00000000E+00
============================================================================
 Eigenvalues of Density-density correlation fn: (up-up)
    1    1                      8.16597636E-02 +-  3.58110332E+00
         2                      4.85646419E+00 +-  3.58110332E+00
    2    1                      1.86273553E-01 +-  2.86726882E-05
         2                      1.86273553E-01 +-  5.39048661E-05
    3    1                      1.86273553E-01 +-  9.15933995E-16
         2                      1.86273553E-01 +-  1.16573418E-15
    4    1                      2.31603763E-01 +-  3.33066907E-16
         2                      2.31603763E-01 +-  8.32667268E-17
    5    1                      2.31603763E-01 +-  2.13162821E-14
         2                      2.31603763E-01 +-  2.07334150E-14
    6    1                      2.31603763E-01 +-  2.14828155E-14
         2                      2.31603763E-01 +-  2.10664819E-14
    7    1                      3.03280076E-01 +-  8.32667268E-16
         2                      3.03280076E-01 +-  1.16573418E-15
    8    1                      3.03280076E-01 +-  8.03329086E-07
         2                      3.03280076E-01 +-  6.69945162E-07
    9    1                      3.63589212E-01 +-  1.59872116E-14
         2                      3.63589212E-01 +-  1.61537450E-14
============================================================================
 Eigenvalues of Density-density correlation fn: (up-dn)
    1    1                     -2.22044605E-16 +-  3.58110332E+00
         2                      4.77480443E+00 +-  3.58110332E+00
    2    1                     -3.36194765E-16 +-  1.16237569E-16
         2                     -1.33915297E-16 +-  9.49657284E-17
    3    1                     -6.52908271E-17 +-  2.59492240E-17
         2                      2.59579856E-16 +-  1.09215951E-16
    4    1                     -2.62059083E-17 +-  5.20650081E-18
         2                      2.82944983E-16 +-  8.84732277E-17
    5    1                     -8.92586111E-16 +-  4.22828554E-15
         2                      1.62290469E-15 +-  4.83717348E-15
    6    1                     -8.84081760E-16 +-  4.75900856E-15
         2                      1.74450460E-15 +-  5.17534220E-15
    7    1                     -9.30022004E-16 +-  2.50373393E-16
         2                     -1.36675665E-17 +-  5.73212342E-19
    8    1                      5.55108004E-17 +-  4.99598154E-16
         2                      9.15934346E-16 +-  2.49802388E-16
    9    1                     -1.40802689E-15 +-  5.27249122E-15
         2                      1.04720441E-15 +-  5.35575795E-15
============================================================================
 Eigenvalues of XX spin correlation fn:
    1    1                      1.63319527E-01 +-  0.00000000E+00
         2                      1.63319527E-01 +-  8.32667268E-17
    2    1                      3.72547107E-01 +-  0.00000000E+00
         2                      3.72547107E-01 +-  0.00000000E+00
    3    1                      3.72547107E-01 +-  0.00000000E+00
         2                      3.72547107E-01 +-  0.00000000E+00
    4    1                      4.63207525E-01 +-  0.00000000E+00
         2                      4.63207525E-01 +-  0.00000000E+00
    5    1                      4.63207525E-01 +-  1.66533454E-16
         2                      4.63207525E-01 +-  0.00000000E+00
    6    1                      4.63207525E-01 +-  0.00000000E+00
         2                      4.63207525E-01 +-  0.00000000E+00
    7    1                      6.06560153E-01 +-  0.00000000E+00
         2                      6.06560153E-01 +-  0.00000000E+00
    8    1                      6.06560153E-01 +-  0.00000000E+00
         2                      6.06560153E-01 +-  0.00000000E+00
    9    1                      7.27178423E-01 +-  0.00000000E+00
         2                      7.27178423E-01 +-  0.00000000E+00
============================================================================
 Eigenvalues of ZZ spin correlation fn:
    1    1                      1.63319527E-01 +-  0.00000000E+00
         2                      1.63319527E-01 +-  8.32667268E-17
    2    1                      3.72547107E-01 +-  0.00000000E+00
         2                      3.72547107E-01 +-  0.00000000E+00
    3    1                      3.72547107E-01 +-  0.00000000E+00
         2                      3.72547107E-01 +-  0.00000000E+00
    4    1                      4.63207525E-01 +-  0.00000000E+00
         2                      4.63207525E-01 +-  0.00000000E+00
    5    1                      4.63207525E-01 +-  0.00000000E+00
         2                      4.63207525E-01 +-  0.00000000E+00
    6    1                      4.63207525E-01 +-  0.00000000E+00
         2                      4.63207525E-01 +-  0.00000000E+00
    7    1                      6.06560153E-01 +-  0.00000000E+00
         2                      6.06560153E-01 +-  0.00000000E+00
    8    1                      6.06560153E-01 +-  0.00000000E+00
         2                      6.06560153E-01 +-  0.00000000E+00
    9    1                      7.27178423E-01 +-  0.00000000E+00
         2                      7.27178423E-01 +-  0.00000000E+00
============================================================================
 Eigenvalues of Average spin correlation fn:
    1    1                      1.63319527E-01 +-  8.32667268E-17
         2                      1.63319527E-01 +-  2.49800181E-16
    2    1                      3.72547107E-01 +-  0.00000000E+00
         2                      3.72547107E-01 +-  3.33066907E-16
    3    1                      3.72547107E-01 +-  3.33066907E-16
         2                      3.72547107E-01 +-  3.33066907E-16
    4    1                      4.63207525E-01 +-  1.66533454E-16
         2                      4.63207525E-01 +-  3.33066907E-16
    5    1                      4.63207525E-01 +-  0.00000000E+00
         2                      4.63207525E-01 +-  1.66533454E-16
    6    1                      4.63207525E-01 +-  1.66533454E-16
         2                      4.63207525E-01 +-  1.66533454E-16
    7    1                      6.06560153E-01 +-  0.00000000E+00
         2                      6.06560153E-01 +-  3.33066907E-16
    8    1                      6.06560153E-01 +-  0.00000000E+00
         2                      6.06560153E-01 +-  0.00000000E+00
    9    1                      7.27178423E-01 +-  3.33066907E-16
         2                      7.27178423E-01 +-  3.33066907E-16
============================================================================
 Eigenvalues of Pairing correlation fn:
    1    1                      2.66029859E-01 +-  1.66533454E-16
         2                      2.66029859E-01 +-  1.66533454E-16
    2    1                      2.13722964E-01 +-  1.66533454E-16
         2                      2.13722964E-01 +-  0.00000000E+00
    3    1                      2.13722964E-01 +-  0.00000000E+00
         2                      2.13722964E-01 +-  0.00000000E+00
    4    1                      1.91057860E-01 +-  0.00000000E+00
         2                      1.91057860E-01 +-  0.00000000E+00
    5    1                      1.91057860E-01 +-  8.32667268E-17
         2                      1.91057860E-01 +-  0.00000000E+00
    6    1                      1.91057860E-01 +-  0.00000000E+00
         2                      1.91057860E-01 +-  8.32667268E-17
    7    1                      1.55219703E-01 +-  8.32667268E-17
         2                      1.55219703E-01 +-  0.00000000E+00
    8    1                      1.55219703E-01 +-  0.00000000E+00
         2                      1.55219703E-01 +-  8.32667268E-17
    9    1                      1.25065135E-01 +-  8.32667268E-17
         2                      1.25065135E-01 +-  2.49800181E-16
============================================================================
 Eigenmodes of Ave Equal t Green's function (Natural orbitals):
                        1                          2
   1    1  ( -0.995541 +i  0.000000)  (  0.094327 +i  0.000000) 
        2  (  0.094327 +i  0.000000)  (  0.995541 +i  0.000000) 
   2    1  ( -0.998765 +i  0.000000)  (  0.049682 +i  0.000000) 
        2  ( -0.049682 +i  0.000000)  ( -0.998765 +i -0.000000) 
   3    1  ( -0.571809 +i  0.000000)  ( -0.820387 +i  0.000000) 
        2  ( -0.820387 +i  0.000000)  (  0.571809 +i  0.000000) 
   4    1  ( -0.984638 +i  0.000000)  (  0.174609 +i  0.000000) 
        2  ( -0.174609 +i  0.000000)  ( -0.984638 +i -0.000000) 
   5    1  (  0.038045 +i  0.000000)  (  0.999276 +i -0.000000) 
        2  ( -0.999276 +i  0.000000)  (  0.038045 +i -0.000000) 
   6    1  ( -0.353284 +i  0.000000)  (  0.935516 +i -0.000000) 
        2  ( -0.935516 +i  0.000000)  ( -0.353284 +i  0.000000) 
   7    1  (  0.000000 +i  0.000000)  (  1.000000 +i  0.000000) 
        2  (  1.000000 +i  0.000000)  (  0.000000 +i  0.000000) 
   8    1  (  1.000000 +i  0.000000)  (  0.000000 +i  0.000000) 
        2  (  0.000000 +i  0.000000)  ( -1.000000 +i  0.000000) 
   9    1  (  1.000000 +i  0.000000)  (  0.000000 +i  0.000000) 
        2  (  0.000000 +i  0.000000)  ( -1.000000 +i  0.000000) 
============================================================================
 Eigenmodes of Up Equal t Green's function (Natural orbitals):
                        1                          2
   1    1  ( -0.995541 +i  0.000000)  (  0.094327 +i  0.000000) 
        2  (  0.094327 +i  0.000000)  (  0.995541 +i  0.000000) 
   2    1  ( -0.998765 +i  0.000000)  (  0.049682 +i  0.000000) 
        2  ( -0.049682 +i  0.000000)  ( -0.998765 +i -0.000000) 
   3    1  ( -0.571809 +i  0.000000)  ( -0.820387 +i  0.000000) 
        2  ( -0.820387 +i  0.000000)  (  0.571809 +i  0.000000) 
   4    1  ( -0.984638 +i  0.000000)  (  0.174609 +i  0.000000) 
        2  ( -0.174609 +i  0.000000)  ( -0.984638 +i -0.000000) 
   5    1  (  0.038045 +i  0.000000)  (  0.999276 +i -0.000000) 
        2  ( -0.999276 +i  0.000000)  (  0.038045 +i -0.000000) 
   6    1  ( -0.353284 +i  0.000000)  (  0.935516 +i -0.000000) 
        2  ( -0.935516 +i  0.000000)  ( -0.353284 +i  0.000000) 
   7    1  (  0.000000 +i  0.000000)  (  1.000000 +i  0.000000) 
        2  (  1.000000 +i  0.000000)  (  0.000000 +i  0.000000) 
   8    1  (  1.000000 +i  0.000000)  (  0.000000 +i  0.000000) 
        2  (  0.000000 +i  0.000000)  ( -1.000000 +i  0.000000) 
   9    1  (  1.000000 +i  0.000000)  (  0.000000 +i  0.000000) 
        2  (  0.000000 +i  0.000000)  ( -1.000000 +i  0.000000) 
============================================================================
 Eigenmodes of Down Equal t Green's function (Natural orbitals):
                        1                          2
   1    1  ( -0.995541 +i  0.000000)  (  0.094327 +i  0.000000) 
        2  (  0.094327 +i  0.000000)  (  0.995541 +i  0.000000) 
   2    1  ( -0.998765 +i  0.000000)  (  0.049682 +i  0.000000) 
        2  ( -0.049682 +i  0.000000)  ( -0.998765 +i -0.000000) 
   3    1  ( -0.571809 +i  0.000000)  ( -0.820387 +i  0.000000) 
        2  ( -0.820387 +i  0.000000)  (  0.571809 +i  0.000000) 
   4    1  ( -0.984638 +i  0.000000)  (  0.174609 +i  0.000000) 
        2  ( -0.174609 +i  0.000000)  ( -0.984638 +i -0.000000) 
   5    1  (  0.038045 +i  0.000000)  (  0.999276 +i -0.000000) 
        2  ( -0.999276 +i  0.000000)  (  0.038045 +i -0.000000) 
   6    1  ( -0.353284 +i  0.000000)  (  0.935516 +i -0.000000) 
        2  ( -0.935516 +i  0.000000)  ( -0.353284 +i  0.000000) 
   7    1  (  0.000000 +i  0.000000)  (  1.000000 +i  0.000000) 
        2  (  1.000000 +i  0.000000)  (  0.000000 +i  0.000000) 
   8    1  (  1.000000 +i  0.000000)  (  0.000000 +i  0.000000) 
        2  (  0.000000 +i  0.000000)  ( -1.000000 +i  0.000000) 
   9    1  (  1.000000 +i  0.000000)  (  0.000000 +i  0.000000) 
        2  (  0.000000 +i  0.000000)  ( -1.000000 +i  0.000000) 
============================================================================
 Eigenmodes of Density-density correlation fn: (up-up)
                        1                          2
   1    1  ( -0.707107 +i  0.000000)  (  0.707107 +i  0.000000) 
        2  (  0.707107 +i  0.000000)  (  0.707107 +i  0.000000) 
   2    1  ( -0.807947 +i  0.000000)  ( -0.589233 +i -0.005065) 
        2  (  0.589255 +i  0.000000)  ( -0.807917 +i -0.006945) 
   3    1  (  0.484769 +i  0.000000)  ( -0.874642 +i  0.000000) 
        2  ( -0.874642 +i  0.000000)  ( -0.484769 +i  0.000000) 
   4    1  (  0.000000 +i  0.000000)  (  1.000000 +i  0.000000) 
        2  (  1.000000 +i  0.000000)  (  0.000000 +i  0.000000) 
   5    1  ( -0.660436 +i  0.000000)  (  0.750883 +i -0.000000) 
        2  ( -0.750883 +i  0.000000)  ( -0.660436 +i  0.000000) 
   6    1  ( -0.672498 +i  0.000000)  (  0.740099 +i  0.000000) 
        2  ( -0.740099 +i  0.000000)  ( -0.672498 +i -0.000000) 
   7    1  ( -0.576624 +i  0.000000)  ( -0.817010 +i  0.000000) 
        2  ( -0.817010 +i  0.000000)  (  0.576624 +i  0.000000) 
   8    1  ( -0.674338 +i  0.000000)  (  0.738422 +i -0.000664) 
        2  ( -0.738423 +i  0.000000)  ( -0.674338 +i  0.000607) 
   9    1  ( -0.757241 +i  0.000000)  ( -0.653135 +i -0.000000) 
        2  (  0.653135 +i  0.000000)  ( -0.757241 +i -0.000000) 
============================================================================
 Eigenmodes of Density-density correlation fn: (up-dn)
                        1                          2
   1    1  ( -0.707107 +i  0.000000)  (  0.707107 +i  0.000000) 
        2  (  0.707107 +i  0.000000)  (  0.707107 +i  0.000000) 
   2    1  ( -0.961512 +i  0.000000)  ( -0.267575 +i -0.062434) 
        2  ( -0.274762 +i  0.000000)  (  0.936360 +i  0.218484) 
   3    1  ( -0.173503 +i  0.000000)  ( -0.984833 +i  0.000000) 
        2  ( -0.984833 +i  0.000000)  (  0.173503 +i  0.000000) 
   4    1  ( -0.078803 +i  0.000000)  ( -0.996890 +i  0.000000) 
        2  ( -0.996890 +i  0.000000)  (  0.078803 +i  0.000000) 
   5    1  ( -0.538527 +i  0.000000)  (  0.842608 +i  0.000000) 
        2  ( -0.842608 +i  0.000000)  ( -0.538527 +i -0.000000) 
   6    1  ( -0.561440 +i  0.000000)  (  0.827517 +i  0.000000) 
        2  ( -0.827517 +i  0.000000)  ( -0.561440 +i -0.000000) 
   7    1  ( -0.999885 +i  0.000000)  ( -0.015146 +i  0.000000) 
        2  (  0.015146 +i  0.000000)  ( -0.999885 +i  0.000000) 
   8    1  ( -0.000639 +i  0.000000)  (  0.000000 +i -1.000000) 
        2  ( -1.000000 +i  0.000000)  (  0.000000 +i  0.000639) 
   9    1  ( -0.742207 +i  0.000000)  ( -0.670171 +i  0.000000) 
        2  (  0.670171 +i  0.000000)  ( -0.742207 +i  0.000000) 
============================================================================
 Eigenmodes of XX-Spin correlation fn: 
                        1                          2
   1    1  (  1.000000 +i  0.000000)  (  0.000000 +i  0.000000) 
        2  (  0.000000 +i  0.000000)  (  1.000000 +i  0.000000) 
   2    1  (  1.000000 +i  0.000000)  (  0.000000 +i  0.000000) 
        2  (  0.000000 +i  0.000000)  ( -1.000000 +i  0.000000) 
   3    1  (  0.000000 +i  0.000000)  (  1.000000 +i  0.000000) 
        2  (  1.000000 +i  0.000000)  (  0.000000 +i  0.000000) 
   4    1  (  1.000000 +i  0.000000)  (  0.000000 +i  0.000000) 
        2  (  0.000000 +i  0.000000)  ( -1.000000 +i -0.000000) 
   5    1  (  1.000000 +i  0.000000)  (  0.000000 +i  0.000000) 
        2  (  0.000000 +i  0.000000)  ( -1.000000 +i  0.000000) 
   6    1  (  0.000000 +i  0.000000)  ( -1.000000 +i  0.000000) 
        2  (  1.000000 +i  0.000000)  (  0.000000 +i  0.000000) 
   7    1  (  1.000000 +i  0.000000)  (  0.000000 +i  0.000000) 
        2  (  0.000000 +i  0.000000)  (  1.000000 +i  0.000000) 
   8    1  (  0.000000 +i  0.000000)  ( -1.000000 +i -0.000000) 
        2  (  1.000000 +i  0.000000)  (  0.000000 +i  0.000000) 
   9    1  (  0.000000 +i  0.000000)  ( -1.000000 +i -0.000000) 
        2  (  1.000000 +i  0.000000)  (  0.000000 +i  0.000000) 
============================================================================
 Eigenmodes of ZZ-Spin correlation fn: 
                        1                          2
   1    1  (  1.000000 +i  0.000000)  (  0.000000 +i  0.000000) 
        2  (  0.000000 +i  0.000000)  (  1.000000 +i  0.000000) 
   2    1  (  1.000000 +i  0.000000)  (  0.000000 +i  0.000000) 
        2  (  0.000000 +i  0.000000)  (  1.000000 +i  0.000000) 
   3    1  (  0.000000 +i  0.000000)  (  1.000000 +i  0.000000) 
        2  (  1.000000 +i  0.000000)  (  0.000000 +i  0.000000) 
   4    1  (  1.000000 +i  0.000000)  (  0.000000 +i  0.000000) 
        2  (  0.000000 +i  0.000000)  (  1.000000 +i  0.000000) 
   5    1  (  1.000000 +i  0.000000)  (  0.000000 +i  0.000000) 
        2  (  0.000000 +i  0.000000)  (  1.000000 +i  0.000000) 
   6    1  (  0.000000 +i  0.000000)  (  1.000000 +i  0.000000) 
        2  (  1.000000 +i  0.000000)  (  0.000000 +i  0.000000) 
   7    1  (  1.000000 +i  0.000000)  (  0.000000 +i  0.000000) 
        2  (  0.000000 +i  0.000000)  (  1.000000 +i  0.000000) 
   8    1  (  0.000000 +i  0.000000)  (  1.000000 +i  0.000000) 
        2  (  1.000000 +i  0.000000)  (  0.000000 +i  0.000000) 
   9    1  (  0.000000 +i  0.000000)  (  1.000000 +i  0.000000) 
        2  (  1.000000 +i  0.000000)  (  0.000000 +i  0.000000) 
============================================================================
 Eigenmodes of Average Spin correlation fn: 
                        1                          2
   1    1  (  1.000000 +i  0.000000)  (  0.000000 +i  0.000000) 
        2  (  0.000000 +i  0.000000)  (  1.000000 +i  0.000000) 
   2    1  (  1.000000 +i  0.000000)  (  0.000000 +i  0.000000) 
        2  (  0.000000 +i  0.000000)  ( -1.000000 +i  0.000000) 
   3    1  (  0.000000 +i  0.000000)  ( -1.000000 +i -0.000000) 
        2  (  1.000000 +i  0.000000)  (  0.000000 +i  0.000000) 
   4    1  (  1.000000 +i  0.000000)  (  0.000000 +i  0.000000) 
        2  (  0.000000 +i  0.000000)  ( -1.000000 +i  0.000000) 
   5    1  (  1.000000 +i  0.000000)  (  0.000000 +i  0.000000) 
        2  (  0.000000 +i  0.000000)  ( -1.000000 +i  0.000000) 
   6    1  (  0.000000 +i  0.000000)  ( -1.000000 +i -0.000000) 
        2  (  1.000000 +i  0.000000)  (  0.000000 +i  0.000000) 
   7    1  (  1.000000 +i  0.000000)  (  0.000000 +i  0.000000) 
        2  (  0.000000 +i  0.000000)  ( -1.000000 +i  0.000000) 
   8    1  (  0.000000 +i  0.000000)  ( -1.000000 +i  0.000000) 
        2  (  1.000000 +i  0.000000)  (  0.000000 +i  0.000000) 
   9    1  (  0.000000 +i  0.000000)  ( -1.000000 +i -0.000000) 
        2  (  1.000000 +i  0.000000)  (  0.000000 +i  0.000000) 
============================================================================
 Eigenmodes of Pairing correlation fn: 
                        1                          2
   1    1  (  0.000000 +i  0.000000)  (  1.000000 +i  0.000000) 
        2  (  1.000000 +i  0.000000)  (  0.000000 +i  0.000000) 
   2    1  (  0.000000 +i  0.000000)  ( -1.000000 +i -0.000000) 
        2  (  1.000000 +i  0.000000)  (  0.000000 +i  0.000000) 
   3    1  (  1.000000 +i  0.000000)  (  0.000000 +i  0.000000) 
        2  (  0.000000 +i  0.000000)  (  1.000000 +i  0.000000) 
   4    1  (  1.000000 +i  0.000000)  (  0.000000 +i  0.000000) 
        2  (  0.000000 +i  0.000000)  ( -1.000000 +i  0.000000) 
   5    1  (  0.000000 +i  0.000000)  ( -1.000000 +i -0.000000) 
        2  (  1.000000 +i  0.000000)  (  0.000000 +i  0.000000) 
   6    1  (  1.000000 +i  0.000000)  (  0.000000 +i  0.000000) 
        2  (  0.000000 +i  0.000000)  ( -1.000000 +i -0.000000) 
   7    1  (  1.000000 +i  0.000000)  (  0.000000 +i  0.000000) 
        2  (  0.000000 +i  0.000000)  (  1.000000 +i  0.000000) 
   8    1  (  1.000000 +i  0.000000)  (  0.000000 +i  0.000000) 
        2  (  0.000000 +i  0.000000)  ( -1.000000 +i  0.000000) 
   9    1  (  1.000000 +i  0.000000)  (  0.000000 +i  0.000000) 
        2  (  0.000000 +i  0.000000)  ( -1.000000 +i -0.000000) 
============================================================================
