 General Geometry - Free Format                                                 
  
                          U :            0.000000    0.000000
                       t_up :        1.000000E+00
                       t_dn :        1.000000E+00
                      mu_up :           -0.400000   -0.400000
                      mu_dn :           -0.400000   -0.400000
             Time slice - L :           20
            Number of sites :           32
                       dtau :        1.000000E-01
                       beta :        2.000000E+00
     Number of warmup sweep :        50000
Number of measurement sweep :       100000
   Frequency of measurement :            1
                Random seed :      1234567
 Frequency of recomputing G :            8
Global move number of sites :            1
               Accept count :     49463987
               Reject count :     46464432
    Approximate accept rate :        5.156343E-01
                      gamma :        9.393386E-01
   Global move accept count :       150000
   Global move reject count :            0
    Global move accept rate :        1.000000E+00
           Type of matrix B : Dense MatB  
         Type of matrix HSF : discrete
 Sign of equal time measurements:
                                avg sign :   1.00000000E+00 +-  0.00000000E+00
                             avg up sign :   1.00000000E+00 +-  0.00000000E+00
                             avg dn sign :   1.00000000E+00 +-  0.00000000E+00
============================================================================
 Electronic properties:
                         spin up density :   4.20971574E-01 +-  0.00000000E+00
                       spin down density :   4.20971574E-01 +-  0.00000000E+00
                           total density :   8.41943149E-01 +-  0.00000000E+00
                        double occupancy :   1.77217066E-01 +-  0.00000000E+00
                kinetic (hopping) energy :  -1.45222334E+00 +-  0.00000000E+00
            potential (U*Nup*Ndn) energy :   0.00000000E+00 +-  0.00000000E+00
   PH-symm total energy (inc. chem potl) :  -1.11544608E+00 +-  0.00000000E+00
                             chi_thermal :   1.78548406E+01 +-  0.00000000E+00
                           specific heat :  -5.02101709E+01 +-  0.00000000E+00
                       (magnetization)^2 :   1.21877254E-01 +-  0.00000000E+00
               XX ferro structure factor :   1.83408149E-01 +-  0.00000000E+00
               ZZ ferro structure factor :   1.83408149E-01 +-  0.00000000E+00
============================================================================
 Mean Equal time Green's function:
    0    0    0.0000    0.0000    0.0000   016   5.79028426E-01 +-  0.00000000E+00
    0    1    0.0000    0.0000    1.0000   032   9.20407217E-17 +-  0.00000000E+00
    0    0    1.0000    0.0000    0.0000   032  -1.81527917E-01 +-  0.00000000E+00
    0    1    1.0000    0.0000    1.0000   064   4.11581288E-17 +-  0.00000000E+00
    0    0    2.0000    0.0000    0.0000   016  -2.37096027E-02 +-  0.00000000E+00
    0    1    2.0000    0.0000    1.0000   032  -3.07126295E-17 +-  0.00000000E+00
    0    0    0.0000    1.0000    0.0000   032  -1.81527917E-01 +-  0.00000000E+00
    0    1    0.0000    1.0000    1.0000   064  -3.90863536E-17 +-  0.00000000E+00
    0    0    1.0000    1.0000    0.0000   064  -2.37096027E-02 +-  0.00000000E+00
    0    1    1.0000    1.0000    1.0000   128  -2.19530150E-17 +-  0.00000000E+00
    0    0    2.0000    1.0000    0.0000   032   5.66400095E-02 +-  0.00000000E+00
    0    1    2.0000    1.0000    1.0000   064  -2.65526972E-17 +-  0.00000000E+00
    0    0    0.0000    2.0000    0.0000   016  -2.37096027E-02 +-  0.00000000E+00
    0    1    0.0000    2.0000    1.0000   032  -5.94030987E-17 +-  0.00000000E+00
    0    0    1.0000    2.0000    0.0000   032   5.66400095E-02 +-  0.00000000E+00
    0    1    1.0000    2.0000    1.0000   064   2.45146510E-17 +-  0.00000000E+00
    0    0    2.0000    2.0000    0.0000   016   6.35268499E-02 +-  0.00000000E+00
    0    1    2.0000    2.0000    1.0000   032   8.60028425E-17 +-  0.00000000E+00
    1    1    0.0000    0.0000    0.0000   016   5.79028426E-01 +-  0.00000000E+00
    1    1    1.0000    0.0000    0.0000   032  -1.81527917E-01 +-  0.00000000E+00
    1    1    2.0000    0.0000    0.0000   016  -2.37096027E-02 +-  0.00000000E+00
    1    1    0.0000    1.0000    0.0000   032  -1.81527917E-01 +-  0.00000000E+00
    1    1    1.0000    1.0000    0.0000   064  -2.37096027E-02 +-  0.00000000E+00
    1    1    2.0000    1.0000    0.0000   032   5.66400095E-02 +-  0.00000000E+00
    1    1    0.0000    2.0000    0.0000   016  -2.37096027E-02 +-  0.00000000E+00
    1    1    1.0000    2.0000    0.0000   032   5.66400095E-02 +-  0.00000000E+00
    1    1    2.0000    2.0000    0.0000   016   6.35268499E-02 +-  0.00000000E+00
============================================================================
 Up Equal time Green's function:
    0    0    0.0000    0.0000    0.0000   016   5.79028426E-01 +-  0.00000000E+00
    0    1    0.0000    0.0000    1.0000   032   9.20407217E-17 +-  0.00000000E+00
    0    0    1.0000    0.0000    0.0000   032  -1.81527917E-01 +-  0.00000000E+00
    0    1    1.0000    0.0000    1.0000   064   4.11581288E-17 +-  0.00000000E+00
    0    0    2.0000    0.0000    0.0000   016  -2.37096027E-02 +-  0.00000000E+00
    0    1    2.0000    0.0000    1.0000   032  -3.07126295E-17 +-  0.00000000E+00
    0    0    0.0000    1.0000    0.0000   032  -1.81527917E-01 +-  0.00000000E+00
    0    1    0.0000    1.0000    1.0000   064  -3.90863536E-17 +-  0.00000000E+00
    0    0    1.0000    1.0000    0.0000   064  -2.37096027E-02 +-  0.00000000E+00
    0    1    1.0000    1.0000    1.0000   128  -2.19530150E-17 +-  0.00000000E+00
    0    0    2.0000    1.0000    0.0000   032   5.66400095E-02 +-  0.00000000E+00
    0    1    2.0000    1.0000    1.0000   064  -2.65526972E-17 +-  0.00000000E+00
    0    0    0.0000    2.0000    0.0000   016  -2.37096027E-02 +-  0.00000000E+00
    0    1    0.0000    2.0000    1.0000   032  -5.94030987E-17 +-  0.00000000E+00
    0    0    1.0000    2.0000    0.0000   032   5.66400095E-02 +-  0.00000000E+00
    0    1    1.0000    2.0000    1.0000   064   2.45146510E-17 +-  0.00000000E+00
    0    0    2.0000    2.0000    0.0000   016   6.35268499E-02 +-  0.00000000E+00
    0    1    2.0000    2.0000    1.0000   032   8.60028425E-17 +-  0.00000000E+00
    1    1    0.0000    0.0000    0.0000   016   5.79028426E-01 +-  0.00000000E+00
    1    1    1.0000    0.0000    0.0000   032  -1.81527917E-01 +-  0.00000000E+00
    1    1    2.0000    0.0000    0.0000   016  -2.37096027E-02 +-  0.00000000E+00
    1    1    0.0000    1.0000    0.0000   032  -1.81527917E-01 +-  0.00000000E+00
    1    1    1.0000    1.0000    0.0000   064  -2.37096027E-02 +-  0.00000000E+00
    1    1    2.0000    1.0000    0.0000   032   5.66400095E-02 +-  0.00000000E+00
    1    1    0.0000    2.0000    0.0000   016  -2.37096027E-02 +-  0.00000000E+00
    1    1    1.0000    2.0000    0.0000   032   5.66400095E-02 +-  0.00000000E+00
    1    1    2.0000    2.0000    0.0000   016   6.35268499E-02 +-  0.00000000E+00
============================================================================
 Down Equal time Green's function:
    0    0    0.0000    0.0000    0.0000   016   5.79028426E-01 +-  0.00000000E+00
    0    1    0.0000    0.0000    1.0000   032   9.20407217E-17 +-  0.00000000E+00
    0    0    1.0000    0.0000    0.0000   032  -1.81527917E-01 +-  0.00000000E+00
    0    1    1.0000    0.0000    1.0000   064   4.11581288E-17 +-  0.00000000E+00
    0    0    2.0000    0.0000    0.0000   016  -2.37096027E-02 +-  0.00000000E+00
    0    1    2.0000    0.0000    1.0000   032  -3.07126295E-17 +-  0.00000000E+00
    0    0    0.0000    1.0000    0.0000   032  -1.81527917E-01 +-  0.00000000E+00
    0    1    0.0000    1.0000    1.0000   064  -3.90863536E-17 +-  0.00000000E+00
    0    0    1.0000    1.0000    0.0000   064  -2.37096027E-02 +-  0.00000000E+00
    0    1    1.0000    1.0000    1.0000   128  -2.19530150E-17 +-  0.00000000E+00
    0    0    2.0000    1.0000    0.0000   032   5.66400095E-02 +-  0.00000000E+00
    0    1    2.0000    1.0000    1.0000   064  -2.65526972E-17 +-  0.00000000E+00
    0    0    0.0000    2.0000    0.0000   016  -2.37096027E-02 +-  0.00000000E+00
    0    1    0.0000    2.0000    1.0000   032  -5.94030987E-17 +-  0.00000000E+00
    0    0    1.0000    2.0000    0.0000   032   5.66400095E-02 +-  0.00000000E+00
    0    1    1.0000    2.0000    1.0000   064   2.45146510E-17 +-  0.00000000E+00
    0    0    2.0000    2.0000    0.0000   016   6.35268499E-02 +-  0.00000000E+00
    0    1    2.0000    2.0000    1.0000   032   8.60028425E-17 +-  0.00000000E+00
    1    1    0.0000    0.0000    0.0000   016   5.79028426E-01 +-  0.00000000E+00
    1    1    1.0000    0.0000    0.0000   032  -1.81527917E-01 +-  0.00000000E+00
    1    1    2.0000    0.0000    0.0000   016  -2.37096027E-02 +-  0.00000000E+00
    1    1    0.0000    1.0000    0.0000   032  -1.81527917E-01 +-  0.00000000E+00
    1    1    1.0000    1.0000    0.0000   064  -2.37096027E-02 +-  0.00000000E+00
    1    1    2.0000    1.0000    0.0000   032   5.66400095E-02 +-  0.00000000E+00
    1    1    0.0000    2.0000    0.0000   016  -2.37096027E-02 +-  0.00000000E+00
    1    1    1.0000    2.0000    0.0000   032   5.66400095E-02 +-  0.00000000E+00
    1    1    2.0000    2.0000    0.0000   016   6.35268499E-02 +-  0.00000000E+00
============================================================================
 Density-density correlation fn: (up-up)
    0    0    0.0000    0.0000    0.0000   016   4.20971574E-01 +-  0.00000000E+00
    0    1    0.0000    0.0000    1.0000   032   1.77217066E-01 +-  0.00000000E+00
    0    0    1.0000    0.0000    0.0000   032   1.44264682E-01 +-  0.00000000E+00
    0    1    1.0000    0.0000    1.0000   064   1.77217066E-01 +-  0.00000000E+00
    0    0    2.0000    0.0000    0.0000   016   1.76654921E-01 +-  0.00000000E+00
    0    1    2.0000    0.0000    1.0000   032   1.77217066E-01 +-  0.00000000E+00
    0    0    0.0000    1.0000    0.0000   032   1.44264682E-01 +-  0.00000000E+00
    0    1    0.0000    1.0000    1.0000   064   1.77217066E-01 +-  0.00000000E+00
    0    0    1.0000    1.0000    0.0000   064   1.76654921E-01 +-  0.00000000E+00
    0    1    1.0000    1.0000    1.0000   128   1.77217066E-01 +-  0.00000000E+00
    0    0    2.0000    1.0000    0.0000   032   1.74008976E-01 +-  0.00000000E+00
    0    1    2.0000    1.0000    1.0000   064   1.77217066E-01 +-  0.00000000E+00
    0    0    0.0000    2.0000    0.0000   016   1.76654921E-01 +-  0.00000000E+00
    0    1    0.0000    2.0000    1.0000   032   1.77217066E-01 +-  0.00000000E+00
    0    0    1.0000    2.0000    0.0000   032   1.74008976E-01 +-  0.00000000E+00
    0    1    1.0000    2.0000    1.0000   064   1.77217066E-01 +-  0.00000000E+00
    0    0    2.0000    2.0000    0.0000   016   1.73181406E-01 +-  0.00000000E+00
    0    1    2.0000    2.0000    1.0000   032   1.77217066E-01 +-  0.00000000E+00
    1    1    0.0000    0.0000    0.0000   016   4.20971574E-01 +-  0.00000000E+00
    1    1    1.0000    0.0000    0.0000   032   1.44264682E-01 +-  0.00000000E+00
    1    1    2.0000    0.0000    0.0000   016   1.76654921E-01 +-  0.00000000E+00
    1    1    0.0000    1.0000    0.0000   032   1.44264682E-01 +-  0.00000000E+00
    1    1    1.0000    1.0000    0.0000   064   1.76654921E-01 +-  0.00000000E+00
    1    1    2.0000    1.0000    0.0000   032   1.74008976E-01 +-  0.00000000E+00
    1    1    0.0000    2.0000    0.0000   016   1.76654921E-01 +-  0.00000000E+00
    1    1    1.0000    2.0000    0.0000   032   1.74008976E-01 +-  0.00000000E+00
    1    1    2.0000    2.0000    0.0000   016   1.73181406E-01 +-  0.00000000E+00
============================================================================
 Density-density correlation fn: (up-dn)
    0    0    0.0000    0.0000    0.0000   016   1.77217066E-01 +-  0.00000000E+00
    0    1    0.0000    0.0000    1.0000   032   1.77217066E-01 +-  0.00000000E+00
    0    0    1.0000    0.0000    0.0000   032   1.77217066E-01 +-  0.00000000E+00
    0    1    1.0000    0.0000    1.0000   064   1.77217066E-01 +-  0.00000000E+00
    0    0    2.0000    0.0000    0.0000   016   1.77217066E-01 +-  0.00000000E+00
    0    1    2.0000    0.0000    1.0000   032   1.77217066E-01 +-  0.00000000E+00
    0    0    0.0000    1.0000    0.0000   032   1.77217066E-01 +-  0.00000000E+00
    0    1    0.0000    1.0000    1.0000   064   1.77217066E-01 +-  0.00000000E+00
    0    0    1.0000    1.0000    0.0000   064   1.77217066E-01 +-  0.00000000E+00
    0    1    1.0000    1.0000    1.0000   128   1.77217066E-01 +-  0.00000000E+00
    0    0    2.0000    1.0000    0.0000   032   1.77217066E-01 +-  0.00000000E+00
    0    1    2.0000    1.0000    1.0000   064   1.77217066E-01 +-  0.00000000E+00
    0    0    0.0000    2.0000    0.0000   016   1.77217066E-01 +-  0.00000000E+00
    0    1    0.0000    2.0000    1.0000   032   1.77217066E-01 +-  0.00000000E+00
    0    0    1.0000    2.0000    0.0000   032   1.77217066E-01 +-  0.00000000E+00
    0    1    1.0000    2.0000    1.0000   064   1.77217066E-01 +-  0.00000000E+00
    0    0    2.0000    2.0000    0.0000   016   1.77217066E-01 +-  0.00000000E+00
    0    1    2.0000    2.0000    1.0000   032   1.77217066E-01 +-  0.00000000E+00
    1    1    0.0000    0.0000    0.0000   016   1.77217066E-01 +-  0.00000000E+00
    1    1    1.0000    0.0000    0.0000   032   1.77217066E-01 +-  0.00000000E+00
    1    1    2.0000    0.0000    0.0000   016   1.77217066E-01 +-  0.00000000E+00
    1    1    0.0000    1.0000    0.0000   032   1.77217066E-01 +-  0.00000000E+00
    1    1    1.0000    1.0000    0.0000   064   1.77217066E-01 +-  0.00000000E+00
    1    1    2.0000    1.0000    0.0000   032   1.77217066E-01 +-  0.00000000E+00
    1    1    0.0000    2.0000    0.0000   016   1.77217066E-01 +-  0.00000000E+00
    1    1    1.0000    2.0000    0.0000   032   1.77217066E-01 +-  0.00000000E+00
    1    1    2.0000    2.0000    0.0000   016   1.77217066E-01 +-  0.00000000E+00
============================================================================
 XX Spin correlation function:
    0    0    0.0000    0.0000    0.0000   016   4.87509016E-01 +-  0.00000000E+00
    0    1    0.0000    0.0000    1.0000   032  -1.31667328E-31 +-  0.00000000E+00
    0    0    1.0000    0.0000    0.0000   032  -6.59047693E-02 +-  0.00000000E+00
    0    1    1.0000    0.0000    1.0000   064  -6.12083978E-31 +-  0.00000000E+00
    0    0    2.0000    0.0000    0.0000   016  -1.12429052E-03 +-  0.00000000E+00
    0    1    2.0000    0.0000    1.0000   032  -2.21607387E-31 +-  0.00000000E+00
    0    0    0.0000    1.0000    0.0000   032  -6.59047693E-02 +-  0.00000000E+00
    0    1    0.0000    1.0000    1.0000   064  -8.86872651E-31 +-  0.00000000E+00
    0    0    1.0000    1.0000    0.0000   064  -1.12429052E-03 +-  0.00000000E+00
    0    1    1.0000    1.0000    1.0000   128  -3.11599857E-31 +-  0.00000000E+00
    0    0    2.0000    1.0000    0.0000   032  -6.41618134E-03 +-  0.00000000E+00
    0    1    2.0000    1.0000    1.0000   064  -8.74863268E-31 +-  0.00000000E+00
    0    0    0.0000    2.0000    0.0000   016  -1.12429052E-03 +-  0.00000000E+00
    0    1    0.0000    2.0000    1.0000   032  -3.28136849E-31 +-  0.00000000E+00
    0    0    1.0000    2.0000    0.0000   032  -6.41618134E-03 +-  0.00000000E+00
    0    1    1.0000    2.0000    1.0000   064  -5.07310555E-31 +-  0.00000000E+00
    0    0    2.0000    2.0000    0.0000   016  -8.07132132E-03 +-  0.00000000E+00
    0    1    2.0000    2.0000    1.0000   032  -1.01337399E-31 +-  0.00000000E+00
    1    1    0.0000    0.0000    0.0000   016   4.87509016E-01 +-  0.00000000E+00
    1    1    1.0000    0.0000    0.0000   032  -6.59047693E-02 +-  0.00000000E+00
    1    1    2.0000    0.0000    0.0000   016  -1.12429052E-03 +-  0.00000000E+00
    1    1    0.0000    1.0000    0.0000   032  -6.59047693E-02 +-  0.00000000E+00
    1    1    1.0000    1.0000    0.0000   064  -1.12429052E-03 +-  0.00000000E+00
    1    1    2.0000    1.0000    0.0000   032  -6.41618134E-03 +-  0.00000000E+00
    1    1    0.0000    2.0000    0.0000   016  -1.12429052E-03 +-  0.00000000E+00
    1    1    1.0000    2.0000    0.0000   032  -6.41618134E-03 +-  0.00000000E+00
    1    1    2.0000    2.0000    0.0000   016  -8.07132132E-03 +-  0.00000000E+00
============================================================================
 ZZ Spin correlation function:
    0    0    0.0000    0.0000    0.0000   016   4.87509016E-01 +-  0.00000000E+00
    0    1    0.0000    0.0000    1.0000   032   0.00000000E+00 +-  0.00000000E+00
    0    0    1.0000    0.0000    0.0000   032  -6.59047693E-02 +-  0.00000000E+00
    0    1    1.0000    0.0000    1.0000   064   0.00000000E+00 +-  0.00000000E+00
    0    0    2.0000    0.0000    0.0000   016  -1.12429052E-03 +-  0.00000000E+00
    0    1    2.0000    0.0000    1.0000   032   0.00000000E+00 +-  0.00000000E+00
    0    0    0.0000    1.0000    0.0000   032  -6.59047693E-02 +-  0.00000000E+00
    0    1    0.0000    1.0000    1.0000   064   0.00000000E+00 +-  0.00000000E+00
    0    0    1.0000    1.0000    0.0000   064  -1.12429052E-03 +-  0.00000000E+00
    0    1    1.0000    1.0000    1.0000   128   0.00000000E+00 +-  0.00000000E+00
    0    0    2.0000    1.0000    0.0000   032  -6.41618134E-03 +-  0.00000000E+00
    0    1    2.0000    1.0000    1.0000   064   0.00000000E+00 +-  0.00000000E+00
    0    0    0.0000    2.0000    0.0000   016  -1.12429052E-03 +-  0.00000000E+00
    0    1    0.0000    2.0000    1.0000   032   0.00000000E+00 +-  0.00000000E+00
    0    0    1.0000    2.0000    0.0000   032  -6.41618134E-03 +-  0.00000000E+00
    0    1    1.0000    2.0000    1.0000   064   0.00000000E+00 +-  0.00000000E+00
    0    0    2.0000    2.0000    0.0000   016  -8.07132132E-03 +-  0.00000000E+00
    0    1    2.0000    2.0000    1.0000   032   0.00000000E+00 +-  0.00000000E+00
    1    1    0.0000    0.0000    0.0000   016   4.87509016E-01 +-  0.00000000E+00
    1    1    1.0000    0.0000    0.0000   032  -6.59047693E-02 +-  0.00000000E+00
    1    1    2.0000    0.0000    0.0000   016  -1.12429052E-03 +-  0.00000000E+00
    1    1    0.0000    1.0000    0.0000   032  -6.59047693E-02 +-  0.00000000E+00
    1    1    1.0000    1.0000    0.0000   064  -1.12429052E-03 +-  0.00000000E+00
    1    1    2.0000    1.0000    0.0000   032  -6.41618134E-03 +-  0.00000000E+00
    1    1    0.0000    2.0000    0.0000   016  -1.12429052E-03 +-  0.00000000E+00
    1    1    1.0000    2.0000    0.0000   032  -6.41618134E-03 +-  0.00000000E+00
    1    1    2.0000    2.0000    0.0000   016  -8.07132132E-03 +-  0.00000000E+00
============================================================================
 Average Spin correlation function:
    0    0    0.0000    0.0000    0.0000   016   4.87509016E-01 +-  0.00000000E+00
    0    1    0.0000    0.0000    1.0000   032  -8.77782185E-32 +-  0.00000000E+00
    0    0    1.0000    0.0000    0.0000   032  -6.59047693E-02 +-  0.00000000E+00
    0    1    1.0000    0.0000    1.0000   064  -4.08055986E-31 +-  0.00000000E+00
    0    0    2.0000    0.0000    0.0000   016  -1.12429052E-03 +-  0.00000000E+00
    0    1    2.0000    0.0000    1.0000   032  -1.47738258E-31 +-  0.00000000E+00
    0    0    0.0000    1.0000    0.0000   032  -6.59047693E-02 +-  0.00000000E+00
    0    1    0.0000    1.0000    1.0000   064  -5.91248434E-31 +-  0.00000000E+00
    0    0    1.0000    1.0000    0.0000   064  -1.12429052E-03 +-  0.00000000E+00
    0    1    1.0000    1.0000    1.0000   128  -2.07733238E-31 +-  0.00000000E+00
    0    0    2.0000    1.0000    0.0000   032  -6.41618134E-03 +-  0.00000000E+00
    0    1    2.0000    1.0000    1.0000   064  -5.83242178E-31 +-  0.00000000E+00
    0    0    0.0000    2.0000    0.0000   016  -1.12429052E-03 +-  0.00000000E+00
    0    1    0.0000    2.0000    1.0000   032  -2.18757900E-31 +-  0.00000000E+00
    0    0    1.0000    2.0000    0.0000   032  -6.41618134E-03 +-  0.00000000E+00
    0    1    1.0000    2.0000    1.0000   064  -3.38207037E-31 +-  0.00000000E+00
    0    0    2.0000    2.0000    0.0000   016  -8.07132132E-03 +-  0.00000000E+00
    0    1    2.0000    2.0000    1.0000   032  -6.75582658E-32 +-  0.00000000E+00
    1    1    0.0000    0.0000    0.0000   016   4.87509016E-01 +-  0.00000000E+00
    1    1    1.0000    0.0000    0.0000   032  -6.59047693E-02 +-  0.00000000E+00
    1    1    2.0000    0.0000    0.0000   016  -1.12429052E-03 +-  0.00000000E+00
    1    1    0.0000    1.0000    0.0000   032  -6.59047693E-02 +-  0.00000000E+00
    1    1    1.0000    1.0000    0.0000   064  -1.12429052E-03 +-  0.00000000E+00
    1    1    2.0000    1.0000    0.0000   032  -6.41618134E-03 +-  0.00000000E+00
    1    1    0.0000    2.0000    0.0000   016  -1.12429052E-03 +-  0.00000000E+00
    1    1    1.0000    2.0000    0.0000   032  -6.41618134E-03 +-  0.00000000E+00
    1    1    2.0000    2.0000    0.0000   016  -8.07132132E-03 +-  0.00000000E+00
============================================================================
 S-wave pairing correlation function:
    0    0    0.0000    0.0000    0.0000   016   1.67636959E-01 +-  0.00000000E+00
    0    1    0.0000    0.0000    1.0000   032   3.32871165E-32 +-  0.00000000E+00
    0    0    1.0000    0.0000    0.0000   032   1.64761923E-02 +-  0.00000000E+00
    0    1    1.0000    0.0000    1.0000   064   1.53330490E-31 +-  0.00000000E+00
    0    0    2.0000    0.0000    0.0000   016   2.81072631E-04 +-  0.00000000E+00
    0    1    2.0000    0.0000    1.0000   032   5.60184013E-32 +-  0.00000000E+00
    0    0    0.0000    1.0000    0.0000   032   1.64761923E-02 +-  0.00000000E+00
    0    1    0.0000    1.0000    1.0000   064   2.22137902E-31 +-  0.00000000E+00
    0    0    1.0000    1.0000    0.0000   064   2.81072631E-04 +-  0.00000000E+00
    0    1    1.0000    1.0000    1.0000   128   7.83196227E-32 +-  0.00000000E+00
    0    0    2.0000    1.0000    0.0000   032   1.60404534E-03 +-  0.00000000E+00
    0    1    2.0000    1.0000    1.0000   064   2.19097655E-31 +-  0.00000000E+00
    0    0    0.0000    2.0000    0.0000   016   2.81072631E-04 +-  0.00000000E+00
    0    1    0.0000    2.0000    1.0000   032   8.28111250E-32 +-  0.00000000E+00
    0    0    1.0000    2.0000    0.0000   032   1.60404534E-03 +-  0.00000000E+00
    0    1    1.0000    2.0000    1.0000   064   1.27327873E-31 +-  0.00000000E+00
    0    0    2.0000    2.0000    0.0000   016   2.01783033E-03 +-  0.00000000E+00
    0    1    2.0000    2.0000    1.0000   032   2.55317158E-32 +-  0.00000000E+00
    1    1    0.0000    0.0000    0.0000   016   1.67636959E-01 +-  0.00000000E+00
    1    1    1.0000    0.0000    0.0000   032   1.64761923E-02 +-  0.00000000E+00
    1    1    2.0000    0.0000    0.0000   016   2.81072631E-04 +-  0.00000000E+00
    1    1    0.0000    1.0000    0.0000   032   1.64761923E-02 +-  0.00000000E+00
    1    1    1.0000    1.0000    0.0000   064   2.81072631E-04 +-  0.00000000E+00
    1    1    2.0000    1.0000    0.0000   032   1.60404534E-03 +-  0.00000000E+00
    1    1    0.0000    2.0000    0.0000   016   2.81072631E-04 +-  0.00000000E+00
    1    1    1.0000    2.0000    0.0000   032   1.60404534E-03 +-  0.00000000E+00
    1    1    2.0000    2.0000    0.0000   016   2.01783033E-03 +-  0.00000000E+00
============================================================================
 Grid for Green's function
  K-points
  Class
    1         0.00000   0.00000
 
    2         0.00000  -1.57080
              0.00000   1.57080
 
    3        -1.57080   0.00000
              1.57080   0.00000
 
    4        -1.57080  -1.57080
              1.57080  -1.57080
             -1.57080   1.57080
              1.57080   1.57080
 
    5         0.00000  -3.14159
 
    6        -3.14159   0.00000
 
    7        -1.57080  -3.14159
              1.57080  -3.14159
 
    8        -3.14159  -1.57080
             -3.14159   1.57080
 
    9        -3.14159  -3.14159
 
============================================================================
 Grid for spin/charge correlations
  K-points
  Class
    1         0.00000   0.00000
 
    2         0.00000  -1.57080
              0.00000   1.57080
 
    3        -1.57080   0.00000
              1.57080   0.00000
 
    4        -1.57080  -1.57080
              1.57080  -1.57080
             -1.57080   1.57080
              1.57080   1.57080
 
    5         0.00000  -3.14159
 
    6        -3.14159   0.00000
 
    7        -1.57080  -3.14159
              1.57080  -3.14159
 
    8        -3.14159  -1.57080
             -3.14159   1.57080
 
    9        -3.14159  -3.14159
 
============================================================================
 FT of Ave Equal t Green's function:
    1    0    0                 7.46028834E-04 +-  1.24900090E-16
         1    0                 1.83233688E-19 +-  4.62223187E-32
         1    1                 7.46028834E-04 +-  2.08166817E-16
    2    0    0                 3.91657228E-02 +-  0.00000000E+00
         1    0                 6.80153040E-17 +-  0.00000000E+00
         1    1                 3.91657228E-02 +-  2.08166817E-17
    3    0    0                 3.91657228E-02 +-  2.08166817E-17
         1    0                -4.77199029E-17 +-  1.84889275E-32
         1    1                 3.91657228E-02 +-  4.16333634E-17
    4    0    0                 6.89974481E-01 +-  0.00000000E+00
         1    0                 2.68159292E-16 +-  0.00000000E+00
         1    1                 6.89974481E-01 +-  0.00000000E+00
    5    0    0                 6.89974481E-01 +-  3.33066907E-16
         1    0                 4.38363557E-16 +-  0.00000000E+00
         1    1                 6.89974481E-01 +-  0.00000000E+00
    6    0    0                 6.89974481E-01 +-  0.00000000E+00
         1    0                -8.68837651E-17 +-  3.69778549E-32
         1    1                 6.89974481E-01 +-  0.00000000E+00
    7    0    0                 9.91837429E-01 +-  0.00000000E+00
         1    0                 2.41472293E-18 +-  5.20001085E-32
         1    1                 9.91837429E-01 +-  0.00000000E+00
    8    0    0                 9.91837429E-01 +-  0.00000000E+00
         1    0                 1.44139285E-18 +-  9.24446373E-33
         1    1                 9.91837429E-01 +-  0.00000000E+00
    9    0    0                 9.99849290E-01 +-  0.00000000E+00
         1    0                 4.83177913E-20 +-  2.31111593E-33
         1    1                 9.99849290E-01 +-  0.00000000E+00
============================================================================
 FT of Up Equal t Green's function:
    1    0    0                 7.46028834E-04 +-  1.24900090E-16
         1    0                 1.83233688E-19 +-  4.62223187E-32
         1    1                 7.46028834E-04 +-  2.08166817E-16
    2    0    0                 3.91657228E-02 +-  0.00000000E+00
         1    0                 6.80153040E-17 +-  0.00000000E+00
         1    1                 3.91657228E-02 +-  2.08166817E-17
    3    0    0                 3.91657228E-02 +-  2.08166817E-17
         1    0                -4.77199029E-17 +-  1.84889275E-32
         1    1                 3.91657228E-02 +-  4.16333634E-17
    4    0    0                 6.89974481E-01 +-  0.00000000E+00
         1    0                 2.68159292E-16 +-  0.00000000E+00
         1    1                 6.89974481E-01 +-  0.00000000E+00
    5    0    0                 6.89974481E-01 +-  3.33066907E-16
         1    0                 4.38363557E-16 +-  0.00000000E+00
         1    1                 6.89974481E-01 +-  0.00000000E+00
    6    0    0                 6.89974481E-01 +-  0.00000000E+00
         1    0                -8.68837651E-17 +-  3.69778549E-32
         1    1                 6.89974481E-01 +-  0.00000000E+00
    7    0    0                 9.91837429E-01 +-  0.00000000E+00
         1    0                 2.41472293E-18 +-  5.20001085E-32
         1    1                 9.91837429E-01 +-  0.00000000E+00
    8    0    0                 9.91837429E-01 +-  0.00000000E+00
         1    0                 1.44139285E-18 +-  9.24446373E-33
         1    1                 9.91837429E-01 +-  0.00000000E+00
    9    0    0                 9.99849290E-01 +-  0.00000000E+00
         1    0                 4.83177913E-20 +-  2.31111593E-33
         1    1                 9.99849290E-01 +-  0.00000000E+00
============================================================================
 FT of Dn Equal t Green's function:
    1    0    0                 7.46028834E-04 +-  1.24900090E-16
         1    0                 1.83233688E-19 +-  4.62223187E-32
         1    1                 7.46028834E-04 +-  2.08166817E-16
    2    0    0                 3.91657228E-02 +-  0.00000000E+00
         1    0                 6.80153040E-17 +-  0.00000000E+00
         1    1                 3.91657228E-02 +-  2.08166817E-17
    3    0    0                 3.91657228E-02 +-  2.08166817E-17
         1    0                -4.77199029E-17 +-  1.84889275E-32
         1    1                 3.91657228E-02 +-  4.16333634E-17
    4    0    0                 6.89974481E-01 +-  0.00000000E+00
         1    0                 2.68159292E-16 +-  0.00000000E+00
         1    1                 6.89974481E-01 +-  0.00000000E+00
    5    0    0                 6.89974481E-01 +-  3.33066907E-16
         1    0                 4.38363557E-16 +-  0.00000000E+00
         1    1                 6.89974481E-01 +-  0.00000000E+00
    6    0    0                 6.89974481E-01 +-  0.00000000E+00
         1    0                -8.68837651E-17 +-  3.69778549E-32
         1    1                 6.89974481E-01 +-  0.00000000E+00
    7    0    0                 9.91837429E-01 +-  0.00000000E+00
         1    0                 2.41472293E-18 +-  5.20001085E-32
         1    1                 9.91837429E-01 +-  0.00000000E+00
    8    0    0                 9.91837429E-01 +-  0.00000000E+00
         1    0                 1.44139285E-18 +-  9.24446373E-33
         1    1                 9.91837429E-01 +-  0.00000000E+00
    9    0    0                 9.99849290E-01 +-  0.00000000E+00
         1    0                 4.83177913E-20 +-  2.31111593E-33
         1    1                 9.99849290E-01 +-  0.00000000E+00
============================================================================
 FT of Density-density correlation fn: (up-up)
    1    0    0                 2.92717714E+00 +-  0.00000000E+00
         1    0                 2.83547306E+00 +-  0.00000000E+00
         1    1                 2.92717714E+00 +-  0.00000000E+00
    2    0    0                 1.88301581E-01 +-  3.33066907E-16
         1    0                 1.17961196E-16 +-  6.76542156E-17
         1    1                 1.88301581E-01 +-  4.99600361E-16
    3    0    0                 1.88301581E-01 +-  1.66533454E-16
         1    0                -5.55111512E-17 +-  0.00000000E+00
         1    1                 1.88301581E-01 +-  1.66533454E-16
    4    0    0                 2.40843138E-01 +-  4.99600361E-16
         1    0                -2.42861287E-17 +-  0.00000000E+00
         1    1                 2.40843138E-01 +-  1.66533454E-16
    5    0    0                 2.40843138E-01 +-  6.66133815E-16
         1    0                 1.45716772E-16 +-  2.13370988E-16
         1    1                 2.40843138E-01 +-  1.66533454E-16
    6    0    0                 2.40843138E-01 +-  5.82867088E-16
         1    0                 1.11022302E-16 +-  1.66533454E-16
         1    1                 2.40843138E-01 +-  3.33066907E-16
    7    0    0                 3.07278757E-01 +-  4.99600361E-16
         1    0                -2.42861287E-17 +-  0.00000000E+00
         1    1                 3.07278757E-01 +-  1.66533454E-16
    8    0    0                 3.07278757E-01 +-  3.33066907E-16
         1    0                 1.11022302E-16 +-  1.66533454E-16
         1    1                 3.07278757E-01 +-  0.00000000E+00
    9    0    0                 3.80987877E-01 +-  0.00000000E+00
         1    0                 1.11022302E-16 +-  1.66533454E-16
         1    1                 3.80987877E-01 +-  0.00000000E+00
============================================================================
 FT of Density-density correlation fn: (up-dn)
    1    0    0                 2.83547306E+00 +-  0.00000000E+00
         1    0                 2.83547306E+00 +-  0.00000000E+00
         1    1                 2.83547306E+00 +-  0.00000000E+00
    2    0    0                 4.51028104E-16 +-  1.66533454E-16
         1    0                -3.81639165E-17 +-  3.12250226E-17
         1    1                -3.12250226E-17 +-  0.00000000E+00
    3    0    0                -5.55111512E-17 +-  0.00000000E+00
         1    0                -5.55111512E-17 +-  0.00000000E+00
         1    1                 5.55111512E-17 +-  1.66533454E-16
    4    0    0                -2.42861287E-17 +-  0.00000000E+00
         1    0                -2.42861287E-17 +-  0.00000000E+00
         1    1                -2.42861287E-17 +-  0.00000000E+00
    5    0    0                 5.27355937E-16 +-  2.49800181E-16
         1    0                 2.74086309E-16 +-  5.10008702E-16
         1    1                -1.63064007E-16 +-  1.66533454E-16
    6    0    0                -5.55111512E-16 +-  3.33066907E-16
         1    0                 2.22044605E-16 +-  3.33066907E-16
         1    1                 1.11022302E-16 +-  1.66533454E-16
    7    0    0                -2.42861287E-17 +-  0.00000000E+00
         1    0                -2.42861287E-17 +-  0.00000000E+00
         1    1                -1.35308431E-16 +-  1.66533454E-16
    8    0    0                -5.55111512E-16 +-  3.33066907E-16
         1    0                 0.00000000E+00 +-  0.00000000E+00
         1    1                 0.00000000E+00 +-  0.00000000E+00
    9    0    0                -5.55111512E-16 +-  3.33066907E-16
         1    0                -2.22044605E-16 +-  3.33066907E-16
         1    1                -1.11022302E-16 +-  1.66533454E-16
============================================================================
 FT of XX spin correlation fn:
    1    0    0                 1.83408149E-01 +-  0.00000000E+00
         1    0                -7.79140930E-30 +-  0.00000000E+00
         1    1                 1.83408149E-01 +-  0.00000000E+00
    2    0    0                 3.76603161E-01 +-  0.00000000E+00
         1    0                -1.33347313E-31 +-  0.00000000E+00
         1    1                 3.76603161E-01 +-  0.00000000E+00
    3    0    0                 3.76603161E-01 +-  0.00000000E+00
         1    0                -1.60878159E-31 +-  1.18234558E-45
         1    1                 3.76603161E-01 +-  0.00000000E+00
    4    0    0                 4.81686276E-01 +-  0.00000000E+00
         1    0                 3.16739510E-31 +-  1.31371731E-46
         1    1                 4.81686276E-01 +-  0.00000000E+00
    5    0    0                 4.81686276E-01 +-  0.00000000E+00
         1    0                 1.74833324E-30 +-  1.05097385E-45
         1    1                 4.81686276E-01 +-  0.00000000E+00
    6    0    0                 4.81686276E-01 +-  0.00000000E+00
         1    0                -8.21032305E-31 +-  3.15292154E-45
         1    1                 4.81686276E-01 +-  0.00000000E+00
    7    0    0                 6.14557513E-01 +-  0.00000000E+00
         1    0                -1.12840624E-31 +-  7.88230386E-46
         1    1                 6.14557513E-01 +-  0.00000000E+00
    8    0    0                 6.14557513E-01 +-  0.00000000E+00
         1    0                 2.85746380E-31 +-  0.00000000E+00
         1    1                 6.14557513E-01 +-  0.00000000E+00
    9    0    0                 7.61975754E-01 +-  0.00000000E+00
         1    0                 3.73311251E-30 +-  0.00000000E+00
         1    1                 7.61975754E-01 +-  0.00000000E+00
============================================================================
 FT of ZZ spin correlation fn:
    1    0    0                 1.83408149E-01 +-  0.00000000E+00
         1    0                 0.00000000E+00 +-  0.00000000E+00
         1    1                 1.83408149E-01 +-  0.00000000E+00
    2    0    0                 3.76603161E-01 +-  0.00000000E+00
         1    0                 0.00000000E+00 +-  0.00000000E+00
         1    1                 3.76603161E-01 +-  0.00000000E+00
    3    0    0                 3.76603161E-01 +-  0.00000000E+00
         1    0                 0.00000000E+00 +-  0.00000000E+00
         1    1                 3.76603161E-01 +-  0.00000000E+00
    4    0    0                 4.81686276E-01 +-  0.00000000E+00
         1    0                 0.00000000E+00 +-  0.00000000E+00
         1    1                 4.81686276E-01 +-  0.00000000E+00
    5    0    0                 4.81686276E-01 +-  0.00000000E+00
         1    0                 0.00000000E+00 +-  0.00000000E+00
         1    1                 4.81686276E-01 +-  0.00000000E+00
    6    0    0                 4.81686276E-01 +-  0.00000000E+00
         1    0                 0.00000000E+00 +-  0.00000000E+00
         1    1                 4.81686276E-01 +-  0.00000000E+00
    7    0    0                 6.14557513E-01 +-  0.00000000E+00
         1    0                 0.00000000E+00 +-  0.00000000E+00
         1    1                 6.14557513E-01 +-  0.00000000E+00
    8    0    0                 6.14557513E-01 +-  0.00000000E+00
         1    0                 0.00000000E+00 +-  0.00000000E+00
         1    1                 6.14557513E-01 +-  0.00000000E+00
    9    0    0                 7.61975754E-01 +-  0.00000000E+00
         1    0                 0.00000000E+00 +-  0.00000000E+00
         1    1                 7.61975754E-01 +-  0.00000000E+00
============================================================================
 FT of Average spin correlation fn:
    1    0    0                 1.83408149E-01 +-  0.00000000E+00
         1    0                -5.19427286E-30 +-  0.00000000E+00
         1    1                 1.83408149E-01 +-  0.00000000E+00
    2    0    0                 3.76603161E-01 +-  0.00000000E+00
         1    0                -8.88982087E-32 +-  0.00000000E+00
         1    1                 3.76603161E-01 +-  0.00000000E+00
    3    0    0                 3.76603161E-01 +-  0.00000000E+00
         1    0                -1.07252106E-31 +-  0.00000000E+00
         1    1                 3.76603161E-01 +-  0.00000000E+00
    4    0    0                 4.81686276E-01 +-  0.00000000E+00
         1    0                 2.11159673E-31 +-  0.00000000E+00
         1    1                 4.81686276E-01 +-  0.00000000E+00
    5    0    0                 4.81686276E-01 +-  0.00000000E+00
         1    0                 1.16555549E-30 +-  0.00000000E+00
         1    1                 4.81686276E-01 +-  0.00000000E+00
    6    0    0                 4.81686276E-01 +-  0.00000000E+00
         1    0                -5.47354870E-31 +-  0.00000000E+00
         1    1                 4.81686276E-01 +-  0.00000000E+00
    7    0    0                 6.14557513E-01 +-  0.00000000E+00
         1    0                -7.52270828E-32 +-  0.00000000E+00
         1    1                 6.14557513E-01 +-  0.00000000E+00
    8    0    0                 6.14557513E-01 +-  0.00000000E+00
         1    0                 1.90497587E-31 +-  0.00000000E+00
         1    1                 6.14557513E-01 +-  0.00000000E+00
    9    0    0                 7.61975754E-01 +-  0.00000000E+00
         1    0                 2.48874167E-30 +-  0.00000000E+00
         1    1                 7.61975754E-01 +-  0.00000000E+00
============================================================================
 FT of Pairing correlation fn:
    1    0    0                 2.43662176E-01 +-  0.00000000E+00
         1    0                 1.95471469E-30 +-  0.00000000E+00
         1    1                 2.43662176E-01 +-  0.00000000E+00
    2    0    0                 1.95363423E-01 +-  0.00000000E+00
         1    0                 3.29679115E-32 +-  3.28429328E-47
         1    1                 1.95363423E-01 +-  0.00000000E+00
    3    0    0                 1.95363423E-01 +-  8.32667268E-17
         1    0                 4.06286174E-32 +-  2.79164928E-46
         1    1                 1.95363423E-01 +-  0.00000000E+00
    4    0    0                 1.69092644E-01 +-  1.66533454E-16
         1    0                -8.00106940E-32 +-  0.00000000E+00
         1    1                 1.69092644E-01 +-  0.00000000E+00
    5    0    0                 1.69092644E-01 +-  8.32667268E-17
         1    0                -4.36784521E-31 +-  2.62743462E-46
         1    1                 1.69092644E-01 +-  0.00000000E+00
    6    0    0                 1.69092644E-01 +-  0.00000000E+00
         1    0                 2.05524256E-31 +-  6.56858655E-46
         1    1                 1.69092644E-01 +-  0.00000000E+00
    7    0    0                 1.35874835E-01 +-  1.66533454E-16
         1    0                 2.84676313E-32 +-  2.46321996E-46
         1    1                 1.35874835E-01 +-  0.00000000E+00
    8    0    0                 1.35874835E-01 +-  8.32667268E-17
         1    0                -7.10425574E-32 +-  2.62743462E-46
         1    1                 1.35874835E-01 +-  0.00000000E+00
    9    0    0                 9.90202743E-02 +-  8.32667268E-17
         1    0                -9.32860990E-31 +-  0.00000000E+00
         1    1                 9.90202743E-02 +-  0.00000000E+00
============================================================================
 Eigenvalues of Ave Equal t Green's function:
    1    1                      7.46028834E-04 +-  2.08492078E-16
         2                      7.46028834E-04 +-  1.25225351E-16
    2    1                      3.91657228E-02 +-  2.70616862E-16
         2                      3.91657228E-02 +-  2.91433544E-16
    3    1                      3.91657228E-02 +-  6.24500451E-17
         2                      3.91657228E-02 +-  6.24500451E-17
    4    1                      6.89974481E-01 +-  6.66133815E-16
         2                      6.89974481E-01 +-  6.66133815E-16
    5    1                      6.89974481E-01 +-  6.66133815E-16
         2                      6.89974481E-01 +-  9.99200722E-16
    6    1                      6.89974481E-01 +-  0.00000000E+00
         2                      6.89974481E-01 +-  0.00000000E+00
    7    1                      9.91837429E-01 +-  0.00000000E+00
         2                      9.91837429E-01 +-  0.00000000E+00
    8    1                      9.91837429E-01 +-  0.00000000E+00
         2                      9.91837429E-01 +-  0.00000000E+00
    9    1                      9.99849290E-01 +-  0.00000000E+00
         2                      9.99849290E-01 +-  0.00000000E+00
============================================================================
 Eigenvalues of Up Equal t Green's function:
    1    1                      7.46028834E-04 +-  2.08492078E-16
         2                      7.46028834E-04 +-  1.25225351E-16
    2    1                      3.91657228E-02 +-  2.70616862E-16
         2                      3.91657228E-02 +-  2.91433544E-16
    3    1                      3.91657228E-02 +-  6.24500451E-17
         2                      3.91657228E-02 +-  6.24500451E-17
    4    1                      6.89974481E-01 +-  6.66133815E-16
         2                      6.89974481E-01 +-  6.66133815E-16
    5    1                      6.89974481E-01 +-  6.66133815E-16
         2                      6.89974481E-01 +-  9.99200722E-16
    6    1                      6.89974481E-01 +-  0.00000000E+00
         2                      6.89974481E-01 +-  0.00000000E+00
    7    1                      9.91837429E-01 +-  0.00000000E+00
         2                      9.91837429E-01 +-  0.00000000E+00
    8    1                      9.91837429E-01 +-  0.00000000E+00
         2                      9.91837429E-01 +-  0.00000000E+00
    9    1                      9.99849290E-01 +-  0.00000000E+00
         2                      9.99849290E-01 +-  0.00000000E+00
============================================================================
 Eigenvalues of Dn Equal t Green's function:
    1    1                      7.46028834E-04 +-  2.08492078E-16
         2                      7.46028834E-04 +-  1.25225351E-16
    2    1                      3.91657228E-02 +-  2.70616862E-16
         2                      3.91657228E-02 +-  2.91433544E-16
    3    1                      3.91657228E-02 +-  6.24500451E-17
         2                      3.91657228E-02 +-  6.24500451E-17
    4    1                      6.89974481E-01 +-  6.66133815E-16
         2                      6.89974481E-01 +-  6.66133815E-16
    5    1                      6.89974481E-01 +-  6.66133815E-16
         2                      6.89974481E-01 +-  9.99200722E-16
    6    1                      6.89974481E-01 +-  0.00000000E+00
         2                      6.89974481E-01 +-  0.00000000E+00
    7    1                      9.91837429E-01 +-  0.00000000E+00
         2                      9.91837429E-01 +-  0.00000000E+00
    8    1                      9.91837429E-01 +-  0.00000000E+00
         2                      9.91837429E-01 +-  0.00000000E+00
    9    1                      9.99849290E-01 +-  0.00000000E+00
         2                      9.99849290E-01 +-  0.00000000E+00
============================================================================
 Eigenvalues of Density-density correlation fn: (up-up)
    1    1                      9.17040743E-02 +-  4.25320959E+00
         2                      5.76265020E+00 +-  4.25320959E+00
    2    1                      1.88301581E-01 +-  9.74513421E-04
         2                      1.88301581E-01 +-  1.98570089E-06
    3    1                      1.88301581E-01 +-  1.66533454E-16
         2                      1.88301581E-01 +-  3.33066907E-16
    4    1                      2.40843138E-01 +-  4.99600361E-16
         2                      2.40843138E-01 +-  1.66533454E-16
    5    1                      2.40843138E-01 +-  4.16333634E-16
         2                      2.40843138E-01 +-  5.82867088E-16
    6    1                      2.40843138E-01 +-  5.82867088E-16
         2                      2.40843138E-01 +-  4.16333634E-16
    7    1                      3.07278757E-01 +-  4.99600361E-16
         2                      3.07278757E-01 +-  1.66533454E-16
    8    1                      3.07278757E-01 +-  2.19692497E-06
         2                      3.07278757E-01 +-  8.34216197E-05
    9    1                      3.80987877E-01 +-  4.99600361E-16
         2                      3.80987877E-01 +-  1.66533454E-16
============================================================================
 Eigenvalues of Density-density correlation fn: (up-dn)
    1    1                      0.00000000E+00 +-  4.25320959E+00
         2                      5.67094612E+00 +-  4.25320959E+00
    2    1                     -3.42265077E-17 +-  2.82714906E-17
         2                      4.54029589E-16 +-  1.94804944E-16
    3    1                     -7.85046229E-17 +-  8.32667268E-17
         2                      7.85046229E-17 +-  8.32667268E-17
    4    1                     -4.85722573E-17 +-  3.64291930E-17
         2                      0.00000000E+00 +-  3.64291930E-17
    5    1                     -2.58641092E-16 +-  7.49938279E-16
         2                      6.22933022E-16 +-  1.16627191E-15
    6    1                     -6.22341209E-16 +-  9.65715261E-16
         2                      1.78251999E-16 +-  4.66114900E-16
    7    1                     -1.40388566E-16 +-  1.44950643E-16
         2                     -1.92059938E-17 +-  2.15828110E-17
    8    1                     -5.55112544E-16 +-  3.33072476E-16
         2                      1.03120175E-21 +-  5.56848026E-21
    9    1                     -6.47085399E-16 +-  1.08420067E-15
         2                     -1.90484157E-17 +-  9.17667216E-16
============================================================================
 Eigenvalues of XX spin correlation fn:
    1    1                      1.83408149E-01 +-  0.00000000E+00
         2                      1.83408149E-01 +-  0.00000000E+00
    2    1                      3.76603161E-01 +-  0.00000000E+00
         2                      3.76603161E-01 +-  0.00000000E+00
    3    1                      3.76603161E-01 +-  0.00000000E+00
         2                      3.76603161E-01 +-  0.00000000E+00
    4    1                      4.81686276E-01 +-  0.00000000E+00
         2                      4.81686276E-01 +-  0.00000000E+00
    5    1                      4.81686276E-01 +-  0.00000000E+00
         2                      4.81686276E-01 +-  0.00000000E+00
    6    1                      4.81686276E-01 +-  0.00000000E+00
         2                      4.81686276E-01 +-  0.00000000E+00
    7    1                      6.14557513E-01 +-  0.00000000E+00
         2                      6.14557513E-01 +-  0.00000000E+00
    8    1                      6.14557513E-01 +-  0.00000000E+00
         2                      6.14557513E-01 +-  0.00000000E+00
    9    1                      7.61975754E-01 +-  0.00000000E+00
         2                      7.61975754E-01 +-  0.00000000E+00
============================================================================
 Eigenvalues of ZZ spin correlation fn:
    1    1                      1.83408149E-01 +-  0.00000000E+00
         2                      1.83408149E-01 +-  0.00000000E+00
    2    1                      3.76603161E-01 +-  0.00000000E+00
         2                      3.76603161E-01 +-  0.00000000E+00
    3    1                      3.76603161E-01 +-  0.00000000E+00
         2                      3.76603161E-01 +-  0.00000000E+00
    4    1                      4.81686276E-01 +-  0.00000000E+00
         2                      4.81686276E-01 +-  0.00000000E+00
    5    1                      4.81686276E-01 +-  0.00000000E+00
         2                      4.81686276E-01 +-  0.00000000E+00
    6    1                      4.81686276E-01 +-  0.00000000E+00
         2                      4.81686276E-01 +-  0.00000000E+00
    7    1                      6.14557513E-01 +-  0.00000000E+00
         2                      6.14557513E-01 +-  0.00000000E+00
    8    1                      6.14557513E-01 +-  0.00000000E+00
         2                      6.14557513E-01 +-  0.00000000E+00
    9    1                      7.61975754E-01 +-  0.00000000E+00
         2                      7.61975754E-01 +-  0.00000000E+00
============================================================================
 Eigenvalues of Average spin correlation fn:
    1    1                      1.83408149E-01 +-  0.00000000E+00
         2                      1.83408149E-01 +-  0.00000000E+00
    2    1                      3.76603161E-01 +-  0.00000000E+00
         2                      3.76603161E-01 +-  0.00000000E+00
    3    1                      3.76603161E-01 +-  0.00000000E+00
         2                      3.76603161E-01 +-  0.00000000E+00
    4    1                      4.81686276E-01 +-  0.00000000E+00
         2                      4.81686276E-01 +-  0.00000000E+00
    5    1                      4.81686276E-01 +-  0.00000000E+00
         2                      4.81686276E-01 +-  0.00000000E+00
    6    1                      4.81686276E-01 +-  0.00000000E+00
         2                      4.81686276E-01 +-  0.00000000E+00
    7    1                      6.14557513E-01 +-  0.00000000E+00
         2                      6.14557513E-01 +-  0.00000000E+00
    8    1                      6.14557513E-01 +-  0.00000000E+00
         2                      6.14557513E-01 +-  0.00000000E+00
    9    1                      7.61975754E-01 +-  0.00000000E+00
         2                      7.61975754E-01 +-  0.00000000E+00
============================================================================
 Eigenvalues of Pairing correlation fn:
    1    1                      2.43662176E-01 +-  0.00000000E+00
         2                      2.43662176E-01 +-  0.00000000E+00
    2    1                      1.95363423E-01 +-  0.00000000E+00
         2                      1.95363423E-01 +-  0.00000000E+00
    3    1                      1.95363423E-01 +-  0.00000000E+00
         2                      1.95363423E-01 +-  8.32667268E-17
    4    1                      1.69092644E-01 +-  1.66533454E-16
         2                      1.69092644E-01 +-  0.00000000E+00
    5    1                      1.69092644E-01 +-  8.32667268E-17
         2                      1.69092644E-01 +-  0.00000000E+00
    6    1                      1.69092644E-01 +-  0.00000000E+00
         2                      1.69092644E-01 +-  0.00000000E+00
    7    1                      1.35874835E-01 +-  1.66533454E-16
         2                      1.35874835E-01 +-  0.00000000E+00
    8    1                      1.35874835E-01 +-  0.00000000E+00
         2                      1.35874835E-01 +-  8.32667268E-17
    9    1                      9.90202743E-02 +-  8.32667268E-17
         2                      9.90202743E-02 +-  0.00000000E+00
============================================================================
 Eigenmodes of Ave Equal t Green's function (Natural orbitals):
                        1                          2
   1    1  (  0.000660 +i  0.000000)  ( -1.000000 +i  0.000000) 
        2  ( -1.000000 +i  0.000000)  ( -0.000660 +i  0.000000) 
   2    1  ( -0.881095 +i  0.000000)  (  0.472940 +i -0.000000) 
        2  ( -0.472940 +i  0.000000)  ( -0.881095 +i  0.000000) 
   3    1  (  0.072582 +i  0.000000)  (  0.997362 +i  0.000000) 
        2  ( -0.997362 +i  0.000000)  (  0.072582 +i  0.000000) 
   4    1  ( -0.974792 +i  0.000000)  (  0.223113 +i  0.000000) 
        2  ( -0.223113 +i  0.000000)  ( -0.974792 +i -0.000000) 
   5    1  ( -0.227236 +i  0.000000)  (  0.973840 +i -0.000000) 
        2  ( -0.973840 +i  0.000000)  ( -0.227236 +i  0.000000) 
   6    1  ( -0.988518 +i  0.000000)  ( -0.151104 +i -0.000000) 
        2  (  0.151104 +i  0.000000)  ( -0.988518 +i -0.000000) 
   7    1  (  1.000000 +i  0.000000)  (  0.000000 +i  0.000000) 
        2  (  0.000000 +i  0.000000)  ( -1.000000 +i -0.000000) 
   8    1  (  0.000000 +i  0.000000)  ( -1.000000 +i  0.000000) 
        2  (  1.000000 +i  0.000000)  (  0.000000 +i  0.000000) 
   9    1  (  0.000000 +i  0.000000)  ( -1.000000 +i  0.000000) 
        2  (  1.000000 +i  0.000000)  (  0.000000 +i  0.000000) 
============================================================================
 Eigenmodes of Up Equal t Green's function (Natural orbitals):
                        1                          2
   1    1  (  0.000660 +i  0.000000)  ( -1.000000 +i  0.000000) 
        2  ( -1.000000 +i  0.000000)  ( -0.000660 +i  0.000000) 
   2    1  ( -0.881095 +i  0.000000)  (  0.472940 +i -0.000000) 
        2  ( -0.472940 +i  0.000000)  ( -0.881095 +i  0.000000) 
   3    1  (  0.072582 +i  0.000000)  (  0.997362 +i  0.000000) 
        2  ( -0.997362 +i  0.000000)  (  0.072582 +i  0.000000) 
   4    1  ( -0.974792 +i  0.000000)  (  0.223113 +i  0.000000) 
        2  ( -0.223113 +i  0.000000)  ( -0.974792 +i -0.000000) 
   5    1  ( -0.227236 +i  0.000000)  (  0.973840 +i -0.000000) 
        2  ( -0.973840 +i  0.000000)  ( -0.227236 +i  0.000000) 
   6    1  ( -0.988518 +i  0.000000)  ( -0.151104 +i -0.000000) 
        2  (  0.151104 +i  0.000000)  ( -0.988518 +i -0.000000) 
   7    1  (  1.000000 +i  0.000000)  (  0.000000 +i  0.000000) 
        2  (  0.000000 +i  0.000000)  ( -1.000000 +i -0.000000) 
   8    1  (  0.000000 +i  0.000000)  ( -1.000000 +i  0.000000) 
        2  (  1.000000 +i  0.000000)  (  0.000000 +i  0.000000) 
   9    1  (  0.000000 +i  0.000000)  ( -1.000000 +i  0.000000) 
        2  (  1.000000 +i  0.000000)  (  0.000000 +i  0.000000) 
============================================================================
 Eigenmodes of Down Equal t Green's function (Natural orbitals):
                        1                          2
   1    1  (  0.000660 +i  0.000000)  ( -1.000000 +i  0.000000) 
        2  ( -1.000000 +i  0.000000)  ( -0.000660 +i  0.000000) 
   2    1  ( -0.881095 +i  0.000000)  (  0.472940 +i -0.000000) 
        2  ( -0.472940 +i  0.000000)  ( -0.881095 +i  0.000000) 
   3    1  (  0.072582 +i  0.000000)  (  0.997362 +i  0.000000) 
        2  ( -0.997362 +i  0.000000)  (  0.072582 +i  0.000000) 
   4    1  ( -0.974792 +i  0.000000)  (  0.223113 +i  0.000000) 
        2  ( -0.223113 +i  0.000000)  ( -0.974792 +i -0.000000) 
   5    1  ( -0.227236 +i  0.000000)  (  0.973840 +i -0.000000) 
        2  ( -0.973840 +i  0.000000)  ( -0.227236 +i  0.000000) 
   6    1  ( -0.988518 +i  0.000000)  ( -0.151104 +i -0.000000) 
        2  (  0.151104 +i  0.000000)  ( -0.988518 +i -0.000000) 
   7    1  (  1.000000 +i  0.000000)  (  0.000000 +i  0.000000) 
        2  (  0.000000 +i  0.000000)  ( -1.000000 +i -0.000000) 
   8    1  (  0.000000 +i  0.000000)  ( -1.000000 +i  0.000000) 
        2  (  1.000000 +i  0.000000)  (  0.000000 +i  0.000000) 
   9    1  (  0.000000 +i  0.000000)  ( -1.000000 +i  0.000000) 
        2  (  1.000000 +i  0.000000)  (  0.000000 +i  0.000000) 
============================================================================
 Eigenmodes of Density-density correlation fn: (up-up)
                        1                          2
   1    1  (  0.707107 +i  0.000000)  ( -0.707107 +i  0.000000) 
        2  ( -0.707107 +i  0.000000)  ( -0.707107 +i  0.000000) 
   2    1  ( -0.045094 +i  0.000000)  (  0.998551 +i  0.029369) 
        2  ( -0.998983 +i  0.000000)  ( -0.045075 +i -0.001326) 
   3    1  ( -0.998382 +i  0.000000)  ( -0.056865 +i  0.000000) 
        2  ( -0.056865 +i  0.000000)  (  0.998382 +i  0.000000) 
   4    1  (  1.000000 +i  0.000000)  (  0.000000 +i  0.000000) 
        2  (  0.000000 +i  0.000000)  (  1.000000 +i  0.000000) 
   5    1  ( -0.114365 +i  0.000000)  (  0.993439 +i  0.000000) 
        2  ( -0.993439 +i  0.000000)  ( -0.114365 +i -0.000000) 
   6    1  ( -0.998818 +i  0.000000)  (  0.048607 +i  0.000000) 
        2  (  0.048607 +i  0.000000)  (  0.998818 +i  0.000000) 
   7    1  (  1.000000 +i  0.000000)  (  0.000000 +i  0.000000) 
        2  (  0.000000 +i  0.000000)  (  1.000000 +i  0.000000) 
   8    1  ( -0.987087 +i  0.000000)  (  0.160182 +i  0.001092) 
        2  ( -0.160186 +i  0.000000)  ( -0.987064 +i -0.006727) 
   9    1  ( -0.122183 +i  0.000000)  (  0.992508 +i -0.000000) 
        2  ( -0.992508 +i  0.000000)  ( -0.122183 +i  0.000000) 
============================================================================
 Eigenmodes of Density-density correlation fn: (up-dn)
                        1                          2
   1    1  ( -0.707107 +i  0.000000)  (  0.707107 +i  0.000000) 
        2  (  0.707107 +i  0.000000)  (  0.707107 +i  0.000000) 
   2    1  ( -0.078405 +i  0.000000)  ( -0.996922 +i  0.000000) 
        2  ( -0.996922 +i  0.000000)  (  0.078405 +i  0.000000) 
   3    1  ( -0.923880 +i  0.000000)  ( -0.382683 +i  0.000000) 
        2  ( -0.382683 +i  0.000000)  (  0.923880 +i  0.000000) 
   4    1  (  0.707107 +i  0.000000)  (  0.707107 +i  0.000000) 
        2  ( -0.707107 +i  0.000000)  (  0.707107 +i  0.000000) 
   5    1  ( -0.329266 +i  0.000000)  (  0.944237 +i  0.000000) 
        2  ( -0.944237 +i  0.000000)  ( -0.329266 +i -0.000000) 
   6    1  ( -0.957092 +i  0.000000)  (  0.289784 +i  0.000000) 
        2  (  0.289784 +i  0.000000)  (  0.957092 +i  0.000000) 
   7    1  (  0.204747 +i  0.000000)  (  0.978815 +i  0.000000) 
        2  ( -0.978815 +i  0.000000)  (  0.204747 +i  0.000000) 
   8    1  ( -0.999999 +i  0.000000)  (  0.000000 +i  0.001363) 
        2  (  0.001363 +i  0.000000)  (  0.000000 +i  0.999999) 
   9    1  ( -0.923880 +i  0.000000)  ( -0.382683 +i  0.000000) 
        2  ( -0.382683 +i  0.000000)  (  0.923880 +i -0.000000) 
============================================================================
 Eigenmodes of XX-Spin correlation fn: 
                        1                          2
   1    1  (  0.000000 +i  0.000000)  (  1.000000 +i  0.000000) 
        2  (  1.000000 +i  0.000000)  (  0.000000 +i  0.000000) 
   2    1  (  0.000000 +i  0.000000)  ( -1.000000 +i -0.000000) 
        2  (  1.000000 +i  0.000000)  (  0.000000 +i  0.000000) 
   3    1  (  1.000000 +i  0.000000)  (  0.000000 +i  0.000000) 
        2  (  0.000000 +i  0.000000)  ( -1.000000 +i -0.000000) 
   4    1  (  1.000000 +i  0.000000)  (  0.000000 +i  0.000000) 
        2  (  0.000000 +i  0.000000)  ( -1.000000 +i -0.000000) 
   5    1  (  0.000000 +i  0.000000)  ( -1.000000 +i  0.000000) 
        2  (  1.000000 +i  0.000000)  (  0.000000 +i  0.000000) 
   6    1  (  1.000000 +i  0.000000)  (  0.000000 +i  0.000000) 
        2  (  0.000000 +i  0.000000)  ( -1.000000 +i -0.000000) 
   7    1  (  0.000000 +i  0.000000)  (  1.000000 +i  0.000000) 
        2  (  1.000000 +i  0.000000)  (  0.000000 +i  0.000000) 
   8    1  (  1.000000 +i  0.000000)  (  0.000000 +i  0.000000) 
        2  (  0.000000 +i  0.000000)  ( -1.000000 +i  0.000000) 
   9    1  (  1.000000 +i  0.000000)  (  0.000000 +i  0.000000) 
        2  (  0.000000 +i  0.000000)  ( -1.000000 +i  0.000000) 
============================================================================
 Eigenmodes of ZZ-Spin correlation fn: 
                        1                          2
   1    1  (  1.000000 +i  0.000000)  (  0.000000 +i  0.000000) 
        2  (  0.000000 +i  0.000000)  (  1.000000 +i  0.000000) 
   2    1  (  0.000000 +i  0.000000)  (  1.000000 +i  0.000000) 
        2  (  1.000000 +i  0.000000)  (  0.000000 +i  0.000000) 
   3    1  (  1.000000 +i  0.000000)  (  0.000000 +i  0.000000) 
        2  (  0.000000 +i  0.000000)  (  1.000000 +i  0.000000) 
   4    1  (  1.000000 +i  0.000000)  (  0.000000 +i  0.000000) 
        2  (  0.000000 +i  0.000000)  (  1.000000 +i  0.000000) 
   5    1  (  0.000000 +i  0.000000)  (  1.000000 +i  0.000000) 
        2  (  1.000000 +i  0.000000)  (  0.000000 +i  0.000000) 
   6    1  (  1.000000 +i  0.000000)  (  0.000000 +i  0.000000) 
        2  (  0.000000 +i  0.000000)  (  1.000000 +i  0.000000) 
   7    1  (  0.000000 +i  0.000000)  (  1.000000 +i  0.000000) 
        2  (  1.000000 +i  0.000000)  (  0.000000 +i  0.000000) 
   8    1  (  1.000000 +i  0.000000)  (  0.000000 +i  0.000000) 
        2  (  0.000000 +i  0.000000)  (  1.000000 +i  0.000000) 
   9    1  (  0.000000 +i  0.000000)  (  1.000000 +i  0.000000) 
        2  (  1.000000 +i  0.000000)  (  0.000000 +i  0.000000) 
============================================================================
 Eigenmodes of Average Spin correlation fn: 
                        1                          2
   1    1  (  1.000000 +i  0.000000)  (  0.000000 +i  0.000000) 
        2  (  0.000000 +i  0.000000)  (  1.000000 +i  0.000000) 
   2    1  (  0.000000 +i  0.000000)  ( -1.000000 +i -0.000000) 
        2  (  1.000000 +i  0.000000)  (  0.000000 +i  0.000000) 
   3    1  (  1.000000 +i  0.000000)  (  0.000000 +i  0.000000) 
        2  (  0.000000 +i  0.000000)  ( -1.000000 +i  0.000000) 
   4    1  (  1.000000 +i  0.000000)  (  0.000000 +i  0.000000) 
        2  (  0.000000 +i  0.000000)  ( -1.000000 +i  0.000000) 
   5    1  (  0.000000 +i  0.000000)  ( -1.000000 +i -0.000000) 
        2  (  1.000000 +i  0.000000)  (  0.000000 +i  0.000000) 
   6    1  (  1.000000 +i  0.000000)  (  0.000000 +i  0.000000) 
        2  (  0.000000 +i  0.000000)  ( -1.000000 +i -0.000000) 
   7    1  (  0.000000 +i  0.000000)  (  1.000000 +i  0.000000) 
        2  (  1.000000 +i  0.000000)  (  0.000000 +i  0.000000) 
   8    1  (  1.000000 +i  0.000000)  (  0.000000 +i  0.000000) 
        2  (  0.000000 +i  0.000000)  ( -1.000000 +i -0.000000) 
   9    1  (  1.000000 +i  0.000000)  (  0.000000 +i  0.000000) 
        2  (  0.000000 +i  0.000000)  ( -1.000000 +i  0.000000) 
============================================================================
 Eigenmodes of Pairing correlation fn: 
                        1                          2
   1    1  (  0.000000 +i  0.000000)  (  1.000000 +i  0.000000) 
        2  (  1.000000 +i  0.000000)  (  0.000000 +i  0.000000) 
   2    1  (  1.000000 +i  0.000000)  (  0.000000 +i  0.000000) 
        2  (  0.000000 +i  0.000000)  ( -1.000000 +i -0.000000) 
   3    1  (  0.000000 +i  0.000000)  ( -1.000000 +i -0.000000) 
        2  (  1.000000 +i  0.000000)  (  0.000000 +i  0.000000) 
   4    1  (  1.000000 +i  0.000000)  (  0.000000 +i  0.000000) 
        2  (  0.000000 +i  0.000000)  ( -1.000000 +i -0.000000) 
   5    1  (  1.000000 +i  0.000000)  (  0.000000 +i  0.000000) 
        2  (  0.000000 +i  0.000000)  ( -1.000000 +i  0.000000) 
   6    1  (  0.000000 +i  0.000000)  ( -1.000000 +i  0.000000) 
        2  (  1.000000 +i  0.000000)  (  0.000000 +i  0.000000) 
   7    1  (  1.000000 +i  0.000000)  (  0.000000 +i  0.000000) 
        2  (  0.000000 +i  0.000000)  (  1.000000 +i  0.000000) 
   8    1  (  0.000000 +i  0.000000)  ( -1.000000 +i  0.000000) 
        2  (  1.000000 +i  0.000000)  (  0.000000 +i  0.000000) 
   9    1  (  1.000000 +i  0.000000)  (  0.000000 +i  0.000000) 
        2  (  0.000000 +i  0.000000)  ( -1.000000 +i  0.000000) 
============================================================================
