 General Geometry - Free Format                                                 
  
                          U :            0.000000    0.000000
                       t_up :        1.000000E+00
                       t_dn :        1.000000E+00
                      mu_up :           -1.000000   -1.000000
                      mu_dn :           -1.000000   -1.000000
             Time slice - L :           20
            Number of sites :           32
                       dtau :        1.000000E-01
                       beta :        2.000000E+00
     Number of warmup sweep :        50000
Number of measurement sweep :       100000
   Frequency of measurement :            1
                Random seed :      1234567
 Frequency of recomputing G :            8
Global move number of sites :            1
               Accept count :     49463987
               Reject count :     46464432
    Approximate accept rate :        5.156343E-01
                      gamma :        9.393386E-01
   Global move accept count :       150000
   Global move reject count :            0
    Global move accept rate :        1.000000E+00
           Type of matrix B : Dense MatB  
         Type of matrix HSF : discrete
 Sign of equal time measurements:
                                avg sign :   1.00000000E+00 +-  0.00000000E+00
                             avg up sign :   1.00000000E+00 +-  0.00000000E+00
                             avg dn sign :   1.00000000E+00 +-  0.00000000E+00
============================================================================
 Electronic properties:
                         spin up density :   3.27866819E-01 +-  0.00000000E+00
                       spin down density :   3.27866819E-01 +-  0.00000000E+00
                           total density :   6.55733639E-01 +-  0.00000000E+00
                        double occupancy :   1.07496651E-01 +-  0.00000000E+00
                kinetic (hopping) energy :  -1.37706544E+00 +-  0.00000000E+00
            potential (U*Nup*Ndn) energy :   0.00000000E+00 +-  0.00000000E+00
   PH-symm total energy (inc. chem potl) :  -7.21331805E-01 +-  0.00000000E+00
                             chi_thermal :   8.27884696E+00 +-  6.74080026E-14
                           specific heat :  -1.92694011E+01 +-  0.00000000E+00
                       (magnetization)^2 :   1.10185084E-01 +-  0.00000000E+00
               XX ferro structure factor :   1.32789225E-01 +-  0.00000000E+00
               ZZ ferro structure factor :   1.32789225E-01 +-  0.00000000E+00
============================================================================
 Mean Equal time Green's function:
    0    0    0.0000    0.0000    0.0000   016   6.72133181E-01 +-  0.00000000E+00
    0    1    0.0000    0.0000    1.0000   032   1.14111718E-16 +-  0.00000000E+00
    0    0    1.0000    0.0000    0.0000   032  -1.72133181E-01 +-  0.00000000E+00
    0    1    1.0000    0.0000    1.0000   064   5.36075040E-17 +-  0.00000000E+00
    0    0    2.0000    0.0000    0.0000   016  -4.74479332E-02 +-  0.00000000E+00
    0    1    2.0000    0.0000    1.0000   032   7.22751896E-17 +-  0.00000000E+00
    0    0    0.0000    1.0000    0.0000   032  -1.72133181E-01 +-  0.00000000E+00
    0    1    0.0000    1.0000    1.0000   064  -2.11415059E-17 +-  0.00000000E+00
    0    0    1.0000    1.0000    0.0000   064  -4.74479332E-02 +-  0.00000000E+00
    0    1    1.0000    1.0000    1.0000   128  -6.39661590E-17 +-  0.00000000E+00
    0    0    2.0000    1.0000    0.0000   032   4.74479332E-02 +-  0.00000000E+00
    0    1    2.0000    1.0000    1.0000   064  -3.20938487E-17 +-  0.00000000E+00
    0    0    0.0000    2.0000    0.0000   016  -4.74479332E-02 +-  0.00000000E+00
    0    1    0.0000    2.0000    1.0000   032   2.52568813E-17 +-  0.00000000E+00
    0    0    1.0000    2.0000    0.0000   032   4.74479332E-02 +-  0.00000000E+00
    0    1    1.0000    2.0000    1.0000   064  -2.21171045E-19 +-  0.00000000E+00
    0    0    2.0000    2.0000    0.0000   016   1.13768031E-01 +-  0.00000000E+00
    0    1    2.0000    2.0000    1.0000   032   4.46035624E-17 +-  0.00000000E+00
    1    1    0.0000    0.0000    0.0000   016   6.72133181E-01 +-  0.00000000E+00
    1    1    1.0000    0.0000    0.0000   032  -1.72133181E-01 +-  0.00000000E+00
    1    1    2.0000    0.0000    0.0000   016  -4.74479332E-02 +-  0.00000000E+00
    1    1    0.0000    1.0000    0.0000   032  -1.72133181E-01 +-  0.00000000E+00
    1    1    1.0000    1.0000    0.0000   064  -4.74479332E-02 +-  0.00000000E+00
    1    1    2.0000    1.0000    0.0000   032   4.74479332E-02 +-  0.00000000E+00
    1    1    0.0000    2.0000    0.0000   016  -4.74479332E-02 +-  0.00000000E+00
    1    1    1.0000    2.0000    0.0000   032   4.74479332E-02 +-  0.00000000E+00
    1    1    2.0000    2.0000    0.0000   016   1.13768031E-01 +-  0.00000000E+00
============================================================================
 Up Equal time Green's function:
    0    0    0.0000    0.0000    0.0000   016   6.72133181E-01 +-  0.00000000E+00
    0    1    0.0000    0.0000    1.0000   032   1.14111718E-16 +-  0.00000000E+00
    0    0    1.0000    0.0000    0.0000   032  -1.72133181E-01 +-  0.00000000E+00
    0    1    1.0000    0.0000    1.0000   064   5.36075040E-17 +-  0.00000000E+00
    0    0    2.0000    0.0000    0.0000   016  -4.74479332E-02 +-  0.00000000E+00
    0    1    2.0000    0.0000    1.0000   032   7.22751896E-17 +-  0.00000000E+00
    0    0    0.0000    1.0000    0.0000   032  -1.72133181E-01 +-  0.00000000E+00
    0    1    0.0000    1.0000    1.0000   064  -2.11415059E-17 +-  0.00000000E+00
    0    0    1.0000    1.0000    0.0000   064  -4.74479332E-02 +-  0.00000000E+00
    0    1    1.0000    1.0000    1.0000   128  -6.39661590E-17 +-  0.00000000E+00
    0    0    2.0000    1.0000    0.0000   032   4.74479332E-02 +-  0.00000000E+00
    0    1    2.0000    1.0000    1.0000   064  -3.20938487E-17 +-  0.00000000E+00
    0    0    0.0000    2.0000    0.0000   016  -4.74479332E-02 +-  0.00000000E+00
    0    1    0.0000    2.0000    1.0000   032   2.52568813E-17 +-  0.00000000E+00
    0    0    1.0000    2.0000    0.0000   032   4.74479332E-02 +-  0.00000000E+00
    0    1    1.0000    2.0000    1.0000   064  -2.21171045E-19 +-  0.00000000E+00
    0    0    2.0000    2.0000    0.0000   016   1.13768031E-01 +-  0.00000000E+00
    0    1    2.0000    2.0000    1.0000   032   4.46035624E-17 +-  0.00000000E+00
    1    1    0.0000    0.0000    0.0000   016   6.72133181E-01 +-  0.00000000E+00
    1    1    1.0000    0.0000    0.0000   032  -1.72133181E-01 +-  0.00000000E+00
    1    1    2.0000    0.0000    0.0000   016  -4.74479332E-02 +-  0.00000000E+00
    1    1    0.0000    1.0000    0.0000   032  -1.72133181E-01 +-  0.00000000E+00
    1    1    1.0000    1.0000    0.0000   064  -4.74479332E-02 +-  0.00000000E+00
    1    1    2.0000    1.0000    0.0000   032   4.74479332E-02 +-  0.00000000E+00
    1    1    0.0000    2.0000    0.0000   016  -4.74479332E-02 +-  0.00000000E+00
    1    1    1.0000    2.0000    0.0000   032   4.74479332E-02 +-  0.00000000E+00
    1    1    2.0000    2.0000    0.0000   016   1.13768031E-01 +-  0.00000000E+00
============================================================================
 Down Equal time Green's function:
    0    0    0.0000    0.0000    0.0000   016   6.72133181E-01 +-  0.00000000E+00
    0    1    0.0000    0.0000    1.0000   032   1.14111718E-16 +-  0.00000000E+00
    0    0    1.0000    0.0000    0.0000   032  -1.72133181E-01 +-  0.00000000E+00
    0    1    1.0000    0.0000    1.0000   064   5.36075040E-17 +-  0.00000000E+00
    0    0    2.0000    0.0000    0.0000   016  -4.74479332E-02 +-  0.00000000E+00
    0    1    2.0000    0.0000    1.0000   032   7.22751896E-17 +-  0.00000000E+00
    0    0    0.0000    1.0000    0.0000   032  -1.72133181E-01 +-  0.00000000E+00
    0    1    0.0000    1.0000    1.0000   064  -2.11415059E-17 +-  0.00000000E+00
    0    0    1.0000    1.0000    0.0000   064  -4.74479332E-02 +-  0.00000000E+00
    0    1    1.0000    1.0000    1.0000   128  -6.39661590E-17 +-  0.00000000E+00
    0    0    2.0000    1.0000    0.0000   032   4.74479332E-02 +-  0.00000000E+00
    0    1    2.0000    1.0000    1.0000   064  -3.20938487E-17 +-  0.00000000E+00
    0    0    0.0000    2.0000    0.0000   016  -4.74479332E-02 +-  0.00000000E+00
    0    1    0.0000    2.0000    1.0000   032   2.52568813E-17 +-  0.00000000E+00
    0    0    1.0000    2.0000    0.0000   032   4.74479332E-02 +-  0.00000000E+00
    0    1    1.0000    2.0000    1.0000   064  -2.21171045E-19 +-  0.00000000E+00
    0    0    2.0000    2.0000    0.0000   016   1.13768031E-01 +-  0.00000000E+00
    0    1    2.0000    2.0000    1.0000   032   4.46035624E-17 +-  0.00000000E+00
    1    1    0.0000    0.0000    0.0000   016   6.72133181E-01 +-  0.00000000E+00
    1    1    1.0000    0.0000    0.0000   032  -1.72133181E-01 +-  0.00000000E+00
    1    1    2.0000    0.0000    0.0000   016  -4.74479332E-02 +-  0.00000000E+00
    1    1    0.0000    1.0000    0.0000   032  -1.72133181E-01 +-  0.00000000E+00
    1    1    1.0000    1.0000    0.0000   064  -4.74479332E-02 +-  0.00000000E+00
    1    1    2.0000    1.0000    0.0000   032   4.74479332E-02 +-  0.00000000E+00
    1    1    0.0000    2.0000    0.0000   016  -4.74479332E-02 +-  0.00000000E+00
    1    1    1.0000    2.0000    0.0000   032   4.74479332E-02 +-  0.00000000E+00
    1    1    2.0000    2.0000    0.0000   016   1.13768031E-01 +-  0.00000000E+00
============================================================================
 Density-density correlation fn: (up-up)
    0    0    0.0000    0.0000    0.0000   016   3.27866819E-01 +-  0.00000000E+00
    0    1    0.0000    0.0000    1.0000   032   1.07496651E-01 +-  0.00000000E+00
    0    0    1.0000    0.0000    0.0000   032   7.78668195E-02 +-  0.00000000E+00
    0    1    1.0000    0.0000    1.0000   064   1.07496651E-01 +-  0.00000000E+00
    0    0    2.0000    0.0000    0.0000   016   1.05245345E-01 +-  0.00000000E+00
    0    1    2.0000    0.0000    1.0000   032   1.07496651E-01 +-  0.00000000E+00
    0    0    0.0000    1.0000    0.0000   032   7.78668195E-02 +-  0.00000000E+00
    0    1    0.0000    1.0000    1.0000   064   1.07496651E-01 +-  0.00000000E+00
    0    0    1.0000    1.0000    0.0000   064   1.05245345E-01 +-  0.00000000E+00
    0    1    1.0000    1.0000    1.0000   128   1.07496651E-01 +-  0.00000000E+00
    0    0    2.0000    1.0000    0.0000   032   1.05245345E-01 +-  0.00000000E+00
    0    1    2.0000    1.0000    1.0000   064   1.07496651E-01 +-  0.00000000E+00
    0    0    0.0000    2.0000    0.0000   016   1.05245345E-01 +-  0.00000000E+00
    0    1    0.0000    2.0000    1.0000   032   1.07496651E-01 +-  0.00000000E+00
    0    0    1.0000    2.0000    0.0000   032   1.05245345E-01 +-  0.00000000E+00
    0    1    1.0000    2.0000    1.0000   064   1.07496651E-01 +-  0.00000000E+00
    0    0    2.0000    2.0000    0.0000   016   9.45534864E-02 +-  0.00000000E+00
    0    1    2.0000    2.0000    1.0000   032   1.07496651E-01 +-  0.00000000E+00
    1    1    0.0000    0.0000    0.0000   016   3.27866819E-01 +-  0.00000000E+00
    1    1    1.0000    0.0000    0.0000   032   7.78668195E-02 +-  0.00000000E+00
    1    1    2.0000    0.0000    0.0000   016   1.05245345E-01 +-  0.00000000E+00
    1    1    0.0000    1.0000    0.0000   032   7.78668195E-02 +-  0.00000000E+00
    1    1    1.0000    1.0000    0.0000   064   1.05245345E-01 +-  0.00000000E+00
    1    1    2.0000    1.0000    0.0000   032   1.05245345E-01 +-  0.00000000E+00
    1    1    0.0000    2.0000    0.0000   016   1.05245345E-01 +-  0.00000000E+00
    1    1    1.0000    2.0000    0.0000   032   1.05245345E-01 +-  0.00000000E+00
    1    1    2.0000    2.0000    0.0000   016   9.45534864E-02 +-  0.00000000E+00
============================================================================
 Density-density correlation fn: (up-dn)
    0    0    0.0000    0.0000    0.0000   016   1.07496651E-01 +-  0.00000000E+00
    0    1    0.0000    0.0000    1.0000   032   1.07496651E-01 +-  0.00000000E+00
    0    0    1.0000    0.0000    0.0000   032   1.07496651E-01 +-  0.00000000E+00
    0    1    1.0000    0.0000    1.0000   064   1.07496651E-01 +-  0.00000000E+00
    0    0    2.0000    0.0000    0.0000   016   1.07496651E-01 +-  0.00000000E+00
    0    1    2.0000    0.0000    1.0000   032   1.07496651E-01 +-  0.00000000E+00
    0    0    0.0000    1.0000    0.0000   032   1.07496651E-01 +-  0.00000000E+00
    0    1    0.0000    1.0000    1.0000   064   1.07496651E-01 +-  0.00000000E+00
    0    0    1.0000    1.0000    0.0000   064   1.07496651E-01 +-  0.00000000E+00
    0    1    1.0000    1.0000    1.0000   128   1.07496651E-01 +-  0.00000000E+00
    0    0    2.0000    1.0000    0.0000   032   1.07496651E-01 +-  0.00000000E+00
    0    1    2.0000    1.0000    1.0000   064   1.07496651E-01 +-  0.00000000E+00
    0    0    0.0000    2.0000    0.0000   016   1.07496651E-01 +-  0.00000000E+00
    0    1    0.0000    2.0000    1.0000   032   1.07496651E-01 +-  0.00000000E+00
    0    0    1.0000    2.0000    0.0000   032   1.07496651E-01 +-  0.00000000E+00
    0    1    1.0000    2.0000    1.0000   064   1.07496651E-01 +-  0.00000000E+00
    0    0    2.0000    2.0000    0.0000   016   1.07496651E-01 +-  0.00000000E+00
    0    1    2.0000    2.0000    1.0000   032   1.07496651E-01 +-  0.00000000E+00
    1    1    0.0000    0.0000    0.0000   016   1.07496651E-01 +-  0.00000000E+00
    1    1    1.0000    0.0000    0.0000   032   1.07496651E-01 +-  0.00000000E+00
    1    1    2.0000    0.0000    0.0000   016   1.07496651E-01 +-  0.00000000E+00
    1    1    0.0000    1.0000    0.0000   032   1.07496651E-01 +-  0.00000000E+00
    1    1    1.0000    1.0000    0.0000   064   1.07496651E-01 +-  0.00000000E+00
    1    1    2.0000    1.0000    0.0000   032   1.07496651E-01 +-  0.00000000E+00
    1    1    0.0000    2.0000    0.0000   016   1.07496651E-01 +-  0.00000000E+00
    1    1    1.0000    2.0000    0.0000   032   1.07496651E-01 +-  0.00000000E+00
    1    1    2.0000    2.0000    0.0000   016   1.07496651E-01 +-  0.00000000E+00
============================================================================
 XX Spin correlation function:
    0    0    0.0000    0.0000    0.0000   016   4.40740336E-01 +-  0.00000000E+00
    0    1    0.0000    0.0000    1.0000   032  -1.51785995E-31 +-  0.00000000E+00
    0    0    1.0000    0.0000    0.0000   032  -5.92596637E-02 +-  0.00000000E+00
    0    1    1.0000    0.0000    1.0000   064  -2.78399647E-31 +-  0.00000000E+00
    0    0    2.0000    0.0000    0.0000   016  -4.50261272E-03 +-  0.00000000E+00
    0    1    2.0000    0.0000    1.0000   032  -1.23472605E-31 +-  0.00000000E+00
    0    0    0.0000    1.0000    0.0000   032  -5.92596637E-02 +-  0.00000000E+00
    0    1    0.0000    1.0000    1.0000   064  -2.49753243E-31 +-  0.00000000E+00
    0    0    1.0000    1.0000    0.0000   064  -4.50261272E-03 +-  0.00000000E+00
    0    1    1.0000    1.0000    1.0000   128  -1.87358946E-31 +-  0.00000000E+00
    0    0    2.0000    1.0000    0.0000   032  -4.50261272E-03 +-  0.00000000E+00
    0    1    2.0000    1.0000    1.0000   064  -1.09594260E-31 +-  0.00000000E+00
    0    0    0.0000    2.0000    0.0000   016  -4.50261272E-03 +-  0.00000000E+00
    0    1    0.0000    2.0000    1.0000   032  -1.44321877E-31 +-  0.00000000E+00
    0    0    1.0000    2.0000    0.0000   032  -4.50261272E-03 +-  0.00000000E+00
    0    1    1.0000    2.0000    1.0000   064  -1.02901759E-31 +-  0.00000000E+00
    0    0    2.0000    2.0000    0.0000   016  -2.58863298E-02 +-  0.00000000E+00
    0    1    2.0000    2.0000    1.0000   032  -2.74104835E-31 +-  0.00000000E+00
    1    1    0.0000    0.0000    0.0000   016   4.40740336E-01 +-  0.00000000E+00
    1    1    1.0000    0.0000    0.0000   032  -5.92596637E-02 +-  0.00000000E+00
    1    1    2.0000    0.0000    0.0000   016  -4.50261272E-03 +-  0.00000000E+00
    1    1    0.0000    1.0000    0.0000   032  -5.92596637E-02 +-  0.00000000E+00
    1    1    1.0000    1.0000    0.0000   064  -4.50261272E-03 +-  0.00000000E+00
    1    1    2.0000    1.0000    0.0000   032  -4.50261272E-03 +-  0.00000000E+00
    1    1    0.0000    2.0000    0.0000   016  -4.50261272E-03 +-  0.00000000E+00
    1    1    1.0000    2.0000    0.0000   032  -4.50261272E-03 +-  0.00000000E+00
    1    1    2.0000    2.0000    0.0000   016  -2.58863298E-02 +-  0.00000000E+00
============================================================================
 ZZ Spin correlation function:
    0    0    0.0000    0.0000    0.0000   016   4.40740336E-01 +-  0.00000000E+00
    0    1    0.0000    0.0000    1.0000   032   0.00000000E+00 +-  0.00000000E+00
    0    0    1.0000    0.0000    0.0000   032  -5.92596637E-02 +-  0.00000000E+00
    0    1    1.0000    0.0000    1.0000   064   0.00000000E+00 +-  0.00000000E+00
    0    0    2.0000    0.0000    0.0000   016  -4.50261272E-03 +-  0.00000000E+00
    0    1    2.0000    0.0000    1.0000   032   0.00000000E+00 +-  0.00000000E+00
    0    0    0.0000    1.0000    0.0000   032  -5.92596637E-02 +-  0.00000000E+00
    0    1    0.0000    1.0000    1.0000   064   0.00000000E+00 +-  0.00000000E+00
    0    0    1.0000    1.0000    0.0000   064  -4.50261272E-03 +-  0.00000000E+00
    0    1    1.0000    1.0000    1.0000   128   0.00000000E+00 +-  0.00000000E+00
    0    0    2.0000    1.0000    0.0000   032  -4.50261272E-03 +-  0.00000000E+00
    0    1    2.0000    1.0000    1.0000   064   0.00000000E+00 +-  0.00000000E+00
    0    0    0.0000    2.0000    0.0000   016  -4.50261272E-03 +-  0.00000000E+00
    0    1    0.0000    2.0000    1.0000   032   0.00000000E+00 +-  0.00000000E+00
    0    0    1.0000    2.0000    0.0000   032  -4.50261272E-03 +-  0.00000000E+00
    0    1    1.0000    2.0000    1.0000   064   0.00000000E+00 +-  0.00000000E+00
    0    0    2.0000    2.0000    0.0000   016  -2.58863298E-02 +-  0.00000000E+00
    0    1    2.0000    2.0000    1.0000   032   0.00000000E+00 +-  0.00000000E+00
    1    1    0.0000    0.0000    0.0000   016   4.40740336E-01 +-  0.00000000E+00
    1    1    1.0000    0.0000    0.0000   032  -5.92596637E-02 +-  0.00000000E+00
    1    1    2.0000    0.0000    0.0000   016  -4.50261272E-03 +-  0.00000000E+00
    1    1    0.0000    1.0000    0.0000   032  -5.92596637E-02 +-  0.00000000E+00
    1    1    1.0000    1.0000    0.0000   064  -4.50261272E-03 +-  0.00000000E+00
    1    1    2.0000    1.0000    0.0000   032  -4.50261272E-03 +-  0.00000000E+00
    1    1    0.0000    2.0000    0.0000   016  -4.50261272E-03 +-  0.00000000E+00
    1    1    1.0000    2.0000    0.0000   032  -4.50261272E-03 +-  0.00000000E+00
    1    1    2.0000    2.0000    0.0000   016  -2.58863298E-02 +-  0.00000000E+00
============================================================================
 Average Spin correlation function:
    0    0    0.0000    0.0000    0.0000   016   4.40740336E-01 +-  0.00000000E+00
    0    1    0.0000    0.0000    1.0000   032  -1.01190664E-31 +-  0.00000000E+00
    0    0    1.0000    0.0000    0.0000   032  -5.92596637E-02 +-  0.00000000E+00
    0    1    1.0000    0.0000    1.0000   064  -1.85599765E-31 +-  0.00000000E+00
    0    0    2.0000    0.0000    0.0000   016  -4.50261272E-03 +-  0.00000000E+00
    0    1    2.0000    0.0000    1.0000   032  -8.23150700E-32 +-  0.00000000E+00
    0    0    0.0000    1.0000    0.0000   032  -5.92596637E-02 +-  0.00000000E+00
    0    1    0.0000    1.0000    1.0000   064  -1.66502162E-31 +-  0.00000000E+00
    0    0    1.0000    1.0000    0.0000   064  -4.50261272E-03 +-  0.00000000E+00
    0    1    1.0000    1.0000    1.0000   128  -1.24905964E-31 +-  0.00000000E+00
    0    0    2.0000    1.0000    0.0000   032  -4.50261272E-03 +-  0.00000000E+00
    0    1    2.0000    1.0000    1.0000   064  -7.30628400E-32 +-  0.00000000E+00
    0    0    0.0000    2.0000    0.0000   016  -4.50261272E-03 +-  0.00000000E+00
    0    1    0.0000    2.0000    1.0000   032  -9.62145846E-32 +-  0.00000000E+00
    0    0    1.0000    2.0000    0.0000   032  -4.50261272E-03 +-  0.00000000E+00
    0    1    1.0000    2.0000    1.0000   064  -6.86011724E-32 +-  0.00000000E+00
    0    0    2.0000    2.0000    0.0000   016  -2.58863298E-02 +-  0.00000000E+00
    0    1    2.0000    2.0000    1.0000   032  -1.82736556E-31 +-  0.00000000E+00
    1    1    0.0000    0.0000    0.0000   016   4.40740336E-01 +-  0.00000000E+00
    1    1    1.0000    0.0000    0.0000   032  -5.92596637E-02 +-  0.00000000E+00
    1    1    2.0000    0.0000    0.0000   016  -4.50261272E-03 +-  0.00000000E+00
    1    1    0.0000    1.0000    0.0000   032  -5.92596637E-02 +-  0.00000000E+00
    1    1    1.0000    1.0000    0.0000   064  -4.50261272E-03 +-  0.00000000E+00
    1    1    2.0000    1.0000    0.0000   032  -4.50261272E-03 +-  0.00000000E+00
    1    1    0.0000    2.0000    0.0000   016  -4.50261272E-03 +-  0.00000000E+00
    1    1    1.0000    2.0000    0.0000   032  -4.50261272E-03 +-  0.00000000E+00
    1    1    2.0000    2.0000    0.0000   016  -2.58863298E-02 +-  0.00000000E+00
============================================================================
 S-wave pairing correlation function:
    0    0    0.0000    0.0000    0.0000   016   2.25881506E-01 +-  0.00000000E+00
    0    1    0.0000    0.0000    1.0000   032   3.87060985E-32 +-  0.00000000E+00
    0    0    1.0000    0.0000    0.0000   032   1.48149159E-02 +-  0.00000000E+00
    0    1    1.0000    0.0000    1.0000   064   7.01443203E-32 +-  0.00000000E+00
    0    0    2.0000    0.0000    0.0000   016   1.12565318E-03 +-  0.00000000E+00
    0    1    2.0000    0.0000    1.0000   032   3.14033175E-32 +-  0.00000000E+00
    0    0    0.0000    1.0000    0.0000   032   1.48149159E-02 +-  0.00000000E+00
    0    1    0.0000    1.0000    1.0000   064   6.27480096E-32 +-  0.00000000E+00
    0    0    1.0000    1.0000    0.0000   064   1.12565318E-03 +-  0.00000000E+00
    0    1    1.0000    1.0000    1.0000   128   4.72356360E-32 +-  0.00000000E+00
    0    0    2.0000    1.0000    0.0000   032   1.12565318E-03 +-  0.00000000E+00
    0    1    2.0000    1.0000    1.0000   064   2.77890286E-32 +-  0.00000000E+00
    0    0    0.0000    2.0000    0.0000   016   1.12565318E-03 +-  0.00000000E+00
    0    1    0.0000    2.0000    1.0000   032   3.64806268E-32 +-  0.00000000E+00
    0    0    1.0000    2.0000    0.0000   032   1.12565318E-03 +-  0.00000000E+00
    0    1    1.0000    2.0000    1.0000   064   2.62132231E-32 +-  0.00000000E+00
    0    0    2.0000    2.0000    0.0000   016   6.47158245E-03 +-  0.00000000E+00
    0    1    2.0000    2.0000    1.0000   032   6.90463994E-32 +-  0.00000000E+00
    1    1    0.0000    0.0000    0.0000   016   2.25881506E-01 +-  0.00000000E+00
    1    1    1.0000    0.0000    0.0000   032   1.48149159E-02 +-  0.00000000E+00
    1    1    2.0000    0.0000    0.0000   016   1.12565318E-03 +-  0.00000000E+00
    1    1    0.0000    1.0000    0.0000   032   1.48149159E-02 +-  0.00000000E+00
    1    1    1.0000    1.0000    0.0000   064   1.12565318E-03 +-  0.00000000E+00
    1    1    2.0000    1.0000    0.0000   032   1.12565318E-03 +-  0.00000000E+00
    1    1    0.0000    2.0000    0.0000   016   1.12565318E-03 +-  0.00000000E+00
    1    1    1.0000    2.0000    0.0000   032   1.12565318E-03 +-  0.00000000E+00
    1    1    2.0000    2.0000    0.0000   016   6.47158245E-03 +-  0.00000000E+00
============================================================================
 Grid for Green's function
  K-points
  Class
    1         0.00000   0.00000
 
    2         0.00000  -1.57080
              0.00000   1.57080
 
    3        -1.57080   0.00000
              1.57080   0.00000
 
    4        -1.57080  -1.57080
              1.57080  -1.57080
             -1.57080   1.57080
              1.57080   1.57080
 
    5         0.00000  -3.14159
 
    6        -3.14159   0.00000
 
    7        -1.57080  -3.14159
              1.57080  -3.14159
 
    8        -3.14159  -1.57080
             -3.14159   1.57080
 
    9        -3.14159  -3.14159
 
============================================================================
 Grid for spin/charge correlations
  K-points
  Class
    1         0.00000   0.00000
 
    2         0.00000  -1.57080
              0.00000   1.57080
 
    3        -1.57080   0.00000
              1.57080   0.00000
 
    4        -1.57080  -1.57080
              1.57080  -1.57080
             -1.57080   1.57080
              1.57080   1.57080
 
    5         0.00000  -3.14159
 
    6        -3.14159   0.00000
 
    7        -1.57080  -3.14159
              1.57080  -3.14159
 
    8        -3.14159  -1.57080
             -3.14159   1.57080
 
    9        -3.14159  -3.14159
 
============================================================================
 FT of Ave Equal t Green's function:
    1    0    0                 2.47262316E-03 +-  4.16333634E-17
         1    0                 6.84671878E-19 +-  3.00445071E-32
         1    1                 2.47262316E-03 +-  2.70616862E-16
    2    0    0                 1.19202922E-01 +-  0.00000000E+00
         1    0                 2.24183814E-16 +-  0.00000000E+00
         1    1                 1.19202922E-01 +-  4.16333634E-16
    3    0    0                 1.19202922E-01 +-  0.00000000E+00
         1    0                 4.43945331E-17 +-  0.00000000E+00
         1    1                 1.19202922E-01 +-  4.99600361E-16
    4    0    0                 8.80797078E-01 +-  0.00000000E+00
         1    0                 6.11832095E-17 +-  0.00000000E+00
         1    1                 8.80797078E-01 +-  3.33066907E-16
    5    0    0                 8.80797078E-01 +-  0.00000000E+00
         1    0                 7.25355363E-16 +-  0.00000000E+00
         1    1                 8.80797078E-01 +-  0.00000000E+00
    6    0    0                 8.80797078E-01 +-  0.00000000E+00
         1    0                 2.98868612E-16 +-  0.00000000E+00
         1    1                 8.80797078E-01 +-  3.33066907E-16
    7    0    0                 9.97527377E-01 +-  0.00000000E+00
         1    0                 5.85161675E-19 +-  4.16000868E-32
         1    1                 9.97527377E-01 +-  6.66133815E-16
    8    0    0                 9.97527377E-01 +-  0.00000000E+00
         1    0                 8.86911369E-18 +-  5.08445505E-32
         1    1                 9.97527377E-01 +-  3.33066907E-16
    9    0    0                 9.99954602E-01 +-  0.00000000E+00
         1    0                 8.07583799E-20 +-  2.77333912E-32
         1    1                 9.99954602E-01 +-  3.33066907E-16
============================================================================
 FT of Up Equal t Green's function:
    1    0    0                 2.47262316E-03 +-  4.16333634E-17
         1    0                 6.84671878E-19 +-  3.00445071E-32
         1    1                 2.47262316E-03 +-  2.70616862E-16
    2    0    0                 1.19202922E-01 +-  0.00000000E+00
         1    0                 2.24183814E-16 +-  0.00000000E+00
         1    1                 1.19202922E-01 +-  4.16333634E-16
    3    0    0                 1.19202922E-01 +-  0.00000000E+00
         1    0                 4.43945331E-17 +-  0.00000000E+00
         1    1                 1.19202922E-01 +-  4.99600361E-16
    4    0    0                 8.80797078E-01 +-  0.00000000E+00
         1    0                 6.11832095E-17 +-  0.00000000E+00
         1    1                 8.80797078E-01 +-  3.33066907E-16
    5    0    0                 8.80797078E-01 +-  0.00000000E+00
         1    0                 7.25355363E-16 +-  0.00000000E+00
         1    1                 8.80797078E-01 +-  0.00000000E+00
    6    0    0                 8.80797078E-01 +-  0.00000000E+00
         1    0                 2.98868612E-16 +-  0.00000000E+00
         1    1                 8.80797078E-01 +-  3.33066907E-16
    7    0    0                 9.97527377E-01 +-  0.00000000E+00
         1    0                 5.85161675E-19 +-  4.16000868E-32
         1    1                 9.97527377E-01 +-  6.66133815E-16
    8    0    0                 9.97527377E-01 +-  0.00000000E+00
         1    0                 8.86911369E-18 +-  5.08445505E-32
         1    1                 9.97527377E-01 +-  3.33066907E-16
    9    0    0                 9.99954602E-01 +-  0.00000000E+00
         1    0                 8.07583799E-20 +-  2.77333912E-32
         1    1                 9.99954602E-01 +-  3.33066907E-16
============================================================================
 FT of Dn Equal t Green's function:
    1    0    0                 2.47262316E-03 +-  4.16333634E-17
         1    0                 6.84671878E-19 +-  3.00445071E-32
         1    1                 2.47262316E-03 +-  2.70616862E-16
    2    0    0                 1.19202922E-01 +-  0.00000000E+00
         1    0                 2.24183814E-16 +-  0.00000000E+00
         1    1                 1.19202922E-01 +-  4.16333634E-16
    3    0    0                 1.19202922E-01 +-  0.00000000E+00
         1    0                 4.43945331E-17 +-  0.00000000E+00
         1    1                 1.19202922E-01 +-  4.99600361E-16
    4    0    0                 8.80797078E-01 +-  0.00000000E+00
         1    0                 6.11832095E-17 +-  0.00000000E+00
         1    1                 8.80797078E-01 +-  3.33066907E-16
    5    0    0                 8.80797078E-01 +-  0.00000000E+00
         1    0                 7.25355363E-16 +-  0.00000000E+00
         1    1                 8.80797078E-01 +-  0.00000000E+00
    6    0    0                 8.80797078E-01 +-  0.00000000E+00
         1    0                 2.98868612E-16 +-  0.00000000E+00
         1    1                 8.80797078E-01 +-  3.33066907E-16
    7    0    0                 9.97527377E-01 +-  0.00000000E+00
         1    0                 5.85161675E-19 +-  4.16000868E-32
         1    1                 9.97527377E-01 +-  6.66133815E-16
    8    0    0                 9.97527377E-01 +-  0.00000000E+00
         1    0                 8.86911369E-18 +-  5.08445505E-32
         1    1                 9.97527377E-01 +-  3.33066907E-16
    9    0    0                 9.99954602E-01 +-  0.00000000E+00
         1    0                 8.07583799E-20 +-  2.77333912E-32
         1    1                 9.99954602E-01 +-  3.33066907E-16
============================================================================
 FT of Density-density correlation fn: (up-up)
    1    0    0                 1.78634103E+00 +-  0.00000000E+00
         1    0                 1.71994642E+00 +-  0.00000000E+00
         1    1                 1.78634103E+00 +-  0.00000000E+00
    2    0    0                 1.78556282E-01 +-  0.00000000E+00
         1    0                -4.16333634E-17 +-  0.00000000E+00
         1    1                 1.78556282E-01 +-  2.49800181E-16
    3    0    0                 1.78556282E-01 +-  8.32667268E-17
         1    0                -2.77555756E-17 +-  0.00000000E+00
         1    1                 1.78556282E-01 +-  1.66533454E-16
    4    0    0                 2.11929616E-01 +-  8.32667268E-17
         1    0                -1.21430643E-17 +-  0.00000000E+00
         1    1                 2.11929616E-01 +-  2.49800181E-16
    5    0    0                 2.11929616E-01 +-  2.49800181E-16
         1    0                 6.69603262E-16 +-  1.04083409E-17
         1    1                 2.11929616E-01 +-  1.66533454E-16
    6    0    0                 2.11929616E-01 +-  8.32667268E-17
         1    0                 7.21644966E-16 +-  1.66533454E-16
         1    1                 2.11929616E-01 +-  2.49800181E-16
    7    0    0                 2.88070384E-01 +-  1.66533454E-16
         1    0                -1.21430643E-17 +-  0.00000000E+00
         1    1                 2.88070384E-01 +-  1.66533454E-16
    8    0    0                 2.88070384E-01 +-  1.66533454E-16
         1    0                 0.00000000E+00 +-  0.00000000E+00
         1    1                 2.88070384E-01 +-  3.33066907E-16
    9    0    0                 3.21443718E-01 +-  0.00000000E+00
         1    0                -7.21644966E-16 +-  1.66533454E-16
         1    1                 3.21443718E-01 +-  1.66533454E-16
============================================================================
 FT of Density-density correlation fn: (up-dn)
    1    0    0                 1.71994642E+00 +-  0.00000000E+00
         1    0                 1.71994642E+00 +-  0.00000000E+00
         1    1                 1.71994642E+00 +-  0.00000000E+00
    2    0    0                -5.03069808E-17 +-  0.00000000E+00
         1    0                -4.16333634E-17 +-  0.00000000E+00
         1    1                 7.80625564E-17 +-  1.14491749E-16
    3    0    0                -2.77555756E-17 +-  0.00000000E+00
         1    0                -2.77555756E-17 +-  0.00000000E+00
         1    1                -1.38777878E-17 +-  4.16333634E-17
    4    0    0                -1.21430643E-17 +-  0.00000000E+00
         1    0                -1.21430643E-17 +-  0.00000000E+00
         1    1                 1.73472348E-18 +-  4.16333634E-17
    5    0    0                 1.84401105E-15 +-  0.00000000E+00
         1    0                 0.00000000E+00 +-  0.00000000E+00
         1    1                 1.16226473E-16 +-  6.24500451E-17
    6    0    0                 1.88737914E-15 +-  0.00000000E+00
         1    0                 0.00000000E+00 +-  0.00000000E+00
         1    1                -6.93889390E-17 +-  4.16333634E-17
    7    0    0                -1.21430643E-17 +-  0.00000000E+00
         1    0                -1.21430643E-17 +-  0.00000000E+00
         1    1                 1.73472348E-18 +-  4.16333634E-17
    8    0    0                 0.00000000E+00 +-  0.00000000E+00
         1    0                 0.00000000E+00 +-  0.00000000E+00
         1    1                -6.93889390E-17 +-  4.16333634E-17
    9    0    0                -1.88737914E-15 +-  0.00000000E+00
         1    0                 0.00000000E+00 +-  0.00000000E+00
         1    1                -6.93889390E-17 +-  4.16333634E-17
============================================================================
 FT of XX spin correlation fn:
    1    0    0                 1.32789225E-01 +-  0.00000000E+00
         1    0                -2.92441892E-30 +-  0.00000000E+00
         1    1                 1.32789225E-01 +-  0.00000000E+00
    2    0    0                 3.57112564E-01 +-  0.00000000E+00
         1    0                -2.07827666E-31 +-  0.00000000E+00
         1    1                 3.57112564E-01 +-  0.00000000E+00
    3    0    0                 3.57112564E-01 +-  0.00000000E+00
         1    0                -1.78848399E-31 +-  7.22544521E-46
         1    1                 3.57112564E-01 +-  0.00000000E+00
    4    0    0                 4.23859232E-01 +-  0.00000000E+00
         1    0                -1.58096348E-31 +-  0.00000000E+00
         1    1                 4.23859232E-01 +-  0.00000000E+00
    5    0    0                 4.23859232E-01 +-  0.00000000E+00
         1    0                 1.18426688E-32 +-  3.28429328E-47
         1    1                 4.23859232E-01 +-  0.00000000E+00
    6    0    0                 4.23859232E-01 +-  0.00000000E+00
         1    0                 9.96582781E-32 +-  1.97057597E-46
         1    1                 4.23859232E-01 +-  0.00000000E+00
    7    0    0                 5.76140768E-01 +-  0.00000000E+00
         1    0                 3.81787534E-31 +-  2.62743462E-46
         1    1                 5.76140768E-01 +-  0.00000000E+00
    8    0    0                 5.76140768E-01 +-  0.00000000E+00
         1    0                 4.94163888E-31 +-  0.00000000E+00
         1    1                 5.76140768E-01 +-  0.00000000E+00
    9    0    0                 6.42887436E-01 +-  0.00000000E+00
         1    0                 3.81767200E-32 +-  1.97057597E-46
         1    1                 6.42887436E-01 +-  0.00000000E+00
============================================================================
 FT of ZZ spin correlation fn:
    1    0    0                 1.32789225E-01 +-  0.00000000E+00
         1    0                 0.00000000E+00 +-  0.00000000E+00
         1    1                 1.32789225E-01 +-  0.00000000E+00
    2    0    0                 3.57112564E-01 +-  0.00000000E+00
         1    0                 0.00000000E+00 +-  0.00000000E+00
         1    1                 3.57112564E-01 +-  0.00000000E+00
    3    0    0                 3.57112564E-01 +-  0.00000000E+00
         1    0                 0.00000000E+00 +-  0.00000000E+00
         1    1                 3.57112564E-01 +-  0.00000000E+00
    4    0    0                 4.23859232E-01 +-  0.00000000E+00
         1    0                 0.00000000E+00 +-  0.00000000E+00
         1    1                 4.23859232E-01 +-  0.00000000E+00
    5    0    0                 4.23859232E-01 +-  0.00000000E+00
         1    0                 0.00000000E+00 +-  0.00000000E+00
         1    1                 4.23859232E-01 +-  0.00000000E+00
    6    0    0                 4.23859232E-01 +-  0.00000000E+00
         1    0                 0.00000000E+00 +-  0.00000000E+00
         1    1                 4.23859232E-01 +-  0.00000000E+00
    7    0    0                 5.76140768E-01 +-  0.00000000E+00
         1    0                 0.00000000E+00 +-  0.00000000E+00
         1    1                 5.76140768E-01 +-  0.00000000E+00
    8    0    0                 5.76140768E-01 +-  0.00000000E+00
         1    0                 0.00000000E+00 +-  0.00000000E+00
         1    1                 5.76140768E-01 +-  0.00000000E+00
    9    0    0                 6.42887436E-01 +-  0.00000000E+00
         1    0                 0.00000000E+00 +-  0.00000000E+00
         1    1                 6.42887436E-01 +-  0.00000000E+00
============================================================================
 FT of Average spin correlation fn:
    1    0    0                 1.32789225E-01 +-  0.00000000E+00
         1    0                -1.94961261E-30 +-  0.00000000E+00
         1    1                 1.32789225E-01 +-  0.00000000E+00
    2    0    0                 3.57112564E-01 +-  0.00000000E+00
         1    0                -1.38551777E-31 +-  0.00000000E+00
         1    1                 3.57112564E-01 +-  0.00000000E+00
    3    0    0                 3.57112564E-01 +-  0.00000000E+00
         1    0                -1.19232266E-31 +-  1.31371731E-46
         1    1                 3.57112564E-01 +-  0.00000000E+00
    4    0    0                 4.23859232E-01 +-  0.00000000E+00
         1    0                -1.05397565E-31 +-  0.00000000E+00
         1    1                 4.23859232E-01 +-  0.00000000E+00
    5    0    0                 4.23859232E-01 +-  0.00000000E+00
         1    0                 7.89511255E-33 +-  3.28429328E-46
         1    1                 4.23859232E-01 +-  0.00000000E+00
    6    0    0                 4.23859232E-01 +-  0.00000000E+00
         1    0                 6.64388521E-32 +-  1.64214664E-46
         1    1                 4.23859232E-01 +-  0.00000000E+00
    7    0    0                 5.76140768E-01 +-  0.00000000E+00
         1    0                 2.54525023E-31 +-  0.00000000E+00
         1    1                 5.76140768E-01 +-  0.00000000E+00
    8    0    0                 5.76140768E-01 +-  0.00000000E+00
         1    0                 3.29442592E-31 +-  0.00000000E+00
         1    1                 5.76140768E-01 +-  0.00000000E+00
    9    0    0                 6.42887436E-01 +-  0.00000000E+00
         1    0                 2.54511467E-32 +-  1.97057597E-46
         1    1                 6.42887436E-01 +-  0.00000000E+00
============================================================================
 FT of Pairing correlation fn:
    1    0    0                 3.02869284E-01 +-  0.00000000E+00
         1    0                 7.38368149E-31 +-  0.00000000E+00
         1    1                 3.02869284E-01 +-  0.00000000E+00
    2    0    0                 2.46788449E-01 +-  8.32667268E-17
         1    0                 5.24445843E-32 +-  6.56858655E-47
         1    1                 2.46788449E-01 +-  0.00000000E+00
    3    0    0                 2.46788449E-01 +-  1.66533454E-16
         1    0                 4.46549704E-32 +-  8.21073319E-47
         1    1                 2.46788449E-01 +-  0.00000000E+00
    4    0    0                 2.30101782E-01 +-  8.32667268E-17
         1    0                 3.98685536E-32 +-  4.92643991E-47
         1    1                 2.30101782E-01 +-  0.00000000E+00
    5    0    0                 2.30101782E-01 +-  8.32667268E-17
         1    0                -1.66509162E-33 +-  6.77385488E-47
         1    1                 2.30101782E-01 +-  0.00000000E+00
    6    0    0                 2.30101782E-01 +-  8.32667268E-17
         1    0                -2.49471123E-32 +-  1.64214664E-47
         1    1                 2.30101782E-01 +-  0.00000000E+00
    7    0    0                 1.92031398E-01 +-  1.66533454E-16
         1    0                -9.51809535E-32 +-  3.28429328E-47
         1    1                 1.92031398E-01 +-  0.00000000E+00
    8    0    0                 1.92031398E-01 +-  8.32667268E-17
         1    0                -1.23279805E-31 +-  1.31371731E-46
         1    1                 1.92031398E-01 +-  0.00000000E+00
    9    0    0                 1.75344731E-01 +-  1.66533454E-16
         1    0                -9.21017666E-33 +-  8.21073319E-48
         1    1                 1.75344731E-01 +-  0.00000000E+00
============================================================================
 Eigenvalues of Ave Equal t Green's function:
    1    1                      2.47262316E-03 +-  4.42354486E-17
         2                      2.47262316E-03 +-  2.73218947E-16
    2    1                      1.19202922E-01 +-  6.66133815E-16
         2                      1.19202922E-01 +-  1.12410081E-15
    3    1                      1.19202922E-01 +-  4.16333634E-17
         2                      1.19202922E-01 +-  4.57966998E-16
    4    1                      8.80797078E-01 +-  3.33066907E-16
         2                      8.80797078E-01 +-  0.00000000E+00
    5    1                      8.80797078E-01 +-  1.33226763E-15
         2                      8.80797078E-01 +-  9.99200722E-16
    6    1                      8.80797078E-01 +-  3.33066907E-16
         2                      8.80797078E-01 +-  3.33066907E-16
    7    1                      9.97527377E-01 +-  0.00000000E+00
         2                      9.97527377E-01 +-  6.66133815E-16
    8    1                      9.97527377E-01 +-  3.33066907E-16
         2                      9.97527377E-01 +-  0.00000000E+00
    9    1                      9.99954602E-01 +-  3.33066907E-16
         2                      9.99954602E-01 +-  0.00000000E+00
============================================================================
 Eigenvalues of Up Equal t Green's function:
    1    1                      2.47262316E-03 +-  4.42354486E-17
         2                      2.47262316E-03 +-  2.73218947E-16
    2    1                      1.19202922E-01 +-  6.66133815E-16
         2                      1.19202922E-01 +-  1.12410081E-15
    3    1                      1.19202922E-01 +-  4.16333634E-17
         2                      1.19202922E-01 +-  4.57966998E-16
    4    1                      8.80797078E-01 +-  3.33066907E-16
         2                      8.80797078E-01 +-  0.00000000E+00
    5    1                      8.80797078E-01 +-  1.33226763E-15
         2                      8.80797078E-01 +-  9.99200722E-16
    6    1                      8.80797078E-01 +-  3.33066907E-16
         2                      8.80797078E-01 +-  3.33066907E-16
    7    1                      9.97527377E-01 +-  0.00000000E+00
         2                      9.97527377E-01 +-  6.66133815E-16
    8    1                      9.97527377E-01 +-  3.33066907E-16
         2                      9.97527377E-01 +-  0.00000000E+00
    9    1                      9.99954602E-01 +-  3.33066907E-16
         2                      9.99954602E-01 +-  0.00000000E+00
============================================================================
 Eigenvalues of Dn Equal t Green's function:
    1    1                      2.47262316E-03 +-  4.42354486E-17
         2                      2.47262316E-03 +-  2.73218947E-16
    2    1                      1.19202922E-01 +-  6.66133815E-16
         2                      1.19202922E-01 +-  1.12410081E-15
    3    1                      1.19202922E-01 +-  4.16333634E-17
         2                      1.19202922E-01 +-  4.57966998E-16
    4    1                      8.80797078E-01 +-  3.33066907E-16
         2                      8.80797078E-01 +-  0.00000000E+00
    5    1                      8.80797078E-01 +-  1.33226763E-15
         2                      8.80797078E-01 +-  9.99200722E-16
    6    1                      8.80797078E-01 +-  3.33066907E-16
         2                      8.80797078E-01 +-  3.33066907E-16
    7    1                      9.97527377E-01 +-  0.00000000E+00
         2                      9.97527377E-01 +-  6.66133815E-16
    8    1                      9.97527377E-01 +-  3.33066907E-16
         2                      9.97527377E-01 +-  0.00000000E+00
    9    1                      9.99954602E-01 +-  3.33066907E-16
         2                      9.99954602E-01 +-  0.00000000E+00
============================================================================
 Eigenvalues of Density-density correlation fn: (up-up)
    1    1                      6.63946123E-02 +-  2.57991963E+00
         2                      3.50628745E+00 +-  2.57991963E+00
    2    1                      1.78556282E-01 +-  1.13265156E-02
         2                      1.78556282E-01 +-  1.73459653E-04
    3    1                      1.78556282E-01 +-  0.00000000E+00
         2                      1.78556282E-01 +-  2.49800181E-16
    4    1                      2.11929616E-01 +-  2.49800181E-16
         2                      2.11929616E-01 +-  8.32667268E-17
    5    1                      2.11929616E-01 +-  2.49800181E-15
         2                      2.11929616E-01 +-  2.66453526E-15
    6    1                      2.11929616E-01 +-  2.99760217E-15
         2                      2.11929616E-01 +-  3.16413562E-15
    7    1                      2.88070384E-01 +-  1.66533454E-16
         2                      2.88070384E-01 +-  1.66533454E-16
    8    1                      2.88070384E-01 +-  1.72842230E+00
         2                      2.88070384E-01 +-  1.66533454E-16
    9    1                      3.21443718E-01 +-  2.33146835E-15
         2                      3.21443718E-01 +-  2.66453526E-15
============================================================================
 Eigenvalues of Density-density correlation fn: (up-dn)
    1    1                      3.10862447E-15 +-  2.57991963E+00
         2                      3.43989284E+00 +-  2.57991963E+00
    2    1                     -6.26272543E-17 +-  4.32035611E-17
         2                      9.03828299E-17 +-  7.12881884E-17
    3    1                     -4.94264742E-17 +-  5.61581901E-17
         2                      7.79311078E-18 +-  1.45248267E-17
    4    1                     -1.91899582E-17 +-  2.63034138E-17
         2                      8.78161736E-18 +-  1.53299496E-17
    5    1                      1.16226473E-16 +-  7.59808882E-16
         2                      1.84401105E-15 +-  0.00000000E+00
    6    1                     -6.93889390E-17 +-  4.57966998E-16
         2                      1.88737914E-15 +-  0.00000000E+00
    7    1                     -1.91899582E-17 +-  2.63034138E-17
         2                      8.78161736E-18 +-  1.53299496E-17
    8    1                     -6.93890536E-17 +-  4.57966929E-16
         2                      1.14552958E-22 +-  6.87304130E-23
    9    1                     -1.88737914E-15 +-  0.00000000E+00
         2                     -6.93889390E-17 +-  4.57966998E-16
============================================================================
 Eigenvalues of XX spin correlation fn:
    1    1                      1.32789225E-01 +-  0.00000000E+00
         2                      1.32789225E-01 +-  0.00000000E+00
    2    1                      3.57112564E-01 +-  0.00000000E+00
         2                      3.57112564E-01 +-  0.00000000E+00
    3    1                      3.57112564E-01 +-  0.00000000E+00
         2                      3.57112564E-01 +-  0.00000000E+00
    4    1                      4.23859232E-01 +-  0.00000000E+00
         2                      4.23859232E-01 +-  0.00000000E+00
    5    1                      4.23859232E-01 +-  0.00000000E+00
         2                      4.23859232E-01 +-  0.00000000E+00
    6    1                      4.23859232E-01 +-  0.00000000E+00
         2                      4.23859232E-01 +-  0.00000000E+00
    7    1                      5.76140768E-01 +-  0.00000000E+00
         2                      5.76140768E-01 +-  0.00000000E+00
    8    1                      5.76140768E-01 +-  0.00000000E+00
         2                      5.76140768E-01 +-  0.00000000E+00
    9    1                      6.42887436E-01 +-  0.00000000E+00
         2                      6.42887436E-01 +-  0.00000000E+00
============================================================================
 Eigenvalues of ZZ spin correlation fn:
    1    1                      1.32789225E-01 +-  0.00000000E+00
         2                      1.32789225E-01 +-  0.00000000E+00
    2    1                      3.57112564E-01 +-  0.00000000E+00
         2                      3.57112564E-01 +-  0.00000000E+00
    3    1                      3.57112564E-01 +-  0.00000000E+00
         2                      3.57112564E-01 +-  0.00000000E+00
    4    1                      4.23859232E-01 +-  0.00000000E+00
         2                      4.23859232E-01 +-  0.00000000E+00
    5    1                      4.23859232E-01 +-  0.00000000E+00
         2                      4.23859232E-01 +-  0.00000000E+00
    6    1                      4.23859232E-01 +-  0.00000000E+00
         2                      4.23859232E-01 +-  0.00000000E+00
    7    1                      5.76140768E-01 +-  0.00000000E+00
         2                      5.76140768E-01 +-  0.00000000E+00
    8    1                      5.76140768E-01 +-  0.00000000E+00
         2                      5.76140768E-01 +-  0.00000000E+00
    9    1                      6.42887436E-01 +-  0.00000000E+00
         2                      6.42887436E-01 +-  0.00000000E+00
============================================================================
 Eigenvalues of Average spin correlation fn:
    1    1                      1.32789225E-01 +-  0.00000000E+00
         2                      1.32789225E-01 +-  0.00000000E+00
    2    1                      3.57112564E-01 +-  0.00000000E+00
         2                      3.57112564E-01 +-  0.00000000E+00
    3    1                      3.57112564E-01 +-  0.00000000E+00
         2                      3.57112564E-01 +-  0.00000000E+00
    4    1                      4.23859232E-01 +-  0.00000000E+00
         2                      4.23859232E-01 +-  0.00000000E+00
    5    1                      4.23859232E-01 +-  0.00000000E+00
         2                      4.23859232E-01 +-  0.00000000E+00
    6    1                      4.23859232E-01 +-  0.00000000E+00
         2                      4.23859232E-01 +-  0.00000000E+00
    7    1                      5.76140768E-01 +-  0.00000000E+00
         2                      5.76140768E-01 +-  0.00000000E+00
    8    1                      5.76140768E-01 +-  0.00000000E+00
         2                      5.76140768E-01 +-  0.00000000E+00
    9    1                      6.42887436E-01 +-  0.00000000E+00
         2                      6.42887436E-01 +-  0.00000000E+00
============================================================================
 Eigenvalues of Pairing correlation fn:
    1    1                      3.02869284E-01 +-  0.00000000E+00
         2                      3.02869284E-01 +-  0.00000000E+00
    2    1                      2.46788449E-01 +-  8.32667268E-17
         2                      2.46788449E-01 +-  0.00000000E+00
    3    1                      2.46788449E-01 +-  1.66533454E-16
         2                      2.46788449E-01 +-  0.00000000E+00
    4    1                      2.30101782E-01 +-  8.32667268E-17
         2                      2.30101782E-01 +-  0.00000000E+00
    5    1                      2.30101782E-01 +-  8.32667268E-17
         2                      2.30101782E-01 +-  0.00000000E+00
    6    1                      2.30101782E-01 +-  8.32667268E-17
         2                      2.30101782E-01 +-  0.00000000E+00
    7    1                      1.92031398E-01 +-  1.66533454E-16
         2                      1.92031398E-01 +-  0.00000000E+00
    8    1                      1.92031398E-01 +-  8.32667268E-17
         2                      1.92031398E-01 +-  0.00000000E+00
    9    1                      1.75344731E-01 +-  1.66533454E-16
         2                      1.75344731E-01 +-  0.00000000E+00
============================================================================
 Eigenmodes of Ave Equal t Green's function (Natural orbitals):
                        1                          2
   1    1  ( -0.999995 +i  0.000000)  (  0.003183 +i  0.000000) 
        2  (  0.003183 +i  0.000000)  (  0.999995 +i  0.000000) 
   2    1  ( -0.897768 +i  0.000000)  (  0.440468 +i  0.000000) 
        2  ( -0.440468 +i  0.000000)  ( -0.897768 +i -0.000000) 
   3    1  ( -0.997976 +i  0.000000)  (  0.063591 +i -0.000000) 
        2  ( -0.063591 +i  0.000000)  ( -0.997976 +i  0.000000) 
   4    1  (  0.000000 +i  0.000000)  ( -1.000000 +i  0.000000) 
        2  (  1.000000 +i  0.000000)  (  0.000000 +i  0.000000) 
   5    1  ( -0.984885 +i  0.000000)  (  0.173212 +i -0.000000) 
        2  ( -0.173212 +i  0.000000)  ( -0.984885 +i  0.000000) 
   6    1  ( -0.997089 +i  0.000000)  (  0.076241 +i -0.000000) 
        2  ( -0.076241 +i  0.000000)  ( -0.997089 +i  0.000000) 
   7    1  (  1.000000 +i  0.000000)  (  0.000000 +i  0.000000) 
        2  (  0.000000 +i  0.000000)  ( -1.000000 +i  0.000000) 
   8    1  (  0.000000 +i  0.000000)  ( -1.000000 +i  0.000000) 
        2  (  1.000000 +i  0.000000)  (  0.000000 +i  0.000000) 
   9    1  (  0.000000 +i  0.000000)  ( -1.000000 +i  0.000000) 
        2  (  1.000000 +i  0.000000)  (  0.000000 +i  0.000000) 
============================================================================
 Eigenmodes of Up Equal t Green's function (Natural orbitals):
                        1                          2
   1    1  ( -0.999995 +i  0.000000)  (  0.003183 +i  0.000000) 
        2  (  0.003183 +i  0.000000)  (  0.999995 +i  0.000000) 
   2    1  ( -0.897768 +i  0.000000)  (  0.440468 +i  0.000000) 
        2  ( -0.440468 +i  0.000000)  ( -0.897768 +i -0.000000) 
   3    1  ( -0.997976 +i  0.000000)  (  0.063591 +i -0.000000) 
        2  ( -0.063591 +i  0.000000)  ( -0.997976 +i  0.000000) 
   4    1  (  0.000000 +i  0.000000)  ( -1.000000 +i  0.000000) 
        2  (  1.000000 +i  0.000000)  (  0.000000 +i  0.000000) 
   5    1  ( -0.984885 +i  0.000000)  (  0.173212 +i -0.000000) 
        2  ( -0.173212 +i  0.000000)  ( -0.984885 +i  0.000000) 
   6    1  ( -0.997089 +i  0.000000)  (  0.076241 +i -0.000000) 
        2  ( -0.076241 +i  0.000000)  ( -0.997089 +i  0.000000) 
   7    1  (  1.000000 +i  0.000000)  (  0.000000 +i  0.000000) 
        2  (  0.000000 +i  0.000000)  ( -1.000000 +i  0.000000) 
   8    1  (  0.000000 +i  0.000000)  ( -1.000000 +i  0.000000) 
        2  (  1.000000 +i  0.000000)  (  0.000000 +i  0.000000) 
   9    1  (  0.000000 +i  0.000000)  ( -1.000000 +i  0.000000) 
        2  (  1.000000 +i  0.000000)  (  0.000000 +i  0.000000) 
============================================================================
 Eigenmodes of Down Equal t Green's function (Natural orbitals):
                        1                          2
   1    1  ( -0.999995 +i  0.000000)  (  0.003183 +i  0.000000) 
        2  (  0.003183 +i  0.000000)  (  0.999995 +i  0.000000) 
   2    1  ( -0.897768 +i  0.000000)  (  0.440468 +i  0.000000) 
        2  ( -0.440468 +i  0.000000)  ( -0.897768 +i -0.000000) 
   3    1  ( -0.997976 +i  0.000000)  (  0.063591 +i -0.000000) 
        2  ( -0.063591 +i  0.000000)  ( -0.997976 +i  0.000000) 
   4    1  (  0.000000 +i  0.000000)  ( -1.000000 +i  0.000000) 
        2  (  1.000000 +i  0.000000)  (  0.000000 +i  0.000000) 
   5    1  ( -0.984885 +i  0.000000)  (  0.173212 +i -0.000000) 
        2  ( -0.173212 +i  0.000000)  ( -0.984885 +i  0.000000) 
   6    1  ( -0.997089 +i  0.000000)  (  0.076241 +i -0.000000) 
        2  ( -0.076241 +i  0.000000)  ( -0.997089 +i  0.000000) 
   7    1  (  1.000000 +i  0.000000)  (  0.000000 +i  0.000000) 
        2  (  0.000000 +i  0.000000)  ( -1.000000 +i  0.000000) 
   8    1  (  0.000000 +i  0.000000)  ( -1.000000 +i  0.000000) 
        2  (  1.000000 +i  0.000000)  (  0.000000 +i  0.000000) 
   9    1  (  0.000000 +i  0.000000)  ( -1.000000 +i  0.000000) 
        2  (  1.000000 +i  0.000000)  (  0.000000 +i  0.000000) 
============================================================================
 Eigenmodes of Density-density correlation fn: (up-up)
                        1                          2
   1    1  (  0.707107 +i  0.000000)  ( -0.707107 +i  0.000000) 
        2  ( -0.707107 +i  0.000000)  ( -0.707107 +i  0.000000) 
   2    1  (  0.122815 +i  0.000000)  (  0.987089 +i -0.102822) 
        2  ( -0.992430 +i  0.000000)  (  0.122154 +i -0.012724) 
   3    1  ( -0.049814 +i  0.000000)  ( -0.998759 +i  0.000000) 
        2  ( -0.998759 +i  0.000000)  (  0.049814 +i  0.000000) 
   4    1  (  0.000000 +i  0.000000)  (  1.000000 +i  0.000000) 
        2  (  1.000000 +i  0.000000)  (  0.000000 +i  0.000000) 
   5    1  ( -0.485788 +i  0.000000)  (  0.874077 +i -0.000000) 
        2  ( -0.874077 +i  0.000000)  ( -0.485788 +i  0.000000) 
   6    1  ( -0.559257 +i  0.000000)  (  0.828994 +i  0.000000) 
        2  ( -0.828994 +i  0.000000)  ( -0.559257 +i -0.000000) 
   7    1  (  0.000000 +i  0.000000)  (  1.000000 +i  0.000000) 
        2  (  1.000000 +i  0.000000)  (  0.000000 +i  0.000000) 
   8    1  (  0.000000 +i  0.000000)  (  0.000000 +i -1.000000) 
        2  (  1.000000 +i  0.000000)  (  0.000000 +i  0.000000) 
   9    1  (  0.420748 +i  0.000000)  (  0.907178 +i  0.000000) 
        2  ( -0.907178 +i  0.000000)  (  0.420748 +i  0.000000) 
============================================================================
 Eigenmodes of Density-density correlation fn: (up-dn)
                        1                          2
   1    1  (  0.707107 +i  0.000000)  ( -0.707107 +i  0.000000) 
        2  ( -0.707107 +i  0.000000)  ( -0.707107 +i  0.000000) 
   2    1  ( -0.958896 +i  0.000000)  ( -0.283759 +i  0.000000) 
        2  ( -0.283759 +i  0.000000)  (  0.958896 +i  0.000000) 
   3    1  ( -0.788205 +i  0.000000)  ( -0.615412 +i  0.000000) 
        2  (  0.615412 +i  0.000000)  ( -0.788205 +i  0.000000) 
   4    1  ( -0.864910 +i  0.000000)  ( -0.501927 +i  0.000000) 
        2  (  0.501927 +i  0.000000)  ( -0.864910 +i  0.000000) 
   5    1  (  0.000000 +i  0.000000)  (  0.000000 +i  1.000000) 
        2  (  1.000000 +i  0.000000)  (  0.000000 +i  0.000000) 
   6    1  (  0.000000 +i  0.000000)  (  0.000000 +i -1.000000) 
        2  (  1.000000 +i  0.000000)  (  0.000000 +i  0.000000) 
   7    1  ( -0.864910 +i  0.000000)  ( -0.501927 +i  0.000000) 
        2  (  0.501927 +i  0.000000)  ( -0.864910 +i  0.000000) 
   8    1  (  0.001285 +i  0.000000)  (  0.000000 +i -0.999999) 
        2  ( -0.999999 +i  0.000000)  (  0.000000 +i -0.001285) 
   9    1  (  1.000000 +i  0.000000)  (  0.000000 +i  0.000000) 
        2  (  0.000000 +i  0.000000)  (  0.000000 +i  1.000000) 
============================================================================
 Eigenmodes of XX-Spin correlation fn: 
                        1                          2
   1    1  (  0.000000 +i  0.000000)  (  1.000000 +i  0.000000) 
        2  (  1.000000 +i  0.000000)  (  0.000000 +i  0.000000) 
   2    1  (  0.000000 +i  0.000000)  (  1.000000 +i  0.000000) 
        2  (  1.000000 +i  0.000000)  (  0.000000 +i  0.000000) 
   3    1  (  1.000000 +i  0.000000)  (  0.000000 +i  0.000000) 
        2  (  0.000000 +i  0.000000)  ( -1.000000 +i -0.000000) 
   4    1  (  0.000000 +i  0.000000)  ( -1.000000 +i  0.000000) 
        2  (  1.000000 +i  0.000000)  (  0.000000 +i  0.000000) 
   5    1  (  1.000000 +i  0.000000)  (  0.000000 +i  0.000000) 
        2  (  0.000000 +i  0.000000)  ( -1.000000 +i -0.000000) 
   6    1  (  1.000000 +i  0.000000)  (  0.000000 +i  0.000000) 
        2  (  0.000000 +i  0.000000)  ( -1.000000 +i  0.000000) 
   7    1  (  0.000000 +i  0.000000)  (  1.000000 +i  0.000000) 
        2  (  1.000000 +i  0.000000)  (  0.000000 +i  0.000000) 
   8    1  (  1.000000 +i  0.000000)  (  0.000000 +i  0.000000) 
        2  (  0.000000 +i  0.000000)  ( -1.000000 +i -0.000000) 
   9    1  (  0.000000 +i  0.000000)  ( -1.000000 +i  0.000000) 
        2  (  1.000000 +i  0.000000)  (  0.000000 +i  0.000000) 
============================================================================
 Eigenmodes of ZZ-Spin correlation fn: 
                        1                          2
   1    1  (  0.000000 +i  0.000000)  (  1.000000 +i  0.000000) 
        2  (  1.000000 +i  0.000000)  (  0.000000 +i  0.000000) 
   2    1  (  0.000000 +i  0.000000)  (  1.000000 +i  0.000000) 
        2  (  1.000000 +i  0.000000)  (  0.000000 +i  0.000000) 
   3    1  (  1.000000 +i  0.000000)  (  0.000000 +i  0.000000) 
        2  (  0.000000 +i  0.000000)  (  1.000000 +i  0.000000) 
   4    1  (  0.000000 +i  0.000000)  (  1.000000 +i  0.000000) 
        2  (  1.000000 +i  0.000000)  (  0.000000 +i  0.000000) 
   5    1  (  1.000000 +i  0.000000)  (  0.000000 +i  0.000000) 
        2  (  0.000000 +i  0.000000)  (  1.000000 +i  0.000000) 
   6    1  (  1.000000 +i  0.000000)  (  0.000000 +i  0.000000) 
        2  (  0.000000 +i  0.000000)  (  1.000000 +i  0.000000) 
   7    1  (  1.000000 +i  0.000000)  (  0.000000 +i  0.000000) 
        2  (  0.000000 +i  0.000000)  (  1.000000 +i  0.000000) 
   8    1  (  0.000000 +i  0.000000)  (  1.000000 +i  0.000000) 
        2  (  1.000000 +i  0.000000)  (  0.000000 +i  0.000000) 
   9    1  (  0.000000 +i  0.000000)  (  1.000000 +i  0.000000) 
        2  (  1.000000 +i  0.000000)  (  0.000000 +i  0.000000) 
============================================================================
 Eigenmodes of Average Spin correlation fn: 
                        1                          2
   1    1  (  0.000000 +i  0.000000)  (  1.000000 +i  0.000000) 
        2  (  1.000000 +i  0.000000)  (  0.000000 +i  0.000000) 
   2    1  (  0.000000 +i  0.000000)  ( -1.000000 +i  0.000000) 
        2  (  1.000000 +i  0.000000)  (  0.000000 +i  0.000000) 
   3    1  (  1.000000 +i  0.000000)  (  0.000000 +i  0.000000) 
        2  (  0.000000 +i  0.000000)  ( -1.000000 +i -0.000000) 
   4    1  (  0.000000 +i  0.000000)  ( -1.000000 +i -0.000000) 
        2  (  1.000000 +i  0.000000)  (  0.000000 +i  0.000000) 
   5    1  (  1.000000 +i  0.000000)  (  0.000000 +i  0.000000) 
        2  (  0.000000 +i  0.000000)  ( -1.000000 +i -0.000000) 
   6    1  (  1.000000 +i  0.000000)  (  0.000000 +i  0.000000) 
        2  (  0.000000 +i  0.000000)  ( -1.000000 +i  0.000000) 
   7    1  (  0.000000 +i  0.000000)  (  1.000000 +i  0.000000) 
        2  (  1.000000 +i  0.000000)  (  0.000000 +i  0.000000) 
   8    1  (  1.000000 +i  0.000000)  (  0.000000 +i  0.000000) 
        2  (  0.000000 +i  0.000000)  ( -1.000000 +i -0.000000) 
   9    1  (  0.000000 +i  0.000000)  ( -1.000000 +i  0.000000) 
        2  (  1.000000 +i  0.000000)  (  0.000000 +i  0.000000) 
============================================================================
 Eigenmodes of Pairing correlation fn: 
                        1                          2
   1    1  (  1.000000 +i  0.000000)  (  0.000000 +i  0.000000) 
        2  (  0.000000 +i  0.000000)  (  1.000000 +i  0.000000) 
   2    1  (  1.000000 +i  0.000000)  (  0.000000 +i  0.000000) 
        2  (  0.000000 +i  0.000000)  ( -1.000000 +i -0.000000) 
   3    1  (  1.000000 +i  0.000000)  (  0.000000 +i  0.000000) 
        2  (  0.000000 +i  0.000000)  ( -1.000000 +i -0.000000) 
   4    1  (  1.000000 +i  0.000000)  (  0.000000 +i  0.000000) 
        2  (  0.000000 +i  0.000000)  ( -1.000000 +i  0.000000) 
   5    1  (  1.000000 +i  0.000000)  (  0.000000 +i  0.000000) 
        2  (  0.000000 +i  0.000000)  ( -1.000000 +i  0.000000) 
   6    1  (  1.000000 +i  0.000000)  (  0.000000 +i  0.000000) 
        2  (  0.000000 +i  0.000000)  ( -1.000000 +i  0.000000) 
   7    1  (  1.000000 +i  0.000000)  (  0.000000 +i  0.000000) 
        2  (  0.000000 +i  0.000000)  (  1.000000 +i  0.000000) 
   8    1  (  1.000000 +i  0.000000)  (  0.000000 +i  0.000000) 
        2  (  0.000000 +i  0.000000)  ( -1.000000 +i -0.000000) 
   9    1  (  1.000000 +i  0.000000)  (  0.000000 +i  0.000000) 
        2  (  0.000000 +i  0.000000)  ( -1.000000 +i  0.000000) 
============================================================================
