 General Geometry - Free Format                                                 
  
                          U :            0.000000    0.000000
                       t_up :        1.000000E+00
                       t_dn :        1.000000E+00
                      mu_up :            0.000000    0.000000
                      mu_dn :            0.000000    0.000000
             Time slice - L :           20
            Number of sites :           32
                       dtau :        1.000000E-01
                       beta :        2.000000E+00
     Number of warmup sweep :        50000
Number of measurement sweep :       100000
   Frequency of measurement :            1
                Random seed :      1234567
 Frequency of recomputing G :            8
Global move number of sites :            1
               Accept count :     49463987
               Reject count :     46464432
    Approximate accept rate :        5.156343E-01
                      gamma :        9.393386E-01
   Global move accept count :       150000
   Global move reject count :            0
    Global move accept rate :        1.000000E+00
           Type of matrix B : Dense MatB  
         Type of matrix HSF : discrete
 Sign of equal time measurements:
                                avg sign :   1.00000000E+00 +-  0.00000000E+00
                             avg up sign :   1.00000000E+00 +-  0.00000000E+00
                             avg dn sign :   1.00000000E+00 +-  0.00000000E+00
============================================================================
 Electronic properties:
                         spin up density :   5.00000000E-01 +-  0.00000000E+00
                       spin down density :   5.00000000E-01 +-  0.00000000E+00
                           total density :   1.00000000E+00 +-  0.00000000E+00
                        double occupancy :   2.50000000E-01 +-  0.00000000E+00
                kinetic (hopping) energy :  -1.46369223E+00 +-  0.00000000E+00
            potential (U*Nup*Ndn) energy :   0.00000000E+00 +-  0.00000000E+00
   PH-symm total energy (inc. chem potl) :  -1.46369223E+00 +-  0.00000000E+00
                             chi_thermal :   3.00000000E+01 +-  0.00000000E+00
                           specific heat :  -9.33883356E+01 +-  2.69632010E-13
                       (magnetization)^2 :   1.25000000E-01 +-  0.00000000E+00
               XX ferro structure factor :   2.05246516E-01 +-  0.00000000E+00
               ZZ ferro structure factor :   2.05246516E-01 +-  0.00000000E+00
============================================================================
 Mean Equal time Green's function:
    0    0    0.0000    0.0000    0.0000   016   5.00000000E-01 +-  0.00000000E+00
    0    1    0.0000    0.0000    1.0000   032   2.95139405E-16 +-  0.00000000E+00
    0    0    1.0000    0.0000    0.0000   032  -1.82961529E-01 +-  0.00000000E+00
    0    1    1.0000    0.0000    1.0000   064   9.64131384E-17 +-  0.00000000E+00
    0    0    2.0000    0.0000    0.0000   016   4.93659697E-17 +-  0.00000000E+00
    0    1    2.0000    0.0000    1.0000   032  -1.26413133E-16 +-  0.00000000E+00
    0    0    0.0000    1.0000    0.0000   032  -1.82961529E-01 +-  0.00000000E+00
    0    1    0.0000    1.0000    1.0000   064  -7.85183649E-17 +-  0.00000000E+00
    0    0    1.0000    1.0000    0.0000   064   4.58659086E-17 +-  0.00000000E+00
    0    1    1.0000    1.0000    1.0000   128  -9.44732880E-17 +-  0.00000000E+00
    0    0    2.0000    1.0000    0.0000   032   5.80453663E-02 +-  0.00000000E+00
    0    1    2.0000    1.0000    1.0000   064  -9.40139016E-17 +-  0.00000000E+00
    0    0    0.0000    2.0000    0.0000   016  -1.66619316E-18 +-  0.00000000E+00
    0    1    0.0000    2.0000    1.0000   032  -1.20945355E-16 +-  0.00000000E+00
    0    0    1.0000    2.0000    0.0000   032   5.80453663E-02 +-  0.00000000E+00
    0    1    1.0000    2.0000    1.0000   064   7.63328944E-17 +-  0.00000000E+00
    0    0    2.0000    2.0000    0.0000   016  -4.97741113E-17 +-  0.00000000E+00
    0    1    2.0000    2.0000    1.0000   032   3.30188991E-16 +-  0.00000000E+00
    1    1    0.0000    0.0000    0.0000   016   5.00000000E-01 +-  0.00000000E+00
    1    1    1.0000    0.0000    0.0000   032  -1.82961529E-01 +-  0.00000000E+00
    1    1    2.0000    0.0000    0.0000   016  -1.31144411E-16 +-  0.00000000E+00
    1    1    0.0000    1.0000    0.0000   032  -1.82961529E-01 +-  0.00000000E+00
    1    1    1.0000    1.0000    0.0000   064   6.25699640E-16 +-  0.00000000E+00
    1    1    2.0000    1.0000    0.0000   032   5.80453663E-02 +-  0.00000000E+00
    1    1    0.0000    2.0000    0.0000   016  -1.03732939E-16 +-  0.00000000E+00
    1    1    1.0000    2.0000    0.0000   032   5.80453663E-02 +-  0.00000000E+00
    1    1    2.0000    2.0000    0.0000   016  -1.30760814E-15 +-  0.00000000E+00
============================================================================
 Up Equal time Green's function:
    0    0    0.0000    0.0000    0.0000   016   5.00000000E-01 +-  0.00000000E+00
    0    1    0.0000    0.0000    1.0000   032   2.95139405E-16 +-  0.00000000E+00
    0    0    1.0000    0.0000    0.0000   032  -1.82961529E-01 +-  0.00000000E+00
    0    1    1.0000    0.0000    1.0000   064   9.64131384E-17 +-  0.00000000E+00
    0    0    2.0000    0.0000    0.0000   016   4.93659697E-17 +-  0.00000000E+00
    0    1    2.0000    0.0000    1.0000   032  -1.26413133E-16 +-  0.00000000E+00
    0    0    0.0000    1.0000    0.0000   032  -1.82961529E-01 +-  0.00000000E+00
    0    1    0.0000    1.0000    1.0000   064  -7.85183649E-17 +-  0.00000000E+00
    0    0    1.0000    1.0000    0.0000   064   4.58659086E-17 +-  0.00000000E+00
    0    1    1.0000    1.0000    1.0000   128  -9.44732880E-17 +-  0.00000000E+00
    0    0    2.0000    1.0000    0.0000   032   5.80453663E-02 +-  0.00000000E+00
    0    1    2.0000    1.0000    1.0000   064  -9.40139016E-17 +-  0.00000000E+00
    0    0    0.0000    2.0000    0.0000   016  -1.66619316E-18 +-  0.00000000E+00
    0    1    0.0000    2.0000    1.0000   032  -1.20945355E-16 +-  0.00000000E+00
    0    0    1.0000    2.0000    0.0000   032   5.80453663E-02 +-  0.00000000E+00
    0    1    1.0000    2.0000    1.0000   064   7.63328944E-17 +-  0.00000000E+00
    0    0    2.0000    2.0000    0.0000   016  -4.97741113E-17 +-  0.00000000E+00
    0    1    2.0000    2.0000    1.0000   032   3.30188991E-16 +-  0.00000000E+00
    1    1    0.0000    0.0000    0.0000   016   5.00000000E-01 +-  0.00000000E+00
    1    1    1.0000    0.0000    0.0000   032  -1.82961529E-01 +-  0.00000000E+00
    1    1    2.0000    0.0000    0.0000   016  -1.31144411E-16 +-  0.00000000E+00
    1    1    0.0000    1.0000    0.0000   032  -1.82961529E-01 +-  0.00000000E+00
    1    1    1.0000    1.0000    0.0000   064   6.25699640E-16 +-  0.00000000E+00
    1    1    2.0000    1.0000    0.0000   032   5.80453663E-02 +-  0.00000000E+00
    1    1    0.0000    2.0000    0.0000   016  -1.03732939E-16 +-  0.00000000E+00
    1    1    1.0000    2.0000    0.0000   032   5.80453663E-02 +-  0.00000000E+00
    1    1    2.0000    2.0000    0.0000   016  -1.30760814E-15 +-  0.00000000E+00
============================================================================
 Down Equal time Green's function:
    0    0    0.0000    0.0000    0.0000   016   5.00000000E-01 +-  0.00000000E+00
    0    1    0.0000    0.0000    1.0000   032   2.95139405E-16 +-  0.00000000E+00
    0    0    1.0000    0.0000    0.0000   032  -1.82961529E-01 +-  0.00000000E+00
    0    1    1.0000    0.0000    1.0000   064   9.64131384E-17 +-  0.00000000E+00
    0    0    2.0000    0.0000    0.0000   016   4.93659697E-17 +-  0.00000000E+00
    0    1    2.0000    0.0000    1.0000   032  -1.26413133E-16 +-  0.00000000E+00
    0    0    0.0000    1.0000    0.0000   032  -1.82961529E-01 +-  0.00000000E+00
    0    1    0.0000    1.0000    1.0000   064  -7.85183649E-17 +-  0.00000000E+00
    0    0    1.0000    1.0000    0.0000   064   4.58659086E-17 +-  0.00000000E+00
    0    1    1.0000    1.0000    1.0000   128  -9.44732880E-17 +-  0.00000000E+00
    0    0    2.0000    1.0000    0.0000   032   5.80453663E-02 +-  0.00000000E+00
    0    1    2.0000    1.0000    1.0000   064  -9.40139016E-17 +-  0.00000000E+00
    0    0    0.0000    2.0000    0.0000   016  -1.66619316E-18 +-  0.00000000E+00
    0    1    0.0000    2.0000    1.0000   032  -1.20945355E-16 +-  0.00000000E+00
    0    0    1.0000    2.0000    0.0000   032   5.80453663E-02 +-  0.00000000E+00
    0    1    1.0000    2.0000    1.0000   064   7.63328944E-17 +-  0.00000000E+00
    0    0    2.0000    2.0000    0.0000   016  -4.97741113E-17 +-  0.00000000E+00
    0    1    2.0000    2.0000    1.0000   032   3.30188991E-16 +-  0.00000000E+00
    1    1    0.0000    0.0000    0.0000   016   5.00000000E-01 +-  0.00000000E+00
    1    1    1.0000    0.0000    0.0000   032  -1.82961529E-01 +-  0.00000000E+00
    1    1    2.0000    0.0000    0.0000   016  -1.31144411E-16 +-  0.00000000E+00
    1    1    0.0000    1.0000    0.0000   032  -1.82961529E-01 +-  0.00000000E+00
    1    1    1.0000    1.0000    0.0000   064   6.25699640E-16 +-  0.00000000E+00
    1    1    2.0000    1.0000    0.0000   032   5.80453663E-02 +-  0.00000000E+00
    1    1    0.0000    2.0000    0.0000   016  -1.03732939E-16 +-  0.00000000E+00
    1    1    1.0000    2.0000    0.0000   032   5.80453663E-02 +-  0.00000000E+00
    1    1    2.0000    2.0000    0.0000   016  -1.30760814E-15 +-  0.00000000E+00
============================================================================
 Density-density correlation fn: (up-up)
    0    0    0.0000    0.0000    0.0000   016   5.00000000E-01 +-  0.00000000E+00
    0    1    0.0000    0.0000    1.0000   032   2.50000000E-01 +-  0.00000000E+00
    0    0    1.0000    0.0000    0.0000   032   2.16525079E-01 +-  0.00000000E+00
    0    1    1.0000    0.0000    1.0000   064   2.50000000E-01 +-  0.00000000E+00
    0    0    2.0000    0.0000    0.0000   016   2.50000000E-01 +-  0.00000000E+00
    0    1    2.0000    0.0000    1.0000   032   2.50000000E-01 +-  0.00000000E+00
    0    0    0.0000    1.0000    0.0000   032   2.16525079E-01 +-  0.00000000E+00
    0    1    0.0000    1.0000    1.0000   064   2.50000000E-01 +-  0.00000000E+00
    0    0    1.0000    1.0000    0.0000   064   2.50000000E-01 +-  0.00000000E+00
    0    1    1.0000    1.0000    1.0000   128   2.50000000E-01 +-  0.00000000E+00
    0    0    2.0000    1.0000    0.0000   032   2.46630735E-01 +-  0.00000000E+00
    0    1    2.0000    1.0000    1.0000   064   2.50000000E-01 +-  0.00000000E+00
    0    0    0.0000    2.0000    0.0000   016   2.50000000E-01 +-  0.00000000E+00
    0    1    0.0000    2.0000    1.0000   032   2.50000000E-01 +-  0.00000000E+00
    0    0    1.0000    2.0000    0.0000   032   2.46630735E-01 +-  0.00000000E+00
    0    1    1.0000    2.0000    1.0000   064   2.50000000E-01 +-  0.00000000E+00
    0    0    2.0000    2.0000    0.0000   016   2.50000000E-01 +-  0.00000000E+00
    0    1    2.0000    2.0000    1.0000   032   2.50000000E-01 +-  0.00000000E+00
    1    1    0.0000    0.0000    0.0000   016   5.00000000E-01 +-  0.00000000E+00
    1    1    1.0000    0.0000    0.0000   032   2.16525079E-01 +-  0.00000000E+00
    1    1    2.0000    0.0000    0.0000   016   2.50000000E-01 +-  0.00000000E+00
    1    1    0.0000    1.0000    0.0000   032   2.16525079E-01 +-  0.00000000E+00
    1    1    1.0000    1.0000    0.0000   064   2.50000000E-01 +-  0.00000000E+00
    1    1    2.0000    1.0000    0.0000   032   2.46630735E-01 +-  0.00000000E+00
    1    1    0.0000    2.0000    0.0000   016   2.50000000E-01 +-  0.00000000E+00
    1    1    1.0000    2.0000    0.0000   032   2.46630735E-01 +-  0.00000000E+00
    1    1    2.0000    2.0000    0.0000   016   2.50000000E-01 +-  0.00000000E+00
============================================================================
 Density-density correlation fn: (up-dn)
    0    0    0.0000    0.0000    0.0000   016   2.50000000E-01 +-  0.00000000E+00
    0    1    0.0000    0.0000    1.0000   032   2.50000000E-01 +-  0.00000000E+00
    0    0    1.0000    0.0000    0.0000   032   2.50000000E-01 +-  0.00000000E+00
    0    1    1.0000    0.0000    1.0000   064   2.50000000E-01 +-  0.00000000E+00
    0    0    2.0000    0.0000    0.0000   016   2.50000000E-01 +-  0.00000000E+00
    0    1    2.0000    0.0000    1.0000   032   2.50000000E-01 +-  0.00000000E+00
    0    0    0.0000    1.0000    0.0000   032   2.50000000E-01 +-  0.00000000E+00
    0    1    0.0000    1.0000    1.0000   064   2.50000000E-01 +-  0.00000000E+00
    0    0    1.0000    1.0000    0.0000   064   2.50000000E-01 +-  0.00000000E+00
    0    1    1.0000    1.0000    1.0000   128   2.50000000E-01 +-  0.00000000E+00
    0    0    2.0000    1.0000    0.0000   032   2.50000000E-01 +-  0.00000000E+00
    0    1    2.0000    1.0000    1.0000   064   2.50000000E-01 +-  0.00000000E+00
    0    0    0.0000    2.0000    0.0000   016   2.50000000E-01 +-  0.00000000E+00
    0    1    0.0000    2.0000    1.0000   032   2.50000000E-01 +-  0.00000000E+00
    0    0    1.0000    2.0000    0.0000   032   2.50000000E-01 +-  0.00000000E+00
    0    1    1.0000    2.0000    1.0000   064   2.50000000E-01 +-  0.00000000E+00
    0    0    2.0000    2.0000    0.0000   016   2.50000000E-01 +-  0.00000000E+00
    0    1    2.0000    2.0000    1.0000   032   2.50000000E-01 +-  0.00000000E+00
    1    1    0.0000    0.0000    0.0000   016   2.50000000E-01 +-  0.00000000E+00
    1    1    1.0000    0.0000    0.0000   032   2.50000000E-01 +-  0.00000000E+00
    1    1    2.0000    0.0000    0.0000   016   2.50000000E-01 +-  0.00000000E+00
    1    1    0.0000    1.0000    0.0000   032   2.50000000E-01 +-  0.00000000E+00
    1    1    1.0000    1.0000    0.0000   064   2.50000000E-01 +-  0.00000000E+00
    1    1    2.0000    1.0000    0.0000   032   2.50000000E-01 +-  0.00000000E+00
    1    1    0.0000    2.0000    0.0000   016   2.50000000E-01 +-  0.00000000E+00
    1    1    1.0000    2.0000    0.0000   032   2.50000000E-01 +-  0.00000000E+00
    1    1    2.0000    2.0000    0.0000   016   2.50000000E-01 +-  0.00000000E+00
============================================================================
 XX Spin correlation function:
    0    0    0.0000    0.0000    0.0000   016   5.00000000E-01 +-  0.00000000E+00
    0    1    0.0000    0.0000    1.0000   032  -1.15692998E-30 +-  0.00000000E+00
    0    0    1.0000    0.0000    0.0000   032  -6.69498420E-02 +-  0.00000000E+00
    0    1    1.0000    0.0000    1.0000   064  -5.91927587E-31 +-  0.00000000E+00
    0    0    2.0000    0.0000    0.0000   016  -2.11797417E-31 +-  0.00000000E+00
    0    1    2.0000    0.0000    1.0000   032  -6.42152652E-31 +-  0.00000000E+00
    0    0    0.0000    1.0000    0.0000   032  -6.69498420E-02 +-  0.00000000E+00
    0    1    0.0000    1.0000    1.0000   064  -5.67697380E-31 +-  0.00000000E+00
    0    0    1.0000    1.0000    0.0000   064  -5.39726527E-31 +-  0.00000000E+00
    0    1    1.0000    1.0000    1.0000   128  -8.25384327E-31 +-  0.00000000E+00
    0    0    2.0000    1.0000    0.0000   032  -6.73852909E-03 +-  0.00000000E+00
    0    1    2.0000    1.0000    1.0000   064  -4.73649297E-31 +-  0.00000000E+00
    0    0    0.0000    2.0000    0.0000   016  -4.01337190E-31 +-  0.00000000E+00
    0    1    0.0000    2.0000    1.0000   032  -4.73680830E-31 +-  0.00000000E+00
    0    0    1.0000    2.0000    0.0000   032  -6.73852909E-03 +-  0.00000000E+00
    0    1    1.0000    2.0000    1.0000   064  -7.26567016E-31 +-  0.00000000E+00
    0    0    2.0000    2.0000    0.0000   016  -7.26576483E-31 +-  0.00000000E+00
    0    1    2.0000    2.0000    1.0000   032  -9.27169837E-31 +-  0.00000000E+00
    1    1    0.0000    0.0000    0.0000   016   5.00000000E-01 +-  0.00000000E+00
    1    1    1.0000    0.0000    0.0000   032  -6.69498420E-02 +-  0.00000000E+00
    1    1    2.0000    0.0000    0.0000   016  -8.93016250E-31 +-  0.00000000E+00
    1    1    0.0000    1.0000    0.0000   032  -6.69498420E-02 +-  0.00000000E+00
    1    1    1.0000    1.0000    0.0000   064  -1.71679661E-30 +-  0.00000000E+00
    1    1    2.0000    1.0000    0.0000   032  -6.73852909E-03 +-  0.00000000E+00
    1    1    0.0000    2.0000    0.0000   016  -1.10437145E-30 +-  0.00000000E+00
    1    1    1.0000    2.0000    0.0000   032  -6.73852909E-03 +-  0.00000000E+00
    1    1    2.0000    2.0000    0.0000   016  -6.67620184E-30 +-  0.00000000E+00
============================================================================
 ZZ Spin correlation function:
    0    0    0.0000    0.0000    0.0000   016   5.00000000E-01 +-  0.00000000E+00
    0    1    0.0000    0.0000    1.0000   032   0.00000000E+00 +-  0.00000000E+00
    0    0    1.0000    0.0000    0.0000   032  -6.69498420E-02 +-  0.00000000E+00
    0    1    1.0000    0.0000    1.0000   064   0.00000000E+00 +-  0.00000000E+00
    0    0    2.0000    0.0000    0.0000   016   0.00000000E+00 +-  0.00000000E+00
    0    1    2.0000    0.0000    1.0000   032   0.00000000E+00 +-  0.00000000E+00
    0    0    0.0000    1.0000    0.0000   032  -6.69498420E-02 +-  0.00000000E+00
    0    1    0.0000    1.0000    1.0000   064   0.00000000E+00 +-  0.00000000E+00
    0    0    1.0000    1.0000    0.0000   064   0.00000000E+00 +-  0.00000000E+00
    0    1    1.0000    1.0000    1.0000   128   0.00000000E+00 +-  0.00000000E+00
    0    0    2.0000    1.0000    0.0000   032  -6.73852909E-03 +-  0.00000000E+00
    0    1    2.0000    1.0000    1.0000   064   0.00000000E+00 +-  0.00000000E+00
    0    0    0.0000    2.0000    0.0000   016   0.00000000E+00 +-  0.00000000E+00
    0    1    0.0000    2.0000    1.0000   032   0.00000000E+00 +-  0.00000000E+00
    0    0    1.0000    2.0000    0.0000   032  -6.73852909E-03 +-  0.00000000E+00
    0    1    1.0000    2.0000    1.0000   064   0.00000000E+00 +-  0.00000000E+00
    0    0    2.0000    2.0000    0.0000   016   0.00000000E+00 +-  0.00000000E+00
    0    1    2.0000    2.0000    1.0000   032   0.00000000E+00 +-  0.00000000E+00
    1    1    0.0000    0.0000    0.0000   016   5.00000000E-01 +-  0.00000000E+00
    1    1    1.0000    0.0000    0.0000   032  -6.69498420E-02 +-  0.00000000E+00
    1    1    2.0000    0.0000    0.0000   016   0.00000000E+00 +-  0.00000000E+00
    1    1    0.0000    1.0000    0.0000   032  -6.69498420E-02 +-  0.00000000E+00
    1    1    1.0000    1.0000    0.0000   064   0.00000000E+00 +-  0.00000000E+00
    1    1    2.0000    1.0000    0.0000   032  -6.73852909E-03 +-  0.00000000E+00
    1    1    0.0000    2.0000    0.0000   016   0.00000000E+00 +-  0.00000000E+00
    1    1    1.0000    2.0000    0.0000   032  -6.73852909E-03 +-  0.00000000E+00
    1    1    2.0000    2.0000    0.0000   016   0.00000000E+00 +-  0.00000000E+00
============================================================================
 Average Spin correlation function:
    0    0    0.0000    0.0000    0.0000   016   5.00000000E-01 +-  0.00000000E+00
    0    1    0.0000    0.0000    1.0000   032  -7.71286653E-31 +-  0.00000000E+00
    0    0    1.0000    0.0000    0.0000   032  -6.69498420E-02 +-  0.00000000E+00
    0    1    1.0000    0.0000    1.0000   064  -3.94618392E-31 +-  0.00000000E+00
    0    0    2.0000    0.0000    0.0000   016  -1.41198278E-31 +-  0.00000000E+00
    0    1    2.0000    0.0000    1.0000   032  -4.28101768E-31 +-  0.00000000E+00
    0    0    0.0000    1.0000    0.0000   032  -6.69498420E-02 +-  0.00000000E+00
    0    1    0.0000    1.0000    1.0000   064  -3.78464920E-31 +-  0.00000000E+00
    0    0    1.0000    1.0000    0.0000   064  -3.59817685E-31 +-  0.00000000E+00
    0    1    1.0000    1.0000    1.0000   128  -5.50256218E-31 +-  0.00000000E+00
    0    0    2.0000    1.0000    0.0000   032  -6.73852909E-03 +-  0.00000000E+00
    0    1    2.0000    1.0000    1.0000   064  -3.15766198E-31 +-  0.00000000E+00
    0    0    0.0000    2.0000    0.0000   016  -2.67558126E-31 +-  0.00000000E+00
    0    1    0.0000    2.0000    1.0000   032  -3.15787220E-31 +-  0.00000000E+00
    0    0    1.0000    2.0000    0.0000   032  -6.73852909E-03 +-  0.00000000E+00
    0    1    1.0000    2.0000    1.0000   064  -4.84378011E-31 +-  0.00000000E+00
    0    0    2.0000    2.0000    0.0000   016  -4.84384322E-31 +-  0.00000000E+00
    0    1    2.0000    2.0000    1.0000   032  -6.18113225E-31 +-  0.00000000E+00
    1    1    0.0000    0.0000    0.0000   016   5.00000000E-01 +-  0.00000000E+00
    1    1    1.0000    0.0000    0.0000   032  -6.69498420E-02 +-  0.00000000E+00
    1    1    2.0000    0.0000    0.0000   016  -5.95344167E-31 +-  0.00000000E+00
    1    1    0.0000    1.0000    0.0000   032  -6.69498420E-02 +-  0.00000000E+00
    1    1    1.0000    1.0000    0.0000   064  -1.14453107E-30 +-  0.00000000E+00
    1    1    2.0000    1.0000    0.0000   032  -6.73852909E-03 +-  0.00000000E+00
    1    1    0.0000    2.0000    0.0000   016  -7.36247637E-31 +-  0.00000000E+00
    1    1    1.0000    2.0000    0.0000   032  -6.73852909E-03 +-  0.00000000E+00
    1    1    2.0000    2.0000    0.0000   016  -4.45080123E-30 +-  0.00000000E+00
============================================================================
 S-wave pairing correlation function:
    0    0    0.0000    0.0000    0.0000   016   1.25000000E-01 +-  0.00000000E+00
    0    1    0.0000    0.0000    1.0000   032   2.89748820E-31 +-  0.00000000E+00
    0    0    1.0000    0.0000    0.0000   032   1.67374605E-02 +-  0.00000000E+00
    0    1    1.0000    0.0000    1.0000   064   1.48680213E-31 +-  0.00000000E+00
    0    0    2.0000    0.0000    0.0000   016   5.55840372E-32 +-  0.00000000E+00
    0    1    2.0000    0.0000    1.0000   032   1.61618709E-31 +-  0.00000000E+00
    0    0    0.0000    1.0000    0.0000   032   1.67374605E-02 +-  0.00000000E+00
    0    1    0.0000    1.0000    1.0000   064   1.42919155E-31 +-  0.00000000E+00
    0    0    1.0000    1.0000    0.0000   064   1.43177700E-31 +-  0.00000000E+00
    0    1    1.0000    1.0000    1.0000   128   2.07170669E-31 +-  0.00000000E+00
    0    0    2.0000    1.0000    0.0000   032   1.68463227E-03 +-  0.00000000E+00
    0    1    2.0000    1.0000    1.0000   064   1.18922532E-31 +-  0.00000000E+00
    0    0    0.0000    2.0000    0.0000   016   1.03946854E-31 +-  0.00000000E+00
    0    1    0.0000    2.0000    1.0000   032   1.19275683E-31 +-  0.00000000E+00
    0    0    1.0000    2.0000    0.0000   032   1.68463227E-03 +-  0.00000000E+00
    0    1    1.0000    2.0000    1.0000   064   1.82838924E-31 +-  0.00000000E+00
    0    0    2.0000    2.0000    0.0000   016   1.93109046E-31 +-  0.00000000E+00
    0    1    2.0000    2.0000    1.0000   032   2.32177242E-31 +-  0.00000000E+00
    1    1    0.0000    0.0000    0.0000   016   1.25000000E-01 +-  0.00000000E+00
    1    1    1.0000    0.0000    0.0000   032   1.67374605E-02 +-  0.00000000E+00
    1    1    2.0000    0.0000    0.0000   016   2.27641502E-31 +-  0.00000000E+00
    1    1    0.0000    1.0000    0.0000   032   1.67374605E-02 +-  0.00000000E+00
    1    1    1.0000    1.0000    0.0000   064   4.36060069E-31 +-  0.00000000E+00
    1    1    2.0000    1.0000    0.0000   032   1.68463227E-03 +-  0.00000000E+00
    1    1    0.0000    2.0000    0.0000   016   2.84125061E-31 +-  0.00000000E+00
    1    1    1.0000    2.0000    0.0000   032   1.68463227E-03 +-  0.00000000E+00
    1    1    2.0000    2.0000    0.0000   016   1.67160490E-30 +-  0.00000000E+00
============================================================================
 Grid for Green's function
  K-points
  Class
    1         0.00000   0.00000
 
    2         0.00000  -1.57080
              0.00000   1.57080
 
    3        -1.57080   0.00000
              1.57080   0.00000
 
    4        -1.57080  -1.57080
              1.57080  -1.57080
             -1.57080   1.57080
              1.57080   1.57080
 
    5         0.00000  -3.14159
 
    6        -3.14159   0.00000
 
    7        -1.57080  -3.14159
              1.57080  -3.14159
 
    8        -3.14159  -1.57080
             -3.14159   1.57080
 
    9        -3.14159  -3.14159
 
============================================================================
 Grid for spin/charge correlations
  K-points
  Class
    1         0.00000   0.00000
 
    2         0.00000  -1.57080
              0.00000   1.57080
 
    3        -1.57080   0.00000
              1.57080   0.00000
 
    4        -1.57080  -1.57080
              1.57080  -1.57080
             -1.57080   1.57080
              1.57080   1.57080
 
    5         0.00000  -3.14159
 
    6        -3.14159   0.00000
 
    7        -1.57080  -3.14159
              1.57080  -3.14159
 
    8        -3.14159  -1.57080
             -3.14159   1.57080
 
    9        -3.14159  -3.14159
 
============================================================================
 FT of Ave Equal t Green's function:
    1    0    0                 3.35350130E-04 +-  0.00000000E+00
         1    0                 5.04288892E-19 +-  7.39557099E-32
         1    1                 3.35350130E-04 +-  1.97758476E-16
    2    0    0                 1.79862100E-02 +-  0.00000000E+00
         1    0                -3.56876284E-19 +-  3.69778549E-32
         1    1                 1.79862100E-02 +-  1.56125113E-16
    3    0    0                 1.79862100E-02 +-  0.00000000E+00
         1    0                 1.40926563E-18 +-  0.00000000E+00
         1    1                 1.79862100E-02 +-  1.45716772E-16
    4    0    0                 5.00000000E-01 +-  0.00000000E+00
         1    0                 8.72686884E-16 +-  0.00000000E+00
         1    1                 5.00000000E-01 +-  0.00000000E+00
    5    0    0                 5.00000000E-01 +-  0.00000000E+00
         1    0                 1.44641966E-15 +-  0.00000000E+00
         1    1                 5.00000000E-01 +-  0.00000000E+00
    6    0    0                 5.00000000E-01 +-  0.00000000E+00
         1    0                 6.53064616E-17 +-  7.39557099E-32
         1    1                 5.00000000E-01 +-  1.66533454E-16
    7    0    0                 9.82013790E-01 +-  0.00000000E+00
         1    0                -6.05728812E-17 +-  0.00000000E+00
         1    1                 9.82013790E-01 +-  0.00000000E+00
    8    0    0                 9.82013790E-01 +-  0.00000000E+00
         1    0                -8.06778521E-17 +-  2.21867130E-31
         1    1                 9.82013790E-01 +-  0.00000000E+00
    9    0    0                 9.99664650E-01 +-  0.00000000E+00
         1    0                -3.50775926E-19 +-  4.62223187E-32
         1    1                 9.99664650E-01 +-  0.00000000E+00
============================================================================
 FT of Up Equal t Green's function:
    1    0    0                 3.35350130E-04 +-  0.00000000E+00
         1    0                 5.04288892E-19 +-  7.39557099E-32
         1    1                 3.35350130E-04 +-  1.97758476E-16
    2    0    0                 1.79862100E-02 +-  0.00000000E+00
         1    0                -3.56876284E-19 +-  3.69778549E-32
         1    1                 1.79862100E-02 +-  1.56125113E-16
    3    0    0                 1.79862100E-02 +-  0.00000000E+00
         1    0                 1.40926563E-18 +-  0.00000000E+00
         1    1                 1.79862100E-02 +-  1.45716772E-16
    4    0    0                 5.00000000E-01 +-  0.00000000E+00
         1    0                 8.72686884E-16 +-  0.00000000E+00
         1    1                 5.00000000E-01 +-  0.00000000E+00
    5    0    0                 5.00000000E-01 +-  0.00000000E+00
         1    0                 1.44641966E-15 +-  0.00000000E+00
         1    1                 5.00000000E-01 +-  0.00000000E+00
    6    0    0                 5.00000000E-01 +-  0.00000000E+00
         1    0                 6.53064616E-17 +-  7.39557099E-32
         1    1                 5.00000000E-01 +-  1.66533454E-16
    7    0    0                 9.82013790E-01 +-  0.00000000E+00
         1    0                -6.05728812E-17 +-  0.00000000E+00
         1    1                 9.82013790E-01 +-  0.00000000E+00
    8    0    0                 9.82013790E-01 +-  0.00000000E+00
         1    0                -8.06778521E-17 +-  2.21867130E-31
         1    1                 9.82013790E-01 +-  0.00000000E+00
    9    0    0                 9.99664650E-01 +-  0.00000000E+00
         1    0                -3.50775926E-19 +-  4.62223187E-32
         1    1                 9.99664650E-01 +-  0.00000000E+00
============================================================================
 FT of Dn Equal t Green's function:
    1    0    0                 3.35350130E-04 +-  0.00000000E+00
         1    0                 5.04288892E-19 +-  7.39557099E-32
         1    1                 3.35350130E-04 +-  1.97758476E-16
    2    0    0                 1.79862100E-02 +-  0.00000000E+00
         1    0                -3.56876284E-19 +-  3.69778549E-32
         1    1                 1.79862100E-02 +-  1.56125113E-16
    3    0    0                 1.79862100E-02 +-  0.00000000E+00
         1    0                 1.40926563E-18 +-  0.00000000E+00
         1    1                 1.79862100E-02 +-  1.45716772E-16
    4    0    0                 5.00000000E-01 +-  0.00000000E+00
         1    0                 8.72686884E-16 +-  0.00000000E+00
         1    1                 5.00000000E-01 +-  0.00000000E+00
    5    0    0                 5.00000000E-01 +-  0.00000000E+00
         1    0                 1.44641966E-15 +-  0.00000000E+00
         1    1                 5.00000000E-01 +-  0.00000000E+00
    6    0    0                 5.00000000E-01 +-  0.00000000E+00
         1    0                 6.53064616E-17 +-  7.39557099E-32
         1    1                 5.00000000E-01 +-  1.66533454E-16
    7    0    0                 9.82013790E-01 +-  0.00000000E+00
         1    0                -6.05728812E-17 +-  0.00000000E+00
         1    1                 9.82013790E-01 +-  0.00000000E+00
    8    0    0                 9.82013790E-01 +-  0.00000000E+00
         1    0                -8.06778521E-17 +-  2.21867130E-31
         1    1                 9.82013790E-01 +-  0.00000000E+00
    9    0    0                 9.99664650E-01 +-  0.00000000E+00
         1    0                -3.50775926E-19 +-  4.62223187E-32
         1    1                 9.99664650E-01 +-  0.00000000E+00
============================================================================
 FT of Density-density correlation fn: (up-up)
    1    0    0                 4.10262326E+00 +-  0.00000000E+00
         1    0                 4.00000000E+00 +-  0.00000000E+00
         1    1                 4.10262326E+00 +-  0.00000000E+00
    2    0    0                 1.89788687E-01 +-  0.00000000E+00
         1    0                 9.36750677E-17 +-  2.39391840E-16
         1    1                 1.89788687E-01 +-  6.66133815E-16
    3    0    0                 1.89788687E-01 +-  0.00000000E+00
         1    0                 1.35308431E-16 +-  1.66533454E-16
         1    1                 1.89788687E-01 +-  0.00000000E+00
    4    0    0                 2.50000000E-01 +-  0.00000000E+00
         1    0                -1.97758476E-16 +-  1.66533454E-16
         1    1                 2.50000000E-01 +-  0.00000000E+00
    5    0    0                 2.50000000E-01 +-  0.00000000E+00
         1    0                 1.63410951E-15 +-  5.10008702E-16
         1    1                 2.50000000E-01 +-  0.00000000E+00
    6    0    0                 2.50000000E-01 +-  0.00000000E+00
         1    0                 4.99600361E-16 +-  4.99600361E-16
         1    1                 2.50000000E-01 +-  1.66533454E-16
    7    0    0                 3.10211313E-01 +-  0.00000000E+00
         1    0                 1.43982049E-16 +-  2.08166817E-16
         1    1                 3.10211313E-01 +-  1.66533454E-16
    8    0    0                 3.10211313E-01 +-  0.00000000E+00
         1    0                 1.66533454E-16 +-  1.66533454E-16
         1    1                 3.10211313E-01 +-  3.33066907E-16
    9    0    0                 3.97376742E-01 +-  0.00000000E+00
         1    0                 4.99600361E-16 +-  4.99600361E-16
         1    1                 3.97376742E-01 +-  1.66533454E-16
============================================================================
 FT of Density-density correlation fn: (up-dn)
    1    0    0                 4.00000000E+00 +-  0.00000000E+00
         1    0                 4.00000000E+00 +-  0.00000000E+00
         1    1                 4.00000000E+00 +-  0.00000000E+00
    2    0    0                -9.02056208E-17 +-  0.00000000E+00
         1    0                -2.22044605E-16 +-  2.08166817E-17
         1    1                -4.85722573E-17 +-  0.00000000E+00
    3    0    0                -3.81639165E-17 +-  0.00000000E+00
         1    0                -1.94289029E-16 +-  1.45716772E-16
         1    1                -1.14491749E-16 +-  0.00000000E+00
    4    0    0                -3.46944695E-17 +-  0.00000000E+00
         1    0                -1.94289029E-16 +-  1.56125113E-16
         1    1                -1.07552856E-16 +-  0.00000000E+00
    5    0    0                 1.04083409E-17 +-  0.00000000E+00
         1    0                 9.71445147E-16 +-  4.16333634E-17
         1    1                -6.93889390E-18 +-  0.00000000E+00
    6    0    0                 0.00000000E+00 +-  0.00000000E+00
         1    0                 2.77555756E-16 +-  8.32667268E-16
         1    1                 5.55111512E-17 +-  0.00000000E+00
    7    0    0                -3.12250226E-17 +-  0.00000000E+00
         1    0                -1.90819582E-16 +-  1.56125113E-16
         1    1                -1.11022302E-16 +-  0.00000000E+00
    8    0    0                 0.00000000E+00 +-  0.00000000E+00
         1    0                 4.99600361E-16 +-  4.99600361E-16
         1    1                 5.55111512E-17 +-  0.00000000E+00
    9    0    0                 0.00000000E+00 +-  0.00000000E+00
         1    0                -6.10622664E-16 +-  4.99600361E-16
         1    1                 5.55111512E-17 +-  0.00000000E+00
============================================================================
 FT of XX spin correlation fn:
    1    0    0                 2.05246516E-01 +-  0.00000000E+00
         1    0                -1.12211532E-29 +-  0.00000000E+00
         1    1                 2.05246516E-01 +-  0.00000000E+00
    2    0    0                 3.79577374E-01 +-  0.00000000E+00
         1    0                -1.28953106E-31 +-  3.94115193E-46
         1    1                 3.79577374E-01 +-  0.00000000E+00
    3    0    0                 3.79577374E-01 +-  0.00000000E+00
         1    0                -2.49384485E-31 +-  0.00000000E+00
         1    1                 3.79577374E-01 +-  0.00000000E+00
    4    0    0                 5.00000000E-01 +-  0.00000000E+00
         1    0                -9.68266335E-31 +-  2.10194770E-45
         1    1                 5.00000000E-01 +-  0.00000000E+00
    5    0    0                 5.00000000E-01 +-  0.00000000E+00
         1    0                -4.52691844E-31 +-  1.57646077E-45
         1    1                 5.00000000E-01 +-  0.00000000E+00
    6    0    0                 5.00000000E-01 +-  0.00000000E+00
         1    0                 6.55899862E-31 +-  1.31371731E-45
         1    1                 5.00000000E-01 +-  0.00000000E+00
    7    0    0                 6.20422626E-01 +-  0.00000000E+00
         1    0                 1.26807844E-31 +-  1.05097385E-45
         1    1                 6.20422626E-01 +-  0.00000000E+00
    8    0    0                 6.20422626E-01 +-  0.00000000E+00
         1    0                -6.67510821E-31 +-  1.05097385E-45
         1    1                 6.20422626E-01 +-  0.00000000E+00
    9    0    0                 7.94753484E-01 +-  0.00000000E+00
         1    0                -1.78178805E-30 +-  1.05097385E-45
         1    1                 7.94753484E-01 +-  0.00000000E+00
============================================================================
 FT of ZZ spin correlation fn:
    1    0    0                 2.05246516E-01 +-  0.00000000E+00
         1    0                 0.00000000E+00 +-  0.00000000E+00
         1    1                 2.05246516E-01 +-  0.00000000E+00
    2    0    0                 3.79577374E-01 +-  0.00000000E+00
         1    0                 0.00000000E+00 +-  0.00000000E+00
         1    1                 3.79577374E-01 +-  0.00000000E+00
    3    0    0                 3.79577374E-01 +-  0.00000000E+00
         1    0                 0.00000000E+00 +-  0.00000000E+00
         1    1                 3.79577374E-01 +-  0.00000000E+00
    4    0    0                 5.00000000E-01 +-  0.00000000E+00
         1    0                 0.00000000E+00 +-  0.00000000E+00
         1    1                 5.00000000E-01 +-  0.00000000E+00
    5    0    0                 5.00000000E-01 +-  0.00000000E+00
         1    0                 0.00000000E+00 +-  0.00000000E+00
         1    1                 5.00000000E-01 +-  0.00000000E+00
    6    0    0                 5.00000000E-01 +-  0.00000000E+00
         1    0                 0.00000000E+00 +-  0.00000000E+00
         1    1                 5.00000000E-01 +-  0.00000000E+00
    7    0    0                 6.20422626E-01 +-  0.00000000E+00
         1    0                 0.00000000E+00 +-  0.00000000E+00
         1    1                 6.20422626E-01 +-  0.00000000E+00
    8    0    0                 6.20422626E-01 +-  0.00000000E+00
         1    0                 0.00000000E+00 +-  0.00000000E+00
         1    1                 6.20422626E-01 +-  0.00000000E+00
    9    0    0                 7.94753484E-01 +-  0.00000000E+00
         1    0                 0.00000000E+00 +-  0.00000000E+00
         1    1                 7.94753484E-01 +-  0.00000000E+00
============================================================================
 FT of Average spin correlation fn:
    1    0    0                 2.05246516E-01 +-  0.00000000E+00
         1    0                -7.48076878E-30 +-  0.00000000E+00
         1    1                 2.05246516E-01 +-  0.00000000E+00
    2    0    0                 3.79577374E-01 +-  0.00000000E+00
         1    0                -8.59687375E-32 +-  3.28429328E-47
         1    1                 3.79577374E-01 +-  0.00000000E+00
    3    0    0                 3.79577374E-01 +-  0.00000000E+00
         1    0                -1.66256323E-31 +-  6.56858655E-46
         1    1                 3.79577374E-01 +-  0.00000000E+00
    4    0    0                 5.00000000E-01 +-  0.00000000E+00
         1    0                -6.45510890E-31 +-  0.00000000E+00
         1    1                 5.00000000E-01 +-  0.00000000E+00
    5    0    0                 5.00000000E-01 +-  0.00000000E+00
         1    0                -3.01794563E-31 +-  1.18234558E-45
         1    1                 5.00000000E-01 +-  0.00000000E+00
    6    0    0                 5.00000000E-01 +-  0.00000000E+00
         1    0                 4.37266574E-31 +-  3.15292154E-45
         1    1                 5.00000000E-01 +-  0.00000000E+00
    7    0    0                 6.20422626E-01 +-  0.00000000E+00
         1    0                 8.45385629E-32 +-  1.31371731E-46
         1    1                 6.20422626E-01 +-  0.00000000E+00
    8    0    0                 6.20422626E-01 +-  0.00000000E+00
         1    0                -4.45007214E-31 +-  5.25486924E-46
         1    1                 6.20422626E-01 +-  0.00000000E+00
    9    0    0                 7.94753484E-01 +-  0.00000000E+00
         1    0                -1.18785870E-30 +-  1.05097385E-45
         1    1                 7.94753484E-01 +-  0.00000000E+00
============================================================================
 FT of Pairing correlation fn:
    1    0    0                 1.98688371E-01 +-  0.00000000E+00
         1    0                 2.81822478E-30 +-  0.00000000E+00
         1    1                 1.98688371E-01 +-  0.00000000E+00
    2    0    0                 1.55105656E-01 +-  0.00000000E+00
         1    0                 3.15971814E-32 +-  9.85287983E-47
         1    1                 1.55105656E-01 +-  0.00000000E+00
    3    0    0                 1.55105656E-01 +-  0.00000000E+00
         1    0                 6.32217978E-32 +-  1.31371731E-46
         1    1                 1.55105656E-01 +-  0.00000000E+00
    4    0    0                 1.25000000E-01 +-  0.00000000E+00
         1    0                 2.41031670E-31 +-  1.31371731E-46
         1    1                 1.25000000E-01 +-  0.00000000E+00
    5    0    0                 1.25000000E-01 +-  0.00000000E+00
         1    0                 1.13492677E-31 +-  6.56858655E-47
         1    1                 1.25000000E-01 +-  0.00000000E+00
    6    0    0                 1.25000000E-01 +-  0.00000000E+00
         1    0                -1.65217119E-31 +-  0.00000000E+00
         1    1                 1.25000000E-01 +-  0.00000000E+00
    7    0    0                 9.48943435E-02 +-  0.00000000E+00
         1    0                -3.27646942E-32 +-  0.00000000E+00
         1    1                 9.48943435E-02 +-  0.00000000E+00
    8    0    0                 9.48943435E-02 +-  0.00000000E+00
         1    0                 1.68232026E-31 +-  6.56858655E-47
         1    1                 9.48943435E-02 +-  0.00000000E+00
    9    0    0                 5.13116289E-02 +-  0.00000000E+00
         1    0                 4.44781481E-31 +-  0.00000000E+00
         1    1                 5.13116289E-02 +-  0.00000000E+00
============================================================================
 Eigenvalues of Ave Equal t Green's function:
    1    1                      3.35350130E-04 +-  1.62630326E-19
         2                      3.35350130E-04 +-  1.97921107E-16
    2    1                      1.79862100E-02 +-  0.00000000E+00
         2                      1.79862100E-02 +-  1.56125113E-16
    3    1                      1.79862100E-02 +-  0.00000000E+00
         2                      1.79862100E-02 +-  1.45716772E-16
    4    1                      5.00000000E-01 +-  3.33066907E-15
         2                      5.00000000E-01 +-  3.33066907E-15
    5    1                      5.00000000E-01 +-  3.33066907E-15
         2                      5.00000000E-01 +-  3.99680289E-15
    6    1                      5.00000000E-01 +-  0.00000000E+00
         2                      5.00000000E-01 +-  1.66533454E-16
    7    1                      9.82013790E-01 +-  0.00000000E+00
         2                      9.82013790E-01 +-  0.00000000E+00
    8    1                      9.82013790E-01 +-  0.00000000E+00
         2                      9.82013790E-01 +-  0.00000000E+00
    9    1                      9.99664650E-01 +-  0.00000000E+00
         2                      9.99664650E-01 +-  0.00000000E+00
============================================================================
 Eigenvalues of Up Equal t Green's function:
    1    1                      3.35350130E-04 +-  1.62630326E-19
         2                      3.35350130E-04 +-  1.97921107E-16
    2    1                      1.79862100E-02 +-  0.00000000E+00
         2                      1.79862100E-02 +-  1.56125113E-16
    3    1                      1.79862100E-02 +-  0.00000000E+00
         2                      1.79862100E-02 +-  1.45716772E-16
    4    1                      5.00000000E-01 +-  3.33066907E-15
         2                      5.00000000E-01 +-  3.33066907E-15
    5    1                      5.00000000E-01 +-  3.33066907E-15
         2                      5.00000000E-01 +-  3.99680289E-15
    6    1                      5.00000000E-01 +-  0.00000000E+00
         2                      5.00000000E-01 +-  1.66533454E-16
    7    1                      9.82013790E-01 +-  0.00000000E+00
         2                      9.82013790E-01 +-  0.00000000E+00
    8    1                      9.82013790E-01 +-  0.00000000E+00
         2                      9.82013790E-01 +-  0.00000000E+00
    9    1                      9.99664650E-01 +-  0.00000000E+00
         2                      9.99664650E-01 +-  0.00000000E+00
============================================================================
 Eigenvalues of Dn Equal t Green's function:
    1    1                      3.35350130E-04 +-  1.62630326E-19
         2                      3.35350130E-04 +-  1.97921107E-16
    2    1                      1.79862100E-02 +-  0.00000000E+00
         2                      1.79862100E-02 +-  1.56125113E-16
    3    1                      1.79862100E-02 +-  0.00000000E+00
         2                      1.79862100E-02 +-  1.45716772E-16
    4    1                      5.00000000E-01 +-  3.33066907E-15
         2                      5.00000000E-01 +-  3.33066907E-15
    5    1                      5.00000000E-01 +-  3.33066907E-15
         2                      5.00000000E-01 +-  3.99680289E-15
    6    1                      5.00000000E-01 +-  0.00000000E+00
         2                      5.00000000E-01 +-  1.66533454E-16
    7    1                      9.82013790E-01 +-  0.00000000E+00
         2                      9.82013790E-01 +-  0.00000000E+00
    8    1                      9.82013790E-01 +-  0.00000000E+00
         2                      9.82013790E-01 +-  0.00000000E+00
    9    1                      9.99664650E-01 +-  0.00000000E+00
         2                      9.99664650E-01 +-  0.00000000E+00
============================================================================
 Eigenvalues of Density-density correlation fn: (up-up)
    1    1                      1.02623258E-01 +-  6.00000000E+00
         2                      8.10262326E+00 +-  6.00000000E+00
    2    1                      1.89788687E-01 +-  6.06428164E-03
         2                      1.89788687E-01 +-  1.49809065E-04
    3    1                      1.89788687E-01 +-  1.66533454E-16
         2                      1.89788687E-01 +-  8.32667268E-17
    4    1                      2.50000000E-01 +-  5.72693952E-03
         2                      2.50000000E-01 +-  5.72693952E-03
    5    1                      2.50000000E-01 +-  6.74460487E-15
         2                      2.50000000E-01 +-  7.16093851E-15
    6    1                      2.50000000E-01 +-  9.99200722E-16
         2                      2.50000000E-01 +-  9.99200722E-16
    7    1                      3.10211313E-01 +-  8.69635402E-05
         2                      3.10211313E-01 +-  9.93128076E-04
    8    1                      3.10211313E-01 +-  7.86038361E-06
         2                      3.10211313E-01 +-  7.20588394E-07
    9    1                      3.97376742E-01 +-  1.66533454E-16
         2                      3.97376742E-01 +-  3.33066907E-16
============================================================================
 Eigenvalues of Density-density correlation fn: (up-dn)
    1    1                      4.44089210E-16 +-  6.00000000E+00
         2                      8.00000000E+00 +-  6.00000000E+00
    2    1                     -2.92838562E-16 +-  9.92647270E-16
         2                      1.54060683E-16 +-  9.91513287E-16
    3    1                     -2.74451178E-16 +-  3.58492622E-16
         2                      1.21795512E-16 +-  3.57617526E-16
    4    1                     -2.69072258E-16 +-  3.65400175E-16
         2                      1.26824933E-16 +-  3.63553480E-16
    5    1                     -9.69749144E-16 +-  4.35051307E-15
         2                      9.73218591E-16 +-  4.35051307E-15
    6    1                     -2.51184507E-16 +-  1.65706980E-15
         2                      3.06695658E-16 +-  1.65706980E-15
    7    1                     -2.66100716E-16 +-  7.65314288E-16
         2                      1.23853391E-16 +-  7.65094151E-16
    8    1                     -4.72615307E-16 +-  1.99532508E-15
         2                      5.28126459E-16 +-  1.99532525E-15
    9    1                     -5.83497571E-16 +-  2.99451026E-15
         2                      6.39008722E-16 +-  2.99451026E-15
============================================================================
 Eigenvalues of XX spin correlation fn:
    1    1                      2.05246516E-01 +-  0.00000000E+00
         2                      2.05246516E-01 +-  0.00000000E+00
    2    1                      3.79577374E-01 +-  0.00000000E+00
         2                      3.79577374E-01 +-  0.00000000E+00
    3    1                      3.79577374E-01 +-  0.00000000E+00
         2                      3.79577374E-01 +-  0.00000000E+00
    4    1                      5.00000000E-01 +-  0.00000000E+00
         2                      5.00000000E-01 +-  0.00000000E+00
    5    1                      5.00000000E-01 +-  0.00000000E+00
         2                      5.00000000E-01 +-  0.00000000E+00
    6    1                      5.00000000E-01 +-  0.00000000E+00
         2                      5.00000000E-01 +-  0.00000000E+00
    7    1                      6.20422626E-01 +-  0.00000000E+00
         2                      6.20422626E-01 +-  0.00000000E+00
    8    1                      6.20422626E-01 +-  0.00000000E+00
         2                      6.20422626E-01 +-  0.00000000E+00
    9    1                      7.94753484E-01 +-  0.00000000E+00
         2                      7.94753484E-01 +-  0.00000000E+00
============================================================================
 Eigenvalues of ZZ spin correlation fn:
    1    1                      2.05246516E-01 +-  0.00000000E+00
         2                      2.05246516E-01 +-  0.00000000E+00
    2    1                      3.79577374E-01 +-  0.00000000E+00
         2                      3.79577374E-01 +-  0.00000000E+00
    3    1                      3.79577374E-01 +-  0.00000000E+00
         2                      3.79577374E-01 +-  0.00000000E+00
    4    1                      5.00000000E-01 +-  0.00000000E+00
         2                      5.00000000E-01 +-  0.00000000E+00
    5    1                      5.00000000E-01 +-  0.00000000E+00
         2                      5.00000000E-01 +-  0.00000000E+00
    6    1                      5.00000000E-01 +-  0.00000000E+00
         2                      5.00000000E-01 +-  0.00000000E+00
    7    1                      6.20422626E-01 +-  0.00000000E+00
         2                      6.20422626E-01 +-  0.00000000E+00
    8    1                      6.20422626E-01 +-  0.00000000E+00
         2                      6.20422626E-01 +-  0.00000000E+00
    9    1                      7.94753484E-01 +-  0.00000000E+00
         2                      7.94753484E-01 +-  0.00000000E+00
============================================================================
 Eigenvalues of Average spin correlation fn:
    1    1                      2.05246516E-01 +-  0.00000000E+00
         2                      2.05246516E-01 +-  0.00000000E+00
    2    1                      3.79577374E-01 +-  0.00000000E+00
         2                      3.79577374E-01 +-  0.00000000E+00
    3    1                      3.79577374E-01 +-  0.00000000E+00
         2                      3.79577374E-01 +-  0.00000000E+00
    4    1                      5.00000000E-01 +-  0.00000000E+00
         2                      5.00000000E-01 +-  0.00000000E+00
    5    1                      5.00000000E-01 +-  0.00000000E+00
         2                      5.00000000E-01 +-  0.00000000E+00
    6    1                      5.00000000E-01 +-  0.00000000E+00
         2                      5.00000000E-01 +-  0.00000000E+00
    7    1                      6.20422626E-01 +-  0.00000000E+00
         2                      6.20422626E-01 +-  0.00000000E+00
    8    1                      6.20422626E-01 +-  0.00000000E+00
         2                      6.20422626E-01 +-  0.00000000E+00
    9    1                      7.94753484E-01 +-  0.00000000E+00
         2                      7.94753484E-01 +-  0.00000000E+00
============================================================================
 Eigenvalues of Pairing correlation fn:
    1    1                      1.98688371E-01 +-  0.00000000E+00
         2                      1.98688371E-01 +-  0.00000000E+00
    2    1                      1.55105656E-01 +-  0.00000000E+00
         2                      1.55105656E-01 +-  0.00000000E+00
    3    1                      1.55105656E-01 +-  0.00000000E+00
         2                      1.55105656E-01 +-  0.00000000E+00
    4    1                      1.25000000E-01 +-  0.00000000E+00
         2                      1.25000000E-01 +-  0.00000000E+00
    5    1                      1.25000000E-01 +-  0.00000000E+00
         2                      1.25000000E-01 +-  0.00000000E+00
    6    1                      1.25000000E-01 +-  0.00000000E+00
         2                      1.25000000E-01 +-  0.00000000E+00
    7    1                      9.48943435E-02 +-  0.00000000E+00
         2                      9.48943435E-02 +-  0.00000000E+00
    8    1                      9.48943435E-02 +-  0.00000000E+00
         2                      9.48943435E-02 +-  0.00000000E+00
    9    1                      5.13116289E-02 +-  0.00000000E+00
         2                      5.13116289E-02 +-  0.00000000E+00
============================================================================
 Eigenmodes of Ave Equal t Green's function (Natural orbitals):
                        1                          2
   1    1  ( -1.000000 +i  0.000000)  (  0.000699 +i  0.000000) 
        2  (  0.000699 +i  0.000000)  (  1.000000 +i  0.000000) 
   2    1  (  1.000000 +i  0.000000)  (  0.000000 +i  0.000000) 
        2  (  0.000000 +i  0.000000)  ( -1.000000 +i  0.000000) 
   3    1  (  1.000000 +i  0.000000)  (  0.000000 +i  0.000000) 
        2  (  0.000000 +i  0.000000)  (  1.000000 +i  0.000000) 
   4    1  ( -0.461898 +i  0.000000)  (  0.886933 +i  0.000000) 
        2  ( -0.886933 +i  0.000000)  ( -0.461898 +i -0.000000) 
   5    1  ( -0.301989 +i  0.000000)  (  0.953311 +i  0.000000) 
        2  ( -0.953311 +i  0.000000)  ( -0.301989 +i -0.000000) 
   6    1  ( -0.015680 +i  0.000000)  (  0.999877 +i -0.000000) 
        2  ( -0.999877 +i  0.000000)  ( -0.015680 +i  0.000000) 
   7    1  (  1.000000 +i  0.000000)  (  0.000000 +i  0.000000) 
        2  (  0.000000 +i  0.000000)  (  1.000000 +i  0.000000) 
   8    1  (  1.000000 +i  0.000000)  (  0.000000 +i  0.000000) 
        2  (  0.000000 +i  0.000000)  ( -1.000000 +i -0.000000) 
   9    1  (  0.000000 +i  0.000000)  ( -1.000000 +i -0.000000) 
        2  (  1.000000 +i  0.000000)  (  0.000000 +i  0.000000) 
============================================================================
 Eigenmodes of Up Equal t Green's function (Natural orbitals):
                        1                          2
   1    1  ( -1.000000 +i  0.000000)  (  0.000699 +i  0.000000) 
        2  (  0.000699 +i  0.000000)  (  1.000000 +i  0.000000) 
   2    1  (  1.000000 +i  0.000000)  (  0.000000 +i  0.000000) 
        2  (  0.000000 +i  0.000000)  ( -1.000000 +i  0.000000) 
   3    1  (  1.000000 +i  0.000000)  (  0.000000 +i  0.000000) 
        2  (  0.000000 +i  0.000000)  (  1.000000 +i  0.000000) 
   4    1  ( -0.461898 +i  0.000000)  (  0.886933 +i  0.000000) 
        2  ( -0.886933 +i  0.000000)  ( -0.461898 +i -0.000000) 
   5    1  ( -0.301989 +i  0.000000)  (  0.953311 +i  0.000000) 
        2  ( -0.953311 +i  0.000000)  ( -0.301989 +i -0.000000) 
   6    1  ( -0.015680 +i  0.000000)  (  0.999877 +i -0.000000) 
        2  ( -0.999877 +i  0.000000)  ( -0.015680 +i  0.000000) 
   7    1  (  1.000000 +i  0.000000)  (  0.000000 +i  0.000000) 
        2  (  0.000000 +i  0.000000)  (  1.000000 +i  0.000000) 
   8    1  (  1.000000 +i  0.000000)  (  0.000000 +i  0.000000) 
        2  (  0.000000 +i  0.000000)  ( -1.000000 +i -0.000000) 
   9    1  (  0.000000 +i  0.000000)  ( -1.000000 +i -0.000000) 
        2  (  1.000000 +i  0.000000)  (  0.000000 +i  0.000000) 
============================================================================
 Eigenmodes of Down Equal t Green's function (Natural orbitals):
                        1                          2
   1    1  ( -1.000000 +i  0.000000)  (  0.000699 +i  0.000000) 
        2  (  0.000699 +i  0.000000)  (  1.000000 +i  0.000000) 
   2    1  (  1.000000 +i  0.000000)  (  0.000000 +i  0.000000) 
        2  (  0.000000 +i  0.000000)  ( -1.000000 +i  0.000000) 
   3    1  (  1.000000 +i  0.000000)  (  0.000000 +i  0.000000) 
        2  (  0.000000 +i  0.000000)  (  1.000000 +i  0.000000) 
   4    1  ( -0.461898 +i  0.000000)  (  0.886933 +i  0.000000) 
        2  ( -0.886933 +i  0.000000)  ( -0.461898 +i -0.000000) 
   5    1  ( -0.301989 +i  0.000000)  (  0.953311 +i  0.000000) 
        2  ( -0.953311 +i  0.000000)  ( -0.301989 +i -0.000000) 
   6    1  ( -0.015680 +i  0.000000)  (  0.999877 +i -0.000000) 
        2  ( -0.999877 +i  0.000000)  ( -0.015680 +i  0.000000) 
   7    1  (  1.000000 +i  0.000000)  (  0.000000 +i  0.000000) 
        2  (  0.000000 +i  0.000000)  (  1.000000 +i  0.000000) 
   8    1  (  1.000000 +i  0.000000)  (  0.000000 +i  0.000000) 
        2  (  0.000000 +i  0.000000)  ( -1.000000 +i -0.000000) 
   9    1  (  0.000000 +i  0.000000)  ( -1.000000 +i -0.000000) 
        2  (  1.000000 +i  0.000000)  (  0.000000 +i  0.000000) 
============================================================================
 Eigenmodes of Density-density correlation fn: (up-up)
                        1                          2
   1    1  ( -0.707107 +i  0.000000)  (  0.707107 +i  0.000000) 
        2  (  0.707107 +i  0.000000)  (  0.707107 +i  0.000000) 
   2    1  ( -0.155267 +i  0.000000)  (  0.985173 +i  0.072976) 
        2  ( -0.987872 +i  0.000000)  ( -0.154843 +i -0.011470) 
   3    1  (  0.156470 +i  0.000000)  ( -0.987683 +i  0.000000) 
        2  ( -0.987683 +i  0.000000)  ( -0.156470 +i  0.000000) 
   4    1  ( -0.707107 +i  0.000000)  ( -0.704402 +i  0.061790) 
        2  (  0.707107 +i  0.000000)  ( -0.704402 +i  0.061790) 
   5    1  ( -0.839775 +i  0.000000)  (  0.542934 +i -0.000000) 
        2  ( -0.542934 +i  0.000000)  ( -0.839775 +i  0.000000) 
   6    1  ( -0.235279 +i  0.000000)  (  0.971928 +i  0.000000) 
        2  ( -0.971928 +i  0.000000)  ( -0.235279 +i -0.000000) 
   7    1  ( -0.958898 +i  0.000000)  (  0.283669 +i -0.006835) 
        2  ( -0.283752 +i  0.000000)  ( -0.958620 +i  0.023099) 
   8    1  ( -0.289785 +i  0.000000)  (  0.957090 +i -0.002055) 
        2  ( -0.957092 +i  0.000000)  ( -0.289784 +i  0.000622) 
   9    1  ( -0.060075 +i  0.000000)  (  0.998194 +i  0.000000) 
        2  ( -0.998194 +i  0.000000)  ( -0.060075 +i -0.000000) 
============================================================================
 Eigenmodes of Density-density correlation fn: (up-dn)
                        1                          2
   1    1  ( -0.707107 +i  0.000000)  (  0.707107 +i  0.000000) 
        2  (  0.707107 +i  0.000000)  (  0.707107 +i  0.000000) 
   2    1  ( -0.739311 +i  0.000000)  ( -0.672053 +i  0.042003) 
        2  ( -0.673364 +i  0.000000)  (  0.737871 +i -0.046117) 
   3    1  ( -0.635363 +i  0.000000)  ( -0.771721 +i -0.027561) 
        2  ( -0.772213 +i  0.000000)  (  0.634958 +i  0.022677) 
   4    1  ( -0.638736 +i  0.000000)  ( -0.768325 +i  0.041160) 
        2  ( -0.769426 +i  0.000000)  (  0.637821 +i -0.034169) 
   5    1  ( -0.703943 +i  0.000000)  (  0.710256 +i  0.000000) 
        2  ( -0.710256 +i  0.000000)  ( -0.703943 +i -0.000000) 
   6    1  ( -0.741453 +i  0.000000)  (  0.671005 +i  0.000000) 
        2  ( -0.671005 +i  0.000000)  ( -0.741453 +i -0.000000) 
   7    1  ( -0.630622 +i  0.000000)  ( -0.775962 +i -0.014108) 
        2  ( -0.776090 +i  0.000000)  (  0.630518 +i  0.011464) 
   8    1  ( -0.726454 +i  0.000000)  (  0.687215 +i -0.000492) 
        2  ( -0.687215 +i  0.000000)  ( -0.726454 +i  0.000520) 
   9    1  ( -0.722983 +i  0.000000)  ( -0.690866 +i -0.000000) 
        2  (  0.690866 +i  0.000000)  ( -0.722983 +i -0.000000) 
============================================================================
 Eigenmodes of XX-Spin correlation fn: 
                        1                          2
   1    1  (  1.000000 +i  0.000000)  (  0.000000 +i  0.000000) 
        2  (  0.000000 +i  0.000000)  (  1.000000 +i  0.000000) 
   2    1  (  1.000000 +i  0.000000)  (  0.000000 +i  0.000000) 
        2  (  0.000000 +i  0.000000)  ( -1.000000 +i -0.000000) 
   3    1  (  0.000000 +i  0.000000)  ( -1.000000 +i -0.000000) 
        2  (  1.000000 +i  0.000000)  (  0.000000 +i  0.000000) 
   4    1  (  1.000000 +i  0.000000)  (  0.000000 +i  0.000000) 
        2  (  0.000000 +i  0.000000)  ( -1.000000 +i -0.000000) 
   5    1  (  1.000000 +i  0.000000)  (  0.000000 +i  0.000000) 
        2  (  0.000000 +i  0.000000)  ( -1.000000 +i  0.000000) 
   6    1  (  0.000000 +i  0.000000)  ( -1.000000 +i  0.000000) 
        2  (  1.000000 +i  0.000000)  (  0.000000 +i  0.000000) 
   7    1  (  1.000000 +i  0.000000)  (  0.000000 +i  0.000000) 
        2  (  0.000000 +i  0.000000)  (  1.000000 +i  0.000000) 
   8    1  (  0.000000 +i  0.000000)  ( -1.000000 +i -0.000000) 
        2  (  1.000000 +i  0.000000)  (  0.000000 +i  0.000000) 
   9    1  (  0.000000 +i  0.000000)  ( -1.000000 +i -0.000000) 
        2  (  1.000000 +i  0.000000)  (  0.000000 +i  0.000000) 
============================================================================
 Eigenmodes of ZZ-Spin correlation fn: 
                        1                          2
   1    1  (  1.000000 +i  0.000000)  (  0.000000 +i  0.000000) 
        2  (  0.000000 +i  0.000000)  (  1.000000 +i  0.000000) 
   2    1  (  1.000000 +i  0.000000)  (  0.000000 +i  0.000000) 
        2  (  0.000000 +i  0.000000)  (  1.000000 +i  0.000000) 
   3    1  (  0.000000 +i  0.000000)  (  1.000000 +i  0.000000) 
        2  (  1.000000 +i  0.000000)  (  0.000000 +i  0.000000) 
   4    1  (  1.000000 +i  0.000000)  (  0.000000 +i  0.000000) 
        2  (  0.000000 +i  0.000000)  (  1.000000 +i  0.000000) 
   5    1  (  1.000000 +i  0.000000)  (  0.000000 +i  0.000000) 
        2  (  0.000000 +i  0.000000)  (  1.000000 +i  0.000000) 
   6    1  (  0.000000 +i  0.000000)  (  1.000000 +i  0.000000) 
        2  (  1.000000 +i  0.000000)  (  0.000000 +i  0.000000) 
   7    1  (  1.000000 +i  0.000000)  (  0.000000 +i  0.000000) 
        2  (  0.000000 +i  0.000000)  (  1.000000 +i  0.000000) 
   8    1  (  0.000000 +i  0.000000)  (  1.000000 +i  0.000000) 
        2  (  1.000000 +i  0.000000)  (  0.000000 +i  0.000000) 
   9    1  (  0.000000 +i  0.000000)  (  1.000000 +i  0.000000) 
        2  (  1.000000 +i  0.000000)  (  0.000000 +i  0.000000) 
============================================================================
 Eigenmodes of Average Spin correlation fn: 
                        1                          2
   1    1  (  1.000000 +i  0.000000)  (  0.000000 +i  0.000000) 
        2  (  0.000000 +i  0.000000)  (  1.000000 +i  0.000000) 
   2    1  (  1.000000 +i  0.000000)  (  0.000000 +i  0.000000) 
        2  (  0.000000 +i  0.000000)  ( -1.000000 +i  0.000000) 
   3    1  (  0.000000 +i  0.000000)  (  1.000000 +i  0.000000) 
        2  (  1.000000 +i  0.000000)  (  0.000000 +i  0.000000) 
   4    1  (  1.000000 +i  0.000000)  (  0.000000 +i  0.000000) 
        2  (  0.000000 +i  0.000000)  ( -1.000000 +i  0.000000) 
   5    1  (  1.000000 +i  0.000000)  (  0.000000 +i  0.000000) 
        2  (  0.000000 +i  0.000000)  ( -1.000000 +i -0.000000) 
   6    1  (  0.000000 +i  0.000000)  ( -1.000000 +i  0.000000) 
        2  (  1.000000 +i  0.000000)  (  0.000000 +i  0.000000) 
   7    1  (  1.000000 +i  0.000000)  (  0.000000 +i  0.000000) 
        2  (  0.000000 +i  0.000000)  (  1.000000 +i  0.000000) 
   8    1  (  0.000000 +i  0.000000)  ( -1.000000 +i -0.000000) 
        2  (  1.000000 +i  0.000000)  (  0.000000 +i  0.000000) 
   9    1  (  0.000000 +i  0.000000)  ( -1.000000 +i  0.000000) 
        2  (  1.000000 +i  0.000000)  (  0.000000 +i  0.000000) 
============================================================================
 Eigenmodes of Pairing correlation fn: 
                        1                          2
   1    1  (  0.000000 +i  0.000000)  (  1.000000 +i  0.000000) 
        2  (  1.000000 +i  0.000000)  (  0.000000 +i  0.000000) 
   2    1  (  0.000000 +i  0.000000)  ( -1.000000 +i  0.000000) 
        2  (  1.000000 +i  0.000000)  (  0.000000 +i  0.000000) 
   3    1  (  0.000000 +i  0.000000)  ( -1.000000 +i -0.000000) 
        2  (  1.000000 +i  0.000000)  (  0.000000 +i  0.000000) 
   4    1  (  0.000000 +i  0.000000)  ( -1.000000 +i -0.000000) 
        2  (  1.000000 +i  0.000000)  (  0.000000 +i  0.000000) 
   5    1  (  0.000000 +i  0.000000)  ( -1.000000 +i  0.000000) 
        2  (  1.000000 +i  0.000000)  (  0.000000 +i  0.000000) 
   6    1  (  0.000000 +i  0.000000)  ( -1.000000 +i  0.000000) 
        2  (  1.000000 +i  0.000000)  (  0.000000 +i  0.000000) 
   7    1  (  0.000000 +i  0.000000)  (  1.000000 +i  0.000000) 
        2  (  1.000000 +i  0.000000)  (  0.000000 +i  0.000000) 
   8    1  (  0.000000 +i  0.000000)  ( -1.000000 +i -0.000000) 
        2  (  1.000000 +i  0.000000)  (  0.000000 +i  0.000000) 
   9    1  (  0.000000 +i  0.000000)  ( -1.000000 +i  0.000000) 
        2  (  1.000000 +i  0.000000)  (  0.000000 +i  0.000000) 
============================================================================
