 General Geometry - Free Format                                                 
  
                          U :            0.000000    0.000000
                       t_up :        1.000000E+00
                       t_dn :        1.000000E+00
                      mu_up :           -0.800000   -0.800000
                      mu_dn :           -0.800000   -0.800000
             Time slice - L :           20
            Number of sites :           32
                       dtau :        1.000000E-01
                       beta :        2.000000E+00
     Number of warmup sweep :        50000
Number of measurement sweep :       100000
   Frequency of measurement :            1
                Random seed :      1234567
 Frequency of recomputing G :            8
Global move number of sites :            1
               Accept count :     49463987
               Reject count :     46464432
    Approximate accept rate :        5.156343E-01
                      gamma :        9.393386E-01
   Global move accept count :       150000
   Global move reject count :            0
    Global move accept rate :        1.000000E+00
           Type of matrix B : Dense MatB  
         Type of matrix HSF : discrete
 Sign of equal time measurements:
                                avg sign :   1.00000000E+00 +-  0.00000000E+00
                             avg up sign :   1.00000000E+00 +-  0.00000000E+00
                             avg dn sign :   1.00000000E+00 +-  0.00000000E+00
============================================================================
 Electronic properties:
                         spin up density :   3.55521549E-01 +-  0.00000000E+00
                       spin down density :   3.55521549E-01 +-  0.00000000E+00
                           total density :   7.11043098E-01 +-  0.00000000E+00
                        double occupancy :   1.26395572E-01 +-  0.00000000E+00
                kinetic (hopping) energy :  -1.41227980E+00 +-  0.00000000E+00
            potential (U*Nup*Ndn) energy :   0.00000000E+00 +-  0.00000000E+00
   PH-symm total energy (inc. chem potl) :  -8.43445322E-01 +-  0.00000000E+00
                             chi_thermal :   1.06630306E+01 +-  0.00000000E+00
                           specific heat :  -2.67368090E+01 +-  1.34816005E-13
                       (magnetization)^2 :   1.14562989E-01 +-  0.00000000E+00
               XX ferro structure factor :   1.45001148E-01 +-  0.00000000E+00
               ZZ ferro structure factor :   1.45001148E-01 +-  0.00000000E+00
============================================================================
 Mean Equal time Green's function:
    0    0    0.0000    0.0000    0.0000   016   6.44478451E-01 +-  0.00000000E+00
    0    1    0.0000    0.0000    1.0000   032  -1.61915377E-17 +-  0.00000000E+00
    0    0    1.0000    0.0000    0.0000   032  -1.76534975E-01 +-  0.00000000E+00
    0    1    1.0000    0.0000    1.0000   064  -8.99294434E-18 +-  0.00000000E+00
    0    0    2.0000    0.0000    0.0000   016  -4.14028558E-02 +-  0.00000000E+00
    0    1    2.0000    0.0000    1.0000   032  -1.33390718E-16 +-  0.00000000E+00
    0    0    0.0000    1.0000    0.0000   032  -1.76534975E-01 +-  0.00000000E+00
    0    1    0.0000    1.0000    1.0000   064   2.16066198E-17 +-  0.00000000E+00
    0    0    1.0000    1.0000    0.0000   064  -4.14028558E-02 +-  0.00000000E+00
    0    1    1.0000    1.0000    1.0000   128   5.77331354E-17 +-  0.00000000E+00
    0    0    2.0000    1.0000    0.0000   032   5.17507908E-02 +-  0.00000000E+00
    0    1    2.0000    1.0000    1.0000   064  -3.13370854E-17 +-  0.00000000E+00
    0    0    0.0000    2.0000    0.0000   016  -4.14028558E-02 +-  0.00000000E+00
    0    1    0.0000    2.0000    1.0000   032  -3.95856734E-17 +-  0.00000000E+00
    0    0    1.0000    2.0000    0.0000   032   5.17507908E-02 +-  0.00000000E+00
    0    1    1.0000    2.0000    1.0000   064   1.86498099E-17 +-  0.00000000E+00
    0    0    2.0000    2.0000    0.0000   016   1.04734223E-01 +-  0.00000000E+00
    0    1    2.0000    2.0000    1.0000   032  -4.23602286E-17 +-  0.00000000E+00
    1    1    0.0000    0.0000    0.0000   016   6.44478451E-01 +-  0.00000000E+00
    1    1    1.0000    0.0000    0.0000   032  -1.76534975E-01 +-  0.00000000E+00
    1    1    2.0000    0.0000    0.0000   016  -4.14028558E-02 +-  0.00000000E+00
    1    1    0.0000    1.0000    0.0000   032  -1.76534975E-01 +-  0.00000000E+00
    1    1    1.0000    1.0000    0.0000   064  -4.14028558E-02 +-  0.00000000E+00
    1    1    2.0000    1.0000    0.0000   032   5.17507908E-02 +-  0.00000000E+00
    1    1    0.0000    2.0000    0.0000   016  -4.14028558E-02 +-  0.00000000E+00
    1    1    1.0000    2.0000    0.0000   032   5.17507908E-02 +-  0.00000000E+00
    1    1    2.0000    2.0000    0.0000   016   1.04734223E-01 +-  0.00000000E+00
============================================================================
 Up Equal time Green's function:
    0    0    0.0000    0.0000    0.0000   016   6.44478451E-01 +-  0.00000000E+00
    0    1    0.0000    0.0000    1.0000   032  -1.61915377E-17 +-  0.00000000E+00
    0    0    1.0000    0.0000    0.0000   032  -1.76534975E-01 +-  0.00000000E+00
    0    1    1.0000    0.0000    1.0000   064  -8.99294434E-18 +-  0.00000000E+00
    0    0    2.0000    0.0000    0.0000   016  -4.14028558E-02 +-  0.00000000E+00
    0    1    2.0000    0.0000    1.0000   032  -1.33390718E-16 +-  0.00000000E+00
    0    0    0.0000    1.0000    0.0000   032  -1.76534975E-01 +-  0.00000000E+00
    0    1    0.0000    1.0000    1.0000   064   2.16066198E-17 +-  0.00000000E+00
    0    0    1.0000    1.0000    0.0000   064  -4.14028558E-02 +-  0.00000000E+00
    0    1    1.0000    1.0000    1.0000   128   5.77331354E-17 +-  0.00000000E+00
    0    0    2.0000    1.0000    0.0000   032   5.17507908E-02 +-  0.00000000E+00
    0    1    2.0000    1.0000    1.0000   064  -3.13370854E-17 +-  0.00000000E+00
    0    0    0.0000    2.0000    0.0000   016  -4.14028558E-02 +-  0.00000000E+00
    0    1    0.0000    2.0000    1.0000   032  -3.95856734E-17 +-  0.00000000E+00
    0    0    1.0000    2.0000    0.0000   032   5.17507908E-02 +-  0.00000000E+00
    0    1    1.0000    2.0000    1.0000   064   1.86498099E-17 +-  0.00000000E+00
    0    0    2.0000    2.0000    0.0000   016   1.04734223E-01 +-  0.00000000E+00
    0    1    2.0000    2.0000    1.0000   032  -4.23602286E-17 +-  0.00000000E+00
    1    1    0.0000    0.0000    0.0000   016   6.44478451E-01 +-  0.00000000E+00
    1    1    1.0000    0.0000    0.0000   032  -1.76534975E-01 +-  0.00000000E+00
    1    1    2.0000    0.0000    0.0000   016  -4.14028558E-02 +-  0.00000000E+00
    1    1    0.0000    1.0000    0.0000   032  -1.76534975E-01 +-  0.00000000E+00
    1    1    1.0000    1.0000    0.0000   064  -4.14028558E-02 +-  0.00000000E+00
    1    1    2.0000    1.0000    0.0000   032   5.17507908E-02 +-  0.00000000E+00
    1    1    0.0000    2.0000    0.0000   016  -4.14028558E-02 +-  0.00000000E+00
    1    1    1.0000    2.0000    0.0000   032   5.17507908E-02 +-  0.00000000E+00
    1    1    2.0000    2.0000    0.0000   016   1.04734223E-01 +-  0.00000000E+00
============================================================================
 Down Equal time Green's function:
    0    0    0.0000    0.0000    0.0000   016   6.44478451E-01 +-  0.00000000E+00
    0    1    0.0000    0.0000    1.0000   032  -1.61915377E-17 +-  0.00000000E+00
    0    0    1.0000    0.0000    0.0000   032  -1.76534975E-01 +-  0.00000000E+00
    0    1    1.0000    0.0000    1.0000   064  -8.99294434E-18 +-  0.00000000E+00
    0    0    2.0000    0.0000    0.0000   016  -4.14028558E-02 +-  0.00000000E+00
    0    1    2.0000    0.0000    1.0000   032  -1.33390718E-16 +-  0.00000000E+00
    0    0    0.0000    1.0000    0.0000   032  -1.76534975E-01 +-  0.00000000E+00
    0    1    0.0000    1.0000    1.0000   064   2.16066198E-17 +-  0.00000000E+00
    0    0    1.0000    1.0000    0.0000   064  -4.14028558E-02 +-  0.00000000E+00
    0    1    1.0000    1.0000    1.0000   128   5.77331354E-17 +-  0.00000000E+00
    0    0    2.0000    1.0000    0.0000   032   5.17507908E-02 +-  0.00000000E+00
    0    1    2.0000    1.0000    1.0000   064  -3.13370854E-17 +-  0.00000000E+00
    0    0    0.0000    2.0000    0.0000   016  -4.14028558E-02 +-  0.00000000E+00
    0    1    0.0000    2.0000    1.0000   032  -3.95856734E-17 +-  0.00000000E+00
    0    0    1.0000    2.0000    0.0000   032   5.17507908E-02 +-  0.00000000E+00
    0    1    1.0000    2.0000    1.0000   064   1.86498099E-17 +-  0.00000000E+00
    0    0    2.0000    2.0000    0.0000   016   1.04734223E-01 +-  0.00000000E+00
    0    1    2.0000    2.0000    1.0000   032  -4.23602286E-17 +-  0.00000000E+00
    1    1    0.0000    0.0000    0.0000   016   6.44478451E-01 +-  0.00000000E+00
    1    1    1.0000    0.0000    0.0000   032  -1.76534975E-01 +-  0.00000000E+00
    1    1    2.0000    0.0000    0.0000   016  -4.14028558E-02 +-  0.00000000E+00
    1    1    0.0000    1.0000    0.0000   032  -1.76534975E-01 +-  0.00000000E+00
    1    1    1.0000    1.0000    0.0000   064  -4.14028558E-02 +-  0.00000000E+00
    1    1    2.0000    1.0000    0.0000   032   5.17507908E-02 +-  0.00000000E+00
    1    1    0.0000    2.0000    0.0000   016  -4.14028558E-02 +-  0.00000000E+00
    1    1    1.0000    2.0000    0.0000   032   5.17507908E-02 +-  0.00000000E+00
    1    1    2.0000    2.0000    0.0000   016   1.04734223E-01 +-  0.00000000E+00
============================================================================
 Density-density correlation fn: (up-up)
    0    0    0.0000    0.0000    0.0000   016   3.55521549E-01 +-  0.00000000E+00
    0    1    0.0000    0.0000    1.0000   032   1.26395572E-01 +-  0.00000000E+00
    0    0    1.0000    0.0000    0.0000   032   9.52309744E-02 +-  0.00000000E+00
    0    1    1.0000    0.0000    1.0000   064   1.26395572E-01 +-  0.00000000E+00
    0    0    2.0000    0.0000    0.0000   016   1.24681375E-01 +-  0.00000000E+00
    0    1    2.0000    0.0000    1.0000   032   1.26395572E-01 +-  0.00000000E+00
    0    0    0.0000    1.0000    0.0000   032   9.52309744E-02 +-  0.00000000E+00
    0    1    0.0000    1.0000    1.0000   064   1.26395572E-01 +-  0.00000000E+00
    0    0    1.0000    1.0000    0.0000   064   1.24681375E-01 +-  0.00000000E+00
    0    1    1.0000    1.0000    1.0000   128   1.26395572E-01 +-  0.00000000E+00
    0    0    2.0000    1.0000    0.0000   032   1.23717428E-01 +-  0.00000000E+00
    0    1    2.0000    1.0000    1.0000   064   1.26395572E-01 +-  0.00000000E+00
    0    0    0.0000    2.0000    0.0000   016   1.24681375E-01 +-  0.00000000E+00
    0    1    0.0000    2.0000    1.0000   032   1.26395572E-01 +-  0.00000000E+00
    0    0    1.0000    2.0000    0.0000   032   1.23717428E-01 +-  0.00000000E+00
    0    1    1.0000    2.0000    1.0000   064   1.26395572E-01 +-  0.00000000E+00
    0    0    2.0000    2.0000    0.0000   016   1.15426315E-01 +-  0.00000000E+00
    0    1    2.0000    2.0000    1.0000   032   1.26395572E-01 +-  0.00000000E+00
    1    1    0.0000    0.0000    0.0000   016   3.55521549E-01 +-  0.00000000E+00
    1    1    1.0000    0.0000    0.0000   032   9.52309744E-02 +-  0.00000000E+00
    1    1    2.0000    0.0000    0.0000   016   1.24681375E-01 +-  0.00000000E+00
    1    1    0.0000    1.0000    0.0000   032   9.52309744E-02 +-  0.00000000E+00
    1    1    1.0000    1.0000    0.0000   064   1.24681375E-01 +-  0.00000000E+00
    1    1    2.0000    1.0000    0.0000   032   1.23717428E-01 +-  0.00000000E+00
    1    1    0.0000    2.0000    0.0000   016   1.24681375E-01 +-  0.00000000E+00
    1    1    1.0000    2.0000    0.0000   032   1.23717428E-01 +-  0.00000000E+00
    1    1    2.0000    2.0000    0.0000   016   1.15426315E-01 +-  0.00000000E+00
============================================================================
 Density-density correlation fn: (up-dn)
    0    0    0.0000    0.0000    0.0000   016   1.26395572E-01 +-  0.00000000E+00
    0    1    0.0000    0.0000    1.0000   032   1.26395572E-01 +-  0.00000000E+00
    0    0    1.0000    0.0000    0.0000   032   1.26395572E-01 +-  0.00000000E+00
    0    1    1.0000    0.0000    1.0000   064   1.26395572E-01 +-  0.00000000E+00
    0    0    2.0000    0.0000    0.0000   016   1.26395572E-01 +-  0.00000000E+00
    0    1    2.0000    0.0000    1.0000   032   1.26395572E-01 +-  0.00000000E+00
    0    0    0.0000    1.0000    0.0000   032   1.26395572E-01 +-  0.00000000E+00
    0    1    0.0000    1.0000    1.0000   064   1.26395572E-01 +-  0.00000000E+00
    0    0    1.0000    1.0000    0.0000   064   1.26395572E-01 +-  0.00000000E+00
    0    1    1.0000    1.0000    1.0000   128   1.26395572E-01 +-  0.00000000E+00
    0    0    2.0000    1.0000    0.0000   032   1.26395572E-01 +-  0.00000000E+00
    0    1    2.0000    1.0000    1.0000   064   1.26395572E-01 +-  0.00000000E+00
    0    0    0.0000    2.0000    0.0000   016   1.26395572E-01 +-  0.00000000E+00
    0    1    0.0000    2.0000    1.0000   032   1.26395572E-01 +-  0.00000000E+00
    0    0    1.0000    2.0000    0.0000   032   1.26395572E-01 +-  0.00000000E+00
    0    1    1.0000    2.0000    1.0000   064   1.26395572E-01 +-  0.00000000E+00
    0    0    2.0000    2.0000    0.0000   016   1.26395572E-01 +-  0.00000000E+00
    0    1    2.0000    2.0000    1.0000   032   1.26395572E-01 +-  0.00000000E+00
    1    1    0.0000    0.0000    0.0000   016   1.26395572E-01 +-  0.00000000E+00
    1    1    1.0000    0.0000    0.0000   032   1.26395572E-01 +-  0.00000000E+00
    1    1    2.0000    0.0000    0.0000   016   1.26395572E-01 +-  0.00000000E+00
    1    1    0.0000    1.0000    0.0000   032   1.26395572E-01 +-  0.00000000E+00
    1    1    1.0000    1.0000    0.0000   064   1.26395572E-01 +-  0.00000000E+00
    1    1    2.0000    1.0000    0.0000   032   1.26395572E-01 +-  0.00000000E+00
    1    1    0.0000    2.0000    0.0000   016   1.26395572E-01 +-  0.00000000E+00
    1    1    1.0000    2.0000    0.0000   032   1.26395572E-01 +-  0.00000000E+00
    1    1    2.0000    2.0000    0.0000   016   1.26395572E-01 +-  0.00000000E+00
============================================================================
 XX Spin correlation function:
    0    0    0.0000    0.0000    0.0000   016   4.58251954E-01 +-  0.00000000E+00
    0    1    0.0000    0.0000    1.0000   032  -1.27501573E-31 +-  0.00000000E+00
    0    0    1.0000    0.0000    0.0000   032  -6.23291949E-02 +-  0.00000000E+00
    0    1    1.0000    0.0000    1.0000   064  -1.17546775E-31 +-  0.00000000E+00
    0    0    2.0000    0.0000    0.0000   016  -3.42839294E-03 +-  0.00000000E+00
    0    1    2.0000    0.0000    1.0000   032  -1.00762043E-31 +-  0.00000000E+00
    0    0    0.0000    1.0000    0.0000   032  -6.23291949E-02 +-  0.00000000E+00
    0    1    0.0000    1.0000    1.0000   064  -1.33120078E-31 +-  0.00000000E+00
    0    0    1.0000    1.0000    0.0000   064  -3.42839294E-03 +-  0.00000000E+00
    0    1    1.0000    1.0000    1.0000   128  -1.08651372E-31 +-  0.00000000E+00
    0    0    2.0000    1.0000    0.0000   032  -5.35628869E-03 +-  0.00000000E+00
    0    1    2.0000    1.0000    1.0000   064  -1.07696567E-31 +-  0.00000000E+00
    0    0    0.0000    2.0000    0.0000   016  -3.42839294E-03 +-  0.00000000E+00
    0    1    0.0000    2.0000    1.0000   032  -1.28243413E-31 +-  0.00000000E+00
    0    0    1.0000    2.0000    0.0000   032  -5.35628869E-03 +-  0.00000000E+00
    0    1    1.0000    2.0000    1.0000   064  -1.24472595E-31 +-  0.00000000E+00
    0    0    2.0000    2.0000    0.0000   016  -2.19385148E-02 +-  0.00000000E+00
    0    1    2.0000    2.0000    1.0000   032  -7.25716180E-32 +-  0.00000000E+00
    1    1    0.0000    0.0000    0.0000   016   4.58251954E-01 +-  0.00000000E+00
    1    1    1.0000    0.0000    0.0000   032  -6.23291949E-02 +-  0.00000000E+00
    1    1    2.0000    0.0000    0.0000   016  -3.42839294E-03 +-  0.00000000E+00
    1    1    0.0000    1.0000    0.0000   032  -6.23291949E-02 +-  0.00000000E+00
    1    1    1.0000    1.0000    0.0000   064  -3.42839294E-03 +-  0.00000000E+00
    1    1    2.0000    1.0000    0.0000   032  -5.35628869E-03 +-  0.00000000E+00
    1    1    0.0000    2.0000    0.0000   016  -3.42839294E-03 +-  0.00000000E+00
    1    1    1.0000    2.0000    0.0000   032  -5.35628869E-03 +-  0.00000000E+00
    1    1    2.0000    2.0000    0.0000   016  -2.19385148E-02 +-  0.00000000E+00
============================================================================
 ZZ Spin correlation function:
    0    0    0.0000    0.0000    0.0000   016   4.58251954E-01 +-  0.00000000E+00
    0    1    0.0000    0.0000    1.0000   032   0.00000000E+00 +-  0.00000000E+00
    0    0    1.0000    0.0000    0.0000   032  -6.23291949E-02 +-  0.00000000E+00
    0    1    1.0000    0.0000    1.0000   064   0.00000000E+00 +-  0.00000000E+00
    0    0    2.0000    0.0000    0.0000   016  -3.42839294E-03 +-  0.00000000E+00
    0    1    2.0000    0.0000    1.0000   032   0.00000000E+00 +-  0.00000000E+00
    0    0    0.0000    1.0000    0.0000   032  -6.23291949E-02 +-  0.00000000E+00
    0    1    0.0000    1.0000    1.0000   064   0.00000000E+00 +-  0.00000000E+00
    0    0    1.0000    1.0000    0.0000   064  -3.42839294E-03 +-  0.00000000E+00
    0    1    1.0000    1.0000    1.0000   128   0.00000000E+00 +-  0.00000000E+00
    0    0    2.0000    1.0000    0.0000   032  -5.35628869E-03 +-  0.00000000E+00
    0    1    2.0000    1.0000    1.0000   064   0.00000000E+00 +-  0.00000000E+00
    0    0    0.0000    2.0000    0.0000   016  -3.42839294E-03 +-  0.00000000E+00
    0    1    0.0000    2.0000    1.0000   032   0.00000000E+00 +-  0.00000000E+00
    0    0    1.0000    2.0000    0.0000   032  -5.35628869E-03 +-  0.00000000E+00
    0    1    1.0000    2.0000    1.0000   064   0.00000000E+00 +-  0.00000000E+00
    0    0    2.0000    2.0000    0.0000   016  -2.19385148E-02 +-  0.00000000E+00
    0    1    2.0000    2.0000    1.0000   032   0.00000000E+00 +-  0.00000000E+00
    1    1    0.0000    0.0000    0.0000   016   4.58251954E-01 +-  0.00000000E+00
    1    1    1.0000    0.0000    0.0000   032  -6.23291949E-02 +-  0.00000000E+00
    1    1    2.0000    0.0000    0.0000   016  -3.42839294E-03 +-  0.00000000E+00
    1    1    0.0000    1.0000    0.0000   032  -6.23291949E-02 +-  0.00000000E+00
    1    1    1.0000    1.0000    0.0000   064  -3.42839294E-03 +-  0.00000000E+00
    1    1    2.0000    1.0000    0.0000   032  -5.35628869E-03 +-  0.00000000E+00
    1    1    0.0000    2.0000    0.0000   016  -3.42839294E-03 +-  0.00000000E+00
    1    1    1.0000    2.0000    0.0000   032  -5.35628869E-03 +-  0.00000000E+00
    1    1    2.0000    2.0000    0.0000   016  -2.19385148E-02 +-  0.00000000E+00
============================================================================
 Average Spin correlation function:
    0    0    0.0000    0.0000    0.0000   016   4.58251954E-01 +-  0.00000000E+00
    0    1    0.0000    0.0000    1.0000   032  -8.50010484E-32 +-  0.00000000E+00
    0    0    1.0000    0.0000    0.0000   032  -6.23291949E-02 +-  0.00000000E+00
    0    1    1.0000    0.0000    1.0000   064  -7.83645168E-32 +-  0.00000000E+00
    0    0    2.0000    0.0000    0.0000   016  -3.42839294E-03 +-  0.00000000E+00
    0    1    2.0000    0.0000    1.0000   032  -6.71746955E-32 +-  0.00000000E+00
    0    0    0.0000    1.0000    0.0000   032  -6.23291949E-02 +-  0.00000000E+00
    0    1    0.0000    1.0000    1.0000   064  -8.87467189E-32 +-  0.00000000E+00
    0    0    1.0000    1.0000    0.0000   064  -3.42839294E-03 +-  0.00000000E+00
    0    1    1.0000    1.0000    1.0000   128  -7.24342479E-32 +-  0.00000000E+00
    0    0    2.0000    1.0000    0.0000   032  -5.35628869E-03 +-  0.00000000E+00
    0    1    2.0000    1.0000    1.0000   064  -7.17977112E-32 +-  0.00000000E+00
    0    0    0.0000    2.0000    0.0000   016  -3.42839294E-03 +-  0.00000000E+00
    0    1    0.0000    2.0000    1.0000   032  -8.54956089E-32 +-  0.00000000E+00
    0    0    1.0000    2.0000    0.0000   032  -5.35628869E-03 +-  0.00000000E+00
    0    1    1.0000    2.0000    1.0000   064  -8.29817300E-32 +-  0.00000000E+00
    0    0    2.0000    2.0000    0.0000   016  -2.19385148E-02 +-  0.00000000E+00
    0    1    2.0000    2.0000    1.0000   032  -4.83810787E-32 +-  0.00000000E+00
    1    1    0.0000    0.0000    0.0000   016   4.58251954E-01 +-  0.00000000E+00
    1    1    1.0000    0.0000    0.0000   032  -6.23291949E-02 +-  0.00000000E+00
    1    1    2.0000    0.0000    0.0000   016  -3.42839294E-03 +-  0.00000000E+00
    1    1    0.0000    1.0000    0.0000   032  -6.23291949E-02 +-  0.00000000E+00
    1    1    1.0000    1.0000    0.0000   064  -3.42839294E-03 +-  0.00000000E+00
    1    1    2.0000    1.0000    0.0000   032  -5.35628869E-03 +-  0.00000000E+00
    1    1    0.0000    2.0000    0.0000   016  -3.42839294E-03 +-  0.00000000E+00
    1    1    1.0000    2.0000    0.0000   032  -5.35628869E-03 +-  0.00000000E+00
    1    1    2.0000    2.0000    0.0000   016  -2.19385148E-02 +-  0.00000000E+00
============================================================================
 S-wave pairing correlation function:
    0    0    0.0000    0.0000    0.0000   016   2.07676237E-01 +-  0.00000000E+00
    0    1    0.0000    0.0000    1.0000   032   3.26283851E-32 +-  0.00000000E+00
    0    0    1.0000    0.0000    0.0000   032   1.55822987E-02 +-  0.00000000E+00
    0    1    1.0000    0.0000    1.0000   064   3.02839445E-32 +-  0.00000000E+00
    0    0    2.0000    0.0000    0.0000   016   8.57098236E-04 +-  0.00000000E+00
    0    1    2.0000    0.0000    1.0000   032   2.59891628E-32 +-  0.00000000E+00
    0    0    0.0000    1.0000    0.0000   032   1.55822987E-02 +-  0.00000000E+00
    0    1    0.0000    1.0000    1.0000   064   3.39702429E-32 +-  0.00000000E+00
    0    0    1.0000    1.0000    0.0000   064   8.57098236E-04 +-  0.00000000E+00
    0    1    1.0000    1.0000    1.0000   128   2.81713427E-32 +-  0.00000000E+00
    0    0    2.0000    1.0000    0.0000   032   1.33907217E-03 +-  0.00000000E+00
    0    1    2.0000    1.0000    1.0000   064   2.72973857E-32 +-  0.00000000E+00
    0    0    0.0000    2.0000    0.0000   016   8.57098236E-04 +-  0.00000000E+00
    0    1    0.0000    2.0000    1.0000   032   3.23412295E-32 +-  0.00000000E+00
    0    0    1.0000    2.0000    0.0000   032   1.33907217E-03 +-  0.00000000E+00
    0    1    1.0000    2.0000    1.0000   064   3.19069529E-32 +-  0.00000000E+00
    0    0    2.0000    2.0000    0.0000   016   5.48462869E-03 +-  0.00000000E+00
    0    1    2.0000    2.0000    1.0000   032   1.88589508E-32 +-  0.00000000E+00
    1    1    0.0000    0.0000    0.0000   016   2.07676237E-01 +-  0.00000000E+00
    1    1    1.0000    0.0000    0.0000   032   1.55822987E-02 +-  0.00000000E+00
    1    1    2.0000    0.0000    0.0000   016   8.57098236E-04 +-  0.00000000E+00
    1    1    0.0000    1.0000    0.0000   032   1.55822987E-02 +-  0.00000000E+00
    1    1    1.0000    1.0000    0.0000   064   8.57098236E-04 +-  0.00000000E+00
    1    1    2.0000    1.0000    0.0000   032   1.33907217E-03 +-  0.00000000E+00
    1    1    0.0000    2.0000    0.0000   016   8.57098236E-04 +-  0.00000000E+00
    1    1    1.0000    2.0000    0.0000   032   1.33907217E-03 +-  0.00000000E+00
    1    1    2.0000    2.0000    0.0000   016   5.48462869E-03 +-  0.00000000E+00
============================================================================
 Grid for Green's function
  K-points
  Class
    1         0.00000   0.00000
 
    2         0.00000  -1.57080
              0.00000   1.57080
 
    3        -1.57080   0.00000
              1.57080   0.00000
 
    4        -1.57080  -1.57080
              1.57080  -1.57080
             -1.57080   1.57080
              1.57080   1.57080
 
    5         0.00000  -3.14159
 
    6        -3.14159   0.00000
 
    7        -1.57080  -3.14159
              1.57080  -3.14159
 
    8        -3.14159  -1.57080
             -3.14159   1.57080
 
    9        -3.14159  -3.14159
 
============================================================================
 Grid for spin/charge correlations
  K-points
  Class
    1         0.00000   0.00000
 
    2         0.00000  -1.57080
              0.00000   1.57080
 
    3        -1.57080   0.00000
              1.57080   0.00000
 
    4        -1.57080  -1.57080
              1.57080  -1.57080
             -1.57080   1.57080
              1.57080   1.57080
 
    5         0.00000  -3.14159
 
    6        -3.14159   0.00000
 
    7        -1.57080  -3.14159
              1.57080  -3.14159
 
    8        -3.14159  -1.57080
             -3.14159   1.57080
 
    9        -3.14159  -3.14159
 
============================================================================
 FT of Ave Equal t Green's function:
    1    0    0                 1.65880108E-03 +-  4.16333634E-17
         1    0                -7.42815986E-19 +-  4.16000868E-32
         1    1                 1.65880108E-03 +-  1.66533454E-16
    2    0    0                 8.31726965E-02 +-  2.49800181E-16
         1    0                -1.22921862E-16 +-  0.00000000E+00
         1    1                 8.31726965E-02 +-  0.00000000E+00
    3    0    0                 8.31726965E-02 +-  0.00000000E+00
         1    0                 2.25861146E-16 +-  0.00000000E+00
         1    1                 8.31726965E-02 +-  0.00000000E+00
    4    0    0                 8.32018385E-01 +-  0.00000000E+00
         1    0                 1.14424625E-16 +-  0.00000000E+00
         1    1                 8.32018385E-01 +-  0.00000000E+00
    5    0    0                 8.32018385E-01 +-  0.00000000E+00
         1    0                -4.23686037E-16 +-  0.00000000E+00
         1    1                 8.32018385E-01 +-  0.00000000E+00
    6    0    0                 8.32018385E-01 +-  0.00000000E+00
         1    0                -5.01235361E-16 +-  0.00000000E+00
         1    1                 8.32018385E-01 +-  0.00000000E+00
    7    0    0                 9.96315760E-01 +-  0.00000000E+00
         1    0                 1.40863248E-17 +-  1.84889275E-32
         1    1                 9.96315760E-01 +-  0.00000000E+00
    8    0    0                 9.96315760E-01 +-  0.00000000E+00
         1    0                -1.23508450E-17 +-  0.00000000E+00
         1    1                 9.96315760E-01 +-  3.33066907E-16
    9    0    0                 9.99932276E-01 +-  0.00000000E+00
         1    0                -4.48415755E-19 +-  1.84889275E-32
         1    1                 9.99932276E-01 +-  0.00000000E+00
============================================================================
 FT of Up Equal t Green's function:
    1    0    0                 1.65880108E-03 +-  4.16333634E-17
         1    0                -7.42815986E-19 +-  4.16000868E-32
         1    1                 1.65880108E-03 +-  1.66533454E-16
    2    0    0                 8.31726965E-02 +-  2.49800181E-16
         1    0                -1.22921862E-16 +-  0.00000000E+00
         1    1                 8.31726965E-02 +-  0.00000000E+00
    3    0    0                 8.31726965E-02 +-  0.00000000E+00
         1    0                 2.25861146E-16 +-  0.00000000E+00
         1    1                 8.31726965E-02 +-  0.00000000E+00
    4    0    0                 8.32018385E-01 +-  0.00000000E+00
         1    0                 1.14424625E-16 +-  0.00000000E+00
         1    1                 8.32018385E-01 +-  0.00000000E+00
    5    0    0                 8.32018385E-01 +-  0.00000000E+00
         1    0                -4.23686037E-16 +-  0.00000000E+00
         1    1                 8.32018385E-01 +-  0.00000000E+00
    6    0    0                 8.32018385E-01 +-  0.00000000E+00
         1    0                -5.01235361E-16 +-  0.00000000E+00
         1    1                 8.32018385E-01 +-  0.00000000E+00
    7    0    0                 9.96315760E-01 +-  0.00000000E+00
         1    0                 1.40863248E-17 +-  1.84889275E-32
         1    1                 9.96315760E-01 +-  0.00000000E+00
    8    0    0                 9.96315760E-01 +-  0.00000000E+00
         1    0                -1.23508450E-17 +-  0.00000000E+00
         1    1                 9.96315760E-01 +-  3.33066907E-16
    9    0    0                 9.99932276E-01 +-  0.00000000E+00
         1    0                -4.48415755E-19 +-  1.84889275E-32
         1    1                 9.99932276E-01 +-  0.00000000E+00
============================================================================
 FT of Dn Equal t Green's function:
    1    0    0                 1.65880108E-03 +-  4.16333634E-17
         1    0                -7.42815986E-19 +-  4.16000868E-32
         1    1                 1.65880108E-03 +-  1.66533454E-16
    2    0    0                 8.31726965E-02 +-  2.49800181E-16
         1    0                -1.22921862E-16 +-  0.00000000E+00
         1    1                 8.31726965E-02 +-  0.00000000E+00
    3    0    0                 8.31726965E-02 +-  0.00000000E+00
         1    0                 2.25861146E-16 +-  0.00000000E+00
         1    1                 8.31726965E-02 +-  0.00000000E+00
    4    0    0                 8.32018385E-01 +-  0.00000000E+00
         1    0                 1.14424625E-16 +-  0.00000000E+00
         1    1                 8.32018385E-01 +-  0.00000000E+00
    5    0    0                 8.32018385E-01 +-  0.00000000E+00
         1    0                -4.23686037E-16 +-  0.00000000E+00
         1    1                 8.32018385E-01 +-  0.00000000E+00
    6    0    0                 8.32018385E-01 +-  0.00000000E+00
         1    0                -5.01235361E-16 +-  0.00000000E+00
         1    1                 8.32018385E-01 +-  0.00000000E+00
    7    0    0                 9.96315760E-01 +-  0.00000000E+00
         1    0                 1.40863248E-17 +-  1.84889275E-32
         1    1                 9.96315760E-01 +-  0.00000000E+00
    8    0    0                 9.96315760E-01 +-  0.00000000E+00
         1    0                -1.23508450E-17 +-  0.00000000E+00
         1    1                 9.96315760E-01 +-  3.33066907E-16
    9    0    0                 9.99932276E-01 +-  0.00000000E+00
         1    0                -4.48415755E-19 +-  1.84889275E-32
         1    1                 9.99932276E-01 +-  0.00000000E+00
============================================================================
 FT of Density-density correlation fn: (up-up)
    1    0    0                 2.09482972E+00 +-  0.00000000E+00
         1    0                 2.02232915E+00 +-  0.00000000E+00
         1    1                 2.09482972E+00 +-  0.00000000E+00
    2    0    0                 1.83122328E-01 +-  0.00000000E+00
         1    0                -6.24500451E-17 +-  9.36750677E-17
         1    1                 1.83122328E-01 +-  0.00000000E+00
    3    0    0                 1.83122328E-01 +-  0.00000000E+00
         1    0                -8.32667268E-17 +-  8.32667268E-17
         1    1                 1.83122328E-01 +-  0.00000000E+00
    4    0    0                 2.21585113E-01 +-  0.00000000E+00
         1    0                -6.24500451E-17 +-  8.32667268E-17
         1    1                 2.21585113E-01 +-  8.32667268E-17
    5    0    0                 2.21585113E-01 +-  0.00000000E+00
         1    0                -3.13638004E-15 +-  1.76941795E-16
         1    1                 2.21585113E-01 +-  0.00000000E+00
    6    0    0                 2.21585113E-01 +-  0.00000000E+00
         1    0                -3.13638004E-15 +-  2.49800181E-16
         1    1                 2.21585113E-01 +-  8.32667268E-17
    7    0    0                 2.97068141E-01 +-  0.00000000E+00
         1    0                -7.63278329E-17 +-  8.32667268E-17
         1    1                 2.97068141E-01 +-  0.00000000E+00
    8    0    0                 2.97068141E-01 +-  0.00000000E+00
         1    0                -2.77555756E-17 +-  8.32667268E-17
         1    1                 2.97068141E-01 +-  0.00000000E+00
    9    0    0                 3.43242508E-01 +-  0.00000000E+00
         1    0                 3.30291350E-15 +-  2.49800181E-16
         1    1                 3.43242508E-01 +-  0.00000000E+00
============================================================================
 FT of Density-density correlation fn: (up-dn)
    1    0    0                 2.02232915E+00 +-  0.00000000E+00
         1    0                 2.02232915E+00 +-  0.00000000E+00
         1    1                 2.02232915E+00 +-  0.00000000E+00
    2    0    0                -4.85722573E-17 +-  0.00000000E+00
         1    0                 2.94902991E-17 +-  1.82145965E-16
         1    1                -5.20417043E-17 +-  1.04083409E-17
    3    0    0                -1.11022302E-16 +-  0.00000000E+00
         1    0                 0.00000000E+00 +-  1.66533454E-16
         1    1                -5.55111512E-17 +-  0.00000000E+00
    4    0    0                -3.46944695E-17 +-  0.00000000E+00
         1    0                -3.46944695E-17 +-  0.00000000E+00
         1    1                -3.46944695E-17 +-  0.00000000E+00
    5    0    0                 0.00000000E+00 +-  0.00000000E+00
         1    0                 9.88792381E-17 +-  1.40512602E-16
         1    1                -3.46944695E-18 +-  1.04083409E-17
    6    0    0                -5.55111512E-17 +-  0.00000000E+00
         1    0                 2.22044605E-16 +-  3.33066907E-16
         1    1                 0.00000000E+00 +-  0.00000000E+00
    7    0    0                 6.93889390E-18 +-  0.00000000E+00
         1    0                -1.04083409E-16 +-  1.66533454E-16
         1    1                -4.85722573E-17 +-  0.00000000E+00
    8    0    0                 0.00000000E+00 +-  0.00000000E+00
         1    0                 5.55111512E-17 +-  1.66533454E-16
         1    1                 0.00000000E+00 +-  0.00000000E+00
    9    0    0                 5.55111512E-17 +-  0.00000000E+00
         1    0                -1.11022302E-16 +-  0.00000000E+00
         1    1                 0.00000000E+00 +-  0.00000000E+00
============================================================================
 FT of XX spin correlation fn:
    1    0    0                 1.45001148E-01 +-  0.00000000E+00
         1    0                -1.82935617E-30 +-  0.00000000E+00
         1    1                 1.45001148E-01 +-  0.00000000E+00
    2    0    0                 3.66244657E-01 +-  0.00000000E+00
         1    0                -1.35969446E-32 +-  1.88846863E-46
         1    1                 3.66244657E-01 +-  0.00000000E+00
    3    0    0                 3.66244657E-01 +-  0.00000000E+00
         1    0                -1.33258348E-31 +-  0.00000000E+00
         1    1                 3.66244657E-01 +-  0.00000000E+00
    4    0    0                 4.43170226E-01 +-  0.00000000E+00
         1    0                 2.89322659E-32 +-  1.14950265E-46
         1    1                 4.43170226E-01 +-  0.00000000E+00
    5    0    0                 4.43170226E-01 +-  0.00000000E+00
         1    0                 3.12139006E-33 +-  2.87375662E-47
         1    1                 4.43170226E-01 +-  0.00000000E+00
    6    0    0                 4.43170226E-01 +-  0.00000000E+00
         1    0                 7.93229053E-33 +-  1.43687831E-46
         1    1                 4.43170226E-01 +-  0.00000000E+00
    7    0    0                 5.94136282E-01 +-  0.00000000E+00
         1    0                -3.15643014E-32 +-  0.00000000E+00
         1    1                 5.94136282E-01 +-  0.00000000E+00
    8    0    0                 5.94136282E-01 +-  0.00000000E+00
         1    0                -4.13002242E-32 +-  0.00000000E+00
         1    1                 5.94136282E-01 +-  0.00000000E+00
    9    0    0                 6.86485016E-01 +-  0.00000000E+00
         1    0                 1.01987896E-31 +-  3.28429328E-46
         1    1                 6.86485016E-01 +-  0.00000000E+00
============================================================================
 FT of ZZ spin correlation fn:
    1    0    0                 1.45001148E-01 +-  0.00000000E+00
         1    0                 0.00000000E+00 +-  0.00000000E+00
         1    1                 1.45001148E-01 +-  0.00000000E+00
    2    0    0                 3.66244657E-01 +-  0.00000000E+00
         1    0                 0.00000000E+00 +-  0.00000000E+00
         1    1                 3.66244657E-01 +-  0.00000000E+00
    3    0    0                 3.66244657E-01 +-  0.00000000E+00
         1    0                 0.00000000E+00 +-  0.00000000E+00
         1    1                 3.66244657E-01 +-  0.00000000E+00
    4    0    0                 4.43170226E-01 +-  0.00000000E+00
         1    0                 0.00000000E+00 +-  0.00000000E+00
         1    1                 4.43170226E-01 +-  0.00000000E+00
    5    0    0                 4.43170226E-01 +-  0.00000000E+00
         1    0                 0.00000000E+00 +-  0.00000000E+00
         1    1                 4.43170226E-01 +-  0.00000000E+00
    6    0    0                 4.43170226E-01 +-  0.00000000E+00
         1    0                 0.00000000E+00 +-  0.00000000E+00
         1    1                 4.43170226E-01 +-  0.00000000E+00
    7    0    0                 5.94136282E-01 +-  0.00000000E+00
         1    0                 0.00000000E+00 +-  0.00000000E+00
         1    1                 5.94136282E-01 +-  0.00000000E+00
    8    0    0                 5.94136282E-01 +-  0.00000000E+00
         1    0                 0.00000000E+00 +-  0.00000000E+00
         1    1                 5.94136282E-01 +-  0.00000000E+00
    9    0    0                 6.86485016E-01 +-  0.00000000E+00
         1    0                 0.00000000E+00 +-  0.00000000E+00
         1    1                 6.86485016E-01 +-  0.00000000E+00
============================================================================
 FT of Average spin correlation fn:
    1    0    0                 1.45001148E-01 +-  2.49800181E-16
         1    0                -1.21957078E-30 +-  0.00000000E+00
         1    1                 1.45001148E-01 +-  8.32667268E-17
    2    0    0                 3.66244657E-01 +-  0.00000000E+00
         1    0                -9.06462976E-33 +-  6.97912321E-47
         1    1                 3.66244657E-01 +-  1.66533454E-16
    3    0    0                 3.66244657E-01 +-  1.66533454E-16
         1    0                -8.88388986E-32 +-  3.28429328E-47
         1    1                 3.66244657E-01 +-  1.66533454E-16
    4    0    0                 4.43170226E-01 +-  3.33066907E-16
         1    0                 1.92881773E-32 +-  1.64214664E-47
         1    1                 4.43170226E-01 +-  1.66533454E-16
    5    0    0                 4.43170226E-01 +-  0.00000000E+00
         1    0                 2.08092671E-33 +-  1.12897581E-46
         1    1                 4.43170226E-01 +-  3.33066907E-16
    6    0    0                 4.43170226E-01 +-  1.66533454E-16
         1    0                 5.28819369E-33 +-  3.48956161E-47
         1    1                 4.43170226E-01 +-  1.66533454E-16
    7    0    0                 5.94136282E-01 +-  3.33066907E-16
         1    0                -2.10428676E-32 +-  8.21073319E-47
         1    1                 5.94136282E-01 +-  0.00000000E+00
    8    0    0                 5.94136282E-01 +-  0.00000000E+00
         1    0                -2.75334828E-32 +-  6.56858655E-47
         1    1                 5.94136282E-01 +-  3.33066907E-16
    9    0    0                 6.86485016E-01 +-  3.33066907E-16
         1    0                 6.79919308E-32 +-  1.31371731E-46
         1    1                 6.86485016E-01 +-  3.33066907E-16
============================================================================
 FT of Pairing correlation fn:
    1    0    0                 2.85988939E-01 +-  1.66533454E-16
         1    0                 4.69420151E-31 +-  0.00000000E+00
         1    1                 2.85988939E-01 +-  0.00000000E+00
    2    0    0                 2.30678061E-01 +-  1.66533454E-16
         1    0                 4.17135074E-33 +-  1.43687831E-47
         1    1                 2.30678061E-01 +-  0.00000000E+00
    3    0    0                 2.30678061E-01 +-  8.32667268E-17
         1    0                 3.34672155E-32 +-  0.00000000E+00
         1    1                 2.30678061E-01 +-  0.00000000E+00
    4    0    0                 2.11446669E-01 +-  1.66533454E-16
         1    0                -6.84305640E-33 +-  0.00000000E+00
         1    1                 2.11446669E-01 +-  0.00000000E+00
    5    0    0                 2.11446669E-01 +-  8.32667268E-17
         1    0                -1.02110517E-33 +-  2.56585412E-47
         1    1                 2.11446669E-01 +-  0.00000000E+00
    6    0    0                 2.11446669E-01 +-  1.66533454E-16
         1    0                -4.71417993E-33 +-  1.64214664E-47
         1    1                 2.11446669E-01 +-  0.00000000E+00
    7    0    0                 1.73705155E-01 +-  8.32667268E-17
         1    0                 6.77578674E-33 +-  0.00000000E+00
         1    1                 1.73705155E-01 +-  0.00000000E+00
    8    0    0                 1.73705155E-01 +-  8.32667268E-17
         1    0                 1.06633845E-32 +-  1.64214664E-47
         1    1                 1.73705155E-01 +-  0.00000000E+00
    9    0    0                 1.50617971E-01 +-  8.32667268E-17
         1    0                -2.44139532E-32 +-  1.64214664E-47
         1    1                 1.50617971E-01 +-  0.00000000E+00
============================================================================
 Eigenvalues of Ave Equal t Green's function:
    1    1                      1.65880108E-03 +-  4.16333634E-17
         2                      1.65880108E-03 +-  1.66533454E-16
    2    1                      8.31726965E-02 +-  1.66533454E-16
         2                      8.31726965E-02 +-  4.57966998E-16
    3    1                      8.31726965E-02 +-  5.41233725E-16
         2                      8.31726965E-02 +-  7.07767178E-16
    4    1                      8.32018385E-01 +-  0.00000000E+00
         2                      8.32018385E-01 +-  3.33066907E-16
    5    1                      8.32018385E-01 +-  1.66533454E-15
         2                      8.32018385E-01 +-  1.66533454E-15
    6    1                      8.32018385E-01 +-  1.99840144E-15
         2                      8.32018385E-01 +-  1.33226763E-15
    7    1                      9.96315760E-01 +-  0.00000000E+00
         2                      9.96315760E-01 +-  0.00000000E+00
    8    1                      9.96315760E-01 +-  0.00000000E+00
         2                      9.96315760E-01 +-  3.33066907E-16
    9    1                      9.99932276E-01 +-  0.00000000E+00
         2                      9.99932276E-01 +-  0.00000000E+00
============================================================================
 Eigenvalues of Up Equal t Green's function:
    1    1                      1.65880108E-03 +-  4.16333634E-17
         2                      1.65880108E-03 +-  1.66533454E-16
    2    1                      8.31726965E-02 +-  1.66533454E-16
         2                      8.31726965E-02 +-  4.57966998E-16
    3    1                      8.31726965E-02 +-  5.41233725E-16
         2                      8.31726965E-02 +-  7.07767178E-16
    4    1                      8.32018385E-01 +-  0.00000000E+00
         2                      8.32018385E-01 +-  3.33066907E-16
    5    1                      8.32018385E-01 +-  1.66533454E-15
         2                      8.32018385E-01 +-  1.66533454E-15
    6    1                      8.32018385E-01 +-  1.99840144E-15
         2                      8.32018385E-01 +-  1.33226763E-15
    7    1                      9.96315760E-01 +-  0.00000000E+00
         2                      9.96315760E-01 +-  0.00000000E+00
    8    1                      9.96315760E-01 +-  0.00000000E+00
         2                      9.96315760E-01 +-  3.33066907E-16
    9    1                      9.99932276E-01 +-  0.00000000E+00
         2                      9.99932276E-01 +-  0.00000000E+00
============================================================================
 Eigenvalues of Dn Equal t Green's function:
    1    1                      1.65880108E-03 +-  4.16333634E-17
         2                      1.65880108E-03 +-  1.66533454E-16
    2    1                      8.31726965E-02 +-  1.66533454E-16
         2                      8.31726965E-02 +-  4.57966998E-16
    3    1                      8.31726965E-02 +-  5.41233725E-16
         2                      8.31726965E-02 +-  7.07767178E-16
    4    1                      8.32018385E-01 +-  0.00000000E+00
         2                      8.32018385E-01 +-  3.33066907E-16
    5    1                      8.32018385E-01 +-  1.66533454E-15
         2                      8.32018385E-01 +-  1.66533454E-15
    6    1                      8.32018385E-01 +-  1.99840144E-15
         2                      8.32018385E-01 +-  1.33226763E-15
    7    1                      9.96315760E-01 +-  0.00000000E+00
         2                      9.96315760E-01 +-  0.00000000E+00
    8    1                      9.96315760E-01 +-  0.00000000E+00
         2                      9.96315760E-01 +-  3.33066907E-16
    9    1                      9.99932276E-01 +-  0.00000000E+00
         2                      9.99932276E-01 +-  0.00000000E+00
============================================================================
 Eigenvalues of Density-density correlation fn: (up-up)
    1    1                      7.25005739E-02 +-  3.03349373E+00
         2                      4.11715887E+00 +-  3.03349373E+00
    2    1                      1.83122328E-01 +-  6.33740754E-02
         2                      1.83122328E-01 +-  6.33740754E-02
    3    1                      1.83122328E-01 +-  1.66533454E-16
         2                      1.83122328E-01 +-  8.32667268E-17
    4    1                      2.21585113E-01 +-  2.49800181E-16
         2                      2.21585113E-01 +-  8.32667268E-17
    5    1                      2.21585113E-01 +-  1.39888101E-14
         2                      2.21585113E-01 +-  1.39888101E-14
    6    1                      2.21585113E-01 +-  1.39888101E-14
         2                      2.21585113E-01 +-  1.37390099E-14
    7    1                      2.97068141E-01 +-  1.66533454E-16
         2                      2.97068141E-01 +-  0.00000000E+00
    8    1                      2.97068141E-01 +-  9.26826433E-05
         2                      2.97068141E-01 +-  0.00000000E+00
    9    1                      3.43242508E-01 +-  1.39888101E-14
         2                      3.43242508E-01 +-  1.39888101E-14
============================================================================
 Eigenvalues of Density-density correlation fn: (up-dn)
    1    1                      0.00000000E+00 +-  3.03349373E+00
         2                      4.04465830E+00 +-  3.03349373E+00
    2    1                     -8.45650245E-17 +-  2.63833337E-16
         2                     -1.60489371E-17 +-  1.78506348E-16
    3    1                     -1.11022302E-16 +-  0.00000000E+00
         2                     -5.55111512E-17 +-  0.00000000E+00
    4    1                     -6.93889390E-17 +-  5.20417043E-17
         2                      0.00000000E+00 +-  5.20417043E-17
    5    1                     -1.00629177E-16 +-  5.20429060E-16
         2                      9.71597304E-17 +-  5.10020720E-16
    6    1                     -2.51528180E-16 +-  1.15673223E-15
         2                      1.96017029E-16 +-  1.15673223E-15
    7    1                     -1.28537283E-16 +-  7.03983182E-17
         2                      8.69039195E-17 +-  7.03983182E-17
    8    1                     -5.55115121E-17 +-  3.33067178E-16
         2                      5.55115121E-17 +-  3.33067178E-16
    9    1                     -8.66835943E-17 +-  4.84683543E-16
         2                      1.42194746E-16 +-  4.84683543E-16
============================================================================
 Eigenvalues of XX spin correlation fn:
    1    1                      1.45001148E-01 +-  0.00000000E+00
         2                      1.45001148E-01 +-  0.00000000E+00
    2    1                      3.66244657E-01 +-  0.00000000E+00
         2                      3.66244657E-01 +-  0.00000000E+00
    3    1                      3.66244657E-01 +-  0.00000000E+00
         2                      3.66244657E-01 +-  0.00000000E+00
    4    1                      4.43170226E-01 +-  0.00000000E+00
         2                      4.43170226E-01 +-  0.00000000E+00
    5    1                      4.43170226E-01 +-  0.00000000E+00
         2                      4.43170226E-01 +-  0.00000000E+00
    6    1                      4.43170226E-01 +-  0.00000000E+00
         2                      4.43170226E-01 +-  0.00000000E+00
    7    1                      5.94136282E-01 +-  0.00000000E+00
         2                      5.94136282E-01 +-  0.00000000E+00
    8    1                      5.94136282E-01 +-  0.00000000E+00
         2                      5.94136282E-01 +-  0.00000000E+00
    9    1                      6.86485016E-01 +-  0.00000000E+00
         2                      6.86485016E-01 +-  0.00000000E+00
============================================================================
 Eigenvalues of ZZ spin correlation fn:
    1    1                      1.45001148E-01 +-  0.00000000E+00
         2                      1.45001148E-01 +-  0.00000000E+00
    2    1                      3.66244657E-01 +-  0.00000000E+00
         2                      3.66244657E-01 +-  0.00000000E+00
    3    1                      3.66244657E-01 +-  0.00000000E+00
         2                      3.66244657E-01 +-  0.00000000E+00
    4    1                      4.43170226E-01 +-  0.00000000E+00
         2                      4.43170226E-01 +-  0.00000000E+00
    5    1                      4.43170226E-01 +-  0.00000000E+00
         2                      4.43170226E-01 +-  0.00000000E+00
    6    1                      4.43170226E-01 +-  0.00000000E+00
         2                      4.43170226E-01 +-  0.00000000E+00
    7    1                      5.94136282E-01 +-  0.00000000E+00
         2                      5.94136282E-01 +-  0.00000000E+00
    8    1                      5.94136282E-01 +-  0.00000000E+00
         2                      5.94136282E-01 +-  0.00000000E+00
    9    1                      6.86485016E-01 +-  0.00000000E+00
         2                      6.86485016E-01 +-  0.00000000E+00
============================================================================
 Eigenvalues of Average spin correlation fn:
    1    1                      1.45001148E-01 +-  8.32667268E-17
         2                      1.45001148E-01 +-  2.49800181E-16
    2    1                      3.66244657E-01 +-  0.00000000E+00
         2                      3.66244657E-01 +-  1.66533454E-16
    3    1                      3.66244657E-01 +-  1.66533454E-16
         2                      3.66244657E-01 +-  1.66533454E-16
    4    1                      4.43170226E-01 +-  1.66533454E-16
         2                      4.43170226E-01 +-  3.33066907E-16
    5    1                      4.43170226E-01 +-  0.00000000E+00
         2                      4.43170226E-01 +-  3.33066907E-16
    6    1                      4.43170226E-01 +-  1.66533454E-16
         2                      4.43170226E-01 +-  1.66533454E-16
    7    1                      5.94136282E-01 +-  3.33066907E-16
         2                      5.94136282E-01 +-  0.00000000E+00
    8    1                      5.94136282E-01 +-  0.00000000E+00
         2                      5.94136282E-01 +-  3.33066907E-16
    9    1                      6.86485016E-01 +-  3.33066907E-16
         2                      6.86485016E-01 +-  3.33066907E-16
============================================================================
 Eigenvalues of Pairing correlation fn:
    1    1                      2.85988939E-01 +-  1.66533454E-16
         2                      2.85988939E-01 +-  0.00000000E+00
    2    1                      2.30678061E-01 +-  1.66533454E-16
         2                      2.30678061E-01 +-  0.00000000E+00
    3    1                      2.30678061E-01 +-  8.32667268E-17
         2                      2.30678061E-01 +-  0.00000000E+00
    4    1                      2.11446669E-01 +-  1.66533454E-16
         2                      2.11446669E-01 +-  0.00000000E+00
    5    1                      2.11446669E-01 +-  0.00000000E+00
         2                      2.11446669E-01 +-  8.32667268E-17
    6    1                      2.11446669E-01 +-  1.66533454E-16
         2                      2.11446669E-01 +-  0.00000000E+00
    7    1                      1.73705155E-01 +-  0.00000000E+00
         2                      1.73705155E-01 +-  8.32667268E-17
    8    1                      1.73705155E-01 +-  0.00000000E+00
         2                      1.73705155E-01 +-  8.32667268E-17
    9    1                      1.50617971E-01 +-  0.00000000E+00
         2                      1.50617971E-01 +-  8.32667268E-17
============================================================================
 Eigenmodes of Ave Equal t Green's function (Natural orbitals):
                        1                          2
   1    1  ( -0.999998 +i  0.000000)  ( -0.002059 +i  0.000000) 
        2  ( -0.002059 +i  0.000000)  (  0.999998 +i  0.000000) 
   2    1  (  0.182768 +i  0.000000)  (  0.983156 +i  0.000000) 
        2  ( -0.983156 +i  0.000000)  (  0.182768 +i  0.000000) 
   3    1  ( -0.323717 +i  0.000000)  (  0.946154 +i  0.000000) 
        2  ( -0.946154 +i  0.000000)  ( -0.323717 +i -0.000000) 
   4    1  ( -0.955038 +i  0.000000)  (  0.296482 +i -0.000000) 
        2  ( -0.296482 +i  0.000000)  ( -0.955038 +i  0.000000) 
   5    1  (  0.371798 +i  0.000000)  (  0.928314 +i  0.000000) 
        2  ( -0.928314 +i  0.000000)  (  0.371798 +i  0.000000) 
   6    1  (  0.507725 +i  0.000000)  (  0.861519 +i -0.000000) 
        2  ( -0.861519 +i  0.000000)  (  0.507725 +i -0.000000) 
   7    1  (  0.000000 +i  0.000000)  ( -1.000000 +i -0.000000) 
        2  (  1.000000 +i  0.000000)  (  0.000000 +i  0.000000) 
   8    1  (  1.000000 +i  0.000000)  (  0.000000 +i  0.000000) 
        2  (  0.000000 +i  0.000000)  ( -1.000000 +i -0.000000) 
   9    1  (  1.000000 +i  0.000000)  (  0.000000 +i  0.000000) 
        2  (  0.000000 +i  0.000000)  ( -1.000000 +i -0.000000) 
============================================================================
 Eigenmodes of Up Equal t Green's function (Natural orbitals):
                        1                          2
   1    1  ( -0.999998 +i  0.000000)  ( -0.002059 +i  0.000000) 
        2  ( -0.002059 +i  0.000000)  (  0.999998 +i  0.000000) 
   2    1  (  0.182768 +i  0.000000)  (  0.983156 +i  0.000000) 
        2  ( -0.983156 +i  0.000000)  (  0.182768 +i  0.000000) 
   3    1  ( -0.323717 +i  0.000000)  (  0.946154 +i  0.000000) 
        2  ( -0.946154 +i  0.000000)  ( -0.323717 +i -0.000000) 
   4    1  ( -0.955038 +i  0.000000)  (  0.296482 +i -0.000000) 
        2  ( -0.296482 +i  0.000000)  ( -0.955038 +i  0.000000) 
   5    1  (  0.371798 +i  0.000000)  (  0.928314 +i  0.000000) 
        2  ( -0.928314 +i  0.000000)  (  0.371798 +i  0.000000) 
   6    1  (  0.507725 +i  0.000000)  (  0.861519 +i -0.000000) 
        2  ( -0.861519 +i  0.000000)  (  0.507725 +i -0.000000) 
   7    1  (  0.000000 +i  0.000000)  ( -1.000000 +i -0.000000) 
        2  (  1.000000 +i  0.000000)  (  0.000000 +i  0.000000) 
   8    1  (  1.000000 +i  0.000000)  (  0.000000 +i  0.000000) 
        2  (  0.000000 +i  0.000000)  ( -1.000000 +i -0.000000) 
   9    1  (  1.000000 +i  0.000000)  (  0.000000 +i  0.000000) 
        2  (  0.000000 +i  0.000000)  ( -1.000000 +i -0.000000) 
============================================================================
 Eigenmodes of Down Equal t Green's function (Natural orbitals):
                        1                          2
   1    1  ( -0.999998 +i  0.000000)  ( -0.002059 +i  0.000000) 
        2  ( -0.002059 +i  0.000000)  (  0.999998 +i  0.000000) 
   2    1  (  0.182768 +i  0.000000)  (  0.983156 +i  0.000000) 
        2  ( -0.983156 +i  0.000000)  (  0.182768 +i  0.000000) 
   3    1  ( -0.323717 +i  0.000000)  (  0.946154 +i  0.000000) 
        2  ( -0.946154 +i  0.000000)  ( -0.323717 +i -0.000000) 
   4    1  ( -0.955038 +i  0.000000)  (  0.296482 +i -0.000000) 
        2  ( -0.296482 +i  0.000000)  ( -0.955038 +i  0.000000) 
   5    1  (  0.371798 +i  0.000000)  (  0.928314 +i  0.000000) 
        2  ( -0.928314 +i  0.000000)  (  0.371798 +i  0.000000) 
   6    1  (  0.507725 +i  0.000000)  (  0.861519 +i -0.000000) 
        2  ( -0.861519 +i  0.000000)  (  0.507725 +i -0.000000) 
   7    1  (  0.000000 +i  0.000000)  ( -1.000000 +i -0.000000) 
        2  (  1.000000 +i  0.000000)  (  0.000000 +i  0.000000) 
   8    1  (  1.000000 +i  0.000000)  (  0.000000 +i  0.000000) 
        2  (  0.000000 +i  0.000000)  ( -1.000000 +i -0.000000) 
   9    1  (  1.000000 +i  0.000000)  (  0.000000 +i  0.000000) 
        2  (  0.000000 +i  0.000000)  ( -1.000000 +i -0.000000) 
============================================================================
 Eigenmodes of Density-density correlation fn: (up-up)
                        1                          2
   1    1  ( -0.707107 +i  0.000000)  (  0.707107 +i  0.000000) 
        2  (  0.707107 +i  0.000000)  (  0.707107 +i  0.000000) 
   2    1  ( -0.707107 +i  0.000000)  ( -0.665072 +i  0.240165) 
        2  (  0.707107 +i  0.000000)  ( -0.665072 +i  0.240165) 
   3    1  ( -0.201066 +i  0.000000)  ( -0.979578 +i  0.000000) 
        2  ( -0.979578 +i  0.000000)  (  0.201066 +i  0.000000) 
   4    1  ( -0.165852 +i  0.000000)  ( -0.986151 +i  0.000000) 
        2  ( -0.986151 +i  0.000000)  (  0.165852 +i  0.000000) 
   5    1  ( -0.708669 +i  0.000000)  ( -0.705541 +i  0.000000) 
        2  (  0.705541 +i  0.000000)  ( -0.708669 +i  0.000000) 
   6    1  (  0.644184 +i  0.000000)  (  0.764870 +i -0.000000) 
        2  ( -0.764870 +i  0.000000)  (  0.644184 +i -0.000000) 
   7    1  ( -0.186076 +i  0.000000)  ( -0.982535 +i  0.000000) 
        2  ( -0.982535 +i  0.000000)  (  0.186076 +i  0.000000) 
   8    1  (  0.000000 +i  0.000000)  ( -0.999974 +i -0.007211) 
        2  (  1.000000 +i  0.000000)  (  0.000000 +i  0.000000) 
   9    1  ( -0.824789 +i  0.000000)  (  0.565440 +i  0.000000) 
        2  ( -0.565440 +i  0.000000)  ( -0.824789 +i -0.000000) 
============================================================================
 Eigenmodes of Density-density correlation fn: (up-dn)
                        1                          2
   1    1  ( -0.707107 +i  0.000000)  (  0.707107 +i  0.000000) 
        2  (  0.707107 +i  0.000000)  (  0.707107 +i  0.000000) 
   2    1  (  0.688971 +i  0.000000)  ( -0.624720 +i -0.367482) 
        2  ( -0.724789 +i  0.000000)  ( -0.593848 +i -0.349322) 
   3    1  (  1.000000 +i  0.000000)  (  0.000000 +i  0.000000) 
        2  (  0.000000 +i  0.000000)  (  1.000000 +i  0.000000) 
   4    1  (  0.707107 +i  0.000000)  (  0.707107 +i  0.000000) 
        2  ( -0.707107 +i  0.000000)  (  0.707107 +i  0.000000) 
   5    1  (  0.700878 +i  0.000000)  ( -0.713282 +i -0.000000) 
        2  ( -0.713282 +i  0.000000)  ( -0.700878 +i -0.000000) 
   6    1  ( -0.749678 +i  0.000000)  (  0.661803 +i  0.000000) 
        2  (  0.661803 +i  0.000000)  (  0.749678 +i  0.000000) 
   7    1  (  0.609236 +i  0.000000)  (  0.792989 +i  0.000000) 
        2  ( -0.792989 +i  0.000000)  (  0.609236 +i  0.000000) 
   8    1  ( -0.707107 +i  0.000000)  (  0.707102 +i -0.002550) 
        2  ( -0.707107 +i  0.000000)  ( -0.707102 +i  0.002550) 
   9    1  (  0.615412 +i  0.000000)  (  0.788205 +i  0.000000) 
        2  ( -0.788205 +i  0.000000)  (  0.615412 +i  0.000000) 
============================================================================
 Eigenmodes of XX-Spin correlation fn: 
                        1                          2
   1    1  (  0.000000 +i  0.000000)  (  1.000000 +i  0.000000) 
        2  (  1.000000 +i  0.000000)  (  0.000000 +i  0.000000) 
   2    1  (  1.000000 +i  0.000000)  (  0.000000 +i  0.000000) 
        2  (  0.000000 +i  0.000000)  ( -1.000000 +i -0.000000) 
   3    1  (  0.000000 +i  0.000000)  (  1.000000 +i  0.000000) 
        2  (  1.000000 +i  0.000000)  (  0.000000 +i  0.000000) 
   4    1  (  0.000000 +i  0.000000)  (  1.000000 +i  0.000000) 
        2  (  1.000000 +i  0.000000)  (  0.000000 +i  0.000000) 
   5    1  (  1.000000 +i  0.000000)  (  0.000000 +i  0.000000) 
        2  (  0.000000 +i  0.000000)  ( -1.000000 +i  0.000000) 
   6    1  (  0.000000 +i  0.000000)  ( -1.000000 +i -0.000000) 
        2  (  1.000000 +i  0.000000)  (  0.000000 +i  0.000000) 
   7    1  (  1.000000 +i  0.000000)  (  0.000000 +i  0.000000) 
        2  (  0.000000 +i  0.000000)  (  1.000000 +i  0.000000) 
   8    1  (  1.000000 +i  0.000000)  (  0.000000 +i  0.000000) 
        2  (  0.000000 +i  0.000000)  ( -1.000000 +i -0.000000) 
   9    1  (  1.000000 +i  0.000000)  (  0.000000 +i  0.000000) 
        2  (  0.000000 +i  0.000000)  ( -1.000000 +i -0.000000) 
============================================================================
 Eigenmodes of ZZ-Spin correlation fn: 
                        1                          2
   1    1  (  0.000000 +i  0.000000)  (  1.000000 +i  0.000000) 
        2  (  1.000000 +i  0.000000)  (  0.000000 +i  0.000000) 
   2    1  (  1.000000 +i  0.000000)  (  0.000000 +i  0.000000) 
        2  (  0.000000 +i  0.000000)  (  1.000000 +i  0.000000) 
   3    1  (  0.000000 +i  0.000000)  (  1.000000 +i  0.000000) 
        2  (  1.000000 +i  0.000000)  (  0.000000 +i  0.000000) 
   4    1  (  0.000000 +i  0.000000)  (  1.000000 +i  0.000000) 
        2  (  1.000000 +i  0.000000)  (  0.000000 +i  0.000000) 
   5    1  (  1.000000 +i  0.000000)  (  0.000000 +i  0.000000) 
        2  (  0.000000 +i  0.000000)  (  1.000000 +i  0.000000) 
   6    1  (  0.000000 +i  0.000000)  (  1.000000 +i  0.000000) 
        2  (  1.000000 +i  0.000000)  (  0.000000 +i  0.000000) 
   7    1  (  1.000000 +i  0.000000)  (  0.000000 +i  0.000000) 
        2  (  0.000000 +i  0.000000)  (  1.000000 +i  0.000000) 
   8    1  (  1.000000 +i  0.000000)  (  0.000000 +i  0.000000) 
        2  (  0.000000 +i  0.000000)  (  1.000000 +i  0.000000) 
   9    1  (  1.000000 +i  0.000000)  (  0.000000 +i  0.000000) 
        2  (  0.000000 +i  0.000000)  (  1.000000 +i  0.000000) 
============================================================================
 Eigenmodes of Average Spin correlation fn: 
                        1                          2
   1    1  (  0.000000 +i  0.000000)  (  1.000000 +i  0.000000) 
        2  (  1.000000 +i  0.000000)  (  0.000000 +i  0.000000) 
   2    1  (  1.000000 +i  0.000000)  (  0.000000 +i  0.000000) 
        2  (  0.000000 +i  0.000000)  ( -1.000000 +i -0.000000) 
   3    1  (  0.000000 +i  0.000000)  (  1.000000 +i  0.000000) 
        2  (  1.000000 +i  0.000000)  (  0.000000 +i  0.000000) 
   4    1  (  0.000000 +i  0.000000)  ( -1.000000 +i -0.000000) 
        2  (  1.000000 +i  0.000000)  (  0.000000 +i  0.000000) 
   5    1  (  1.000000 +i  0.000000)  (  0.000000 +i  0.000000) 
        2  (  0.000000 +i  0.000000)  ( -1.000000 +i  0.000000) 
   6    1  (  0.000000 +i  0.000000)  ( -1.000000 +i  0.000000) 
        2  (  1.000000 +i  0.000000)  (  0.000000 +i  0.000000) 
   7    1  (  1.000000 +i  0.000000)  (  0.000000 +i  0.000000) 
        2  (  0.000000 +i  0.000000)  (  1.000000 +i  0.000000) 
   8    1  (  1.000000 +i  0.000000)  (  0.000000 +i  0.000000) 
        2  (  0.000000 +i  0.000000)  ( -1.000000 +i  0.000000) 
   9    1  (  1.000000 +i  0.000000)  (  0.000000 +i  0.000000) 
        2  (  0.000000 +i  0.000000)  ( -1.000000 +i  0.000000) 
============================================================================
 Eigenmodes of Pairing correlation fn: 
                        1                          2
   1    1  (  1.000000 +i  0.000000)  (  0.000000 +i  0.000000) 
        2  (  0.000000 +i  0.000000)  (  1.000000 +i  0.000000) 
   2    1  (  1.000000 +i  0.000000)  (  0.000000 +i  0.000000) 
        2  (  0.000000 +i  0.000000)  ( -1.000000 +i -0.000000) 
   3    1  (  1.000000 +i  0.000000)  (  0.000000 +i  0.000000) 
        2  (  0.000000 +i  0.000000)  (  1.000000 +i  0.000000) 
   4    1  (  1.000000 +i  0.000000)  (  0.000000 +i  0.000000) 
        2  (  0.000000 +i  0.000000)  ( -1.000000 +i -0.000000) 
   5    1  (  0.000000 +i  0.000000)  ( -1.000000 +i -0.000000) 
        2  (  1.000000 +i  0.000000)  (  0.000000 +i  0.000000) 
   6    1  (  1.000000 +i  0.000000)  (  0.000000 +i  0.000000) 
        2  (  0.000000 +i  0.000000)  ( -1.000000 +i  0.000000) 
   7    1  (  0.000000 +i  0.000000)  (  1.000000 +i  0.000000) 
        2  (  1.000000 +i  0.000000)  (  0.000000 +i  0.000000) 
   8    1  (  0.000000 +i  0.000000)  ( -1.000000 +i -0.000000) 
        2  (  1.000000 +i  0.000000)  (  0.000000 +i  0.000000) 
   9    1  (  0.000000 +i  0.000000)  ( -1.000000 +i  0.000000) 
        2  (  1.000000 +i  0.000000)  (  0.000000 +i  0.000000) 
============================================================================
