 General Geometry - Free Format                                                 
  
                          U :            0.000000    0.000000
                       t_up :        1.000000E+00
                       t_dn :        1.000000E+00
                      mu_up :            0.200000    0.200000
                      mu_dn :            0.200000    0.200000
             Time slice - L :           20
            Number of sites :           32
                       dtau :        1.000000E-01
                       beta :        2.000000E+00
     Number of warmup sweep :        50000
Number of measurement sweep :       100000
   Frequency of measurement :            1
                Random seed :      1234567
 Frequency of recomputing G :            8
Global move number of sites :            1
               Accept count :     49463987
               Reject count :     46464432
    Approximate accept rate :        5.156343E-01
                      gamma :        9.393386E-01
   Global move accept count :       150000
   Global move reject count :            0
    Global move accept rate :        1.000000E+00
           Type of matrix B : Dense MatB  
         Type of matrix HSF : discrete
 Sign of equal time measurements:
                                avg sign :   1.00000000E+00 +-  0.00000000E+00
                             avg up sign :   1.00000000E+00 +-  0.00000000E+00
                             avg dn sign :   1.00000000E+00 +-  0.00000000E+00
============================================================================
 Electronic properties:
                         spin up density :   5.40642224E-01 +-  0.00000000E+00
                       spin down density :   5.40642224E-01 +-  0.00000000E+00
                           total density :   1.08128445E+00 +-  0.00000000E+00
                        double occupancy :   2.92294014E-01 +-  0.00000000E+00
                kinetic (hopping) energy :  -1.46091206E+00 +-  0.00000000E+00
            potential (U*Nup*Ndn) energy :   0.00000000E+00 +-  0.00000000E+00
   PH-symm total energy (inc. chem potl) :  -1.67716895E+00 +-  0.00000000E+00
                             chi_thermal :   3.80132343E+01 +-  5.39264021E-13
                           specific heat :  -1.25179803E+02 +-  0.00000000E+00
                       (magnetization)^2 :   1.24174105E-01 +-  0.00000000E+00
               XX ferro structure factor :   1.99221614E-01 +-  0.00000000E+00
               ZZ ferro structure factor :   1.99221614E-01 +-  0.00000000E+00
============================================================================
 Mean Equal time Green's function:
    0    0    0.0000    0.0000    0.0000   016   4.59357776E-01 +-  0.00000000E+00
    0    1    0.0000    0.0000    1.0000   032  -1.23635179E-16 +-  0.00000000E+00
    0    0    1.0000    0.0000    0.0000   032  -1.82614008E-01 +-  0.00000000E+00
    0    1    1.0000    0.0000    1.0000   064  -2.71832538E-16 +-  0.00000000E+00
    0    0    2.0000    0.0000    0.0000   016   1.23187460E-02 +-  0.00000000E+00
    0    1    2.0000    0.0000    1.0000   032  -1.50827463E-16 +-  0.00000000E+00
    0    0    0.0000    1.0000    0.0000   032  -1.82614008E-01 +-  0.00000000E+00
    0    1    0.0000    1.0000    1.0000   064   2.66465159E-16 +-  0.00000000E+00
    0    0    1.0000    1.0000    0.0000   064   1.23187460E-02 +-  0.00000000E+00
    0    1    1.0000    1.0000    1.0000   128   1.39777638E-16 +-  0.00000000E+00
    0    0    2.0000    1.0000    0.0000   032   5.77046350E-02 +-  0.00000000E+00
    0    1    2.0000    1.0000    1.0000   064   2.47223067E-16 +-  0.00000000E+00
    0    0    0.0000    2.0000    0.0000   016   1.23187460E-02 +-  0.00000000E+00
    0    1    0.0000    2.0000    1.0000   032  -1.49355350E-16 +-  0.00000000E+00
    0    0    1.0000    2.0000    0.0000   032   5.77046350E-02 +-  0.00000000E+00
    0    1    1.0000    2.0000    1.0000   064  -2.42389426E-16 +-  0.00000000E+00
    0    0    2.0000    2.0000    0.0000   016  -3.34079444E-02 +-  0.00000000E+00
    0    1    2.0000    2.0000    1.0000   032  -1.34212892E-16 +-  0.00000000E+00
    1    1    0.0000    0.0000    0.0000   016   4.59357776E-01 +-  0.00000000E+00
    1    1    1.0000    0.0000    0.0000   032  -1.82614008E-01 +-  0.00000000E+00
    1    1    2.0000    0.0000    0.0000   016   1.23187460E-02 +-  0.00000000E+00
    1    1    0.0000    1.0000    0.0000   032  -1.82614008E-01 +-  0.00000000E+00
    1    1    1.0000    1.0000    0.0000   064   1.23187460E-02 +-  0.00000000E+00
    1    1    2.0000    1.0000    0.0000   032   5.77046350E-02 +-  0.00000000E+00
    1    1    0.0000    2.0000    0.0000   016   1.23187460E-02 +-  0.00000000E+00
    1    1    1.0000    2.0000    0.0000   032   5.77046350E-02 +-  0.00000000E+00
    1    1    2.0000    2.0000    0.0000   016  -3.34079444E-02 +-  0.00000000E+00
============================================================================
 Up Equal time Green's function:
    0    0    0.0000    0.0000    0.0000   016   4.59357776E-01 +-  0.00000000E+00
    0    1    0.0000    0.0000    1.0000   032  -1.23635179E-16 +-  0.00000000E+00
    0    0    1.0000    0.0000    0.0000   032  -1.82614008E-01 +-  0.00000000E+00
    0    1    1.0000    0.0000    1.0000   064  -2.71832538E-16 +-  0.00000000E+00
    0    0    2.0000    0.0000    0.0000   016   1.23187460E-02 +-  0.00000000E+00
    0    1    2.0000    0.0000    1.0000   032  -1.50827463E-16 +-  0.00000000E+00
    0    0    0.0000    1.0000    0.0000   032  -1.82614008E-01 +-  0.00000000E+00
    0    1    0.0000    1.0000    1.0000   064   2.66465159E-16 +-  0.00000000E+00
    0    0    1.0000    1.0000    0.0000   064   1.23187460E-02 +-  0.00000000E+00
    0    1    1.0000    1.0000    1.0000   128   1.39777638E-16 +-  0.00000000E+00
    0    0    2.0000    1.0000    0.0000   032   5.77046350E-02 +-  0.00000000E+00
    0    1    2.0000    1.0000    1.0000   064   2.47223067E-16 +-  0.00000000E+00
    0    0    0.0000    2.0000    0.0000   016   1.23187460E-02 +-  0.00000000E+00
    0    1    0.0000    2.0000    1.0000   032  -1.49355350E-16 +-  0.00000000E+00
    0    0    1.0000    2.0000    0.0000   032   5.77046350E-02 +-  0.00000000E+00
    0    1    1.0000    2.0000    1.0000   064  -2.42389426E-16 +-  0.00000000E+00
    0    0    2.0000    2.0000    0.0000   016  -3.34079444E-02 +-  0.00000000E+00
    0    1    2.0000    2.0000    1.0000   032  -1.34212892E-16 +-  0.00000000E+00
    1    1    0.0000    0.0000    0.0000   016   4.59357776E-01 +-  0.00000000E+00
    1    1    1.0000    0.0000    0.0000   032  -1.82614008E-01 +-  0.00000000E+00
    1    1    2.0000    0.0000    0.0000   016   1.23187460E-02 +-  0.00000000E+00
    1    1    0.0000    1.0000    0.0000   032  -1.82614008E-01 +-  0.00000000E+00
    1    1    1.0000    1.0000    0.0000   064   1.23187460E-02 +-  0.00000000E+00
    1    1    2.0000    1.0000    0.0000   032   5.77046350E-02 +-  0.00000000E+00
    1    1    0.0000    2.0000    0.0000   016   1.23187460E-02 +-  0.00000000E+00
    1    1    1.0000    2.0000    0.0000   032   5.77046350E-02 +-  0.00000000E+00
    1    1    2.0000    2.0000    0.0000   016  -3.34079444E-02 +-  0.00000000E+00
============================================================================
 Down Equal time Green's function:
    0    0    0.0000    0.0000    0.0000   016   4.59357776E-01 +-  0.00000000E+00
    0    1    0.0000    0.0000    1.0000   032  -1.23635179E-16 +-  0.00000000E+00
    0    0    1.0000    0.0000    0.0000   032  -1.82614008E-01 +-  0.00000000E+00
    0    1    1.0000    0.0000    1.0000   064  -2.71832538E-16 +-  0.00000000E+00
    0    0    2.0000    0.0000    0.0000   016   1.23187460E-02 +-  0.00000000E+00
    0    1    2.0000    0.0000    1.0000   032  -1.50827463E-16 +-  0.00000000E+00
    0    0    0.0000    1.0000    0.0000   032  -1.82614008E-01 +-  0.00000000E+00
    0    1    0.0000    1.0000    1.0000   064   2.66465159E-16 +-  0.00000000E+00
    0    0    1.0000    1.0000    0.0000   064   1.23187460E-02 +-  0.00000000E+00
    0    1    1.0000    1.0000    1.0000   128   1.39777638E-16 +-  0.00000000E+00
    0    0    2.0000    1.0000    0.0000   032   5.77046350E-02 +-  0.00000000E+00
    0    1    2.0000    1.0000    1.0000   064   2.47223067E-16 +-  0.00000000E+00
    0    0    0.0000    2.0000    0.0000   016   1.23187460E-02 +-  0.00000000E+00
    0    1    0.0000    2.0000    1.0000   032  -1.49355350E-16 +-  0.00000000E+00
    0    0    1.0000    2.0000    0.0000   032   5.77046350E-02 +-  0.00000000E+00
    0    1    1.0000    2.0000    1.0000   064  -2.42389426E-16 +-  0.00000000E+00
    0    0    2.0000    2.0000    0.0000   016  -3.34079444E-02 +-  0.00000000E+00
    0    1    2.0000    2.0000    1.0000   032  -1.34212892E-16 +-  0.00000000E+00
    1    1    0.0000    0.0000    0.0000   016   4.59357776E-01 +-  0.00000000E+00
    1    1    1.0000    0.0000    0.0000   032  -1.82614008E-01 +-  0.00000000E+00
    1    1    2.0000    0.0000    0.0000   016   1.23187460E-02 +-  0.00000000E+00
    1    1    0.0000    1.0000    0.0000   032  -1.82614008E-01 +-  0.00000000E+00
    1    1    1.0000    1.0000    0.0000   064   1.23187460E-02 +-  0.00000000E+00
    1    1    2.0000    1.0000    0.0000   032   5.77046350E-02 +-  0.00000000E+00
    1    1    0.0000    2.0000    0.0000   016   1.23187460E-02 +-  0.00000000E+00
    1    1    1.0000    2.0000    0.0000   032   5.77046350E-02 +-  0.00000000E+00
    1    1    2.0000    2.0000    0.0000   016  -3.34079444E-02 +-  0.00000000E+00
============================================================================
 Density-density correlation fn: (up-up)
    0    0    0.0000    0.0000    0.0000   016   5.40642224E-01 +-  0.00000000E+00
    0    1    0.0000    0.0000    1.0000   032   2.92294014E-01 +-  0.00000000E+00
    0    0    1.0000    0.0000    0.0000   032   2.58946138E-01 +-  0.00000000E+00
    0    1    1.0000    0.0000    1.0000   064   2.92294014E-01 +-  0.00000000E+00
    0    0    2.0000    0.0000    0.0000   016   2.92142263E-01 +-  0.00000000E+00
    0    1    2.0000    0.0000    1.0000   032   2.92294014E-01 +-  0.00000000E+00
    0    0    0.0000    1.0000    0.0000   032   2.58946138E-01 +-  0.00000000E+00
    0    1    0.0000    1.0000    1.0000   064   2.92294014E-01 +-  0.00000000E+00
    0    0    1.0000    1.0000    0.0000   064   2.92142263E-01 +-  0.00000000E+00
    0    1    1.0000    1.0000    1.0000   128   2.92294014E-01 +-  0.00000000E+00
    0    0    2.0000    1.0000    0.0000   032   2.88964189E-01 +-  0.00000000E+00
    0    1    2.0000    1.0000    1.0000   064   2.92294014E-01 +-  0.00000000E+00
    0    0    0.0000    2.0000    0.0000   016   2.92142263E-01 +-  0.00000000E+00
    0    1    0.0000    2.0000    1.0000   032   2.92294014E-01 +-  0.00000000E+00
    0    0    1.0000    2.0000    0.0000   032   2.88964189E-01 +-  0.00000000E+00
    0    1    1.0000    2.0000    1.0000   064   2.92294014E-01 +-  0.00000000E+00
    0    0    2.0000    2.0000    0.0000   016   2.91177923E-01 +-  0.00000000E+00
    0    1    2.0000    2.0000    1.0000   032   2.92294014E-01 +-  0.00000000E+00
    1    1    0.0000    0.0000    0.0000   016   5.40642224E-01 +-  0.00000000E+00
    1    1    1.0000    0.0000    0.0000   032   2.58946138E-01 +-  0.00000000E+00
    1    1    2.0000    0.0000    0.0000   016   2.92142263E-01 +-  0.00000000E+00
    1    1    0.0000    1.0000    0.0000   032   2.58946138E-01 +-  0.00000000E+00
    1    1    1.0000    1.0000    0.0000   064   2.92142263E-01 +-  0.00000000E+00
    1    1    2.0000    1.0000    0.0000   032   2.88964189E-01 +-  0.00000000E+00
    1    1    0.0000    2.0000    0.0000   016   2.92142263E-01 +-  0.00000000E+00
    1    1    1.0000    2.0000    0.0000   032   2.88964189E-01 +-  0.00000000E+00
    1    1    2.0000    2.0000    0.0000   016   2.91177923E-01 +-  0.00000000E+00
============================================================================
 Density-density correlation fn: (up-dn)
    0    0    0.0000    0.0000    0.0000   016   2.92294014E-01 +-  0.00000000E+00
    0    1    0.0000    0.0000    1.0000   032   2.92294014E-01 +-  0.00000000E+00
    0    0    1.0000    0.0000    0.0000   032   2.92294014E-01 +-  0.00000000E+00
    0    1    1.0000    0.0000    1.0000   064   2.92294014E-01 +-  0.00000000E+00
    0    0    2.0000    0.0000    0.0000   016   2.92294014E-01 +-  0.00000000E+00
    0    1    2.0000    0.0000    1.0000   032   2.92294014E-01 +-  0.00000000E+00
    0    0    0.0000    1.0000    0.0000   032   2.92294014E-01 +-  0.00000000E+00
    0    1    0.0000    1.0000    1.0000   064   2.92294014E-01 +-  0.00000000E+00
    0    0    1.0000    1.0000    0.0000   064   2.92294014E-01 +-  0.00000000E+00
    0    1    1.0000    1.0000    1.0000   128   2.92294014E-01 +-  0.00000000E+00
    0    0    2.0000    1.0000    0.0000   032   2.92294014E-01 +-  0.00000000E+00
    0    1    2.0000    1.0000    1.0000   064   2.92294014E-01 +-  0.00000000E+00
    0    0    0.0000    2.0000    0.0000   016   2.92294014E-01 +-  0.00000000E+00
    0    1    0.0000    2.0000    1.0000   032   2.92294014E-01 +-  0.00000000E+00
    0    0    1.0000    2.0000    0.0000   032   2.92294014E-01 +-  0.00000000E+00
    0    1    1.0000    2.0000    1.0000   064   2.92294014E-01 +-  0.00000000E+00
    0    0    2.0000    2.0000    0.0000   016   2.92294014E-01 +-  0.00000000E+00
    0    1    2.0000    2.0000    1.0000   032   2.92294014E-01 +-  0.00000000E+00
    1    1    0.0000    0.0000    0.0000   016   2.92294014E-01 +-  0.00000000E+00
    1    1    1.0000    0.0000    0.0000   032   2.92294014E-01 +-  0.00000000E+00
    1    1    2.0000    0.0000    0.0000   016   2.92294014E-01 +-  0.00000000E+00
    1    1    0.0000    1.0000    0.0000   032   2.92294014E-01 +-  0.00000000E+00
    1    1    1.0000    1.0000    0.0000   064   2.92294014E-01 +-  0.00000000E+00
    1    1    2.0000    1.0000    0.0000   032   2.92294014E-01 +-  0.00000000E+00
    1    1    0.0000    2.0000    0.0000   016   2.92294014E-01 +-  0.00000000E+00
    1    1    1.0000    2.0000    0.0000   032   2.92294014E-01 +-  0.00000000E+00
    1    1    2.0000    2.0000    0.0000   016   2.92294014E-01 +-  0.00000000E+00
============================================================================
 XX Spin correlation function:
    0    0    0.0000    0.0000    0.0000   016   4.96696419E-01 +-  0.00000000E+00
    0    1    0.0000    0.0000    1.0000   032  -5.84681790E-31 +-  0.00000000E+00
    0    0    1.0000    0.0000    0.0000   032  -6.66957517E-02 +-  0.00000000E+00
    0    1    1.0000    0.0000    1.0000   064  -5.09917601E-31 +-  0.00000000E+00
    0    0    2.0000    0.0000    0.0000   016  -3.03503006E-04 +-  0.00000000E+00
    0    1    2.0000    0.0000    1.0000   032  -8.04565702E-31 +-  0.00000000E+00
    0    0    0.0000    1.0000    0.0000   032  -6.66957517E-02 +-  0.00000000E+00
    0    1    0.0000    1.0000    1.0000   064  -4.96647886E-31 +-  0.00000000E+00
    0    0    1.0000    1.0000    0.0000   064  -3.03503006E-04 +-  0.00000000E+00
    0    1    1.0000    1.0000    1.0000   128  -2.94113432E-31 +-  0.00000000E+00
    0    0    2.0000    1.0000    0.0000   032  -6.65964981E-03 +-  0.00000000E+00
    0    1    2.0000    1.0000    1.0000   064  -5.45546388E-31 +-  0.00000000E+00
    0    0    0.0000    2.0000    0.0000   016  -3.03503006E-04 +-  0.00000000E+00
    0    1    0.0000    2.0000    1.0000   032  -8.54012734E-31 +-  0.00000000E+00
    0    0    1.0000    2.0000    0.0000   032  -6.65964981E-03 +-  0.00000000E+00
    0    1    1.0000    2.0000    1.0000   064  -5.71806104E-31 +-  0.00000000E+00
    0    0    2.0000    2.0000    0.0000   016  -2.23218150E-03 +-  0.00000000E+00
    0    1    2.0000    2.0000    1.0000   032  -7.45837884E-31 +-  0.00000000E+00
    1    1    0.0000    0.0000    0.0000   016   4.96696419E-01 +-  0.00000000E+00
    1    1    1.0000    0.0000    0.0000   032  -6.66957517E-02 +-  0.00000000E+00
    1    1    2.0000    0.0000    0.0000   016  -3.03503006E-04 +-  0.00000000E+00
    1    1    0.0000    1.0000    0.0000   032  -6.66957517E-02 +-  0.00000000E+00
    1    1    1.0000    1.0000    0.0000   064  -3.03503006E-04 +-  0.00000000E+00
    1    1    2.0000    1.0000    0.0000   032  -6.65964981E-03 +-  0.00000000E+00
    1    1    0.0000    2.0000    0.0000   016  -3.03503006E-04 +-  0.00000000E+00
    1    1    1.0000    2.0000    0.0000   032  -6.65964981E-03 +-  0.00000000E+00
    1    1    2.0000    2.0000    0.0000   016  -2.23218150E-03 +-  0.00000000E+00
============================================================================
 ZZ Spin correlation function:
    0    0    0.0000    0.0000    0.0000   016   4.96696419E-01 +-  0.00000000E+00
    0    1    0.0000    0.0000    1.0000   032   0.00000000E+00 +-  0.00000000E+00
    0    0    1.0000    0.0000    0.0000   032  -6.66957517E-02 +-  0.00000000E+00
    0    1    1.0000    0.0000    1.0000   064   0.00000000E+00 +-  0.00000000E+00
    0    0    2.0000    0.0000    0.0000   016  -3.03503006E-04 +-  0.00000000E+00
    0    1    2.0000    0.0000    1.0000   032   0.00000000E+00 +-  0.00000000E+00
    0    0    0.0000    1.0000    0.0000   032  -6.66957517E-02 +-  0.00000000E+00
    0    1    0.0000    1.0000    1.0000   064   0.00000000E+00 +-  0.00000000E+00
    0    0    1.0000    1.0000    0.0000   064  -3.03503006E-04 +-  0.00000000E+00
    0    1    1.0000    1.0000    1.0000   128   0.00000000E+00 +-  0.00000000E+00
    0    0    2.0000    1.0000    0.0000   032  -6.65964981E-03 +-  0.00000000E+00
    0    1    2.0000    1.0000    1.0000   064   0.00000000E+00 +-  0.00000000E+00
    0    0    0.0000    2.0000    0.0000   016  -3.03503006E-04 +-  0.00000000E+00
    0    1    0.0000    2.0000    1.0000   032   0.00000000E+00 +-  0.00000000E+00
    0    0    1.0000    2.0000    0.0000   032  -6.65964981E-03 +-  0.00000000E+00
    0    1    1.0000    2.0000    1.0000   064   0.00000000E+00 +-  0.00000000E+00
    0    0    2.0000    2.0000    0.0000   016  -2.23218150E-03 +-  0.00000000E+00
    0    1    2.0000    2.0000    1.0000   032   0.00000000E+00 +-  0.00000000E+00
    1    1    0.0000    0.0000    0.0000   016   4.96696419E-01 +-  0.00000000E+00
    1    1    1.0000    0.0000    0.0000   032  -6.66957517E-02 +-  0.00000000E+00
    1    1    2.0000    0.0000    0.0000   016  -3.03503006E-04 +-  0.00000000E+00
    1    1    0.0000    1.0000    0.0000   032  -6.66957517E-02 +-  0.00000000E+00
    1    1    1.0000    1.0000    0.0000   064  -3.03503006E-04 +-  0.00000000E+00
    1    1    2.0000    1.0000    0.0000   032  -6.65964981E-03 +-  0.00000000E+00
    1    1    0.0000    2.0000    0.0000   016  -3.03503006E-04 +-  0.00000000E+00
    1    1    1.0000    2.0000    0.0000   032  -6.65964981E-03 +-  0.00000000E+00
    1    1    2.0000    2.0000    0.0000   016  -2.23218150E-03 +-  0.00000000E+00
============================================================================
 Average Spin correlation function:
    0    0    0.0000    0.0000    0.0000   016   4.96696419E-01 +-  0.00000000E+00
    0    1    0.0000    0.0000    1.0000   032  -3.89787860E-31 +-  0.00000000E+00
    0    0    1.0000    0.0000    0.0000   032  -6.66957517E-02 +-  0.00000000E+00
    0    1    1.0000    0.0000    1.0000   064  -3.39945067E-31 +-  0.00000000E+00
    0    0    2.0000    0.0000    0.0000   016  -3.03503006E-04 +-  0.00000000E+00
    0    1    2.0000    0.0000    1.0000   032  -5.36377135E-31 +-  0.00000000E+00
    0    0    0.0000    1.0000    0.0000   032  -6.66957517E-02 +-  0.00000000E+00
    0    1    0.0000    1.0000    1.0000   064  -3.31098590E-31 +-  0.00000000E+00
    0    0    1.0000    1.0000    0.0000   064  -3.03503006E-04 +-  0.00000000E+00
    0    1    1.0000    1.0000    1.0000   128  -1.96075621E-31 +-  0.00000000E+00
    0    0    2.0000    1.0000    0.0000   032  -6.65964981E-03 +-  0.00000000E+00
    0    1    2.0000    1.0000    1.0000   064  -3.63697592E-31 +-  0.00000000E+00
    0    0    0.0000    2.0000    0.0000   016  -3.03503006E-04 +-  0.00000000E+00
    0    1    0.0000    2.0000    1.0000   032  -5.69341823E-31 +-  0.00000000E+00
    0    0    1.0000    2.0000    0.0000   032  -6.65964981E-03 +-  0.00000000E+00
    0    1    1.0000    2.0000    1.0000   064  -3.81204069E-31 +-  0.00000000E+00
    0    0    2.0000    2.0000    0.0000   016  -2.23218150E-03 +-  0.00000000E+00
    0    1    2.0000    2.0000    1.0000   032  -4.97225256E-31 +-  0.00000000E+00
    1    1    0.0000    0.0000    0.0000   016   4.96696419E-01 +-  0.00000000E+00
    1    1    1.0000    0.0000    0.0000   032  -6.66957517E-02 +-  0.00000000E+00
    1    1    2.0000    0.0000    0.0000   016  -3.03503006E-04 +-  0.00000000E+00
    1    1    0.0000    1.0000    0.0000   032  -6.66957517E-02 +-  0.00000000E+00
    1    1    1.0000    1.0000    0.0000   064  -3.03503006E-04 +-  0.00000000E+00
    1    1    2.0000    1.0000    0.0000   032  -6.65964981E-03 +-  0.00000000E+00
    1    1    0.0000    2.0000    0.0000   016  -3.03503006E-04 +-  0.00000000E+00
    1    1    1.0000    2.0000    0.0000   032  -6.65964981E-03 +-  0.00000000E+00
    1    1    2.0000    2.0000    0.0000   016  -2.23218150E-03 +-  0.00000000E+00
============================================================================
 S-wave pairing correlation function:
    0    0    0.0000    0.0000    0.0000   016   1.05504783E-01 +-  0.00000000E+00
    0    1    0.0000    0.0000    1.0000   032   1.47103459E-31 +-  0.00000000E+00
    0    0    1.0000    0.0000    0.0000   032   1.66739379E-02 +-  0.00000000E+00
    0    1    1.0000    0.0000    1.0000   064   1.28054365E-31 +-  0.00000000E+00
    0    0    2.0000    0.0000    0.0000   016   7.58757514E-05 +-  0.00000000E+00
    0    1    2.0000    0.0000    1.0000   032   2.02092316E-31 +-  0.00000000E+00
    0    0    0.0000    1.0000    0.0000   032   1.66739379E-02 +-  0.00000000E+00
    0    1    0.0000    1.0000    1.0000   064   1.24983768E-31 +-  0.00000000E+00
    0    0    1.0000    1.0000    0.0000   064   7.58757514E-05 +-  0.00000000E+00
    0    1    1.0000    1.0000    1.0000   128   7.43849849E-32 +-  0.00000000E+00
    0    0    2.0000    1.0000    0.0000   032   1.66491245E-03 +-  0.00000000E+00
    0    1    2.0000    1.0000    1.0000   064   1.37309408E-31 +-  0.00000000E+00
    0    0    0.0000    2.0000    0.0000   016   7.58757514E-05 +-  0.00000000E+00
    0    1    0.0000    2.0000    1.0000   032   2.14766605E-31 +-  0.00000000E+00
    0    0    1.0000    2.0000    0.0000   032   1.66491245E-03 +-  0.00000000E+00
    0    1    1.0000    2.0000    1.0000   064   1.43454109E-31 +-  0.00000000E+00
    0    0    2.0000    2.0000    0.0000   016   5.58045375E-04 +-  0.00000000E+00
    0    1    2.0000    2.0000    1.0000   032   1.86965144E-31 +-  0.00000000E+00
    1    1    0.0000    0.0000    0.0000   016   1.05504783E-01 +-  0.00000000E+00
    1    1    1.0000    0.0000    0.0000   032   1.66739379E-02 +-  0.00000000E+00
    1    1    2.0000    0.0000    0.0000   016   7.58757514E-05 +-  0.00000000E+00
    1    1    0.0000    1.0000    0.0000   032   1.66739379E-02 +-  0.00000000E+00
    1    1    1.0000    1.0000    0.0000   064   7.58757514E-05 +-  0.00000000E+00
    1    1    2.0000    1.0000    0.0000   032   1.66491245E-03 +-  0.00000000E+00
    1    1    0.0000    2.0000    0.0000   016   7.58757514E-05 +-  0.00000000E+00
    1    1    1.0000    2.0000    0.0000   032   1.66491245E-03 +-  0.00000000E+00
    1    1    2.0000    2.0000    0.0000   016   5.58045375E-04 +-  0.00000000E+00
============================================================================
 Grid for Green's function
  K-points
  Class
    1         0.00000   0.00000
 
    2         0.00000  -1.57080
              0.00000   1.57080
 
    3        -1.57080   0.00000
              1.57080   0.00000
 
    4        -1.57080  -1.57080
              1.57080  -1.57080
             -1.57080   1.57080
              1.57080   1.57080
 
    5         0.00000  -3.14159
 
    6        -3.14159   0.00000
 
    7        -1.57080  -3.14159
              1.57080  -3.14159
 
    8        -3.14159  -1.57080
             -3.14159   1.57080
 
    9        -3.14159  -3.14159
 
============================================================================
 Grid for spin/charge correlations
  K-points
  Class
    1         0.00000   0.00000
 
    2         0.00000  -1.57080
              0.00000   1.57080
 
    3        -1.57080   0.00000
              1.57080   0.00000
 
    4        -1.57080  -1.57080
              1.57080  -1.57080
             -1.57080   1.57080
              1.57080   1.57080
 
    5         0.00000  -3.14159
 
    6        -3.14159   0.00000
 
    7        -1.57080  -3.14159
              1.57080  -3.14159
 
    8        -3.14159  -1.57080
             -3.14159   1.57080
 
    9        -3.14159  -3.14159
 
============================================================================
 FT of Ave Equal t Green's function:
    1    0    0                 2.24816770E-04 +-  2.60208521E-16
         1    0                 1.21888258E-20 +-  5.17689969E-31
         1    1                 2.24816770E-04 +-  1.76941795E-16
    2    0    0                 1.21284350E-02 +-  4.16333634E-17
         1    0                -4.97806236E-17 +-  0.00000000E+00
         1    1                 1.21284350E-02 +-  1.04083409E-16
    3    0    0                 1.21284350E-02 +-  3.12250226E-17
         1    0                 5.05340113E-17 +-  2.21867130E-31
         1    1                 1.21284350E-02 +-  2.08166817E-17
    4    0    0                 4.01312340E-01 +-  0.00000000E+00
         1    0                 4.23347420E-17 +-  7.39557099E-32
         1    1                 4.01312340E-01 +-  0.00000000E+00
    5    0    0                 4.01312340E-01 +-  3.33066907E-16
         1    0                -3.17296182E-15 +-  0.00000000E+00
         1    1                 4.01312340E-01 +-  1.66533454E-16
    6    0    0                 4.01312340E-01 +-  0.00000000E+00
         1    0                 9.38678946E-16 +-  0.00000000E+00
         1    1                 4.01312340E-01 +-  0.00000000E+00
    7    0    0                 9.73403006E-01 +-  6.66133815E-16
         1    0                -2.64343596E-17 +-  3.69778549E-31
         1    1                 9.73403006E-01 +-  0.00000000E+00
    8    0    0                 9.73403006E-01 +-  0.00000000E+00
         1    0                 6.79918246E-17 +-  7.39557099E-32
         1    1                 9.73403006E-01 +-  0.00000000E+00
    9    0    0                 9.99499799E-01 +-  0.00000000E+00
         1    0                 2.14714315E-18 +-  8.32001736E-32
         1    1                 9.99499799E-01 +-  3.33066907E-16
============================================================================
 FT of Up Equal t Green's function:
    1    0    0                 2.24816770E-04 +-  2.60208521E-16
         1    0                 1.21888258E-20 +-  5.17689969E-31
         1    1                 2.24816770E-04 +-  1.76941795E-16
    2    0    0                 1.21284350E-02 +-  4.16333634E-17
         1    0                -4.97806236E-17 +-  0.00000000E+00
         1    1                 1.21284350E-02 +-  1.04083409E-16
    3    0    0                 1.21284350E-02 +-  3.12250226E-17
         1    0                 5.05340113E-17 +-  2.21867130E-31
         1    1                 1.21284350E-02 +-  2.08166817E-17
    4    0    0                 4.01312340E-01 +-  0.00000000E+00
         1    0                 4.23347420E-17 +-  7.39557099E-32
         1    1                 4.01312340E-01 +-  0.00000000E+00
    5    0    0                 4.01312340E-01 +-  3.33066907E-16
         1    0                -3.17296182E-15 +-  0.00000000E+00
         1    1                 4.01312340E-01 +-  1.66533454E-16
    6    0    0                 4.01312340E-01 +-  0.00000000E+00
         1    0                 9.38678946E-16 +-  0.00000000E+00
         1    1                 4.01312340E-01 +-  0.00000000E+00
    7    0    0                 9.73403006E-01 +-  6.66133815E-16
         1    0                -2.64343596E-17 +-  3.69778549E-31
         1    1                 9.73403006E-01 +-  0.00000000E+00
    8    0    0                 9.73403006E-01 +-  0.00000000E+00
         1    0                 6.79918246E-17 +-  7.39557099E-32
         1    1                 9.73403006E-01 +-  0.00000000E+00
    9    0    0                 9.99499799E-01 +-  0.00000000E+00
         1    0                 2.14714315E-18 +-  8.32001736E-32
         1    1                 9.99499799E-01 +-  3.33066907E-16
============================================================================
 FT of Dn Equal t Green's function:
    1    0    0                 2.24816770E-04 +-  2.60208521E-16
         1    0                 1.21888258E-20 +-  5.17689969E-31
         1    1                 2.24816770E-04 +-  1.76941795E-16
    2    0    0                 1.21284350E-02 +-  4.16333634E-17
         1    0                -4.97806236E-17 +-  0.00000000E+00
         1    1                 1.21284350E-02 +-  1.04083409E-16
    3    0    0                 1.21284350E-02 +-  3.12250226E-17
         1    0                 5.05340113E-17 +-  2.21867130E-31
         1    1                 1.21284350E-02 +-  2.08166817E-17
    4    0    0                 4.01312340E-01 +-  0.00000000E+00
         1    0                 4.23347420E-17 +-  7.39557099E-32
         1    1                 4.01312340E-01 +-  0.00000000E+00
    5    0    0                 4.01312340E-01 +-  3.33066907E-16
         1    0                -3.17296182E-15 +-  0.00000000E+00
         1    1                 4.01312340E-01 +-  1.66533454E-16
    6    0    0                 4.01312340E-01 +-  0.00000000E+00
         1    0                 9.38678946E-16 +-  0.00000000E+00
         1    1                 4.01312340E-01 +-  0.00000000E+00
    7    0    0                 9.73403006E-01 +-  6.66133815E-16
         1    0                -2.64343596E-17 +-  3.69778549E-31
         1    1                 9.73403006E-01 +-  0.00000000E+00
    8    0    0                 9.73403006E-01 +-  0.00000000E+00
         1    0                 6.79918246E-17 +-  7.39557099E-32
         1    1                 9.73403006E-01 +-  0.00000000E+00
    9    0    0                 9.99499799E-01 +-  0.00000000E+00
         1    0                 2.14714315E-18 +-  8.32001736E-32
         1    1                 9.99499799E-01 +-  3.33066907E-16
============================================================================
 FT of Density-density correlation fn: (up-up)
    1    0    0                 4.77631503E+00 +-  0.00000000E+00
         1    0                 4.67670422E+00 +-  0.00000000E+00
         1    1                 4.77631503E+00 +-  0.00000000E+00
    2    0    0                 1.89428199E-01 +-  0.00000000E+00
         1    0                 1.63064007E-15 +-  0.00000000E+00
         1    1                 1.89428199E-01 +-  2.49800181E-16
    3    0    0                 1.89428199E-01 +-  0.00000000E+00
         1    0                -4.99600361E-15 +-  0.00000000E+00
         1    1                 1.89428199E-01 +-  3.33066907E-16
    4    0    0                 2.47535622E-01 +-  3.33066907E-16
         1    0                -1.71390679E-15 +-  0.00000000E+00
         1    1                 2.47535622E-01 +-  1.66533454E-16
    5    0    0                 2.47535622E-01 +-  1.66533454E-16
         1    0                -1.13312137E-14 +-  1.66533454E-16
         1    1                 2.47535622E-01 +-  9.15933995E-16
    6    0    0                 2.47535622E-01 +-  3.33066907E-16
         1    0                -4.88498131E-15 +-  6.66133815E-16
         1    1                 2.47535622E-01 +-  9.99200722E-16
    7    0    0                 3.09500402E-01 +-  0.00000000E+00
         1    0                 1.52655666E-15 +-  0.00000000E+00
         1    1                 3.09500402E-01 +-  4.99600361E-16
    8    0    0                 3.09500402E-01 +-  0.00000000E+00
         1    0                 1.66533454E-15 +-  0.00000000E+00
         1    1                 3.09500402E-01 +-  8.32667268E-16
    9    0    0                 3.93032413E-01 +-  0.00000000E+00
         1    0                 8.21565038E-15 +-  6.66133815E-16
         1    1                 3.93032413E-01 +-  1.33226763E-15
============================================================================
 FT of Density-density correlation fn: (up-dn)
    1    0    0                 4.67670422E+00 +-  0.00000000E+00
         1    0                 4.67670422E+00 +-  0.00000000E+00
         1    1                 4.67670422E+00 +-  0.00000000E+00
    2    0    0                -1.04083409E-16 +-  0.00000000E+00
         1    0                -1.04083409E-16 +-  0.00000000E+00
         1    1                -1.68615122E-15 +-  0.00000000E+00
    3    0    0                -1.11022302E-16 +-  0.00000000E+00
         1    0                -1.11022302E-16 +-  0.00000000E+00
         1    1                 1.49880108E-15 +-  0.00000000E+00
    4    0    0                -4.85722573E-17 +-  0.00000000E+00
         1    0                -4.85722573E-17 +-  0.00000000E+00
         1    1                 1.56125113E-15 +-  0.00000000E+00
    5    0    0                 6.93889390E-18 +-  0.00000000E+00
         1    0                -6.59888810E-15 +-  0.00000000E+00
         1    1                -1.58900670E-15 +-  0.00000000E+00
    6    0    0                 0.00000000E+00 +-  0.00000000E+00
         1    0                -6.43929354E-15 +-  0.00000000E+00
         1    1                -1.83186799E-15 +-  0.00000000E+00
    7    0    0                -2.77555756E-17 +-  0.00000000E+00
         1    0                -2.77555756E-17 +-  0.00000000E+00
         1    1                 1.80411242E-15 +-  0.00000000E+00
    8    0    0                 0.00000000E+00 +-  0.00000000E+00
         1    0                 0.00000000E+00 +-  0.00000000E+00
         1    1                -1.60982339E-15 +-  0.00000000E+00
    9    0    0                 0.00000000E+00 +-  0.00000000E+00
         1    0                 6.43929354E-15 +-  0.00000000E+00
         1    1                -1.60982339E-15 +-  0.00000000E+00
============================================================================
 FT of XX spin correlation fn:
    1    0    0                 1.99221614E-01 +-  8.32667268E-17
         1    0                -8.41338779E-30 +-  0.00000000E+00
         1    1                 1.99221614E-01 +-  0.00000000E+00
    2    0    0                 3.78856397E-01 +-  0.00000000E+00
         1    0                 3.34380132E-31 +-  5.25486924E-46
         1    1                 3.78856397E-01 +-  0.00000000E+00
    3    0    0                 3.78856397E-01 +-  0.00000000E+00
         1    0                 2.09506065E-31 +-  0.00000000E+00
         1    1                 3.78856397E-01 +-  0.00000000E+00
    4    0    0                 4.95071244E-01 +-  0.00000000E+00
         1    0                 3.28058762E-31 +-  2.62743462E-46
         1    1                 4.95071244E-01 +-  0.00000000E+00
    5    0    0                 4.95071244E-01 +-  0.00000000E+00
         1    0                -1.89170324E-30 +-  0.00000000E+00
         1    1                 4.95071244E-01 +-  0.00000000E+00
    6    0    0                 4.95071244E-01 +-  0.00000000E+00
         1    0                -1.73358552E-30 +-  0.00000000E+00
         1    1                 4.95071244E-01 +-  0.00000000E+00
    7    0    0                 6.19000805E-01 +-  0.00000000E+00
         1    0                 1.39120577E-32 +-  2.46321996E-46
         1    1                 6.19000805E-01 +-  0.00000000E+00
    8    0    0                 6.19000805E-01 +-  0.00000000E+00
         1    0                 8.68261191E-32 +-  2.62743462E-46
         1    1                 6.19000805E-01 +-  0.00000000E+00
    9    0    0                 7.86064826E-01 +-  0.00000000E+00
         1    0                 8.22841177E-32 +-  1.31371731E-46
         1    1                 7.86064826E-01 +-  0.00000000E+00
============================================================================
 FT of ZZ spin correlation fn:
    1    0    0                 1.99221614E-01 +-  8.32667268E-17
         1    0                 0.00000000E+00 +-  0.00000000E+00
         1    1                 1.99221614E-01 +-  0.00000000E+00
    2    0    0                 3.78856397E-01 +-  0.00000000E+00
         1    0                 0.00000000E+00 +-  0.00000000E+00
         1    1                 3.78856397E-01 +-  0.00000000E+00
    3    0    0                 3.78856397E-01 +-  0.00000000E+00
         1    0                 0.00000000E+00 +-  0.00000000E+00
         1    1                 3.78856397E-01 +-  0.00000000E+00
    4    0    0                 4.95071244E-01 +-  0.00000000E+00
         1    0                 0.00000000E+00 +-  0.00000000E+00
         1    1                 4.95071244E-01 +-  0.00000000E+00
    5    0    0                 4.95071244E-01 +-  0.00000000E+00
         1    0                 0.00000000E+00 +-  0.00000000E+00
         1    1                 4.95071244E-01 +-  0.00000000E+00
    6    0    0                 4.95071244E-01 +-  0.00000000E+00
         1    0                 0.00000000E+00 +-  0.00000000E+00
         1    1                 4.95071244E-01 +-  0.00000000E+00
    7    0    0                 6.19000805E-01 +-  0.00000000E+00
         1    0                 0.00000000E+00 +-  0.00000000E+00
         1    1                 6.19000805E-01 +-  0.00000000E+00
    8    0    0                 6.19000805E-01 +-  0.00000000E+00
         1    0                 0.00000000E+00 +-  0.00000000E+00
         1    1                 6.19000805E-01 +-  0.00000000E+00
    9    0    0                 7.86064826E-01 +-  0.00000000E+00
         1    0                 0.00000000E+00 +-  0.00000000E+00
         1    1                 7.86064826E-01 +-  0.00000000E+00
============================================================================
 FT of Average spin correlation fn:
    1    0    0                 1.99221614E-01 +-  8.32667268E-17
         1    0                -5.60892520E-30 +-  0.00000000E+00
         1    1                 1.99221614E-01 +-  0.00000000E+00
    2    0    0                 3.78856397E-01 +-  0.00000000E+00
         1    0                 2.22920088E-31 +-  0.00000000E+00
         1    1                 3.78856397E-01 +-  0.00000000E+00
    3    0    0                 3.78856397E-01 +-  0.00000000E+00
         1    0                 1.39670710E-31 +-  1.31371731E-46
         1    1                 3.78856397E-01 +-  0.00000000E+00
    4    0    0                 4.95071244E-01 +-  0.00000000E+00
         1    0                 2.18705842E-31 +-  0.00000000E+00
         1    1                 4.95071244E-01 +-  0.00000000E+00
    5    0    0                 4.95071244E-01 +-  0.00000000E+00
         1    0                -1.26113550E-30 +-  0.00000000E+00
         1    1                 4.95071244E-01 +-  0.00000000E+00
    6    0    0                 4.95071244E-01 +-  0.00000000E+00
         1    0                -1.15572368E-30 +-  0.00000000E+00
         1    1                 4.95071244E-01 +-  0.00000000E+00
    7    0    0                 6.19000805E-01 +-  0.00000000E+00
         1    0                 9.27470510E-33 +-  4.92643991E-47
         1    1                 6.19000805E-01 +-  0.00000000E+00
    8    0    0                 6.19000805E-01 +-  0.00000000E+00
         1    0                 5.78840794E-32 +-  6.56858655E-47
         1    1                 6.19000805E-01 +-  0.00000000E+00
    9    0    0                 7.86064826E-01 +-  0.00000000E+00
         1    0                 5.48560785E-32 +-  9.19602117E-46
         1    1                 7.86064826E-01 +-  0.00000000E+00
============================================================================
 FT of Pairing correlation fn:
    1    0    0                 1.79873485E-01 +-  0.00000000E+00
         1    0                 2.11607077E-30 +-  0.00000000E+00
         1    1                 1.79873485E-01 +-  8.32667268E-17
    2    0    0                 1.34964789E-01 +-  0.00000000E+00
         1    0                -8.33354625E-32 +-  0.00000000E+00
         1    1                 1.34964789E-01 +-  0.00000000E+00
    3    0    0                 1.34964789E-01 +-  0.00000000E+00
         1    0                -5.18386761E-32 +-  0.00000000E+00
         1    1                 1.34964789E-01 +-  8.32667268E-17
    4    0    0                 1.05911077E-01 +-  0.00000000E+00
         1    0                -8.27903182E-32 +-  0.00000000E+00
         1    1                 1.05911077E-01 +-  8.32667268E-17
    5    0    0                 1.05911077E-01 +-  0.00000000E+00
         1    0                 4.71818181E-31 +-  2.62743462E-46
         1    1                 1.05911077E-01 +-  8.32667268E-17
    6    0    0                 1.05911077E-01 +-  0.00000000E+00
         1    0                 4.34956991E-31 +-  0.00000000E+00
         1    1                 1.05911077E-01 +-  8.32667268E-17
    7    0    0                 7.49286870E-02 +-  0.00000000E+00
         1    0                -2.53611660E-33 +-  0.00000000E+00
         1    1                 7.49286870E-02 +-  1.24900090E-16
    8    0    0                 7.49286870E-02 +-  0.00000000E+00
         1    0                -2.17364860E-32 +-  6.56858655E-47
         1    1                 7.49286870E-02 +-  1.24900090E-16
    9    0    0                 3.31626817E-02 +-  0.00000000E+00
         1    0                -1.91358354E-32 +-  2.29900529E-46
         1    1                 3.31626817E-02 +-  2.08166817E-17
============================================================================
 Eigenvalues of Ave Equal t Green's function:
    1    1                      2.24816770E-04 +-  2.60208521E-16
         2                      2.24816770E-04 +-  1.76941795E-16
    2    1                      1.21284350E-02 +-  4.16333634E-17
         2                      1.21284350E-02 +-  1.87350135E-16
    3    1                      1.21284350E-02 +-  3.64291930E-17
         2                      1.21284350E-02 +-  8.32667268E-17
    4    1                      4.01312340E-01 +-  0.00000000E+00
         2                      4.01312340E-01 +-  0.00000000E+00
    5    1                      4.01312340E-01 +-  1.31561428E-14
         2                      4.01312340E-01 +-  1.36557432E-14
    6    1                      4.01312340E-01 +-  4.16333634E-15
         2                      4.01312340E-01 +-  3.99680289E-15
    7    1                      9.73403006E-01 +-  6.66133815E-16
         2                      9.73403006E-01 +-  0.00000000E+00
    8    1                      9.73403006E-01 +-  0.00000000E+00
         2                      9.73403006E-01 +-  0.00000000E+00
    9    1                      9.99499799E-01 +-  3.33066907E-16
         2                      9.99499799E-01 +-  0.00000000E+00
============================================================================
 Eigenvalues of Up Equal t Green's function:
    1    1                      2.24816770E-04 +-  2.60208521E-16
         2                      2.24816770E-04 +-  1.76941795E-16
    2    1                      1.21284350E-02 +-  4.16333634E-17
         2                      1.21284350E-02 +-  1.87350135E-16
    3    1                      1.21284350E-02 +-  3.64291930E-17
         2                      1.21284350E-02 +-  8.32667268E-17
    4    1                      4.01312340E-01 +-  0.00000000E+00
         2                      4.01312340E-01 +-  0.00000000E+00
    5    1                      4.01312340E-01 +-  1.31561428E-14
         2                      4.01312340E-01 +-  1.36557432E-14
    6    1                      4.01312340E-01 +-  4.16333634E-15
         2                      4.01312340E-01 +-  3.99680289E-15
    7    1                      9.73403006E-01 +-  6.66133815E-16
         2                      9.73403006E-01 +-  0.00000000E+00
    8    1                      9.73403006E-01 +-  0.00000000E+00
         2                      9.73403006E-01 +-  0.00000000E+00
    9    1                      9.99499799E-01 +-  3.33066907E-16
         2                      9.99499799E-01 +-  0.00000000E+00
============================================================================
 Eigenvalues of Dn Equal t Green's function:
    1    1                      2.24816770E-04 +-  2.60208521E-16
         2                      2.24816770E-04 +-  1.76941795E-16
    2    1                      1.21284350E-02 +-  4.16333634E-17
         2                      1.21284350E-02 +-  1.87350135E-16
    3    1                      1.21284350E-02 +-  3.64291930E-17
         2                      1.21284350E-02 +-  8.32667268E-17
    4    1                      4.01312340E-01 +-  0.00000000E+00
         2                      4.01312340E-01 +-  0.00000000E+00
    5    1                      4.01312340E-01 +-  1.31561428E-14
         2                      4.01312340E-01 +-  1.36557432E-14
    6    1                      4.01312340E-01 +-  4.16333634E-15
         2                      4.01312340E-01 +-  3.99680289E-15
    7    1                      9.73403006E-01 +-  6.66133815E-16
         2                      9.73403006E-01 +-  0.00000000E+00
    8    1                      9.73403006E-01 +-  0.00000000E+00
         2                      9.73403006E-01 +-  0.00000000E+00
    9    1                      9.99499799E-01 +-  3.33066907E-16
         2                      9.99499799E-01 +-  0.00000000E+00
============================================================================
 Eigenvalues of Density-density correlation fn: (up-up)
    1    1                      9.96108069E-02 +-  7.01505634E+00
         2                      9.45301926E+00 +-  7.01505634E+00
    2    1                      1.89428199E-01 +-  2.45023683E-05
         2                      1.89428199E-01 +-  5.78144719E-05
    3    1                      1.89428199E-01 +-  7.32747196E-15
         2                      1.89428199E-01 +-  7.66053887E-15
    4    1                      2.47535622E-01 +-  2.33146835E-15
         2                      2.47535622E-01 +-  2.49800181E-15
    5    1                      2.47535622E-01 +-  5.03763697E-14
         2                      2.47535622E-01 +-  5.10425036E-14
    6    1                      2.47535622E-01 +-  2.08999484E-14
         2                      2.47535622E-01 +-  2.13995488E-14
    7    1                      3.09500402E-01 +-  1.83186799E-15
         2                      3.09500402E-01 +-  2.66453526E-15
    8    1                      3.09500402E-01 +-  2.03705971E-07
         2                      3.09500402E-01 +-  4.72616978E-07
    9    1                      3.93032413E-01 +-  3.56381591E-14
         2                      3.93032413E-01 +-  3.64708264E-14
============================================================================
 Eigenvalues of Density-density correlation fn: (up-dn)
    1    1                      3.99680289E-15 +-  7.01505634E+00
         2                      9.35340845E+00 +-  7.01505634E+00
    2    1                     -1.69333897E-15 +-  5.83854368E-16
         2                     -9.68956584E-17 +-  6.14850763E-17
    3    1                     -1.18642938E-16 +-  2.27546976E-17
         2                      1.50642172E-15 +-  2.27546976E-17
    4    1                     -5.00364678E-17 +-  4.38864338E-18
         2                      1.56271534E-15 +-  4.38864338E-18
    5    1                     -7.43799447E-15 +-  2.94802349E-14
         2                      5.85592666E-15 +-  2.94802349E-14
    6    1                     -7.42004319E-15 +-  2.86880571E-14
         2                      5.58817520E-15 +-  2.86880571E-14
    7    1                     -2.81760181E-17 +-  1.26103822E-18
         2                      1.80453286E-15 +-  1.26103822E-18
    8    1                     -1.60982401E-15 +-  9.65894031E-15
         2                      6.27431603E-22 +-  1.46725453E-27
    9    1                     -7.29431723E-15 +-  2.87530584E-14
         2                      5.68449384E-15 +-  2.87530584E-14
============================================================================
 Eigenvalues of XX spin correlation fn:
    1    1                      1.99221614E-01 +-  0.00000000E+00
         2                      1.99221614E-01 +-  8.32667268E-17
    2    1                      3.78856397E-01 +-  0.00000000E+00
         2                      3.78856397E-01 +-  0.00000000E+00
    3    1                      3.78856397E-01 +-  0.00000000E+00
         2                      3.78856397E-01 +-  0.00000000E+00
    4    1                      4.95071244E-01 +-  0.00000000E+00
         2                      4.95071244E-01 +-  0.00000000E+00
    5    1                      4.95071244E-01 +-  0.00000000E+00
         2                      4.95071244E-01 +-  0.00000000E+00
    6    1                      4.95071244E-01 +-  0.00000000E+00
         2                      4.95071244E-01 +-  0.00000000E+00
    7    1                      6.19000805E-01 +-  0.00000000E+00
         2                      6.19000805E-01 +-  0.00000000E+00
    8    1                      6.19000805E-01 +-  0.00000000E+00
         2                      6.19000805E-01 +-  0.00000000E+00
    9    1                      7.86064826E-01 +-  0.00000000E+00
         2                      7.86064826E-01 +-  0.00000000E+00
============================================================================
 Eigenvalues of ZZ spin correlation fn:
    1    1                      1.99221614E-01 +-  0.00000000E+00
         2                      1.99221614E-01 +-  8.32667268E-17
    2    1                      3.78856397E-01 +-  0.00000000E+00
         2                      3.78856397E-01 +-  0.00000000E+00
    3    1                      3.78856397E-01 +-  0.00000000E+00
         2                      3.78856397E-01 +-  0.00000000E+00
    4    1                      4.95071244E-01 +-  0.00000000E+00
         2                      4.95071244E-01 +-  0.00000000E+00
    5    1                      4.95071244E-01 +-  0.00000000E+00
         2                      4.95071244E-01 +-  0.00000000E+00
    6    1                      4.95071244E-01 +-  0.00000000E+00
         2                      4.95071244E-01 +-  0.00000000E+00
    7    1                      6.19000805E-01 +-  0.00000000E+00
         2                      6.19000805E-01 +-  0.00000000E+00
    8    1                      6.19000805E-01 +-  0.00000000E+00
         2                      6.19000805E-01 +-  0.00000000E+00
    9    1                      7.86064826E-01 +-  0.00000000E+00
         2                      7.86064826E-01 +-  0.00000000E+00
============================================================================
 Eigenvalues of Average spin correlation fn:
    1    1                      1.99221614E-01 +-  0.00000000E+00
         2                      1.99221614E-01 +-  8.32667268E-17
    2    1                      3.78856397E-01 +-  0.00000000E+00
         2                      3.78856397E-01 +-  0.00000000E+00
    3    1                      3.78856397E-01 +-  0.00000000E+00
         2                      3.78856397E-01 +-  0.00000000E+00
    4    1                      4.95071244E-01 +-  0.00000000E+00
         2                      4.95071244E-01 +-  0.00000000E+00
    5    1                      4.95071244E-01 +-  0.00000000E+00
         2                      4.95071244E-01 +-  0.00000000E+00
    6    1                      4.95071244E-01 +-  0.00000000E+00
         2                      4.95071244E-01 +-  0.00000000E+00
    7    1                      6.19000805E-01 +-  0.00000000E+00
         2                      6.19000805E-01 +-  0.00000000E+00
    8    1                      6.19000805E-01 +-  0.00000000E+00
         2                      6.19000805E-01 +-  0.00000000E+00
    9    1                      7.86064826E-01 +-  0.00000000E+00
         2                      7.86064826E-01 +-  0.00000000E+00
============================================================================
 Eigenvalues of Pairing correlation fn:
    1    1                      1.79873485E-01 +-  8.32667268E-17
         2                      1.79873485E-01 +-  0.00000000E+00
    2    1                      1.34964789E-01 +-  0.00000000E+00
         2                      1.34964789E-01 +-  0.00000000E+00
    3    1                      1.34964789E-01 +-  0.00000000E+00
         2                      1.34964789E-01 +-  8.32667268E-17
    4    1                      1.05911077E-01 +-  8.32667268E-17
         2                      1.05911077E-01 +-  0.00000000E+00
    5    1                      1.05911077E-01 +-  8.32667268E-17
         2                      1.05911077E-01 +-  0.00000000E+00
    6    1                      1.05911077E-01 +-  8.32667268E-17
         2                      1.05911077E-01 +-  0.00000000E+00
    7    1                      7.49286870E-02 +-  1.24900090E-16
         2                      7.49286870E-02 +-  0.00000000E+00
    8    1                      7.49286870E-02 +-  1.24900090E-16
         2                      7.49286870E-02 +-  0.00000000E+00
    9    1                      3.31626817E-02 +-  2.08166817E-17
         2                      3.31626817E-02 +-  0.00000000E+00
============================================================================
 Eigenmodes of Ave Equal t Green's function (Natural orbitals):
                        1                          2
   1    1  (  1.000000 +i  0.000000)  (  0.000000 +i  0.000000) 
        2  (  0.000000 +i  0.000000)  (  1.000000 +i  0.000000) 
   2    1  ( -0.982073 +i  0.000000)  ( -0.188499 +i  0.000000) 
        2  (  0.188499 +i  0.000000)  ( -0.982073 +i  0.000000) 
   3    1  ( -0.989583 +i  0.000000)  (  0.143966 +i -0.000000) 
        2  ( -0.143966 +i  0.000000)  ( -0.989583 +i  0.000000) 
   4    1  (  0.000000 +i  0.000000)  (  1.000000 +i  0.000000) 
        2  (  1.000000 +i  0.000000)  (  0.000000 +i  0.000000) 
   5    1  ( -0.813290 +i  0.000000)  ( -0.581859 +i  0.000000) 
        2  (  0.581859 +i  0.000000)  ( -0.813290 +i  0.000000) 
   6    1  ( -0.766383 +i  0.000000)  (  0.642384 +i -0.000000) 
        2  ( -0.642384 +i  0.000000)  ( -0.766383 +i  0.000000) 
   7    1  (  1.000000 +i  0.000000)  (  0.000000 +i  0.000000) 
        2  (  0.000000 +i  0.000000)  ( -1.000000 +i  0.000000) 
   8    1  (  1.000000 +i  0.000000)  (  0.000000 +i  0.000000) 
        2  (  0.000000 +i  0.000000)  ( -1.000000 +i  0.000000) 
   9    1  (  0.000000 +i  0.000000)  ( -1.000000 +i -0.000000) 
        2  (  1.000000 +i  0.000000)  (  0.000000 +i  0.000000) 
============================================================================
 Eigenmodes of Up Equal t Green's function (Natural orbitals):
                        1                          2
   1    1  (  1.000000 +i  0.000000)  (  0.000000 +i  0.000000) 
        2  (  0.000000 +i  0.000000)  (  1.000000 +i  0.000000) 
   2    1  ( -0.982073 +i  0.000000)  ( -0.188499 +i  0.000000) 
        2  (  0.188499 +i  0.000000)  ( -0.982073 +i  0.000000) 
   3    1  ( -0.989583 +i  0.000000)  (  0.143966 +i -0.000000) 
        2  ( -0.143966 +i  0.000000)  ( -0.989583 +i  0.000000) 
   4    1  (  0.000000 +i  0.000000)  (  1.000000 +i  0.000000) 
        2  (  1.000000 +i  0.000000)  (  0.000000 +i  0.000000) 
   5    1  ( -0.813290 +i  0.000000)  ( -0.581859 +i  0.000000) 
        2  (  0.581859 +i  0.000000)  ( -0.813290 +i  0.000000) 
   6    1  ( -0.766383 +i  0.000000)  (  0.642384 +i -0.000000) 
        2  ( -0.642384 +i  0.000000)  ( -0.766383 +i  0.000000) 
   7    1  (  1.000000 +i  0.000000)  (  0.000000 +i  0.000000) 
        2  (  0.000000 +i  0.000000)  ( -1.000000 +i  0.000000) 
   8    1  (  1.000000 +i  0.000000)  (  0.000000 +i  0.000000) 
        2  (  0.000000 +i  0.000000)  ( -1.000000 +i  0.000000) 
   9    1  (  0.000000 +i  0.000000)  ( -1.000000 +i -0.000000) 
        2  (  1.000000 +i  0.000000)  (  0.000000 +i  0.000000) 
============================================================================
 Eigenmodes of Down Equal t Green's function (Natural orbitals):
                        1                          2
   1    1  (  1.000000 +i  0.000000)  (  0.000000 +i  0.000000) 
        2  (  0.000000 +i  0.000000)  (  1.000000 +i  0.000000) 
   2    1  ( -0.982073 +i  0.000000)  ( -0.188499 +i  0.000000) 
        2  (  0.188499 +i  0.000000)  ( -0.982073 +i  0.000000) 
   3    1  ( -0.989583 +i  0.000000)  (  0.143966 +i -0.000000) 
        2  ( -0.143966 +i  0.000000)  ( -0.989583 +i  0.000000) 
   4    1  (  0.000000 +i  0.000000)  (  1.000000 +i  0.000000) 
        2  (  1.000000 +i  0.000000)  (  0.000000 +i  0.000000) 
   5    1  ( -0.813290 +i  0.000000)  ( -0.581859 +i  0.000000) 
        2  (  0.581859 +i  0.000000)  ( -0.813290 +i  0.000000) 
   6    1  ( -0.766383 +i  0.000000)  (  0.642384 +i -0.000000) 
        2  ( -0.642384 +i  0.000000)  ( -0.766383 +i  0.000000) 
   7    1  (  1.000000 +i  0.000000)  (  0.000000 +i  0.000000) 
        2  (  0.000000 +i  0.000000)  ( -1.000000 +i  0.000000) 
   8    1  (  1.000000 +i  0.000000)  (  0.000000 +i  0.000000) 
        2  (  0.000000 +i  0.000000)  ( -1.000000 +i  0.000000) 
   9    1  (  0.000000 +i  0.000000)  ( -1.000000 +i -0.000000) 
        2  (  1.000000 +i  0.000000)  (  0.000000 +i  0.000000) 
============================================================================
 Eigenmodes of Density-density correlation fn: (up-up)
                        1                          2
   1    1  ( -0.707107 +i  0.000000)  (  0.707107 +i  0.000000) 
        2  (  0.707107 +i  0.000000)  (  0.707107 +i  0.000000) 
   2    1  ( -0.838058 +i  0.000000)  (  0.545562 +i -0.004643) 
        2  ( -0.545582 +i  0.000000)  ( -0.838027 +i  0.007132) 
   3    1  ( -0.710047 +i  0.000000)  ( -0.704154 +i  0.000000) 
        2  ( -0.704154 +i  0.000000)  (  0.710047 +i  0.000000) 
   4    1  ( -0.815113 +i  0.000000)  ( -0.579303 +i  0.000000) 
        2  ( -0.579303 +i  0.000000)  (  0.815113 +i  0.000000) 
   5    1  ( -0.744028 +i  0.000000)  ( -0.668148 +i -0.000000) 
        2  (  0.668148 +i  0.000000)  ( -0.744028 +i -0.000000) 
   6    1  ( -0.789027 +i  0.000000)  ( -0.614359 +i  0.000000) 
        2  (  0.614359 +i  0.000000)  ( -0.789027 +i  0.000000) 
   7    1  ( -0.707107 +i  0.000000)  (  0.707107 +i  0.000000) 
        2  (  0.707107 +i  0.000000)  (  0.707107 +i  0.000000) 
   8    1  ( -0.835945 +i  0.000000)  (  0.548813 +i -0.000331) 
        2  ( -0.548814 +i  0.000000)  ( -0.835945 +i  0.000504) 
   9    1  ( -0.776212 +i  0.000000)  (  0.630472 +i  0.000000) 
        2  ( -0.630472 +i  0.000000)  ( -0.776212 +i -0.000000) 
============================================================================
 Eigenmodes of Density-density correlation fn: (up-dn)
                        1                          2
   1    1  ( -0.707107 +i  0.000000)  (  0.707107 +i  0.000000) 
        2  (  0.707107 +i  0.000000)  (  0.707107 +i  0.000000) 
   2    1  ( -0.067100 +i  0.000000)  ( -0.971646 +i -0.226718) 
        2  ( -0.997746 +i  0.000000)  (  0.065344 +i  0.015247) 
   3    1  ( -0.997653 +i  0.000000)  ( -0.068479 +i  0.000000) 
        2  ( -0.068479 +i  0.000000)  (  0.997653 +i  0.000000) 
   4    1  ( -0.999546 +i  0.000000)  ( -0.030131 +i  0.000000) 
        2  ( -0.030131 +i  0.000000)  (  0.999546 +i  0.000000) 
   5    1  ( -0.663306 +i  0.000000)  ( -0.748348 +i  0.000000) 
        2  ( -0.748348 +i  0.000000)  (  0.663306 +i -0.000000) 
   6    1  ( -0.655430 +i  0.000000)  ( -0.755256 +i -0.000000) 
        2  ( -0.755256 +i  0.000000)  (  0.655430 +i  0.000000) 
   7    1  ( -0.999885 +i  0.000000)  ( -0.015146 +i  0.000000) 
        2  ( -0.015146 +i  0.000000)  (  0.999885 +i  0.000000) 
   8    1  (  0.000624 +i  0.000000)  (  0.000000 +i  1.000000) 
        2  ( -1.000000 +i  0.000000)  (  0.000000 +i  0.000624) 
   9    1  (  0.661803 +i  0.000000)  ( -0.749678 +i  0.000000) 
        2  ( -0.749678 +i  0.000000)  ( -0.661803 +i  0.000000) 
============================================================================
 Eigenmodes of XX-Spin correlation fn: 
                        1                          2
   1    1  (  0.000000 +i  0.000000)  (  1.000000 +i  0.000000) 
        2  (  1.000000 +i  0.000000)  (  0.000000 +i  0.000000) 
   2    1  (  1.000000 +i  0.000000)  (  0.000000 +i  0.000000) 
        2  (  0.000000 +i  0.000000)  ( -1.000000 +i -0.000000) 
   3    1  (  0.000000 +i  0.000000)  (  1.000000 +i  0.000000) 
        2  (  1.000000 +i  0.000000)  (  0.000000 +i  0.000000) 
   4    1  (  1.000000 +i  0.000000)  (  0.000000 +i  0.000000) 
        2  (  0.000000 +i  0.000000)  (  1.000000 +i  0.000000) 
   5    1  (  0.000000 +i  0.000000)  ( -1.000000 +i -0.000000) 
        2  (  1.000000 +i  0.000000)  (  0.000000 +i  0.000000) 
   6    1  (  1.000000 +i  0.000000)  (  0.000000 +i  0.000000) 
        2  (  0.000000 +i  0.000000)  ( -1.000000 +i  0.000000) 
   7    1  (  1.000000 +i  0.000000)  (  0.000000 +i  0.000000) 
        2  (  0.000000 +i  0.000000)  (  1.000000 +i  0.000000) 
   8    1  (  0.000000 +i  0.000000)  ( -1.000000 +i  0.000000) 
        2  (  1.000000 +i  0.000000)  (  0.000000 +i  0.000000) 
   9    1  (  1.000000 +i  0.000000)  (  0.000000 +i  0.000000) 
        2  (  0.000000 +i  0.000000)  ( -1.000000 +i  0.000000) 
============================================================================
 Eigenmodes of ZZ-Spin correlation fn: 
                        1                          2
   1    1  (  0.000000 +i  0.000000)  (  1.000000 +i  0.000000) 
        2  (  1.000000 +i  0.000000)  (  0.000000 +i  0.000000) 
   2    1  (  1.000000 +i  0.000000)  (  0.000000 +i  0.000000) 
        2  (  0.000000 +i  0.000000)  (  1.000000 +i  0.000000) 
   3    1  (  0.000000 +i  0.000000)  (  1.000000 +i  0.000000) 
        2  (  1.000000 +i  0.000000)  (  0.000000 +i  0.000000) 
   4    1  (  1.000000 +i  0.000000)  (  0.000000 +i  0.000000) 
        2  (  0.000000 +i  0.000000)  (  1.000000 +i  0.000000) 
   5    1  (  0.000000 +i  0.000000)  (  1.000000 +i  0.000000) 
        2  (  1.000000 +i  0.000000)  (  0.000000 +i  0.000000) 
   6    1  (  1.000000 +i  0.000000)  (  0.000000 +i  0.000000) 
        2  (  0.000000 +i  0.000000)  (  1.000000 +i  0.000000) 
   7    1  (  1.000000 +i  0.000000)  (  0.000000 +i  0.000000) 
        2  (  0.000000 +i  0.000000)  (  1.000000 +i  0.000000) 
   8    1  (  0.000000 +i  0.000000)  (  1.000000 +i  0.000000) 
        2  (  1.000000 +i  0.000000)  (  0.000000 +i  0.000000) 
   9    1  (  1.000000 +i  0.000000)  (  0.000000 +i  0.000000) 
        2  (  0.000000 +i  0.000000)  (  1.000000 +i  0.000000) 
============================================================================
 Eigenmodes of Average Spin correlation fn: 
                        1                          2
   1    1  (  0.000000 +i  0.000000)  (  1.000000 +i  0.000000) 
        2  (  1.000000 +i  0.000000)  (  0.000000 +i  0.000000) 
   2    1  (  1.000000 +i  0.000000)  (  0.000000 +i  0.000000) 
        2  (  0.000000 +i  0.000000)  (  1.000000 +i  0.000000) 
   3    1  (  0.000000 +i  0.000000)  ( -1.000000 +i  0.000000) 
        2  (  1.000000 +i  0.000000)  (  0.000000 +i  0.000000) 
   4    1  (  1.000000 +i  0.000000)  (  0.000000 +i  0.000000) 
        2  (  0.000000 +i  0.000000)  (  1.000000 +i  0.000000) 
   5    1  (  0.000000 +i  0.000000)  ( -1.000000 +i -0.000000) 
        2  (  1.000000 +i  0.000000)  (  0.000000 +i  0.000000) 
   6    1  (  1.000000 +i  0.000000)  (  0.000000 +i  0.000000) 
        2  (  0.000000 +i  0.000000)  ( -1.000000 +i -0.000000) 
   7    1  (  1.000000 +i  0.000000)  (  0.000000 +i  0.000000) 
        2  (  0.000000 +i  0.000000)  ( -1.000000 +i -0.000000) 
   8    1  (  0.000000 +i  0.000000)  ( -1.000000 +i  0.000000) 
        2  (  1.000000 +i  0.000000)  (  0.000000 +i  0.000000) 
   9    1  (  1.000000 +i  0.000000)  (  0.000000 +i  0.000000) 
        2  (  0.000000 +i  0.000000)  ( -1.000000 +i -0.000000) 
============================================================================
 Eigenmodes of Pairing correlation fn: 
                        1                          2
   1    1  (  0.000000 +i  0.000000)  (  1.000000 +i  0.000000) 
        2  (  1.000000 +i  0.000000)  (  0.000000 +i  0.000000) 
   2    1  (  0.000000 +i  0.000000)  (  1.000000 +i  0.000000) 
        2  (  1.000000 +i  0.000000)  (  0.000000 +i  0.000000) 
   3    1  (  1.000000 +i  0.000000)  (  0.000000 +i  0.000000) 
        2  (  0.000000 +i  0.000000)  (  1.000000 +i  0.000000) 
   4    1  (  0.000000 +i  0.000000)  (  1.000000 +i  0.000000) 
        2  (  1.000000 +i  0.000000)  (  0.000000 +i  0.000000) 
   5    1  (  0.000000 +i  0.000000)  ( -1.000000 +i -0.000000) 
        2  (  1.000000 +i  0.000000)  (  0.000000 +i  0.000000) 
   6    1  (  0.000000 +i  0.000000)  ( -1.000000 +i  0.000000) 
        2  (  1.000000 +i  0.000000)  (  0.000000 +i  0.000000) 
   7    1  (  0.000000 +i  0.000000)  ( -1.000000 +i  0.000000) 
        2  (  1.000000 +i  0.000000)  (  0.000000 +i  0.000000) 
   8    1  (  0.000000 +i  0.000000)  ( -1.000000 +i  0.000000) 
        2  (  1.000000 +i  0.000000)  (  0.000000 +i  0.000000) 
   9    1  (  0.000000 +i  0.000000)  ( -1.000000 +i -0.000000) 
        2  (  1.000000 +i  0.000000)  (  0.000000 +i  0.000000) 
============================================================================
