 General Geometry - Free Format                                                 
  
                          U :            0.000000    0.000000
                       t_up :        1.000000E+00
                       t_dn :        1.000000E+00
                      mu_up :            1.000000    1.000000
                      mu_dn :            1.000000    1.000000
             Time slice - L :           20
            Number of sites :           32
                       dtau :        1.000000E-01
                       beta :        2.000000E+00
     Number of warmup sweep :        50000
Number of measurement sweep :       100000
   Frequency of measurement :            1
                Random seed :      1234567
 Frequency of recomputing G :            8
Global move number of sites :            1
               Accept count :     49463987
               Reject count :     46464432
    Approximate accept rate :        5.156343E-01
                      gamma :        9.393386E-01
   Global move accept count :       150000
   Global move reject count :            0
    Global move accept rate :        1.000000E+00
           Type of matrix B : Dense MatB  
         Type of matrix HSF : discrete
 Sign of equal time measurements:
                                avg sign :   1.00000000E+00 +-  0.00000000E+00
                             avg up sign :   1.00000000E+00 +-  0.00000000E+00
                             avg dn sign :   1.00000000E+00 +-  0.00000000E+00
============================================================================
 Electronic properties:
                         spin up density :   6.72133181E-01 +-  0.00000000E+00
                       spin down density :   6.72133181E-01 +-  0.00000000E+00
                           total density :   1.34426636E+00 +-  0.00000000E+00
                        double occupancy :   4.51763012E-01 +-  0.00000000E+00
                kinetic (hopping) energy :  -1.37706544E+00 +-  0.00000000E+00
            potential (U*Nup*Ndn) energy :   0.00000000E+00 +-  0.00000000E+00
   PH-symm total energy (inc. chem potl) :  -2.72133181E+00 +-  0.00000000E+00
                             chi_thermal :   7.40027866E+01 +-  0.00000000E+00
                           specific heat :  -3.14144614E+02 +-  3.23558412E-12
                       (magnetization)^2 :   1.10185084E-01 +-  0.00000000E+00
               XX ferro structure factor :   1.32789225E-01 +-  0.00000000E+00
               ZZ ferro structure factor :   1.32789225E-01 +-  0.00000000E+00
============================================================================
 Mean Equal time Green's function:
    0    0    0.0000    0.0000    0.0000   016   3.27866819E-01 +-  0.00000000E+00
    0    1    0.0000    0.0000    1.0000   032  -7.90881683E-17 +-  0.00000000E+00
    0    0    1.0000    0.0000    0.0000   032  -1.72133181E-01 +-  0.00000000E+00
    0    1    1.0000    0.0000    1.0000   064   2.14533066E-17 +-  0.00000000E+00
    0    0    2.0000    0.0000    0.0000   016   4.74479332E-02 +-  0.00000000E+00
    0    1    2.0000    0.0000    1.0000   032  -8.66171216E-18 +-  0.00000000E+00
    0    0    0.0000    1.0000    0.0000   032  -1.72133181E-01 +-  0.00000000E+00
    0    1    0.0000    1.0000    1.0000   064   4.98480512E-17 +-  0.00000000E+00
    0    0    1.0000    1.0000    0.0000   064   4.74479332E-02 +-  0.00000000E+00
    0    1    1.0000    1.0000    1.0000   128  -2.01506318E-17 +-  0.00000000E+00
    0    0    2.0000    1.0000    0.0000   032   4.74479332E-02 +-  0.00000000E+00
    0    1    2.0000    1.0000    1.0000   064   3.60069063E-17 +-  0.00000000E+00
    0    0    0.0000    2.0000    0.0000   016   4.74479332E-02 +-  0.00000000E+00
    0    1    0.0000    2.0000    1.0000   032   1.06176504E-16 +-  0.00000000E+00
    0    0    1.0000    2.0000    0.0000   032   4.74479332E-02 +-  0.00000000E+00
    0    1    1.0000    2.0000    1.0000   064  -1.09571114E-16 +-  0.00000000E+00
    0    0    2.0000    2.0000    0.0000   016  -1.13768031E-01 +-  0.00000000E+00
    0    1    2.0000    2.0000    1.0000   032   6.67243023E-17 +-  0.00000000E+00
    1    1    0.0000    0.0000    0.0000   016   3.27866819E-01 +-  0.00000000E+00
    1    1    1.0000    0.0000    0.0000   032  -1.72133181E-01 +-  0.00000000E+00
    1    1    2.0000    0.0000    0.0000   016   4.74479332E-02 +-  0.00000000E+00
    1    1    0.0000    1.0000    0.0000   032  -1.72133181E-01 +-  0.00000000E+00
    1    1    1.0000    1.0000    0.0000   064   4.74479332E-02 +-  0.00000000E+00
    1    1    2.0000    1.0000    0.0000   032   4.74479332E-02 +-  0.00000000E+00
    1    1    0.0000    2.0000    0.0000   016   4.74479332E-02 +-  0.00000000E+00
    1    1    1.0000    2.0000    0.0000   032   4.74479332E-02 +-  0.00000000E+00
    1    1    2.0000    2.0000    0.0000   016  -1.13768031E-01 +-  0.00000000E+00
============================================================================
 Up Equal time Green's function:
    0    0    0.0000    0.0000    0.0000   016   3.27866819E-01 +-  0.00000000E+00
    0    1    0.0000    0.0000    1.0000   032  -7.90881683E-17 +-  0.00000000E+00
    0    0    1.0000    0.0000    0.0000   032  -1.72133181E-01 +-  0.00000000E+00
    0    1    1.0000    0.0000    1.0000   064   2.14533066E-17 +-  0.00000000E+00
    0    0    2.0000    0.0000    0.0000   016   4.74479332E-02 +-  0.00000000E+00
    0    1    2.0000    0.0000    1.0000   032  -8.66171216E-18 +-  0.00000000E+00
    0    0    0.0000    1.0000    0.0000   032  -1.72133181E-01 +-  0.00000000E+00
    0    1    0.0000    1.0000    1.0000   064   4.98480512E-17 +-  0.00000000E+00
    0    0    1.0000    1.0000    0.0000   064   4.74479332E-02 +-  0.00000000E+00
    0    1    1.0000    1.0000    1.0000   128  -2.01506318E-17 +-  0.00000000E+00
    0    0    2.0000    1.0000    0.0000   032   4.74479332E-02 +-  0.00000000E+00
    0    1    2.0000    1.0000    1.0000   064   3.60069063E-17 +-  0.00000000E+00
    0    0    0.0000    2.0000    0.0000   016   4.74479332E-02 +-  0.00000000E+00
    0    1    0.0000    2.0000    1.0000   032   1.06176504E-16 +-  0.00000000E+00
    0    0    1.0000    2.0000    0.0000   032   4.74479332E-02 +-  0.00000000E+00
    0    1    1.0000    2.0000    1.0000   064  -1.09571114E-16 +-  0.00000000E+00
    0    0    2.0000    2.0000    0.0000   016  -1.13768031E-01 +-  0.00000000E+00
    0    1    2.0000    2.0000    1.0000   032   6.67243023E-17 +-  0.00000000E+00
    1    1    0.0000    0.0000    0.0000   016   3.27866819E-01 +-  0.00000000E+00
    1    1    1.0000    0.0000    0.0000   032  -1.72133181E-01 +-  0.00000000E+00
    1    1    2.0000    0.0000    0.0000   016   4.74479332E-02 +-  0.00000000E+00
    1    1    0.0000    1.0000    0.0000   032  -1.72133181E-01 +-  0.00000000E+00
    1    1    1.0000    1.0000    0.0000   064   4.74479332E-02 +-  0.00000000E+00
    1    1    2.0000    1.0000    0.0000   032   4.74479332E-02 +-  0.00000000E+00
    1    1    0.0000    2.0000    0.0000   016   4.74479332E-02 +-  0.00000000E+00
    1    1    1.0000    2.0000    0.0000   032   4.74479332E-02 +-  0.00000000E+00
    1    1    2.0000    2.0000    0.0000   016  -1.13768031E-01 +-  0.00000000E+00
============================================================================
 Down Equal time Green's function:
    0    0    0.0000    0.0000    0.0000   016   3.27866819E-01 +-  0.00000000E+00
    0    1    0.0000    0.0000    1.0000   032  -7.90881683E-17 +-  0.00000000E+00
    0    0    1.0000    0.0000    0.0000   032  -1.72133181E-01 +-  0.00000000E+00
    0    1    1.0000    0.0000    1.0000   064   2.14533066E-17 +-  0.00000000E+00
    0    0    2.0000    0.0000    0.0000   016   4.74479332E-02 +-  0.00000000E+00
    0    1    2.0000    0.0000    1.0000   032  -8.66171216E-18 +-  0.00000000E+00
    0    0    0.0000    1.0000    0.0000   032  -1.72133181E-01 +-  0.00000000E+00
    0    1    0.0000    1.0000    1.0000   064   4.98480512E-17 +-  0.00000000E+00
    0    0    1.0000    1.0000    0.0000   064   4.74479332E-02 +-  0.00000000E+00
    0    1    1.0000    1.0000    1.0000   128  -2.01506318E-17 +-  0.00000000E+00
    0    0    2.0000    1.0000    0.0000   032   4.74479332E-02 +-  0.00000000E+00
    0    1    2.0000    1.0000    1.0000   064   3.60069063E-17 +-  0.00000000E+00
    0    0    0.0000    2.0000    0.0000   016   4.74479332E-02 +-  0.00000000E+00
    0    1    0.0000    2.0000    1.0000   032   1.06176504E-16 +-  0.00000000E+00
    0    0    1.0000    2.0000    0.0000   032   4.74479332E-02 +-  0.00000000E+00
    0    1    1.0000    2.0000    1.0000   064  -1.09571114E-16 +-  0.00000000E+00
    0    0    2.0000    2.0000    0.0000   016  -1.13768031E-01 +-  0.00000000E+00
    0    1    2.0000    2.0000    1.0000   032   6.67243023E-17 +-  0.00000000E+00
    1    1    0.0000    0.0000    0.0000   016   3.27866819E-01 +-  0.00000000E+00
    1    1    1.0000    0.0000    0.0000   032  -1.72133181E-01 +-  0.00000000E+00
    1    1    2.0000    0.0000    0.0000   016   4.74479332E-02 +-  0.00000000E+00
    1    1    0.0000    1.0000    0.0000   032  -1.72133181E-01 +-  0.00000000E+00
    1    1    1.0000    1.0000    0.0000   064   4.74479332E-02 +-  0.00000000E+00
    1    1    2.0000    1.0000    0.0000   032   4.74479332E-02 +-  0.00000000E+00
    1    1    0.0000    2.0000    0.0000   016   4.74479332E-02 +-  0.00000000E+00
    1    1    1.0000    2.0000    0.0000   032   4.74479332E-02 +-  0.00000000E+00
    1    1    2.0000    2.0000    0.0000   016  -1.13768031E-01 +-  0.00000000E+00
============================================================================
 Density-density correlation fn: (up-up)
    0    0    0.0000    0.0000    0.0000   016   6.72133181E-01 +-  0.00000000E+00
    0    1    0.0000    0.0000    1.0000   032   4.51763012E-01 +-  0.00000000E+00
    0    0    1.0000    0.0000    0.0000   032   4.22133181E-01 +-  0.00000000E+00
    0    1    1.0000    0.0000    1.0000   064   4.51763012E-01 +-  0.00000000E+00
    0    0    2.0000    0.0000    0.0000   016   4.49511706E-01 +-  0.00000000E+00
    0    1    2.0000    0.0000    1.0000   032   4.51763012E-01 +-  0.00000000E+00
    0    0    0.0000    1.0000    0.0000   032   4.22133181E-01 +-  0.00000000E+00
    0    1    0.0000    1.0000    1.0000   064   4.51763012E-01 +-  0.00000000E+00
    0    0    1.0000    1.0000    0.0000   064   4.49511706E-01 +-  0.00000000E+00
    0    1    1.0000    1.0000    1.0000   128   4.51763012E-01 +-  0.00000000E+00
    0    0    2.0000    1.0000    0.0000   032   4.49511706E-01 +-  0.00000000E+00
    0    1    2.0000    1.0000    1.0000   064   4.51763012E-01 +-  0.00000000E+00
    0    0    0.0000    2.0000    0.0000   016   4.49511706E-01 +-  0.00000000E+00
    0    1    0.0000    2.0000    1.0000   032   4.51763012E-01 +-  0.00000000E+00
    0    0    1.0000    2.0000    0.0000   032   4.49511706E-01 +-  0.00000000E+00
    0    1    1.0000    2.0000    1.0000   064   4.51763012E-01 +-  0.00000000E+00
    0    0    2.0000    2.0000    0.0000   016   4.38819847E-01 +-  0.00000000E+00
    0    1    2.0000    2.0000    1.0000   032   4.51763012E-01 +-  0.00000000E+00
    1    1    0.0000    0.0000    0.0000   016   6.72133181E-01 +-  0.00000000E+00
    1    1    1.0000    0.0000    0.0000   032   4.22133181E-01 +-  0.00000000E+00
    1    1    2.0000    0.0000    0.0000   016   4.49511706E-01 +-  0.00000000E+00
    1    1    0.0000    1.0000    0.0000   032   4.22133181E-01 +-  0.00000000E+00
    1    1    1.0000    1.0000    0.0000   064   4.49511706E-01 +-  0.00000000E+00
    1    1    2.0000    1.0000    0.0000   032   4.49511706E-01 +-  0.00000000E+00
    1    1    0.0000    2.0000    0.0000   016   4.49511706E-01 +-  0.00000000E+00
    1    1    1.0000    2.0000    0.0000   032   4.49511706E-01 +-  0.00000000E+00
    1    1    2.0000    2.0000    0.0000   016   4.38819847E-01 +-  0.00000000E+00
============================================================================
 Density-density correlation fn: (up-dn)
    0    0    0.0000    0.0000    0.0000   016   4.51763012E-01 +-  0.00000000E+00
    0    1    0.0000    0.0000    1.0000   032   4.51763012E-01 +-  0.00000000E+00
    0    0    1.0000    0.0000    0.0000   032   4.51763012E-01 +-  0.00000000E+00
    0    1    1.0000    0.0000    1.0000   064   4.51763012E-01 +-  0.00000000E+00
    0    0    2.0000    0.0000    0.0000   016   4.51763012E-01 +-  0.00000000E+00
    0    1    2.0000    0.0000    1.0000   032   4.51763012E-01 +-  0.00000000E+00
    0    0    0.0000    1.0000    0.0000   032   4.51763012E-01 +-  0.00000000E+00
    0    1    0.0000    1.0000    1.0000   064   4.51763012E-01 +-  0.00000000E+00
    0    0    1.0000    1.0000    0.0000   064   4.51763012E-01 +-  0.00000000E+00
    0    1    1.0000    1.0000    1.0000   128   4.51763012E-01 +-  0.00000000E+00
    0    0    2.0000    1.0000    0.0000   032   4.51763012E-01 +-  0.00000000E+00
    0    1    2.0000    1.0000    1.0000   064   4.51763012E-01 +-  0.00000000E+00
    0    0    0.0000    2.0000    0.0000   016   4.51763012E-01 +-  0.00000000E+00
    0    1    0.0000    2.0000    1.0000   032   4.51763012E-01 +-  0.00000000E+00
    0    0    1.0000    2.0000    0.0000   032   4.51763012E-01 +-  0.00000000E+00
    0    1    1.0000    2.0000    1.0000   064   4.51763012E-01 +-  0.00000000E+00
    0    0    2.0000    2.0000    0.0000   016   4.51763012E-01 +-  0.00000000E+00
    0    1    2.0000    2.0000    1.0000   032   4.51763012E-01 +-  0.00000000E+00
    1    1    0.0000    0.0000    0.0000   016   4.51763012E-01 +-  0.00000000E+00
    1    1    1.0000    0.0000    0.0000   032   4.51763012E-01 +-  0.00000000E+00
    1    1    2.0000    0.0000    0.0000   016   4.51763012E-01 +-  0.00000000E+00
    1    1    0.0000    1.0000    0.0000   032   4.51763012E-01 +-  0.00000000E+00
    1    1    1.0000    1.0000    0.0000   064   4.51763012E-01 +-  0.00000000E+00
    1    1    2.0000    1.0000    0.0000   032   4.51763012E-01 +-  0.00000000E+00
    1    1    0.0000    2.0000    0.0000   016   4.51763012E-01 +-  0.00000000E+00
    1    1    1.0000    2.0000    0.0000   032   4.51763012E-01 +-  0.00000000E+00
    1    1    2.0000    2.0000    0.0000   016   4.51763012E-01 +-  0.00000000E+00
============================================================================
 XX Spin correlation function:
    0    0    0.0000    0.0000    0.0000   016   4.40740336E-01 +-  0.00000000E+00
    0    1    0.0000    0.0000    1.0000   032  -1.31598979E-31 +-  0.00000000E+00
    0    0    1.0000    0.0000    0.0000   032  -5.92596637E-02 +-  0.00000000E+00
    0    1    1.0000    0.0000    1.0000   064  -1.85691643E-31 +-  0.00000000E+00
    0    0    2.0000    0.0000    0.0000   016  -4.50261272E-03 +-  0.00000000E+00
    0    1    2.0000    0.0000    1.0000   032  -3.38207094E-31 +-  0.00000000E+00
    0    0    0.0000    1.0000    0.0000   032  -5.92596637E-02 +-  0.00000000E+00
    0    1    0.0000    1.0000    1.0000   064  -1.65611883E-31 +-  0.00000000E+00
    0    0    1.0000    1.0000    0.0000   064  -4.50261272E-03 +-  0.00000000E+00
    0    1    1.0000    1.0000    1.0000   128  -2.30823114E-31 +-  0.00000000E+00
    0    0    2.0000    1.0000    0.0000   032  -4.50261272E-03 +-  0.00000000E+00
    0    1    2.0000    1.0000    1.0000   064  -3.76797192E-31 +-  0.00000000E+00
    0    0    0.0000    2.0000    0.0000   016  -4.50261272E-03 +-  0.00000000E+00
    0    1    0.0000    2.0000    1.0000   032  -2.99178920E-31 +-  0.00000000E+00
    0    0    1.0000    2.0000    0.0000   032  -4.50261272E-03 +-  0.00000000E+00
    0    1    1.0000    2.0000    1.0000   064  -2.29971975E-31 +-  0.00000000E+00
    0    0    2.0000    2.0000    0.0000   016  -2.58863298E-02 +-  0.00000000E+00
    0    1    2.0000    2.0000    1.0000   032  -1.78026919E-31 +-  0.00000000E+00
    1    1    0.0000    0.0000    0.0000   016   4.40740336E-01 +-  0.00000000E+00
    1    1    1.0000    0.0000    0.0000   032  -5.92596637E-02 +-  0.00000000E+00
    1    1    2.0000    0.0000    0.0000   016  -4.50261272E-03 +-  0.00000000E+00
    1    1    0.0000    1.0000    0.0000   032  -5.92596637E-02 +-  0.00000000E+00
    1    1    1.0000    1.0000    0.0000   064  -4.50261272E-03 +-  0.00000000E+00
    1    1    2.0000    1.0000    0.0000   032  -4.50261272E-03 +-  0.00000000E+00
    1    1    0.0000    2.0000    0.0000   016  -4.50261272E-03 +-  0.00000000E+00
    1    1    1.0000    2.0000    0.0000   032  -4.50261272E-03 +-  0.00000000E+00
    1    1    2.0000    2.0000    0.0000   016  -2.58863298E-02 +-  0.00000000E+00
============================================================================
 ZZ Spin correlation function:
    0    0    0.0000    0.0000    0.0000   016   4.40740336E-01 +-  0.00000000E+00
    0    1    0.0000    0.0000    1.0000   032   0.00000000E+00 +-  0.00000000E+00
    0    0    1.0000    0.0000    0.0000   032  -5.92596637E-02 +-  0.00000000E+00
    0    1    1.0000    0.0000    1.0000   064   0.00000000E+00 +-  0.00000000E+00
    0    0    2.0000    0.0000    0.0000   016  -4.50261272E-03 +-  0.00000000E+00
    0    1    2.0000    0.0000    1.0000   032   0.00000000E+00 +-  0.00000000E+00
    0    0    0.0000    1.0000    0.0000   032  -5.92596637E-02 +-  0.00000000E+00
    0    1    0.0000    1.0000    1.0000   064   0.00000000E+00 +-  0.00000000E+00
    0    0    1.0000    1.0000    0.0000   064  -4.50261272E-03 +-  0.00000000E+00
    0    1    1.0000    1.0000    1.0000   128   0.00000000E+00 +-  0.00000000E+00
    0    0    2.0000    1.0000    0.0000   032  -4.50261272E-03 +-  0.00000000E+00
    0    1    2.0000    1.0000    1.0000   064   0.00000000E+00 +-  0.00000000E+00
    0    0    0.0000    2.0000    0.0000   016  -4.50261272E-03 +-  0.00000000E+00
    0    1    0.0000    2.0000    1.0000   032   0.00000000E+00 +-  0.00000000E+00
    0    0    1.0000    2.0000    0.0000   032  -4.50261272E-03 +-  0.00000000E+00
    0    1    1.0000    2.0000    1.0000   064   0.00000000E+00 +-  0.00000000E+00
    0    0    2.0000    2.0000    0.0000   016  -2.58863298E-02 +-  0.00000000E+00
    0    1    2.0000    2.0000    1.0000   032   0.00000000E+00 +-  0.00000000E+00
    1    1    0.0000    0.0000    0.0000   016   4.40740336E-01 +-  0.00000000E+00
    1    1    1.0000    0.0000    0.0000   032  -5.92596637E-02 +-  0.00000000E+00
    1    1    2.0000    0.0000    0.0000   016  -4.50261272E-03 +-  0.00000000E+00
    1    1    0.0000    1.0000    0.0000   032  -5.92596637E-02 +-  0.00000000E+00
    1    1    1.0000    1.0000    0.0000   064  -4.50261272E-03 +-  0.00000000E+00
    1    1    2.0000    1.0000    0.0000   032  -4.50261272E-03 +-  0.00000000E+00
    1    1    0.0000    2.0000    0.0000   016  -4.50261272E-03 +-  0.00000000E+00
    1    1    1.0000    2.0000    0.0000   032  -4.50261272E-03 +-  0.00000000E+00
    1    1    2.0000    2.0000    0.0000   016  -2.58863298E-02 +-  0.00000000E+00
============================================================================
 Average Spin correlation function:
    0    0    0.0000    0.0000    0.0000   016   4.40740336E-01 +-  0.00000000E+00
    0    1    0.0000    0.0000    1.0000   032  -8.77326524E-32 +-  0.00000000E+00
    0    0    1.0000    0.0000    0.0000   032  -5.92596637E-02 +-  0.00000000E+00
    0    1    1.0000    0.0000    1.0000   064  -1.23794429E-31 +-  0.00000000E+00
    0    0    2.0000    0.0000    0.0000   016  -4.50261272E-03 +-  0.00000000E+00
    0    1    2.0000    0.0000    1.0000   032  -2.25471396E-31 +-  0.00000000E+00
    0    0    0.0000    1.0000    0.0000   032  -5.92596637E-02 +-  0.00000000E+00
    0    1    0.0000    1.0000    1.0000   064  -1.10407922E-31 +-  0.00000000E+00
    0    0    1.0000    1.0000    0.0000   064  -4.50261272E-03 +-  0.00000000E+00
    0    1    1.0000    1.0000    1.0000   128  -1.53882076E-31 +-  0.00000000E+00
    0    0    2.0000    1.0000    0.0000   032  -4.50261272E-03 +-  0.00000000E+00
    0    1    2.0000    1.0000    1.0000   064  -2.51198128E-31 +-  0.00000000E+00
    0    0    0.0000    2.0000    0.0000   016  -4.50261272E-03 +-  0.00000000E+00
    0    1    0.0000    2.0000    1.0000   032  -1.99452614E-31 +-  0.00000000E+00
    0    0    1.0000    2.0000    0.0000   032  -4.50261272E-03 +-  0.00000000E+00
    0    1    1.0000    2.0000    1.0000   064  -1.53314650E-31 +-  0.00000000E+00
    0    0    2.0000    2.0000    0.0000   016  -2.58863298E-02 +-  0.00000000E+00
    0    1    2.0000    2.0000    1.0000   032  -1.18684612E-31 +-  0.00000000E+00
    1    1    0.0000    0.0000    0.0000   016   4.40740336E-01 +-  0.00000000E+00
    1    1    1.0000    0.0000    0.0000   032  -5.92596637E-02 +-  0.00000000E+00
    1    1    2.0000    0.0000    0.0000   016  -4.50261272E-03 +-  0.00000000E+00
    1    1    0.0000    1.0000    0.0000   032  -5.92596637E-02 +-  0.00000000E+00
    1    1    1.0000    1.0000    0.0000   064  -4.50261272E-03 +-  0.00000000E+00
    1    1    2.0000    1.0000    0.0000   032  -4.50261272E-03 +-  0.00000000E+00
    1    1    0.0000    2.0000    0.0000   016  -4.50261272E-03 +-  0.00000000E+00
    1    1    1.0000    2.0000    0.0000   032  -4.50261272E-03 +-  0.00000000E+00
    1    1    2.0000    2.0000    0.0000   016  -2.58863298E-02 +-  0.00000000E+00
============================================================================
 S-wave pairing correlation function:
    0    0    0.0000    0.0000    0.0000   016   5.37483257E-02 +-  0.00000000E+00
    0    1    0.0000    0.0000    1.0000   032   3.64320235E-32 +-  0.00000000E+00
    0    0    1.0000    0.0000    0.0000   032   1.48149159E-02 +-  0.00000000E+00
    0    1    1.0000    0.0000    1.0000   064   4.89901959E-32 +-  0.00000000E+00
    0    0    2.0000    0.0000    0.0000   016   1.12565318E-03 +-  0.00000000E+00
    0    1    2.0000    0.0000    1.0000   032   8.67328411E-32 +-  0.00000000E+00
    0    0    0.0000    1.0000    0.0000   032   1.48149159E-02 +-  0.00000000E+00
    0    1    0.0000    1.0000    1.0000   064   4.41564854E-32 +-  0.00000000E+00
    0    0    1.0000    1.0000    0.0000   064   1.12565318E-03 +-  0.00000000E+00
    0    1    1.0000    1.0000    1.0000   128   6.01263278E-32 +-  0.00000000E+00
    0    0    2.0000    1.0000    0.0000   032   1.12565318E-03 +-  0.00000000E+00
    0    1    2.0000    1.0000    1.0000   064   9.74003953E-32 +-  0.00000000E+00
    0    0    0.0000    2.0000    0.0000   016   1.12565318E-03 +-  0.00000000E+00
    0    1    0.0000    2.0000    1.0000   032   7.62627543E-32 +-  0.00000000E+00
    0    0    1.0000    2.0000    0.0000   032   1.12565318E-03 +-  0.00000000E+00
    0    1    1.0000    2.0000    1.0000   064   5.89683371E-32 +-  0.00000000E+00
    0    0    2.0000    2.0000    0.0000   016   6.47158245E-03 +-  0.00000000E+00
    0    1    2.0000    2.0000    1.0000   032   4.86544005E-32 +-  0.00000000E+00
    1    1    0.0000    0.0000    0.0000   016   5.37483257E-02 +-  0.00000000E+00
    1    1    1.0000    0.0000    0.0000   032   1.48149159E-02 +-  0.00000000E+00
    1    1    2.0000    0.0000    0.0000   016   1.12565318E-03 +-  0.00000000E+00
    1    1    0.0000    1.0000    0.0000   032   1.48149159E-02 +-  0.00000000E+00
    1    1    1.0000    1.0000    0.0000   064   1.12565318E-03 +-  0.00000000E+00
    1    1    2.0000    1.0000    0.0000   032   1.12565318E-03 +-  0.00000000E+00
    1    1    0.0000    2.0000    0.0000   016   1.12565318E-03 +-  0.00000000E+00
    1    1    1.0000    2.0000    0.0000   032   1.12565318E-03 +-  0.00000000E+00
    1    1    2.0000    2.0000    0.0000   016   6.47158245E-03 +-  0.00000000E+00
============================================================================
 Grid for Green's function
  K-points
  Class
    1         0.00000   0.00000
 
    2         0.00000  -1.57080
              0.00000   1.57080
 
    3        -1.57080   0.00000
              1.57080   0.00000
 
    4        -1.57080  -1.57080
              1.57080  -1.57080
             -1.57080   1.57080
              1.57080   1.57080
 
    5         0.00000  -3.14159
 
    6        -3.14159   0.00000
 
    7        -1.57080  -3.14159
              1.57080  -3.14159
 
    8        -3.14159  -1.57080
             -3.14159   1.57080
 
    9        -3.14159  -3.14159
 
============================================================================
 Grid for spin/charge correlations
  K-points
  Class
    1         0.00000   0.00000
 
    2         0.00000  -1.57080
              0.00000   1.57080
 
    3        -1.57080   0.00000
              1.57080   0.00000
 
    4        -1.57080  -1.57080
              1.57080  -1.57080
             -1.57080   1.57080
              1.57080   1.57080
 
    5         0.00000  -3.14159
 
    6        -3.14159   0.00000
 
    7        -1.57080  -3.14159
              1.57080  -3.14159
 
    8        -3.14159  -1.57080
             -3.14159   1.57080
 
    9        -3.14159  -3.14159
 
============================================================================
 FT of Ave Equal t Green's function:
    1    0    0                 4.53978687E-05 +-  1.56125113E-16
         1    0                 2.26995956E-20 +-  0.00000000E+00
         1    1                 4.53978687E-05 +-  1.04083409E-17
    2    0    0                 2.47262316E-03 +-  1.04083409E-16
         1    0                 1.39815371E-18 +-  0.00000000E+00
         1    1                 2.47262316E-03 +-  1.04083409E-17
    3    0    0                 2.47262316E-03 +-  1.76941795E-16
         1    0                -3.29196443E-18 +-  0.00000000E+00
         1    1                 2.47262316E-03 +-  2.18575158E-16
    4    0    0                 1.19202922E-01 +-  1.24900090E-16
         1    0                -1.09878658E-16 +-  0.00000000E+00
         1    1                 1.19202922E-01 +-  8.32667268E-17
    5    0    0                 1.19202922E-01 +-  1.24900090E-16
         1    0                -1.82192076E-16 +-  0.00000000E+00
         1    1                 1.19202922E-01 +-  4.16333634E-16
    6    0    0                 1.19202922E-01 +-  1.24900090E-16
         1    0                 5.13698982E-16 +-  0.00000000E+00
         1    1                 1.19202922E-01 +-  4.16333634E-16
    7    0    0                 8.80797078E-01 +-  3.33066907E-16
         1    0                -5.86565442E-17 +-  0.00000000E+00
         1    1                 8.80797078E-01 +-  0.00000000E+00
    8    0    0                 8.80797078E-01 +-  0.00000000E+00
         1    0                -5.22699528E-16 +-  0.00000000E+00
         1    1                 8.80797078E-01 +-  0.00000000E+00
    9    0    0                 9.97527377E-01 +-  0.00000000E+00
         1    0                 9.07409785E-18 +-  0.00000000E+00
         1    1                 9.97527377E-01 +-  6.66133815E-16
============================================================================
 FT of Up Equal t Green's function:
    1    0    0                 4.53978687E-05 +-  1.56125113E-16
         1    0                 2.26995956E-20 +-  0.00000000E+00
         1    1                 4.53978687E-05 +-  1.04083409E-17
    2    0    0                 2.47262316E-03 +-  1.04083409E-16
         1    0                 1.39815371E-18 +-  0.00000000E+00
         1    1                 2.47262316E-03 +-  1.04083409E-17
    3    0    0                 2.47262316E-03 +-  1.76941795E-16
         1    0                -3.29196443E-18 +-  0.00000000E+00
         1    1                 2.47262316E-03 +-  2.18575158E-16
    4    0    0                 1.19202922E-01 +-  1.24900090E-16
         1    0                -1.09878658E-16 +-  0.00000000E+00
         1    1                 1.19202922E-01 +-  8.32667268E-17
    5    0    0                 1.19202922E-01 +-  1.24900090E-16
         1    0                -1.82192076E-16 +-  0.00000000E+00
         1    1                 1.19202922E-01 +-  4.16333634E-16
    6    0    0                 1.19202922E-01 +-  1.24900090E-16
         1    0                 5.13698982E-16 +-  0.00000000E+00
         1    1                 1.19202922E-01 +-  4.16333634E-16
    7    0    0                 8.80797078E-01 +-  3.33066907E-16
         1    0                -5.86565442E-17 +-  0.00000000E+00
         1    1                 8.80797078E-01 +-  0.00000000E+00
    8    0    0                 8.80797078E-01 +-  0.00000000E+00
         1    0                -5.22699528E-16 +-  0.00000000E+00
         1    1                 8.80797078E-01 +-  0.00000000E+00
    9    0    0                 9.97527377E-01 +-  0.00000000E+00
         1    0                 9.07409785E-18 +-  0.00000000E+00
         1    1                 9.97527377E-01 +-  6.66133815E-16
============================================================================
 FT of Dn Equal t Green's function:
    1    0    0                 4.53978687E-05 +-  1.56125113E-16
         1    0                 2.26995956E-20 +-  0.00000000E+00
         1    1                 4.53978687E-05 +-  1.04083409E-17
    2    0    0                 2.47262316E-03 +-  1.04083409E-16
         1    0                 1.39815371E-18 +-  0.00000000E+00
         1    1                 2.47262316E-03 +-  1.04083409E-17
    3    0    0                 2.47262316E-03 +-  1.76941795E-16
         1    0                -3.29196443E-18 +-  0.00000000E+00
         1    1                 2.47262316E-03 +-  2.18575158E-16
    4    0    0                 1.19202922E-01 +-  1.24900090E-16
         1    0                -1.09878658E-16 +-  0.00000000E+00
         1    1                 1.19202922E-01 +-  8.32667268E-17
    5    0    0                 1.19202922E-01 +-  1.24900090E-16
         1    0                -1.82192076E-16 +-  0.00000000E+00
         1    1                 1.19202922E-01 +-  4.16333634E-16
    6    0    0                 1.19202922E-01 +-  1.24900090E-16
         1    0                 5.13698982E-16 +-  0.00000000E+00
         1    1                 1.19202922E-01 +-  4.16333634E-16
    7    0    0                 8.80797078E-01 +-  3.33066907E-16
         1    0                -5.86565442E-17 +-  0.00000000E+00
         1    1                 8.80797078E-01 +-  0.00000000E+00
    8    0    0                 8.80797078E-01 +-  0.00000000E+00
         1    0                -5.22699528E-16 +-  0.00000000E+00
         1    1                 8.80797078E-01 +-  0.00000000E+00
    9    0    0                 9.97527377E-01 +-  0.00000000E+00
         1    0                 9.07409785E-18 +-  0.00000000E+00
         1    1                 9.97527377E-01 +-  6.66133815E-16
============================================================================
 FT of Density-density correlation fn: (up-up)
    1    0    0                 7.29460281E+00 +-  0.00000000E+00
         1    0                 7.22820820E+00 +-  0.00000000E+00
         1    1                 7.29460281E+00 +-  0.00000000E+00
    2    0    0                 1.78556282E-01 +-  1.66533454E-16
         1    0                -1.17961196E-16 +-  1.35308431E-16
         1    1                 1.78556282E-01 +-  6.66133815E-16
    3    0    0                 1.78556282E-01 +-  3.33066907E-16
         1    0                -1.11022302E-16 +-  0.00000000E+00
         1    1                 1.78556282E-01 +-  4.16333634E-16
    4    0    0                 2.11929616E-01 +-  8.32667268E-17
         1    0                -4.85722573E-17 +-  0.00000000E+00
         1    1                 2.11929616E-01 +-  1.66533454E-16
    5    0    0                 2.11929616E-01 +-  2.49800181E-16
         1    0                 1.38986045E-14 +-  8.84708973E-16
         1    1                 2.11929616E-01 +-  5.82867088E-16
    6    0    0                 2.11929616E-01 +-  1.66533454E-16
         1    0                 3.99680289E-15 +-  1.99840144E-15
         1    1                 2.11929616E-01 +-  3.33066907E-16
    7    0    0                 2.88070384E-01 +-  0.00000000E+00
         1    0                -4.85722573E-17 +-  0.00000000E+00
         1    1                 2.88070384E-01 +-  8.32667268E-16
    8    0    0                 2.88070384E-01 +-  3.33066907E-16
         1    0                 0.00000000E+00 +-  0.00000000E+00
         1    1                 2.88070384E-01 +-  0.00000000E+00
    9    0    0                 3.21443718E-01 +-  0.00000000E+00
         1    0                -4.44089210E-16 +-  6.66133815E-16
         1    1                 3.21443718E-01 +-  1.66533454E-16
============================================================================
 FT of Density-density correlation fn: (up-dn)
    1    0    0                 7.22820820E+00 +-  0.00000000E+00
         1    0                 7.22820820E+00 +-  0.00000000E+00
         1    1                 7.22820820E+00 +-  0.00000000E+00
    2    0    0                -5.62050406E-16 +-  1.76941795E-16
         1    0                -1.17961196E-16 +-  9.36750677E-17
         1    1                -1.17961196E-16 +-  1.04083409E-16
    3    0    0                 3.33066907E-16 +-  1.66533454E-16
         1    0                -1.11022302E-16 +-  0.00000000E+00
         1    1                -1.11022302E-16 +-  0.00000000E+00
    4    0    0                -4.92661467E-16 +-  1.66533454E-16
         1    0                -4.85722573E-17 +-  0.00000000E+00
         1    1                -4.85722573E-17 +-  0.00000000E+00
    5    0    0                 4.37150316E-16 +-  5.20417043E-17
         1    0                -6.93889390E-18 +-  9.36750677E-17
         1    1                -1.78329573E-15 +-  1.04083409E-16
    6    0    0                -3.10862447E-15 +-  1.16573418E-15
         1    0                 0.00000000E+00 +-  0.00000000E+00
         1    1                 1.77635684E-15 +-  6.66133815E-16
    7    0    0                 3.95516953E-16 +-  1.66533454E-16
         1    0                -4.85722573E-17 +-  0.00000000E+00
         1    1                -4.85722573E-17 +-  0.00000000E+00
    8    0    0                -4.44089210E-16 +-  1.66533454E-16
         1    0                 0.00000000E+00 +-  0.00000000E+00
         1    1                 0.00000000E+00 +-  0.00000000E+00
    9    0    0                 4.44089210E-16 +-  1.66533454E-16
         1    0                -3.55271368E-15 +-  1.33226763E-15
         1    1                -1.77635684E-15 +-  6.66133815E-16
============================================================================
 FT of XX spin correlation fn:
    1    0    0                 1.32789225E-01 +-  0.00000000E+00
         1    0                -3.78644975E-30 +-  0.00000000E+00
         1    1                 1.32789225E-01 +-  0.00000000E+00
    2    0    0                 3.57112564E-01 +-  0.00000000E+00
         1    0                 9.59604298E-32 +-  0.00000000E+00
         1    1                 3.57112564E-01 +-  0.00000000E+00
    3    0    0                 3.57112564E-01 +-  0.00000000E+00
         1    0                 5.07826734E-31 +-  0.00000000E+00
         1    1                 3.57112564E-01 +-  0.00000000E+00
    4    0    0                 4.23859232E-01 +-  0.00000000E+00
         1    0                 3.27760117E-31 +-  0.00000000E+00
         1    1                 4.23859232E-01 +-  0.00000000E+00
    5    0    0                 4.23859232E-01 +-  0.00000000E+00
         1    0                 2.29771460E-31 +-  7.88230386E-46
         1    1                 4.23859232E-01 +-  0.00000000E+00
    6    0    0                 4.23859232E-01 +-  0.00000000E+00
         1    0                -2.77210368E-31 +-  5.25486924E-46
         1    1                 4.23859232E-01 +-  0.00000000E+00
    7    0    0                 5.76140768E-01 +-  0.00000000E+00
         1    0                -3.36914506E-31 +-  5.25486924E-46
         1    1                 5.76140768E-01 +-  0.00000000E+00
    8    0    0                 5.76140768E-01 +-  0.00000000E+00
         1    0                -8.11608969E-32 +-  0.00000000E+00
         1    1                 5.76140768E-01 +-  0.00000000E+00
    9    0    0                 6.42887436E-01 +-  0.00000000E+00
         1    0                 4.58410164E-32 +-  3.28429328E-46
         1    1                 6.42887436E-01 +-  0.00000000E+00
============================================================================
 FT of ZZ spin correlation fn:
    1    0    0                 1.32789225E-01 +-  0.00000000E+00
         1    0                 0.00000000E+00 +-  0.00000000E+00
         1    1                 1.32789225E-01 +-  0.00000000E+00
    2    0    0                 3.57112564E-01 +-  0.00000000E+00
         1    0                 0.00000000E+00 +-  0.00000000E+00
         1    1                 3.57112564E-01 +-  0.00000000E+00
    3    0    0                 3.57112564E-01 +-  0.00000000E+00
         1    0                 0.00000000E+00 +-  0.00000000E+00
         1    1                 3.57112564E-01 +-  0.00000000E+00
    4    0    0                 4.23859232E-01 +-  0.00000000E+00
         1    0                 0.00000000E+00 +-  0.00000000E+00
         1    1                 4.23859232E-01 +-  0.00000000E+00
    5    0    0                 4.23859232E-01 +-  0.00000000E+00
         1    0                 0.00000000E+00 +-  0.00000000E+00
         1    1                 4.23859232E-01 +-  0.00000000E+00
    6    0    0                 4.23859232E-01 +-  0.00000000E+00
         1    0                 0.00000000E+00 +-  0.00000000E+00
         1    1                 4.23859232E-01 +-  0.00000000E+00
    7    0    0                 5.76140768E-01 +-  0.00000000E+00
         1    0                 0.00000000E+00 +-  0.00000000E+00
         1    1                 5.76140768E-01 +-  0.00000000E+00
    8    0    0                 5.76140768E-01 +-  0.00000000E+00
         1    0                 0.00000000E+00 +-  0.00000000E+00
         1    1                 5.76140768E-01 +-  0.00000000E+00
    9    0    0                 6.42887436E-01 +-  0.00000000E+00
         1    0                 0.00000000E+00 +-  0.00000000E+00
         1    1                 6.42887436E-01 +-  0.00000000E+00
============================================================================
 FT of Average spin correlation fn:
    1    0    0                 1.32789225E-01 +-  0.00000000E+00
         1    0                -2.52429984E-30 +-  0.00000000E+00
         1    1                 1.32789225E-01 +-  0.00000000E+00
    2    0    0                 3.57112564E-01 +-  0.00000000E+00
         1    0                 6.39736199E-32 +-  0.00000000E+00
         1    1                 3.57112564E-01 +-  0.00000000E+00
    3    0    0                 3.57112564E-01 +-  0.00000000E+00
         1    0                 3.38551156E-31 +-  0.00000000E+00
         1    1                 3.57112564E-01 +-  0.00000000E+00
    4    0    0                 4.23859232E-01 +-  0.00000000E+00
         1    0                 2.18506745E-31 +-  0.00000000E+00
         1    1                 4.23859232E-01 +-  0.00000000E+00
    5    0    0                 4.23859232E-01 +-  0.00000000E+00
         1    0                 1.53180973E-31 +-  2.62743462E-46
         1    1                 4.23859232E-01 +-  0.00000000E+00
    6    0    0                 4.23859232E-01 +-  0.00000000E+00
         1    0                -1.84806912E-31 +-  1.31371731E-46
         1    1                 4.23859232E-01 +-  0.00000000E+00
    7    0    0                 5.76140768E-01 +-  0.00000000E+00
         1    0                -2.24609671E-31 +-  0.00000000E+00
         1    1                 5.76140768E-01 +-  0.00000000E+00
    8    0    0                 5.76140768E-01 +-  0.00000000E+00
         1    0                -5.41072646E-32 +-  0.00000000E+00
         1    1                 5.76140768E-01 +-  0.00000000E+00
    9    0    0                 6.42887436E-01 +-  0.00000000E+00
         1    0                 3.05606776E-32 +-  3.28429328E-47
         1    1                 6.42887436E-01 +-  0.00000000E+00
============================================================================
 FT of Pairing correlation fn:
    1    0    0                 1.30736104E-01 +-  0.00000000E+00
         1    0                 9.87618158E-31 +-  0.00000000E+00
         1    1                 1.30736104E-01 +-  0.00000000E+00
    2    0    0                 7.46552687E-02 +-  0.00000000E+00
         1    0                -2.17085727E-32 +-  0.00000000E+00
         1    1                 7.46552687E-02 +-  0.00000000E+00
    3    0    0                 7.46552687E-02 +-  0.00000000E+00
         1    0                -1.29180284E-31 +-  0.00000000E+00
         1    1                 7.46552687E-02 +-  0.00000000E+00
    4    0    0                 5.79686017E-02 +-  0.00000000E+00
         1    0                -7.79091714E-32 +-  0.00000000E+00
         1    1                 5.79686017E-02 +-  0.00000000E+00
    5    0    0                 5.79686017E-02 +-  0.00000000E+00
         1    0                -5.96199869E-32 +-  0.00000000E+00
         1    1                 5.79686017E-02 +-  0.00000000E+00
    6    0    0                 5.79686017E-02 +-  0.00000000E+00
         1    0                 7.47734035E-32 +-  0.00000000E+00
         1    1                 5.79686017E-02 +-  0.00000000E+00
    7    0    0                 1.98982177E-02 +-  0.00000000E+00
         1    0                 8.37953560E-32 +-  3.28429328E-47
         1    1                 1.98982177E-02 +-  0.00000000E+00
    8    0    0                 1.98982177E-02 +-  0.00000000E+00
         1    0                 1.82039923E-32 +-  0.00000000E+00
         1    1                 1.98982177E-02 +-  0.00000000E+00
    9    0    0                 3.21155078E-03 +-  1.56125113E-17
         1    0                -1.04434970E-32 +-  8.21073319E-47
         1    1                 3.21155078E-03 +-  1.17093835E-17
============================================================================
 Eigenvalues of Ave Equal t Green's function:
    1    1                      4.53978687E-05 +-  1.56165770E-16
         2                      4.53978687E-05 +-  1.03676833E-17
    2    1                      2.47262316E-03 +-  9.10729825E-18
         2                      2.47262316E-03 +-  1.05384451E-16
    3    1                      2.47262316E-03 +-  2.17274115E-16
         2                      2.47262316E-03 +-  1.76941795E-16
    4    1                      1.19202922E-01 +-  2.49800181E-16
         2                      1.19202922E-01 +-  5.41233725E-16
    5    1                      1.19202922E-01 +-  5.82867088E-16
         2                      1.19202922E-01 +-  2.49800181E-16
    6    1                      1.19202922E-01 +-  1.08246745E-15
         2                      1.19202922E-01 +-  1.62370117E-15
    7    1                      8.80797078E-01 +-  3.33066907E-16
         2                      8.80797078E-01 +-  0.00000000E+00
    8    1                      8.80797078E-01 +-  1.66533454E-15
         2                      8.80797078E-01 +-  2.66453526E-15
    9    1                      9.97527377E-01 +-  0.00000000E+00
         2                      9.97527377E-01 +-  6.66133815E-16
============================================================================
 Eigenvalues of Up Equal t Green's function:
    1    1                      4.53978687E-05 +-  1.56165770E-16
         2                      4.53978687E-05 +-  1.03676833E-17
    2    1                      2.47262316E-03 +-  9.10729825E-18
         2                      2.47262316E-03 +-  1.05384451E-16
    3    1                      2.47262316E-03 +-  2.17274115E-16
         2                      2.47262316E-03 +-  1.76941795E-16
    4    1                      1.19202922E-01 +-  2.49800181E-16
         2                      1.19202922E-01 +-  5.41233725E-16
    5    1                      1.19202922E-01 +-  5.82867088E-16
         2                      1.19202922E-01 +-  2.49800181E-16
    6    1                      1.19202922E-01 +-  1.08246745E-15
         2                      1.19202922E-01 +-  1.62370117E-15
    7    1                      8.80797078E-01 +-  3.33066907E-16
         2                      8.80797078E-01 +-  0.00000000E+00
    8    1                      8.80797078E-01 +-  1.66533454E-15
         2                      8.80797078E-01 +-  2.66453526E-15
    9    1                      9.97527377E-01 +-  0.00000000E+00
         2                      9.97527377E-01 +-  6.66133815E-16
============================================================================
 Eigenvalues of Dn Equal t Green's function:
    1    1                      4.53978687E-05 +-  1.56165770E-16
         2                      4.53978687E-05 +-  1.03676833E-17
    2    1                      2.47262316E-03 +-  9.10729825E-18
         2                      2.47262316E-03 +-  1.05384451E-16
    3    1                      2.47262316E-03 +-  2.17274115E-16
         2                      2.47262316E-03 +-  1.76941795E-16
    4    1                      1.19202922E-01 +-  2.49800181E-16
         2                      1.19202922E-01 +-  5.41233725E-16
    5    1                      1.19202922E-01 +-  5.82867088E-16
         2                      1.19202922E-01 +-  2.49800181E-16
    6    1                      1.19202922E-01 +-  1.08246745E-15
         2                      1.19202922E-01 +-  1.62370117E-15
    7    1                      8.80797078E-01 +-  3.33066907E-16
         2                      8.80797078E-01 +-  0.00000000E+00
    8    1                      8.80797078E-01 +-  1.66533454E-15
         2                      8.80797078E-01 +-  2.66453526E-15
    9    1                      9.97527377E-01 +-  0.00000000E+00
         2                      9.97527377E-01 +-  6.66133815E-16
============================================================================
 Eigenvalues of Density-density correlation fn: (up-up)
    1    1                      6.63946123E-02 +-  1.08423123E+01
         2                      1.45228110E+01 +-  1.08423123E+01
    2    1                      1.78556282E-01 +-  1.66533454E-16
         2                      1.78556282E-01 +-  8.32667268E-16
    3    1                      1.78556282E-01 +-  1.66533454E-16
         2                      1.78556282E-01 +-  5.82867088E-16
    4    1                      2.11929616E-01 +-  0.00000000E+00
         2                      2.11929616E-01 +-  8.32667268E-17
    5    1                      2.11929616E-01 +-  6.27831120E-14
         2                      2.11929616E-01 +-  6.31161789E-14
    6    1                      2.11929616E-01 +-  1.69864123E-14
         2                      2.11929616E-01 +-  1.69864123E-14
    7    1                      2.88070384E-01 +-  1.66533454E-16
         2                      2.88070384E-01 +-  9.99200722E-16
    8    1                      2.88070384E-01 +-  3.33066907E-16
         2                      2.88070384E-01 +-  1.72842230E+00
    9    1                      3.21443718E-01 +-  1.16573418E-15
         2                      3.21443718E-01 +-  1.83186799E-15
============================================================================
 Eigenvalues of Density-density correlation fn: (up-dn)
    1    1                      0.00000000E+00 +-  1.08423123E+01
         2                      1.44564164E+01 +-  1.08423123E+01
    2    1                     -5.91534723E-16 +-  3.88258038E-16
         2                     -8.84768792E-17 +-  3.12241259E-16
    3    1                     -1.37231113E-16 +-  6.56853223E-17
         2                      3.59275718E-16 +-  2.32218776E-16
    4    1                     -4.97911980E-16 +-  1.80179603E-16
         2                     -4.33217441E-17 +-  1.36461497E-17
    5    1                     -1.78331742E-15 +-  1.03985324E-16
         2                      4.37172000E-16 +-  5.21397888E-17
    6    1                     -3.10862447E-15 +-  1.16573418E-15
         2                      1.77635684E-15 +-  9.99200722E-15
    7    1                     -5.38227706E-17 +-  1.36461497E-17
         2                      4.00767466E-16 +-  1.80179603E-16
    8    1                     -4.44089211E-16 +-  1.66533461E-16
         2                      1.21905228E-24 +-  6.85716903E-24
    9    1                     -4.38827965E-15 +-  1.49976440E-14
         2                      3.05601202E-15 +-  1.44980437E-14
============================================================================
 Eigenvalues of XX spin correlation fn:
    1    1                      1.32789225E-01 +-  0.00000000E+00
         2                      1.32789225E-01 +-  0.00000000E+00
    2    1                      3.57112564E-01 +-  0.00000000E+00
         2                      3.57112564E-01 +-  0.00000000E+00
    3    1                      3.57112564E-01 +-  0.00000000E+00
         2                      3.57112564E-01 +-  0.00000000E+00
    4    1                      4.23859232E-01 +-  0.00000000E+00
         2                      4.23859232E-01 +-  0.00000000E+00
    5    1                      4.23859232E-01 +-  0.00000000E+00
         2                      4.23859232E-01 +-  0.00000000E+00
    6    1                      4.23859232E-01 +-  0.00000000E+00
         2                      4.23859232E-01 +-  0.00000000E+00
    7    1                      5.76140768E-01 +-  0.00000000E+00
         2                      5.76140768E-01 +-  0.00000000E+00
    8    1                      5.76140768E-01 +-  0.00000000E+00
         2                      5.76140768E-01 +-  0.00000000E+00
    9    1                      6.42887436E-01 +-  0.00000000E+00
         2                      6.42887436E-01 +-  0.00000000E+00
============================================================================
 Eigenvalues of ZZ spin correlation fn:
    1    1                      1.32789225E-01 +-  0.00000000E+00
         2                      1.32789225E-01 +-  0.00000000E+00
    2    1                      3.57112564E-01 +-  0.00000000E+00
         2                      3.57112564E-01 +-  0.00000000E+00
    3    1                      3.57112564E-01 +-  0.00000000E+00
         2                      3.57112564E-01 +-  0.00000000E+00
    4    1                      4.23859232E-01 +-  0.00000000E+00
         2                      4.23859232E-01 +-  0.00000000E+00
    5    1                      4.23859232E-01 +-  0.00000000E+00
         2                      4.23859232E-01 +-  0.00000000E+00
    6    1                      4.23859232E-01 +-  0.00000000E+00
         2                      4.23859232E-01 +-  0.00000000E+00
    7    1                      5.76140768E-01 +-  0.00000000E+00
         2                      5.76140768E-01 +-  0.00000000E+00
    8    1                      5.76140768E-01 +-  0.00000000E+00
         2                      5.76140768E-01 +-  0.00000000E+00
    9    1                      6.42887436E-01 +-  0.00000000E+00
         2                      6.42887436E-01 +-  0.00000000E+00
============================================================================
 Eigenvalues of Average spin correlation fn:
    1    1                      1.32789225E-01 +-  0.00000000E+00
         2                      1.32789225E-01 +-  0.00000000E+00
    2    1                      3.57112564E-01 +-  0.00000000E+00
         2                      3.57112564E-01 +-  0.00000000E+00
    3    1                      3.57112564E-01 +-  0.00000000E+00
         2                      3.57112564E-01 +-  0.00000000E+00
    4    1                      4.23859232E-01 +-  0.00000000E+00
         2                      4.23859232E-01 +-  0.00000000E+00
    5    1                      4.23859232E-01 +-  0.00000000E+00
         2                      4.23859232E-01 +-  0.00000000E+00
    6    1                      4.23859232E-01 +-  0.00000000E+00
         2                      4.23859232E-01 +-  0.00000000E+00
    7    1                      5.76140768E-01 +-  0.00000000E+00
         2                      5.76140768E-01 +-  0.00000000E+00
    8    1                      5.76140768E-01 +-  0.00000000E+00
         2                      5.76140768E-01 +-  0.00000000E+00
    9    1                      6.42887436E-01 +-  0.00000000E+00
         2                      6.42887436E-01 +-  0.00000000E+00
============================================================================
 Eigenvalues of Pairing correlation fn:
    1    1                      1.30736104E-01 +-  0.00000000E+00
         2                      1.30736104E-01 +-  0.00000000E+00
    2    1                      7.46552687E-02 +-  0.00000000E+00
         2                      7.46552687E-02 +-  0.00000000E+00
    3    1                      7.46552687E-02 +-  0.00000000E+00
         2                      7.46552687E-02 +-  0.00000000E+00
    4    1                      5.79686017E-02 +-  0.00000000E+00
         2                      5.79686017E-02 +-  0.00000000E+00
    5    1                      5.79686017E-02 +-  0.00000000E+00
         2                      5.79686017E-02 +-  0.00000000E+00
    6    1                      5.79686017E-02 +-  0.00000000E+00
         2                      5.79686017E-02 +-  0.00000000E+00
    7    1                      1.98982177E-02 +-  0.00000000E+00
         2                      1.98982177E-02 +-  0.00000000E+00
    8    1                      1.98982177E-02 +-  0.00000000E+00
         2                      1.98982177E-02 +-  0.00000000E+00
    9    1                      3.21155078E-03 +-  1.56125113E-17
         2                      3.21155078E-03 +-  1.17093835E-17
============================================================================
 Eigenmodes of Ave Equal t Green's function (Natural orbitals):
                        1                          2
   1    1  ( -1.000000 +i  0.000000)  (  0.000503 +i  0.000000) 
        2  (  0.000503 +i  0.000000)  (  1.000000 +i  0.000000) 
   2    1  ( -0.036562 +i  0.000000)  (  0.999331 +i -0.000000) 
        2  ( -0.999331 +i  0.000000)  ( -0.036562 +i  0.000000) 
   3    1  (  0.004697 +i  0.000000)  (  0.999989 +i -0.000000) 
        2  ( -0.999989 +i  0.000000)  (  0.004697 +i -0.000000) 
   4    1  (  0.444986 +i  0.000000)  (  0.895537 +i -0.000000) 
        2  ( -0.895537 +i  0.000000)  (  0.444986 +i -0.000000) 
   5    1  (  0.092564 +i  0.000000)  (  0.995707 +i -0.000000) 
        2  ( -0.995707 +i  0.000000)  (  0.092564 +i -0.000000) 
   6    1  ( -0.962551 +i  0.000000)  (  0.271102 +i -0.000000) 
        2  ( -0.271102 +i  0.000000)  ( -0.962551 +i  0.000000) 
   7    1  (  1.000000 +i  0.000000)  (  0.000000 +i  0.000000) 
        2  (  0.000000 +i  0.000000)  ( -1.000000 +i  0.000000) 
   8    1  (  0.449106 +i  0.000000)  (  0.893479 +i  0.000000) 
        2  ( -0.893479 +i  0.000000)  (  0.449106 +i  0.000000) 
   9    1  (  1.000000 +i  0.000000)  (  0.000000 +i  0.000000) 
        2  (  0.000000 +i  0.000000)  ( -1.000000 +i  0.000000) 
============================================================================
 Eigenmodes of Up Equal t Green's function (Natural orbitals):
                        1                          2
   1    1  ( -1.000000 +i  0.000000)  (  0.000503 +i  0.000000) 
        2  (  0.000503 +i  0.000000)  (  1.000000 +i  0.000000) 
   2    1  ( -0.036562 +i  0.000000)  (  0.999331 +i -0.000000) 
        2  ( -0.999331 +i  0.000000)  ( -0.036562 +i  0.000000) 
   3    1  (  0.004697 +i  0.000000)  (  0.999989 +i -0.000000) 
        2  ( -0.999989 +i  0.000000)  (  0.004697 +i -0.000000) 
   4    1  (  0.444986 +i  0.000000)  (  0.895537 +i -0.000000) 
        2  ( -0.895537 +i  0.000000)  (  0.444986 +i -0.000000) 
   5    1  (  0.092564 +i  0.000000)  (  0.995707 +i -0.000000) 
        2  ( -0.995707 +i  0.000000)  (  0.092564 +i -0.000000) 
   6    1  ( -0.962551 +i  0.000000)  (  0.271102 +i -0.000000) 
        2  ( -0.271102 +i  0.000000)  ( -0.962551 +i  0.000000) 
   7    1  (  1.000000 +i  0.000000)  (  0.000000 +i  0.000000) 
        2  (  0.000000 +i  0.000000)  ( -1.000000 +i  0.000000) 
   8    1  (  0.449106 +i  0.000000)  (  0.893479 +i  0.000000) 
        2  ( -0.893479 +i  0.000000)  (  0.449106 +i  0.000000) 
   9    1  (  1.000000 +i  0.000000)  (  0.000000 +i  0.000000) 
        2  (  0.000000 +i  0.000000)  ( -1.000000 +i  0.000000) 
============================================================================
 Eigenmodes of Down Equal t Green's function (Natural orbitals):
                        1                          2
   1    1  ( -1.000000 +i  0.000000)  (  0.000503 +i  0.000000) 
        2  (  0.000503 +i  0.000000)  (  1.000000 +i  0.000000) 
   2    1  ( -0.036562 +i  0.000000)  (  0.999331 +i -0.000000) 
        2  ( -0.999331 +i  0.000000)  ( -0.036562 +i  0.000000) 
   3    1  (  0.004697 +i  0.000000)  (  0.999989 +i -0.000000) 
        2  ( -0.999989 +i  0.000000)  (  0.004697 +i -0.000000) 
   4    1  (  0.444986 +i  0.000000)  (  0.895537 +i -0.000000) 
        2  ( -0.895537 +i  0.000000)  (  0.444986 +i -0.000000) 
   5    1  (  0.092564 +i  0.000000)  (  0.995707 +i -0.000000) 
        2  ( -0.995707 +i  0.000000)  (  0.092564 +i -0.000000) 
   6    1  ( -0.962551 +i  0.000000)  (  0.271102 +i -0.000000) 
        2  ( -0.271102 +i  0.000000)  ( -0.962551 +i  0.000000) 
   7    1  (  1.000000 +i  0.000000)  (  0.000000 +i  0.000000) 
        2  (  0.000000 +i  0.000000)  ( -1.000000 +i  0.000000) 
   8    1  (  0.449106 +i  0.000000)  (  0.893479 +i  0.000000) 
        2  ( -0.893479 +i  0.000000)  (  0.449106 +i  0.000000) 
   9    1  (  1.000000 +i  0.000000)  (  0.000000 +i  0.000000) 
        2  (  0.000000 +i  0.000000)  ( -1.000000 +i  0.000000) 
============================================================================
 Eigenmodes of Density-density correlation fn: (up-up)
                        1                          2
   1    1  ( -0.707107 +i  0.000000)  (  0.707107 +i  0.000000) 
        2  (  0.707107 +i  0.000000)  (  0.707107 +i  0.000000) 
   2    1  ( -0.917977 +i  0.000000)  ( -0.396633 +i  0.000000) 
        2  ( -0.396633 +i  0.000000)  (  0.917977 +i  0.000000) 
   3    1  ( -0.934722 +i  0.000000)  ( -0.355381 +i  0.000000) 
        2  ( -0.355381 +i  0.000000)  (  0.934722 +i  0.000000) 
   4    1  ( -0.184385 +i  0.000000)  ( -0.982854 +i  0.000000) 
        2  ( -0.982854 +i  0.000000)  (  0.184385 +i  0.000000) 
   5    1  ( -0.705339 +i  0.000000)  (  0.708870 +i  0.000000) 
        2  ( -0.708870 +i  0.000000)  ( -0.705339 +i -0.000000) 
   6    1  (  0.704647 +i  0.000000)  ( -0.709558 +i  0.000000) 
        2  ( -0.709558 +i  0.000000)  ( -0.704647 +i  0.000000) 
   7    1  ( -0.985865 +i  0.000000)  ( -0.167543 +i  0.000000) 
        2  ( -0.167543 +i  0.000000)  (  0.985865 +i  0.000000) 
   8    1  (  1.000000 +i  0.000000)  (  0.000000 +i  0.000000) 
        2  (  0.000000 +i  0.000000)  (  0.000000 +i -1.000000) 
   9    1  (  0.638636 +i  0.000000)  (  0.769509 +i -0.000000) 
        2  ( -0.769509 +i  0.000000)  (  0.638636 +i -0.000000) 
============================================================================
 Eigenmodes of Density-density correlation fn: (up-dn)
                        1                          2
   1    1  ( -0.707107 +i  0.000000)  (  0.707107 +i  0.000000) 
        2  (  0.707107 +i  0.000000)  (  0.707107 +i  0.000000) 
   2    1  ( -0.970252 +i  0.000000)  ( -0.241678 +i -0.014216) 
        2  ( -0.242095 +i  0.000000)  (  0.968578 +i  0.056975) 
   3    1  ( -0.229753 +i  0.000000)  ( -0.973249 +i  0.000000) 
        2  ( -0.973249 +i  0.000000)  (  0.229753 +i  0.000000) 
   4    1  ( -0.994208 +i  0.000000)  ( -0.107471 +i  0.000000) 
        2  (  0.107471 +i  0.000000)  ( -0.994208 +i  0.000000) 
   5    1  ( -0.003125 +i  0.000000)  ( -0.999995 +i -0.000000) 
        2  ( -0.999995 +i  0.000000)  (  0.003125 +i  0.000000) 
   6    1  (  1.000000 +i  0.000000)  (  0.000000 +i  0.000000) 
        2  (  0.000000 +i  0.000000)  (  0.000000 +i  1.000000) 
   7    1  ( -0.107471 +i  0.000000)  ( -0.994208 +i  0.000000) 
        2  ( -0.994208 +i  0.000000)  (  0.107471 +i  0.000000) 
   8    1  ( -1.000000 +i  0.000000)  (  0.000000 +i  0.000052) 
        2  (  0.000052 +i  0.000000)  (  0.000000 +i  1.000000) 
   9    1  ( -0.592336 +i  0.000000)  ( -0.805691 +i  0.000000) 
        2  ( -0.805691 +i  0.000000)  (  0.592336 +i -0.000000) 
============================================================================
 Eigenmodes of XX-Spin correlation fn: 
                        1                          2
   1    1  (  0.000000 +i  0.000000)  (  1.000000 +i  0.000000) 
        2  (  1.000000 +i  0.000000)  (  0.000000 +i  0.000000) 
   2    1  (  1.000000 +i  0.000000)  (  0.000000 +i  0.000000) 
        2  (  0.000000 +i  0.000000)  ( -1.000000 +i  0.000000) 
   3    1  (  1.000000 +i  0.000000)  (  0.000000 +i  0.000000) 
        2  (  0.000000 +i  0.000000)  (  1.000000 +i  0.000000) 
   4    1  (  1.000000 +i  0.000000)  (  0.000000 +i  0.000000) 
        2  (  0.000000 +i  0.000000)  ( -1.000000 +i  0.000000) 
   5    1  (  0.000000 +i  0.000000)  ( -1.000000 +i -0.000000) 
        2  (  1.000000 +i  0.000000)  (  0.000000 +i  0.000000) 
   6    1  (  1.000000 +i  0.000000)  (  0.000000 +i  0.000000) 
        2  (  0.000000 +i  0.000000)  ( -1.000000 +i -0.000000) 
   7    1  (  0.000000 +i  0.000000)  ( -1.000000 +i  0.000000) 
        2  (  1.000000 +i  0.000000)  (  0.000000 +i  0.000000) 
   8    1  (  1.000000 +i  0.000000)  (  0.000000 +i  0.000000) 
        2  (  0.000000 +i  0.000000)  ( -1.000000 +i  0.000000) 
   9    1  (  1.000000 +i  0.000000)  (  0.000000 +i  0.000000) 
        2  (  0.000000 +i  0.000000)  ( -1.000000 +i  0.000000) 
============================================================================
 Eigenmodes of ZZ-Spin correlation fn: 
                        1                          2
   1    1  (  0.000000 +i  0.000000)  (  1.000000 +i  0.000000) 
        2  (  1.000000 +i  0.000000)  (  0.000000 +i  0.000000) 
   2    1  (  1.000000 +i  0.000000)  (  0.000000 +i  0.000000) 
        2  (  0.000000 +i  0.000000)  (  1.000000 +i  0.000000) 
   3    1  (  0.000000 +i  0.000000)  (  1.000000 +i  0.000000) 
        2  (  1.000000 +i  0.000000)  (  0.000000 +i  0.000000) 
   4    1  (  1.000000 +i  0.000000)  (  0.000000 +i  0.000000) 
        2  (  0.000000 +i  0.000000)  (  1.000000 +i  0.000000) 
   5    1  (  0.000000 +i  0.000000)  (  1.000000 +i  0.000000) 
        2  (  1.000000 +i  0.000000)  (  0.000000 +i  0.000000) 
   6    1  (  1.000000 +i  0.000000)  (  0.000000 +i  0.000000) 
        2  (  0.000000 +i  0.000000)  (  1.000000 +i  0.000000) 
   7    1  (  0.000000 +i  0.000000)  (  1.000000 +i  0.000000) 
        2  (  1.000000 +i  0.000000)  (  0.000000 +i  0.000000) 
   8    1  (  1.000000 +i  0.000000)  (  0.000000 +i  0.000000) 
        2  (  0.000000 +i  0.000000)  (  1.000000 +i  0.000000) 
   9    1  (  1.000000 +i  0.000000)  (  0.000000 +i  0.000000) 
        2  (  0.000000 +i  0.000000)  (  1.000000 +i  0.000000) 
============================================================================
 Eigenmodes of Average Spin correlation fn: 
                        1                          2
   1    1  (  0.000000 +i  0.000000)  (  1.000000 +i  0.000000) 
        2  (  1.000000 +i  0.000000)  (  0.000000 +i  0.000000) 
   2    1  (  1.000000 +i  0.000000)  (  0.000000 +i  0.000000) 
        2  (  0.000000 +i  0.000000)  ( -1.000000 +i  0.000000) 
   3    1  (  1.000000 +i  0.000000)  (  0.000000 +i  0.000000) 
        2  (  0.000000 +i  0.000000)  (  1.000000 +i  0.000000) 
   4    1  (  1.000000 +i  0.000000)  (  0.000000 +i  0.000000) 
        2  (  0.000000 +i  0.000000)  ( -1.000000 +i -0.000000) 
   5    1  (  0.000000 +i  0.000000)  ( -1.000000 +i  0.000000) 
        2  (  1.000000 +i  0.000000)  (  0.000000 +i  0.000000) 
   6    1  (  1.000000 +i  0.000000)  (  0.000000 +i  0.000000) 
        2  (  0.000000 +i  0.000000)  ( -1.000000 +i -0.000000) 
   7    1  (  0.000000 +i  0.000000)  (  1.000000 +i  0.000000) 
        2  (  1.000000 +i  0.000000)  (  0.000000 +i  0.000000) 
   8    1  (  1.000000 +i  0.000000)  (  0.000000 +i  0.000000) 
        2  (  0.000000 +i  0.000000)  ( -1.000000 +i  0.000000) 
   9    1  (  1.000000 +i  0.000000)  (  0.000000 +i  0.000000) 
        2  (  0.000000 +i  0.000000)  ( -1.000000 +i -0.000000) 
============================================================================
 Eigenmodes of Pairing correlation fn: 
                        1                          2
   1    1  (  1.000000 +i  0.000000)  (  0.000000 +i  0.000000) 
        2  (  0.000000 +i  0.000000)  (  1.000000 +i  0.000000) 
   2    1  (  1.000000 +i  0.000000)  (  0.000000 +i  0.000000) 
        2  (  0.000000 +i  0.000000)  ( -1.000000 +i  0.000000) 
   3    1  (  1.000000 +i  0.000000)  (  0.000000 +i  0.000000) 
        2  (  0.000000 +i  0.000000)  (  1.000000 +i  0.000000) 
   4    1  (  1.000000 +i  0.000000)  (  0.000000 +i  0.000000) 
        2  (  0.000000 +i  0.000000)  ( -1.000000 +i  0.000000) 
   5    1  (  1.000000 +i  0.000000)  (  0.000000 +i  0.000000) 
        2  (  0.000000 +i  0.000000)  ( -1.000000 +i -0.000000) 
   6    1  (  1.000000 +i  0.000000)  (  0.000000 +i  0.000000) 
        2  (  0.000000 +i  0.000000)  ( -1.000000 +i  0.000000) 
   7    1  (  1.000000 +i  0.000000)  (  0.000000 +i  0.000000) 
        2  (  0.000000 +i  0.000000)  ( -1.000000 +i  0.000000) 
   8    1  (  1.000000 +i  0.000000)  (  0.000000 +i  0.000000) 
        2  (  0.000000 +i  0.000000)  ( -1.000000 +i  0.000000) 
   9    1  (  1.000000 +i  0.000000)  (  0.000000 +i  0.000000) 
        2  (  0.000000 +i  0.000000)  ( -1.000000 +i -0.000000) 
============================================================================
