 General Geometry - Free Format                                                 
  
                          U :            0.000000    0.000000
                       t_up :        1.000000E+00
                       t_dn :        1.000000E+00
                      mu_up :            0.800000    0.800000
                      mu_dn :            0.800000    0.800000
             Time slice - L :           20
            Number of sites :           32
                       dtau :        1.000000E-01
                       beta :        2.000000E+00
     Number of warmup sweep :        50000
Number of measurement sweep :       100000
   Frequency of measurement :            1
                Random seed :      1234567
 Frequency of recomputing G :            8
Global move number of sites :            1
               Accept count :     49463987
               Reject count :     46464432
    Approximate accept rate :        5.156343E-01
                      gamma :        9.393386E-01
   Global move accept count :       150000
   Global move reject count :            0
    Global move accept rate :        1.000000E+00
           Type of matrix B : Dense MatB  
         Type of matrix HSF : discrete
 Sign of equal time measurements:
                                avg sign :   1.00000000E+00 +-  0.00000000E+00
                             avg up sign :   1.00000000E+00 +-  0.00000000E+00
                             avg dn sign :   1.00000000E+00 +-  0.00000000E+00
============================================================================
 Electronic properties:
                         spin up density :   6.44478451E-01 +-  0.00000000E+00
                       spin down density :   6.44478451E-01 +-  0.00000000E+00
                           total density :   1.28895690E+00 +-  0.00000000E+00
                        double occupancy :   4.15352474E-01 +-  0.00000000E+00
                kinetic (hopping) energy :  -1.41227980E+00 +-  0.00000000E+00
            potential (U*Nup*Ndn) energy :   0.00000000E+00 +-  0.00000000E+00
   PH-symm total energy (inc. chem potl) :  -2.44344532E+00 +-  0.00000000E+00
                             chi_thermal :   6.50342345E+01 +-  0.00000000E+00
                           specific heat :  -2.59257335E+02 +-  0.00000000E+00
                       (magnetization)^2 :   1.14562989E-01 +-  0.00000000E+00
               XX ferro structure factor :   1.45001148E-01 +-  0.00000000E+00
               ZZ ferro structure factor :   1.45001148E-01 +-  0.00000000E+00
============================================================================
 Mean Equal time Green's function:
    0    0    0.0000    0.0000    0.0000   016   3.55521549E-01 +-  0.00000000E+00
    0    1    0.0000    0.0000    1.0000   032  -4.85689443E-17 +-  0.00000000E+00
    0    0    1.0000    0.0000    0.0000   032  -1.76534975E-01 +-  0.00000000E+00
    0    1    1.0000    0.0000    1.0000   064   1.66907194E-16 +-  0.00000000E+00
    0    0    2.0000    0.0000    0.0000   016   4.14028558E-02 +-  0.00000000E+00
    0    1    2.0000    0.0000    1.0000   032   2.79282118E-17 +-  0.00000000E+00
    0    0    0.0000    1.0000    0.0000   032  -1.76534975E-01 +-  0.00000000E+00
    0    1    0.0000    1.0000    1.0000   064  -1.06177811E-16 +-  0.00000000E+00
    0    0    1.0000    1.0000    0.0000   064   4.14028558E-02 +-  0.00000000E+00
    0    1    1.0000    1.0000    1.0000   128  -1.04628932E-17 +-  0.00000000E+00
    0    0    2.0000    1.0000    0.0000   032   5.17507908E-02 +-  0.00000000E+00
    0    1    2.0000    1.0000    1.0000   064  -1.92080880E-16 +-  0.00000000E+00
    0    0    0.0000    2.0000    0.0000   016   4.14028558E-02 +-  0.00000000E+00
    0    1    0.0000    2.0000    1.0000   032  -2.47913544E-17 +-  0.00000000E+00
    0    0    1.0000    2.0000    0.0000   032   5.17507908E-02 +-  0.00000000E+00
    0    1    1.0000    2.0000    1.0000   064   1.31173883E-16 +-  0.00000000E+00
    0    0    2.0000    2.0000    0.0000   016  -1.04734223E-01 +-  0.00000000E+00
    0    1    2.0000    2.0000    1.0000   032   8.77099049E-17 +-  0.00000000E+00
    1    1    0.0000    0.0000    0.0000   016   3.55521549E-01 +-  0.00000000E+00
    1    1    1.0000    0.0000    0.0000   032  -1.76534975E-01 +-  0.00000000E+00
    1    1    2.0000    0.0000    0.0000   016   4.14028558E-02 +-  0.00000000E+00
    1    1    0.0000    1.0000    0.0000   032  -1.76534975E-01 +-  0.00000000E+00
    1    1    1.0000    1.0000    0.0000   064   4.14028558E-02 +-  0.00000000E+00
    1    1    2.0000    1.0000    0.0000   032   5.17507908E-02 +-  0.00000000E+00
    1    1    0.0000    2.0000    0.0000   016   4.14028558E-02 +-  0.00000000E+00
    1    1    1.0000    2.0000    0.0000   032   5.17507908E-02 +-  0.00000000E+00
    1    1    2.0000    2.0000    0.0000   016  -1.04734223E-01 +-  0.00000000E+00
============================================================================
 Up Equal time Green's function:
    0    0    0.0000    0.0000    0.0000   016   3.55521549E-01 +-  0.00000000E+00
    0    1    0.0000    0.0000    1.0000   032  -4.85689443E-17 +-  0.00000000E+00
    0    0    1.0000    0.0000    0.0000   032  -1.76534975E-01 +-  0.00000000E+00
    0    1    1.0000    0.0000    1.0000   064   1.66907194E-16 +-  0.00000000E+00
    0    0    2.0000    0.0000    0.0000   016   4.14028558E-02 +-  0.00000000E+00
    0    1    2.0000    0.0000    1.0000   032   2.79282118E-17 +-  0.00000000E+00
    0    0    0.0000    1.0000    0.0000   032  -1.76534975E-01 +-  0.00000000E+00
    0    1    0.0000    1.0000    1.0000   064  -1.06177811E-16 +-  0.00000000E+00
    0    0    1.0000    1.0000    0.0000   064   4.14028558E-02 +-  0.00000000E+00
    0    1    1.0000    1.0000    1.0000   128  -1.04628932E-17 +-  0.00000000E+00
    0    0    2.0000    1.0000    0.0000   032   5.17507908E-02 +-  0.00000000E+00
    0    1    2.0000    1.0000    1.0000   064  -1.92080880E-16 +-  0.00000000E+00
    0    0    0.0000    2.0000    0.0000   016   4.14028558E-02 +-  0.00000000E+00
    0    1    0.0000    2.0000    1.0000   032  -2.47913544E-17 +-  0.00000000E+00
    0    0    1.0000    2.0000    0.0000   032   5.17507908E-02 +-  0.00000000E+00
    0    1    1.0000    2.0000    1.0000   064   1.31173883E-16 +-  0.00000000E+00
    0    0    2.0000    2.0000    0.0000   016  -1.04734223E-01 +-  0.00000000E+00
    0    1    2.0000    2.0000    1.0000   032   8.77099049E-17 +-  0.00000000E+00
    1    1    0.0000    0.0000    0.0000   016   3.55521549E-01 +-  0.00000000E+00
    1    1    1.0000    0.0000    0.0000   032  -1.76534975E-01 +-  0.00000000E+00
    1    1    2.0000    0.0000    0.0000   016   4.14028558E-02 +-  0.00000000E+00
    1    1    0.0000    1.0000    0.0000   032  -1.76534975E-01 +-  0.00000000E+00
    1    1    1.0000    1.0000    0.0000   064   4.14028558E-02 +-  0.00000000E+00
    1    1    2.0000    1.0000    0.0000   032   5.17507908E-02 +-  0.00000000E+00
    1    1    0.0000    2.0000    0.0000   016   4.14028558E-02 +-  0.00000000E+00
    1    1    1.0000    2.0000    0.0000   032   5.17507908E-02 +-  0.00000000E+00
    1    1    2.0000    2.0000    0.0000   016  -1.04734223E-01 +-  0.00000000E+00
============================================================================
 Down Equal time Green's function:
    0    0    0.0000    0.0000    0.0000   016   3.55521549E-01 +-  0.00000000E+00
    0    1    0.0000    0.0000    1.0000   032  -4.85689443E-17 +-  0.00000000E+00
    0    0    1.0000    0.0000    0.0000   032  -1.76534975E-01 +-  0.00000000E+00
    0    1    1.0000    0.0000    1.0000   064   1.66907194E-16 +-  0.00000000E+00
    0    0    2.0000    0.0000    0.0000   016   4.14028558E-02 +-  0.00000000E+00
    0    1    2.0000    0.0000    1.0000   032   2.79282118E-17 +-  0.00000000E+00
    0    0    0.0000    1.0000    0.0000   032  -1.76534975E-01 +-  0.00000000E+00
    0    1    0.0000    1.0000    1.0000   064  -1.06177811E-16 +-  0.00000000E+00
    0    0    1.0000    1.0000    0.0000   064   4.14028558E-02 +-  0.00000000E+00
    0    1    1.0000    1.0000    1.0000   128  -1.04628932E-17 +-  0.00000000E+00
    0    0    2.0000    1.0000    0.0000   032   5.17507908E-02 +-  0.00000000E+00
    0    1    2.0000    1.0000    1.0000   064  -1.92080880E-16 +-  0.00000000E+00
    0    0    0.0000    2.0000    0.0000   016   4.14028558E-02 +-  0.00000000E+00
    0    1    0.0000    2.0000    1.0000   032  -2.47913544E-17 +-  0.00000000E+00
    0    0    1.0000    2.0000    0.0000   032   5.17507908E-02 +-  0.00000000E+00
    0    1    1.0000    2.0000    1.0000   064   1.31173883E-16 +-  0.00000000E+00
    0    0    2.0000    2.0000    0.0000   016  -1.04734223E-01 +-  0.00000000E+00
    0    1    2.0000    2.0000    1.0000   032   8.77099049E-17 +-  0.00000000E+00
    1    1    0.0000    0.0000    0.0000   016   3.55521549E-01 +-  0.00000000E+00
    1    1    1.0000    0.0000    0.0000   032  -1.76534975E-01 +-  0.00000000E+00
    1    1    2.0000    0.0000    0.0000   016   4.14028558E-02 +-  0.00000000E+00
    1    1    0.0000    1.0000    0.0000   032  -1.76534975E-01 +-  0.00000000E+00
    1    1    1.0000    1.0000    0.0000   064   4.14028558E-02 +-  0.00000000E+00
    1    1    2.0000    1.0000    0.0000   032   5.17507908E-02 +-  0.00000000E+00
    1    1    0.0000    2.0000    0.0000   016   4.14028558E-02 +-  0.00000000E+00
    1    1    1.0000    2.0000    0.0000   032   5.17507908E-02 +-  0.00000000E+00
    1    1    2.0000    2.0000    0.0000   016  -1.04734223E-01 +-  0.00000000E+00
============================================================================
 Density-density correlation fn: (up-up)
    0    0    0.0000    0.0000    0.0000   016   6.44478451E-01 +-  0.00000000E+00
    0    1    0.0000    0.0000    1.0000   032   4.15352474E-01 +-  0.00000000E+00
    0    0    1.0000    0.0000    0.0000   032   3.84187876E-01 +-  0.00000000E+00
    0    1    1.0000    0.0000    1.0000   064   4.15352474E-01 +-  0.00000000E+00
    0    0    2.0000    0.0000    0.0000   016   4.13638277E-01 +-  0.00000000E+00
    0    1    2.0000    0.0000    1.0000   032   4.15352474E-01 +-  0.00000000E+00
    0    0    0.0000    1.0000    0.0000   032   3.84187876E-01 +-  0.00000000E+00
    0    1    0.0000    1.0000    1.0000   064   4.15352474E-01 +-  0.00000000E+00
    0    0    1.0000    1.0000    0.0000   064   4.13638277E-01 +-  0.00000000E+00
    0    1    1.0000    1.0000    1.0000   128   4.15352474E-01 +-  0.00000000E+00
    0    0    2.0000    1.0000    0.0000   032   4.12674329E-01 +-  0.00000000E+00
    0    1    2.0000    1.0000    1.0000   064   4.15352474E-01 +-  0.00000000E+00
    0    0    0.0000    2.0000    0.0000   016   4.13638277E-01 +-  0.00000000E+00
    0    1    0.0000    2.0000    1.0000   032   4.15352474E-01 +-  0.00000000E+00
    0    0    1.0000    2.0000    0.0000   032   4.12674329E-01 +-  0.00000000E+00
    0    1    1.0000    2.0000    1.0000   064   4.15352474E-01 +-  0.00000000E+00
    0    0    2.0000    2.0000    0.0000   016   4.04383216E-01 +-  0.00000000E+00
    0    1    2.0000    2.0000    1.0000   032   4.15352474E-01 +-  0.00000000E+00
    1    1    0.0000    0.0000    0.0000   016   6.44478451E-01 +-  0.00000000E+00
    1    1    1.0000    0.0000    0.0000   032   3.84187876E-01 +-  0.00000000E+00
    1    1    2.0000    0.0000    0.0000   016   4.13638277E-01 +-  0.00000000E+00
    1    1    0.0000    1.0000    0.0000   032   3.84187876E-01 +-  0.00000000E+00
    1    1    1.0000    1.0000    0.0000   064   4.13638277E-01 +-  0.00000000E+00
    1    1    2.0000    1.0000    0.0000   032   4.12674329E-01 +-  0.00000000E+00
    1    1    0.0000    2.0000    0.0000   016   4.13638277E-01 +-  0.00000000E+00
    1    1    1.0000    2.0000    0.0000   032   4.12674329E-01 +-  0.00000000E+00
    1    1    2.0000    2.0000    0.0000   016   4.04383216E-01 +-  0.00000000E+00
============================================================================
 Density-density correlation fn: (up-dn)
    0    0    0.0000    0.0000    0.0000   016   4.15352474E-01 +-  0.00000000E+00
    0    1    0.0000    0.0000    1.0000   032   4.15352474E-01 +-  0.00000000E+00
    0    0    1.0000    0.0000    0.0000   032   4.15352474E-01 +-  0.00000000E+00
    0    1    1.0000    0.0000    1.0000   064   4.15352474E-01 +-  0.00000000E+00
    0    0    2.0000    0.0000    0.0000   016   4.15352474E-01 +-  0.00000000E+00
    0    1    2.0000    0.0000    1.0000   032   4.15352474E-01 +-  0.00000000E+00
    0    0    0.0000    1.0000    0.0000   032   4.15352474E-01 +-  0.00000000E+00
    0    1    0.0000    1.0000    1.0000   064   4.15352474E-01 +-  0.00000000E+00
    0    0    1.0000    1.0000    0.0000   064   4.15352474E-01 +-  0.00000000E+00
    0    1    1.0000    1.0000    1.0000   128   4.15352474E-01 +-  0.00000000E+00
    0    0    2.0000    1.0000    0.0000   032   4.15352474E-01 +-  0.00000000E+00
    0    1    2.0000    1.0000    1.0000   064   4.15352474E-01 +-  0.00000000E+00
    0    0    0.0000    2.0000    0.0000   016   4.15352474E-01 +-  0.00000000E+00
    0    1    0.0000    2.0000    1.0000   032   4.15352474E-01 +-  0.00000000E+00
    0    0    1.0000    2.0000    0.0000   032   4.15352474E-01 +-  0.00000000E+00
    0    1    1.0000    2.0000    1.0000   064   4.15352474E-01 +-  0.00000000E+00
    0    0    2.0000    2.0000    0.0000   016   4.15352474E-01 +-  0.00000000E+00
    0    1    2.0000    2.0000    1.0000   032   4.15352474E-01 +-  0.00000000E+00
    1    1    0.0000    0.0000    0.0000   016   4.15352474E-01 +-  0.00000000E+00
    1    1    1.0000    0.0000    0.0000   032   4.15352474E-01 +-  0.00000000E+00
    1    1    2.0000    0.0000    0.0000   016   4.15352474E-01 +-  0.00000000E+00
    1    1    0.0000    1.0000    0.0000   032   4.15352474E-01 +-  0.00000000E+00
    1    1    1.0000    1.0000    0.0000   064   4.15352474E-01 +-  0.00000000E+00
    1    1    2.0000    1.0000    0.0000   032   4.15352474E-01 +-  0.00000000E+00
    1    1    0.0000    2.0000    0.0000   016   4.15352474E-01 +-  0.00000000E+00
    1    1    1.0000    2.0000    0.0000   032   4.15352474E-01 +-  0.00000000E+00
    1    1    2.0000    2.0000    0.0000   016   4.15352474E-01 +-  0.00000000E+00
============================================================================
 XX Spin correlation function:
    0    0    0.0000    0.0000    0.0000   016   4.58251954E-01 +-  0.00000000E+00
    0    1    0.0000    0.0000    1.0000   032  -3.32519940E-31 +-  0.00000000E+00
    0    0    1.0000    0.0000    0.0000   032  -6.23291949E-02 +-  0.00000000E+00
    0    1    1.0000    0.0000    1.0000   064  -2.89154310E-31 +-  0.00000000E+00
    0    0    2.0000    0.0000    0.0000   016  -3.42839294E-03 +-  0.00000000E+00
    0    1    2.0000    0.0000    1.0000   032  -3.05395889E-31 +-  0.00000000E+00
    0    0    0.0000    1.0000    0.0000   032  -6.23291949E-02 +-  0.00000000E+00
    0    1    0.0000    1.0000    1.0000   064  -3.59532847E-31 +-  0.00000000E+00
    0    0    1.0000    1.0000    0.0000   064  -3.42839294E-03 +-  0.00000000E+00
    0    1    1.0000    1.0000    1.0000   128  -2.43615611E-31 +-  0.00000000E+00
    0    0    2.0000    1.0000    0.0000   032  -5.35628869E-03 +-  0.00000000E+00
    0    1    2.0000    1.0000    1.0000   064  -2.26795028E-31 +-  0.00000000E+00
    0    0    0.0000    2.0000    0.0000   016  -3.42839294E-03 +-  0.00000000E+00
    0    1    0.0000    2.0000    1.0000   032  -1.23331229E-31 +-  0.00000000E+00
    0    0    1.0000    2.0000    0.0000   032  -5.35628869E-03 +-  0.00000000E+00
    0    1    1.0000    2.0000    1.0000   064  -1.89074123E-31 +-  0.00000000E+00
    0    0    2.0000    2.0000    0.0000   016  -2.19385148E-02 +-  0.00000000E+00
    0    1    2.0000    2.0000    1.0000   032  -2.28506610E-31 +-  0.00000000E+00
    1    1    0.0000    0.0000    0.0000   016   4.58251954E-01 +-  0.00000000E+00
    1    1    1.0000    0.0000    0.0000   032  -6.23291949E-02 +-  0.00000000E+00
    1    1    2.0000    0.0000    0.0000   016  -3.42839294E-03 +-  0.00000000E+00
    1    1    0.0000    1.0000    0.0000   032  -6.23291949E-02 +-  0.00000000E+00
    1    1    1.0000    1.0000    0.0000   064  -3.42839294E-03 +-  0.00000000E+00
    1    1    2.0000    1.0000    0.0000   032  -5.35628869E-03 +-  0.00000000E+00
    1    1    0.0000    2.0000    0.0000   016  -3.42839294E-03 +-  0.00000000E+00
    1    1    1.0000    2.0000    0.0000   032  -5.35628869E-03 +-  0.00000000E+00
    1    1    2.0000    2.0000    0.0000   016  -2.19385148E-02 +-  0.00000000E+00
============================================================================
 ZZ Spin correlation function:
    0    0    0.0000    0.0000    0.0000   016   4.58251954E-01 +-  0.00000000E+00
    0    1    0.0000    0.0000    1.0000   032   0.00000000E+00 +-  0.00000000E+00
    0    0    1.0000    0.0000    0.0000   032  -6.23291949E-02 +-  0.00000000E+00
    0    1    1.0000    0.0000    1.0000   064   0.00000000E+00 +-  0.00000000E+00
    0    0    2.0000    0.0000    0.0000   016  -3.42839294E-03 +-  0.00000000E+00
    0    1    2.0000    0.0000    1.0000   032   0.00000000E+00 +-  0.00000000E+00
    0    0    0.0000    1.0000    0.0000   032  -6.23291949E-02 +-  0.00000000E+00
    0    1    0.0000    1.0000    1.0000   064   0.00000000E+00 +-  0.00000000E+00
    0    0    1.0000    1.0000    0.0000   064  -3.42839294E-03 +-  0.00000000E+00
    0    1    1.0000    1.0000    1.0000   128   0.00000000E+00 +-  0.00000000E+00
    0    0    2.0000    1.0000    0.0000   032  -5.35628869E-03 +-  0.00000000E+00
    0    1    2.0000    1.0000    1.0000   064   0.00000000E+00 +-  0.00000000E+00
    0    0    0.0000    2.0000    0.0000   016  -3.42839294E-03 +-  0.00000000E+00
    0    1    0.0000    2.0000    1.0000   032   0.00000000E+00 +-  0.00000000E+00
    0    0    1.0000    2.0000    0.0000   032  -5.35628869E-03 +-  0.00000000E+00
    0    1    1.0000    2.0000    1.0000   064   0.00000000E+00 +-  0.00000000E+00
    0    0    2.0000    2.0000    0.0000   016  -2.19385148E-02 +-  0.00000000E+00
    0    1    2.0000    2.0000    1.0000   032   0.00000000E+00 +-  0.00000000E+00
    1    1    0.0000    0.0000    0.0000   016   4.58251954E-01 +-  0.00000000E+00
    1    1    1.0000    0.0000    0.0000   032  -6.23291949E-02 +-  0.00000000E+00
    1    1    2.0000    0.0000    0.0000   016  -3.42839294E-03 +-  0.00000000E+00
    1    1    0.0000    1.0000    0.0000   032  -6.23291949E-02 +-  0.00000000E+00
    1    1    1.0000    1.0000    0.0000   064  -3.42839294E-03 +-  0.00000000E+00
    1    1    2.0000    1.0000    0.0000   032  -5.35628869E-03 +-  0.00000000E+00
    1    1    0.0000    2.0000    0.0000   016  -3.42839294E-03 +-  0.00000000E+00
    1    1    1.0000    2.0000    0.0000   032  -5.35628869E-03 +-  0.00000000E+00
    1    1    2.0000    2.0000    0.0000   016  -2.19385148E-02 +-  0.00000000E+00
============================================================================
 Average Spin correlation function:
    0    0    0.0000    0.0000    0.0000   016   4.58251954E-01 +-  0.00000000E+00
    0    1    0.0000    0.0000    1.0000   032  -2.21679960E-31 +-  0.00000000E+00
    0    0    1.0000    0.0000    0.0000   032  -6.23291949E-02 +-  0.00000000E+00
    0    1    1.0000    0.0000    1.0000   064  -1.92769540E-31 +-  0.00000000E+00
    0    0    2.0000    0.0000    0.0000   016  -3.42839294E-03 +-  0.00000000E+00
    0    1    2.0000    0.0000    1.0000   032  -2.03597259E-31 +-  0.00000000E+00
    0    0    0.0000    1.0000    0.0000   032  -6.23291949E-02 +-  0.00000000E+00
    0    1    0.0000    1.0000    1.0000   064  -2.39688565E-31 +-  0.00000000E+00
    0    0    1.0000    1.0000    0.0000   064  -3.42839294E-03 +-  0.00000000E+00
    0    1    1.0000    1.0000    1.0000   128  -1.62410407E-31 +-  0.00000000E+00
    0    0    2.0000    1.0000    0.0000   032  -5.35628869E-03 +-  0.00000000E+00
    0    1    2.0000    1.0000    1.0000   064  -1.51196685E-31 +-  0.00000000E+00
    0    0    0.0000    2.0000    0.0000   016  -3.42839294E-03 +-  0.00000000E+00
    0    1    0.0000    2.0000    1.0000   032  -8.22208191E-32 +-  0.00000000E+00
    0    0    1.0000    2.0000    0.0000   032  -5.35628869E-03 +-  0.00000000E+00
    0    1    1.0000    2.0000    1.0000   064  -1.26049415E-31 +-  0.00000000E+00
    0    0    2.0000    2.0000    0.0000   016  -2.19385148E-02 +-  0.00000000E+00
    0    1    2.0000    2.0000    1.0000   032  -1.52337740E-31 +-  0.00000000E+00
    1    1    0.0000    0.0000    0.0000   016   4.58251954E-01 +-  0.00000000E+00
    1    1    1.0000    0.0000    0.0000   032  -6.23291949E-02 +-  0.00000000E+00
    1    1    2.0000    0.0000    0.0000   016  -3.42839294E-03 +-  0.00000000E+00
    1    1    0.0000    1.0000    0.0000   032  -6.23291949E-02 +-  0.00000000E+00
    1    1    1.0000    1.0000    0.0000   064  -3.42839294E-03 +-  0.00000000E+00
    1    1    2.0000    1.0000    0.0000   032  -5.35628869E-03 +-  0.00000000E+00
    1    1    0.0000    2.0000    0.0000   016  -3.42839294E-03 +-  0.00000000E+00
    1    1    1.0000    2.0000    0.0000   032  -5.35628869E-03 +-  0.00000000E+00
    1    1    2.0000    2.0000    0.0000   016  -2.19385148E-02 +-  0.00000000E+00
============================================================================
 S-wave pairing correlation function:
    0    0    0.0000    0.0000    0.0000   016   6.31977859E-02 +-  0.00000000E+00
    0    1    0.0000    0.0000    1.0000   032   8.37387563E-32 +-  0.00000000E+00
    0    0    1.0000    0.0000    0.0000   032   1.55822987E-02 +-  0.00000000E+00
    0    1    1.0000    0.0000    1.0000   064   7.27239364E-32 +-  0.00000000E+00
    0    0    2.0000    0.0000    0.0000   016   8.57098236E-04 +-  0.00000000E+00
    0    1    2.0000    0.0000    1.0000   032   7.66425225E-32 +-  0.00000000E+00
    0    0    0.0000    1.0000    0.0000   032   1.55822987E-02 +-  0.00000000E+00
    0    1    0.0000    1.0000    1.0000   064   9.01807497E-32 +-  0.00000000E+00
    0    0    1.0000    1.0000    0.0000   064   8.57098236E-04 +-  0.00000000E+00
    0    1    1.0000    1.0000    1.0000   128   6.12318355E-32 +-  0.00000000E+00
    0    0    2.0000    1.0000    0.0000   032   1.33907217E-03 +-  0.00000000E+00
    0    1    2.0000    1.0000    1.0000   064   5.69062432E-32 +-  0.00000000E+00
    0    0    0.0000    2.0000    0.0000   016   8.57098236E-04 +-  0.00000000E+00
    0    1    0.0000    2.0000    1.0000   032   3.13592528E-32 +-  0.00000000E+00
    0    0    1.0000    2.0000    0.0000   032   1.33907217E-03 +-  0.00000000E+00
    0    1    1.0000    2.0000    1.0000   064   4.76795641E-32 +-  0.00000000E+00
    0    0    2.0000    2.0000    0.0000   016   5.48462869E-03 +-  0.00000000E+00
    0    1    2.0000    2.0000    1.0000   032   5.75309093E-32 +-  0.00000000E+00
    1    1    0.0000    0.0000    0.0000   016   6.31977859E-02 +-  0.00000000E+00
    1    1    1.0000    0.0000    0.0000   032   1.55822987E-02 +-  0.00000000E+00
    1    1    2.0000    0.0000    0.0000   016   8.57098236E-04 +-  0.00000000E+00
    1    1    0.0000    1.0000    0.0000   032   1.55822987E-02 +-  0.00000000E+00
    1    1    1.0000    1.0000    0.0000   064   8.57098236E-04 +-  0.00000000E+00
    1    1    2.0000    1.0000    0.0000   032   1.33907217E-03 +-  0.00000000E+00
    1    1    0.0000    2.0000    0.0000   016   8.57098236E-04 +-  0.00000000E+00
    1    1    1.0000    2.0000    0.0000   032   1.33907217E-03 +-  0.00000000E+00
    1    1    2.0000    2.0000    0.0000   016   5.48462869E-03 +-  0.00000000E+00
============================================================================
 Grid for Green's function
  K-points
  Class
    1         0.00000   0.00000
 
    2         0.00000  -1.57080
              0.00000   1.57080
 
    3        -1.57080   0.00000
              1.57080   0.00000
 
    4        -1.57080  -1.57080
              1.57080  -1.57080
             -1.57080   1.57080
              1.57080   1.57080
 
    5         0.00000  -3.14159
 
    6        -3.14159   0.00000
 
    7        -1.57080  -3.14159
              1.57080  -3.14159
 
    8        -3.14159  -1.57080
             -3.14159   1.57080
 
    9        -3.14159  -3.14159
 
============================================================================
 Grid for spin/charge correlations
  K-points
  Class
    1         0.00000   0.00000
 
    2         0.00000  -1.57080
              0.00000   1.57080
 
    3        -1.57080   0.00000
              1.57080   0.00000
 
    4        -1.57080  -1.57080
              1.57080  -1.57080
             -1.57080   1.57080
              1.57080   1.57080
 
    5         0.00000  -3.14159
 
    6        -3.14159   0.00000
 
    7        -1.57080  -3.14159
              1.57080  -3.14159
 
    8        -3.14159  -1.57080
             -3.14159   1.57080
 
    9        -3.14159  -3.14159
 
============================================================================
 FT of Ave Equal t Green's function:
    1    0    0                 6.77241496E-05 +-  1.14491749E-16
         1    0                 7.10176843E-20 +-  1.12089123E-31
         1    1                 6.77241496E-05 +-  7.28583860E-17
    2    0    0                 3.68423990E-03 +-  1.04083409E-17
         1    0                -1.20926599E-17 +-  2.26489361E-31
         1    1                 3.68423990E-03 +-  2.18575158E-16
    3    0    0                 3.68423990E-03 +-  3.85108612E-16
         1    0                -1.71922790E-17 +-  2.03378202E-31
         1    1                 3.68423990E-03 +-  1.66533454E-16
    4    0    0                 1.67981615E-01 +-  1.66533454E-16
         1    0                 3.60041032E-17 +-  0.00000000E+00
         1    1                 1.67981615E-01 +-  0.00000000E+00
    5    0    0                 1.67981615E-01 +-  1.66533454E-16
         1    0                 1.27680893E-15 +-  0.00000000E+00
         1    1                 1.67981615E-01 +-  2.49800181E-16
    6    0    0                 1.67981615E-01 +-  9.99200722E-16
         1    0                -1.10855015E-15 +-  0.00000000E+00
         1    1                 1.67981615E-01 +-  2.49800181E-16
    7    0    0                 9.16827304E-01 +-  0.00000000E+00
         1    0                -3.60804552E-16 +-  1.47911420E-31
         1    1                 9.16827304E-01 +-  3.33066907E-16
    8    0    0                 9.16827304E-01 +-  3.33066907E-16
         1    0                -1.55025906E-16 +-  7.39557099E-31
         1    1                 9.16827304E-01 +-  0.00000000E+00
    9    0    0                 9.98341199E-01 +-  3.33066907E-16
         1    0                 7.81472961E-19 +-  4.04445288E-32
         1    1                 9.98341199E-01 +-  0.00000000E+00
============================================================================
 FT of Up Equal t Green's function:
    1    0    0                 6.77241496E-05 +-  1.14491749E-16
         1    0                 7.10176843E-20 +-  1.12089123E-31
         1    1                 6.77241496E-05 +-  7.28583860E-17
    2    0    0                 3.68423990E-03 +-  1.04083409E-17
         1    0                -1.20926599E-17 +-  2.26489361E-31
         1    1                 3.68423990E-03 +-  2.18575158E-16
    3    0    0                 3.68423990E-03 +-  3.85108612E-16
         1    0                -1.71922790E-17 +-  2.03378202E-31
         1    1                 3.68423990E-03 +-  1.66533454E-16
    4    0    0                 1.67981615E-01 +-  1.66533454E-16
         1    0                 3.60041032E-17 +-  0.00000000E+00
         1    1                 1.67981615E-01 +-  0.00000000E+00
    5    0    0                 1.67981615E-01 +-  1.66533454E-16
         1    0                 1.27680893E-15 +-  0.00000000E+00
         1    1                 1.67981615E-01 +-  2.49800181E-16
    6    0    0                 1.67981615E-01 +-  9.99200722E-16
         1    0                -1.10855015E-15 +-  0.00000000E+00
         1    1                 1.67981615E-01 +-  2.49800181E-16
    7    0    0                 9.16827304E-01 +-  0.00000000E+00
         1    0                -3.60804552E-16 +-  1.47911420E-31
         1    1                 9.16827304E-01 +-  3.33066907E-16
    8    0    0                 9.16827304E-01 +-  3.33066907E-16
         1    0                -1.55025906E-16 +-  7.39557099E-31
         1    1                 9.16827304E-01 +-  0.00000000E+00
    9    0    0                 9.98341199E-01 +-  3.33066907E-16
         1    0                 7.81472961E-19 +-  4.04445288E-32
         1    1                 9.98341199E-01 +-  0.00000000E+00
============================================================================
 FT of Dn Equal t Green's function:
    1    0    0                 6.77241496E-05 +-  1.14491749E-16
         1    0                 7.10176843E-20 +-  1.12089123E-31
         1    1                 6.77241496E-05 +-  7.28583860E-17
    2    0    0                 3.68423990E-03 +-  1.04083409E-17
         1    0                -1.20926599E-17 +-  2.26489361E-31
         1    1                 3.68423990E-03 +-  2.18575158E-16
    3    0    0                 3.68423990E-03 +-  3.85108612E-16
         1    0                -1.71922790E-17 +-  2.03378202E-31
         1    1                 3.68423990E-03 +-  1.66533454E-16
    4    0    0                 1.67981615E-01 +-  1.66533454E-16
         1    0                 3.60041032E-17 +-  0.00000000E+00
         1    1                 1.67981615E-01 +-  0.00000000E+00
    5    0    0                 1.67981615E-01 +-  1.66533454E-16
         1    0                 1.27680893E-15 +-  0.00000000E+00
         1    1                 1.67981615E-01 +-  2.49800181E-16
    6    0    0                 1.67981615E-01 +-  9.99200722E-16
         1    0                -1.10855015E-15 +-  0.00000000E+00
         1    1                 1.67981615E-01 +-  2.49800181E-16
    7    0    0                 9.16827304E-01 +-  0.00000000E+00
         1    0                -3.60804552E-16 +-  1.47911420E-31
         1    1                 9.16827304E-01 +-  3.33066907E-16
    8    0    0                 9.16827304E-01 +-  3.33066907E-16
         1    0                -1.55025906E-16 +-  7.39557099E-31
         1    1                 9.16827304E-01 +-  0.00000000E+00
    9    0    0                 9.98341199E-01 +-  3.33066907E-16
         1    0                 7.81472961E-19 +-  4.04445288E-32
         1    1                 9.98341199E-01 +-  0.00000000E+00
============================================================================
 FT of Density-density correlation fn: (up-up)
    1    0    0                 6.71814015E+00 +-  0.00000000E+00
         1    0                 6.64563958E+00 +-  0.00000000E+00
         1    1                 6.71814015E+00 +-  0.00000000E+00
    2    0    0                 1.83122328E-01 +-  3.33066907E-16
         1    0                 2.42861287E-17 +-  1.76941795E-16
         1    1                 1.83122328E-01 +-  1.66533454E-16
    3    0    0                 1.83122328E-01 +-  0.00000000E+00
         1    0                -2.22044605E-16 +-  3.33066907E-16
         1    1                 1.83122328E-01 +-  3.33066907E-16
    4    0    0                 2.21585113E-01 +-  4.99600361E-16
         1    0                 6.24500451E-17 +-  3.33066907E-16
         1    1                 2.21585113E-01 +-  0.00000000E+00
    5    0    0                 2.21585113E-01 +-  3.33066907E-16
         1    0                -2.22391550E-15 +-  7.28583860E-17
         1    1                 2.21585113E-01 +-  4.99600361E-16
    6    0    0                 2.21585113E-01 +-  6.66133815E-16
         1    0                -2.10942375E-15 +-  3.33066907E-16
         1    1                 2.21585113E-01 +-  0.00000000E+00
    7    0    0                 2.97068141E-01 +-  0.00000000E+00
         1    0                -1.59594560E-16 +-  3.33066907E-16
         1    1                 2.97068141E-01 +-  9.99200722E-16
    8    0    0                 2.97068141E-01 +-  4.99600361E-16
         1    0                 1.11022302E-16 +-  3.33066907E-16
         1    1                 2.97068141E-01 +-  9.99200722E-16
    9    0    0                 3.43242508E-01 +-  1.33226763E-15
         1    0                 1.44328993E-15 +-  3.33066907E-16
         1    1                 3.43242508E-01 +-  1.33226763E-15
============================================================================
 FT of Density-density correlation fn: (up-dn)
    1    0    0                 6.64563958E+00 +-  0.00000000E+00
         1    0                 6.64563958E+00 +-  0.00000000E+00
         1    1                 6.64563958E+00 +-  0.00000000E+00
    2    0    0                -7.63278329E-17 +-  6.24500451E-17
         1    0                 1.25593980E-15 +-  6.24500451E-17
         1    1                -7.63278329E-17 +-  6.24500451E-17
    3    0    0                -3.33066907E-16 +-  6.66133815E-16
         1    0                 1.22124533E-15 +-  0.00000000E+00
         1    1                -1.11022302E-16 +-  0.00000000E+00
    4    0    0                -4.85722573E-17 +-  0.00000000E+00
         1    0                -1.38083989E-15 +-  0.00000000E+00
         1    1                -4.85722573E-17 +-  0.00000000E+00
    5    0    0                -7.14706072E-16 +-  8.11850587E-16
         1    0                -7.32053307E-15 +-  6.45317133E-16
         1    1                -6.93889390E-18 +-  2.08166817E-17
    6    0    0                -4.44089210E-16 +-  0.00000000E+00
         1    0                -1.99840144E-15 +-  6.66133815E-16
         1    1                 0.00000000E+00 +-  0.00000000E+00
    7    0    0                 1.73472348E-16 +-  6.66133815E-16
         1    0                 1.28369537E-15 +-  0.00000000E+00
         1    1                -4.85722573E-17 +-  0.00000000E+00
    8    0    0                 0.00000000E+00 +-  0.00000000E+00
         1    0                -3.99680289E-15 +-  0.00000000E+00
         1    1                 0.00000000E+00 +-  0.00000000E+00
    9    0    0                 4.44089210E-16 +-  0.00000000E+00
         1    0                -6.66133815E-16 +-  6.66133815E-16
         1    1                 0.00000000E+00 +-  0.00000000E+00
============================================================================
 FT of XX spin correlation fn:
    1    0    0                 1.45001148E-01 +-  0.00000000E+00
         1    0                -4.09332873E-30 +-  0.00000000E+00
         1    1                 1.45001148E-01 +-  0.00000000E+00
    2    0    0                 3.66244657E-01 +-  0.00000000E+00
         1    0                -4.86238364E-31 +-  0.00000000E+00
         1    1                 3.66244657E-01 +-  0.00000000E+00
    3    0    0                 3.66244657E-01 +-  0.00000000E+00
         1    0                -1.87424308E-31 +-  1.31371731E-46
         1    1                 3.66244657E-01 +-  0.00000000E+00
    4    0    0                 4.43170226E-01 +-  0.00000000E+00
         1    0                -1.32299433E-31 +-  1.31371731E-46
         1    1                 4.43170226E-01 +-  0.00000000E+00
    5    0    0                 4.43170226E-01 +-  0.00000000E+00
         1    0                 2.00907660E-31 +-  1.31371731E-46
         1    1                 4.43170226E-01 +-  0.00000000E+00
    6    0    0                 4.43170226E-01 +-  0.00000000E+00
         1    0                -2.31490110E-31 +-  1.31371731E-46
         1    1                 4.43170226E-01 +-  0.00000000E+00
    7    0    0                 5.94136282E-01 +-  0.00000000E+00
         1    0                 3.43526968E-31 +-  1.31371731E-46
         1    1                 5.94136282E-01 +-  0.00000000E+00
    8    0    0                 5.94136282E-01 +-  0.00000000E+00
         1    0                -8.59176157E-32 +-  1.31371731E-46
         1    1                 5.94136282E-01 +-  0.00000000E+00
    9    0    0                 6.86485016E-01 +-  0.00000000E+00
         1    0                 1.64896506E-31 +-  6.56858655E-47
         1    1                 6.86485016E-01 +-  0.00000000E+00
============================================================================
 FT of ZZ spin correlation fn:
    1    0    0                 1.45001148E-01 +-  0.00000000E+00
         1    0                 0.00000000E+00 +-  0.00000000E+00
         1    1                 1.45001148E-01 +-  0.00000000E+00
    2    0    0                 3.66244657E-01 +-  0.00000000E+00
         1    0                 0.00000000E+00 +-  0.00000000E+00
         1    1                 3.66244657E-01 +-  0.00000000E+00
    3    0    0                 3.66244657E-01 +-  0.00000000E+00
         1    0                 0.00000000E+00 +-  0.00000000E+00
         1    1                 3.66244657E-01 +-  0.00000000E+00
    4    0    0                 4.43170226E-01 +-  0.00000000E+00
         1    0                 0.00000000E+00 +-  0.00000000E+00
         1    1                 4.43170226E-01 +-  0.00000000E+00
    5    0    0                 4.43170226E-01 +-  0.00000000E+00
         1    0                 0.00000000E+00 +-  0.00000000E+00
         1    1                 4.43170226E-01 +-  0.00000000E+00
    6    0    0                 4.43170226E-01 +-  0.00000000E+00
         1    0                 0.00000000E+00 +-  0.00000000E+00
         1    1                 4.43170226E-01 +-  0.00000000E+00
    7    0    0                 5.94136282E-01 +-  0.00000000E+00
         1    0                 0.00000000E+00 +-  0.00000000E+00
         1    1                 5.94136282E-01 +-  0.00000000E+00
    8    0    0                 5.94136282E-01 +-  0.00000000E+00
         1    0                 0.00000000E+00 +-  0.00000000E+00
         1    1                 5.94136282E-01 +-  0.00000000E+00
    9    0    0                 6.86485016E-01 +-  0.00000000E+00
         1    0                 0.00000000E+00 +-  0.00000000E+00
         1    1                 6.86485016E-01 +-  0.00000000E+00
============================================================================
 FT of Average spin correlation fn:
    1    0    0                 1.45001148E-01 +-  3.33066907E-16
         1    0                -2.72888582E-30 +-  0.00000000E+00
         1    1                 1.45001148E-01 +-  1.66533454E-16
    2    0    0                 3.66244657E-01 +-  3.33066907E-16
         1    0                -3.24158910E-31 +-  0.00000000E+00
         1    1                 3.66244657E-01 +-  1.66533454E-16
    3    0    0                 3.66244657E-01 +-  3.33066907E-16
         1    0                -1.24949538E-31 +-  0.00000000E+00
         1    1                 3.66244657E-01 +-  1.66533454E-16
    4    0    0                 4.43170226E-01 +-  1.66533454E-16
         1    0                -8.81996221E-32 +-  0.00000000E+00
         1    1                 4.43170226E-01 +-  1.66533454E-16
    5    0    0                 4.43170226E-01 +-  1.66533454E-16
         1    0                 1.33938440E-31 +-  6.56858655E-46
         1    1                 4.43170226E-01 +-  1.66533454E-16
    6    0    0                 4.43170226E-01 +-  1.66533454E-16
         1    0                -1.54326740E-31 +-  5.25486924E-46
         1    1                 4.43170226E-01 +-  3.33066907E-16
    7    0    0                 5.94136282E-01 +-  0.00000000E+00
         1    0                 2.29017979E-31 +-  0.00000000E+00
         1    1                 5.94136282E-01 +-  0.00000000E+00
    8    0    0                 5.94136282E-01 +-  3.33066907E-16
         1    0                -5.72784105E-32 +-  0.00000000E+00
         1    1                 5.94136282E-01 +-  0.00000000E+00
    9    0    0                 6.86485016E-01 +-  0.00000000E+00
         1    0                 1.09931004E-31 +-  8.53916252E-46
         1    1                 6.86485016E-01 +-  3.33066907E-16
============================================================================
 FT of Pairing correlation fn:
    1    0    0                 1.41510488E-01 +-  0.00000000E+00
         1    0                 1.02917977E-30 +-  0.00000000E+00
         1    1                 1.41510488E-01 +-  0.00000000E+00
    2    0    0                 8.61996103E-02 +-  0.00000000E+00
         1    0                 1.21579861E-31 +-  0.00000000E+00
         1    1                 8.61996103E-02 +-  0.00000000E+00
    3    0    0                 8.61996103E-02 +-  0.00000000E+00
         1    0                 4.74735904E-32 +-  4.92643991E-47
         1    1                 8.61996103E-02 +-  0.00000000E+00
    4    0    0                 6.69682182E-02 +-  0.00000000E+00
         1    0                 3.32678903E-32 +-  3.28429328E-47
         1    1                 6.69682182E-02 +-  0.00000000E+00
    5    0    0                 6.69682182E-02 +-  0.00000000E+00
         1    0                -4.90228858E-32 +-  1.31371731E-46
         1    1                 6.69682182E-02 +-  0.00000000E+00
    6    0    0                 6.69682182E-02 +-  4.16333634E-17
         1    0                 5.77110840E-32 +-  6.56858655E-47
         1    1                 6.69682182E-02 +-  0.00000000E+00
    7    0    0                 2.92267042E-02 +-  0.00000000E+00
         1    0                -8.56244359E-32 +-  6.56858655E-47
         1    1                 2.92267042E-02 +-  0.00000000E+00
    8    0    0                 2.92267042E-02 +-  0.00000000E+00
         1    0                 2.14023721E-32 +-  3.28429328E-47
         1    1                 2.92267042E-02 +-  0.00000000E+00
    9    0    0                 6.13952047E-03 +-  0.00000000E+00
         1    0                -4.07822040E-32 +-  6.56858655E-47
         1    1                 6.13952047E-03 +-  5.20417043E-18
============================================================================
 Eigenvalues of Ave Equal t Green's function:
    1    1                      6.77241496E-05 +-  7.28177284E-17
         2                      6.77241496E-05 +-  1.14451092E-16
    2    1                      3.68423990E-03 +-  1.17093835E-17
         2                      3.68423990E-03 +-  1.92554306E-16
    3    1                      3.68423990E-03 +-  2.40692882E-16
         2                      3.68423990E-03 +-  3.13551268E-16
    4    1                      1.67981615E-01 +-  2.49800181E-16
         2                      1.67981615E-01 +-  1.66533454E-16
    5    1                      1.67981615E-01 +-  5.07927034E-15
         2                      1.67981615E-01 +-  4.49640325E-15
    6    1                      1.67981615E-01 +-  3.33066907E-15
         2                      1.67981615E-01 +-  4.16333634E-15
    7    1                      9.16827304E-01 +-  1.33226763E-15
         2                      9.16827304E-01 +-  1.66533454E-15
    8    1                      9.16827304E-01 +-  3.33066907E-16
         2                      9.16827304E-01 +-  1.33226763E-15
    9    1                      9.98341199E-01 +-  0.00000000E+00
         2                      9.98341199E-01 +-  3.33066907E-16
============================================================================
 Eigenvalues of Up Equal t Green's function:
    1    1                      6.77241496E-05 +-  7.28177284E-17
         2                      6.77241496E-05 +-  1.14451092E-16
    2    1                      3.68423990E-03 +-  1.17093835E-17
         2                      3.68423990E-03 +-  1.92554306E-16
    3    1                      3.68423990E-03 +-  2.40692882E-16
         2                      3.68423990E-03 +-  3.13551268E-16
    4    1                      1.67981615E-01 +-  2.49800181E-16
         2                      1.67981615E-01 +-  1.66533454E-16
    5    1                      1.67981615E-01 +-  5.07927034E-15
         2                      1.67981615E-01 +-  4.49640325E-15
    6    1                      1.67981615E-01 +-  3.33066907E-15
         2                      1.67981615E-01 +-  4.16333634E-15
    7    1                      9.16827304E-01 +-  1.33226763E-15
         2                      9.16827304E-01 +-  1.66533454E-15
    8    1                      9.16827304E-01 +-  3.33066907E-16
         2                      9.16827304E-01 +-  1.33226763E-15
    9    1                      9.98341199E-01 +-  0.00000000E+00
         2                      9.98341199E-01 +-  3.33066907E-16
============================================================================
 Eigenvalues of Dn Equal t Green's function:
    1    1                      6.77241496E-05 +-  7.28177284E-17
         2                      6.77241496E-05 +-  1.14451092E-16
    2    1                      3.68423990E-03 +-  1.17093835E-17
         2                      3.68423990E-03 +-  1.92554306E-16
    3    1                      3.68423990E-03 +-  2.40692882E-16
         2                      3.68423990E-03 +-  3.13551268E-16
    4    1                      1.67981615E-01 +-  2.49800181E-16
         2                      1.67981615E-01 +-  1.66533454E-16
    5    1                      1.67981615E-01 +-  5.07927034E-15
         2                      1.67981615E-01 +-  4.49640325E-15
    6    1                      1.67981615E-01 +-  3.33066907E-15
         2                      1.67981615E-01 +-  4.16333634E-15
    7    1                      9.16827304E-01 +-  1.33226763E-15
         2                      9.16827304E-01 +-  1.66533454E-15
    8    1                      9.16827304E-01 +-  3.33066907E-16
         2                      9.16827304E-01 +-  1.33226763E-15
    9    1                      9.98341199E-01 +-  0.00000000E+00
         2                      9.98341199E-01 +-  3.33066907E-16
============================================================================
 Eigenvalues of Density-density correlation fn: (up-up)
    1    1                      7.25005739E-02 +-  9.96845937E+00
         2                      1.33637797E+01 +-  9.96845937E+00
    2    1                      1.83122328E-01 +-  8.99166373E-04
         2                      1.83122328E-01 +-  9.96825490E-01
    3    1                      1.83122328E-01 +-  1.66533454E-16
         2                      1.83122328E-01 +-  2.49800181E-16
    4    1                      2.21585113E-01 +-  8.32667268E-17
         2                      2.21585113E-01 +-  7.49400542E-16
    5    1                      2.21585113E-01 +-  9.74220704E-15
         2                      2.21585113E-01 +-  1.02418074E-14
    6    1                      2.21585113E-01 +-  9.82547377E-15
         2                      2.21585113E-01 +-  9.32587341E-15
    7    1                      2.97068141E-01 +-  6.66133815E-16
         2                      2.97068141E-01 +-  3.33066907E-16
    8    1                      2.97068141E-01 +-  4.86642905E-05
         2                      2.97068141E-01 +-  8.78047368E-08
    9    1                      3.43242508E-01 +-  3.83026943E-15
         2                      3.43242508E-01 +-  4.16333634E-15
============================================================================
 Eigenvalues of Density-density correlation fn: (up-dn)
    1    1                     -3.10862447E-15 +-  9.96845937E+00
         2                      1.32912792E+01 +-  9.96845937E+00
    2    1                     -1.33307723E-15 +-  5.55992761E-15
         2                      1.18042156E-15 +-  5.68407698E-15
    3    1                     -1.44832602E-15 +-  2.18756626E-15
         2                      1.00423681E-15 +-  1.52143244E-15
    4    1                     -1.42941214E-15 +-  2.07125983E-15
         2                      1.33226763E-15 +-  2.07125983E-15
    5    1                     -7.68990414E-15 +-  3.30171239E-14
         2                      6.96825918E-15 +-  3.21844566E-14
    6    1                     -2.23274402E-15 +-  8.60677433E-15
         2                      1.78865481E-15 +-  8.60677433E-15
    7    1                     -1.22603735E-15 +-  1.61401351E-15
         2                      1.35093744E-15 +-  2.28014732E-15
    8    1                     -3.99680293E-15 +-  1.79856131E-14
         2                      3.99680293E-15 +-  1.79856131E-14
    9    1                     -4.80122089E-16 +-  3.15975012E-15
         2                      9.24211299E-16 +-  3.15975012E-15
============================================================================
 Eigenvalues of XX spin correlation fn:
    1    1                      1.45001148E-01 +-  0.00000000E+00
         2                      1.45001148E-01 +-  0.00000000E+00
    2    1                      3.66244657E-01 +-  0.00000000E+00
         2                      3.66244657E-01 +-  0.00000000E+00
    3    1                      3.66244657E-01 +-  0.00000000E+00
         2                      3.66244657E-01 +-  0.00000000E+00
    4    1                      4.43170226E-01 +-  0.00000000E+00
         2                      4.43170226E-01 +-  0.00000000E+00
    5    1                      4.43170226E-01 +-  0.00000000E+00
         2                      4.43170226E-01 +-  0.00000000E+00
    6    1                      4.43170226E-01 +-  0.00000000E+00
         2                      4.43170226E-01 +-  0.00000000E+00
    7    1                      5.94136282E-01 +-  0.00000000E+00
         2                      5.94136282E-01 +-  0.00000000E+00
    8    1                      5.94136282E-01 +-  0.00000000E+00
         2                      5.94136282E-01 +-  0.00000000E+00
    9    1                      6.86485016E-01 +-  0.00000000E+00
         2                      6.86485016E-01 +-  0.00000000E+00
============================================================================
 Eigenvalues of ZZ spin correlation fn:
    1    1                      1.45001148E-01 +-  0.00000000E+00
         2                      1.45001148E-01 +-  0.00000000E+00
    2    1                      3.66244657E-01 +-  0.00000000E+00
         2                      3.66244657E-01 +-  0.00000000E+00
    3    1                      3.66244657E-01 +-  0.00000000E+00
         2                      3.66244657E-01 +-  0.00000000E+00
    4    1                      4.43170226E-01 +-  0.00000000E+00
         2                      4.43170226E-01 +-  0.00000000E+00
    5    1                      4.43170226E-01 +-  0.00000000E+00
         2                      4.43170226E-01 +-  0.00000000E+00
    6    1                      4.43170226E-01 +-  0.00000000E+00
         2                      4.43170226E-01 +-  0.00000000E+00
    7    1                      5.94136282E-01 +-  0.00000000E+00
         2                      5.94136282E-01 +-  0.00000000E+00
    8    1                      5.94136282E-01 +-  0.00000000E+00
         2                      5.94136282E-01 +-  0.00000000E+00
    9    1                      6.86485016E-01 +-  0.00000000E+00
         2                      6.86485016E-01 +-  0.00000000E+00
============================================================================
 Eigenvalues of Average spin correlation fn:
    1    1                      1.45001148E-01 +-  1.66533454E-16
         2                      1.45001148E-01 +-  3.33066907E-16
    2    1                      3.66244657E-01 +-  1.66533454E-16
         2                      3.66244657E-01 +-  3.33066907E-16
    3    1                      3.66244657E-01 +-  3.33066907E-16
         2                      3.66244657E-01 +-  1.66533454E-16
    4    1                      4.43170226E-01 +-  1.66533454E-16
         2                      4.43170226E-01 +-  1.66533454E-16
    5    1                      4.43170226E-01 +-  1.66533454E-16
         2                      4.43170226E-01 +-  1.66533454E-16
    6    1                      4.43170226E-01 +-  1.66533454E-16
         2                      4.43170226E-01 +-  3.33066907E-16
    7    1                      5.94136282E-01 +-  0.00000000E+00
         2                      5.94136282E-01 +-  0.00000000E+00
    8    1                      5.94136282E-01 +-  3.33066907E-16
         2                      5.94136282E-01 +-  0.00000000E+00
    9    1                      6.86485016E-01 +-  0.00000000E+00
         2                      6.86485016E-01 +-  3.33066907E-16
============================================================================
 Eigenvalues of Pairing correlation fn:
    1    1                      1.41510488E-01 +-  0.00000000E+00
         2                      1.41510488E-01 +-  0.00000000E+00
    2    1                      8.61996103E-02 +-  0.00000000E+00
         2                      8.61996103E-02 +-  0.00000000E+00
    3    1                      8.61996103E-02 +-  0.00000000E+00
         2                      8.61996103E-02 +-  0.00000000E+00
    4    1                      6.69682182E-02 +-  0.00000000E+00
         2                      6.69682182E-02 +-  0.00000000E+00
    5    1                      6.69682182E-02 +-  0.00000000E+00
         2                      6.69682182E-02 +-  0.00000000E+00
    6    1                      6.69682182E-02 +-  0.00000000E+00
         2                      6.69682182E-02 +-  4.16333634E-17
    7    1                      2.92267042E-02 +-  0.00000000E+00
         2                      2.92267042E-02 +-  0.00000000E+00
    8    1                      2.92267042E-02 +-  0.00000000E+00
         2                      2.92267042E-02 +-  0.00000000E+00
    9    1                      6.13952047E-03 +-  5.20417043E-18
         2                      6.13952047E-03 +-  0.00000000E+00
============================================================================
 Eigenmodes of Ave Equal t Green's function (Natural orbitals):
                        1                          2
   1    1  (  0.000092 +i  0.000000)  ( -1.000000 +i  0.000000) 
        2  ( -1.000000 +i  0.000000)  ( -0.000092 +i  0.000000) 
   2    1  ( -0.987187 +i  0.000000)  ( -0.159567 +i -0.000000) 
        2  (  0.159567 +i  0.000000)  ( -0.987187 +i -0.000000) 
   3    1  ( -0.670674 +i  0.000000)  ( -0.741752 +i  0.000000) 
        2  ( -0.741752 +i  0.000000)  (  0.670674 +i  0.000000) 
   4    1  ( -0.441282 +i  0.000000)  (  0.897369 +i  0.000000) 
        2  ( -0.897369 +i  0.000000)  ( -0.441282 +i -0.000000) 
   5    1  ( -0.873687 +i  0.000000)  (  0.486489 +i -0.000000) 
        2  ( -0.486489 +i  0.000000)  ( -0.873687 +i  0.000000) 
   6    1  ( -0.894589 +i  0.000000)  ( -0.446890 +i  0.000000) 
        2  (  0.446890 +i  0.000000)  ( -0.894589 +i  0.000000) 
   7    1  (  0.651128 +i  0.000000)  (  0.758968 +i  0.000000) 
        2  ( -0.758968 +i  0.000000)  (  0.651128 +i  0.000000) 
   8    1  ( -0.707107 +i  0.000000)  ( -0.707107 +i  0.000000) 
        2  (  0.707107 +i  0.000000)  ( -0.707107 +i  0.000000) 
   9    1  (  0.000000 +i  0.000000)  ( -1.000000 +i  0.000000) 
        2  (  1.000000 +i  0.000000)  (  0.000000 +i  0.000000) 
============================================================================
 Eigenmodes of Up Equal t Green's function (Natural orbitals):
                        1                          2
   1    1  (  0.000092 +i  0.000000)  ( -1.000000 +i  0.000000) 
        2  ( -1.000000 +i  0.000000)  ( -0.000092 +i  0.000000) 
   2    1  ( -0.987187 +i  0.000000)  ( -0.159567 +i -0.000000) 
        2  (  0.159567 +i  0.000000)  ( -0.987187 +i -0.000000) 
   3    1  ( -0.670674 +i  0.000000)  ( -0.741752 +i  0.000000) 
        2  ( -0.741752 +i  0.000000)  (  0.670674 +i  0.000000) 
   4    1  ( -0.441282 +i  0.000000)  (  0.897369 +i  0.000000) 
        2  ( -0.897369 +i  0.000000)  ( -0.441282 +i -0.000000) 
   5    1  ( -0.873687 +i  0.000000)  (  0.486489 +i -0.000000) 
        2  ( -0.486489 +i  0.000000)  ( -0.873687 +i  0.000000) 
   6    1  ( -0.894589 +i  0.000000)  ( -0.446890 +i  0.000000) 
        2  (  0.446890 +i  0.000000)  ( -0.894589 +i  0.000000) 
   7    1  (  0.651128 +i  0.000000)  (  0.758968 +i  0.000000) 
        2  ( -0.758968 +i  0.000000)  (  0.651128 +i  0.000000) 
   8    1  ( -0.707107 +i  0.000000)  ( -0.707107 +i  0.000000) 
        2  (  0.707107 +i  0.000000)  ( -0.707107 +i  0.000000) 
   9    1  (  0.000000 +i  0.000000)  ( -1.000000 +i  0.000000) 
        2  (  1.000000 +i  0.000000)  (  0.000000 +i  0.000000) 
============================================================================
 Eigenmodes of Down Equal t Green's function (Natural orbitals):
                        1                          2
   1    1  (  0.000092 +i  0.000000)  ( -1.000000 +i  0.000000) 
        2  ( -1.000000 +i  0.000000)  ( -0.000092 +i  0.000000) 
   2    1  ( -0.987187 +i  0.000000)  ( -0.159567 +i -0.000000) 
        2  (  0.159567 +i  0.000000)  ( -0.987187 +i -0.000000) 
   3    1  ( -0.670674 +i  0.000000)  ( -0.741752 +i  0.000000) 
        2  ( -0.741752 +i  0.000000)  (  0.670674 +i  0.000000) 
   4    1  ( -0.441282 +i  0.000000)  (  0.897369 +i  0.000000) 
        2  ( -0.897369 +i  0.000000)  ( -0.441282 +i -0.000000) 
   5    1  ( -0.873687 +i  0.000000)  (  0.486489 +i -0.000000) 
        2  ( -0.486489 +i  0.000000)  ( -0.873687 +i  0.000000) 
   6    1  ( -0.894589 +i  0.000000)  ( -0.446890 +i  0.000000) 
        2  (  0.446890 +i  0.000000)  ( -0.894589 +i  0.000000) 
   7    1  (  0.651128 +i  0.000000)  (  0.758968 +i  0.000000) 
        2  ( -0.758968 +i  0.000000)  (  0.651128 +i  0.000000) 
   8    1  ( -0.707107 +i  0.000000)  ( -0.707107 +i  0.000000) 
        2  (  0.707107 +i  0.000000)  ( -0.707107 +i  0.000000) 
   9    1  (  0.000000 +i  0.000000)  ( -1.000000 +i  0.000000) 
        2  (  1.000000 +i  0.000000)  (  0.000000 +i  0.000000) 
============================================================================
 Eigenmodes of Density-density correlation fn: (up-up)
                        1                          2
   1    1  (  0.707107 +i  0.000000)  ( -0.707107 +i  0.000000) 
        2  ( -0.707107 +i  0.000000)  ( -0.707107 +i  0.000000) 
   2    1  ( -0.999549 +i  0.000000)  (  0.009102 +i  0.028607) 
        2  ( -0.030020 +i  0.000000)  ( -0.303067 +i -0.952496) 
   3    1  ( -0.998006 +i  0.000000)  ( -0.063112 +i  0.000000) 
        2  ( -0.063112 +i  0.000000)  (  0.998006 +i  0.000000) 
   4    1  (  0.316228 +i  0.000000)  ( -0.948683 +i  0.000000) 
        2  ( -0.948683 +i  0.000000)  ( -0.316228 +i  0.000000) 
   5    1  ( -0.749615 +i  0.000000)  ( -0.661875 +i -0.000000) 
        2  (  0.661875 +i  0.000000)  ( -0.749615 +i -0.000000) 
   6    1  ( -0.764396 +i  0.000000)  ( -0.644747 +i  0.000000) 
        2  (  0.644747 +i  0.000000)  ( -0.764396 +i  0.000000) 
   7    1  ( -0.091571 +i  0.000000)  ( -0.995799 +i  0.000000) 
        2  ( -0.995799 +i  0.000000)  (  0.091571 +i  0.000000) 
   8    1  ( -0.042439 +i  0.000000)  (  0.999085 +i  0.005225) 
        2  ( -0.999099 +i  0.000000)  ( -0.042438 +i -0.000222) 
   9    1  ( -0.907178 +i  0.000000)  (  0.420748 +i  0.000000) 
        2  ( -0.420748 +i  0.000000)  ( -0.907178 +i -0.000000) 
============================================================================
 Eigenmodes of Density-density correlation fn: (up-dn)
                        1                          2
   1    1  (  0.707107 +i  0.000000)  ( -0.707107 +i  0.000000) 
        2  ( -0.707107 +i  0.000000)  ( -0.707107 +i  0.000000) 
   2    1  (  0.707107 +i  0.000000)  ( -0.706651 +i  0.025377) 
        2  ( -0.707107 +i  0.000000)  ( -0.706651 +i  0.025377) 
   3    1  ( -0.738423 +i  0.000000)  (  0.674338 +i  0.000000) 
        2  ( -0.674338 +i  0.000000)  ( -0.738423 +i  0.000000) 
   4    1  (  0.707107 +i  0.000000)  (  0.707107 +i  0.000000) 
        2  ( -0.707107 +i  0.000000)  (  0.707107 +i  0.000000) 
   5    1  ( -0.723977 +i  0.000000)  ( -0.689824 +i  0.000000) 
        2  ( -0.689824 +i  0.000000)  (  0.723977 +i -0.000000) 
   6    1  ( -0.745128 +i  0.000000)  ( -0.666921 +i -0.000000) 
        2  ( -0.666921 +i  0.000000)  (  0.745128 +i  0.000000) 
   7    1  (  0.675957 +i  0.000000)  ( -0.736941 +i  0.000000) 
        2  ( -0.736941 +i  0.000000)  ( -0.675957 +i  0.000000) 
   8    1  ( -0.707107 +i  0.000000)  ( -0.707107 +i  0.000103) 
        2  (  0.707107 +i  0.000000)  ( -0.707107 +i  0.000103) 
   9    1  (  0.584710 +i  0.000000)  (  0.811242 +i -0.000000) 
        2  ( -0.811242 +i  0.000000)  (  0.584710 +i -0.000000) 
============================================================================
 Eigenmodes of XX-Spin correlation fn: 
                        1                          2
   1    1  (  0.000000 +i  0.000000)  (  1.000000 +i  0.000000) 
        2  (  1.000000 +i  0.000000)  (  0.000000 +i  0.000000) 
   2    1  (  0.000000 +i  0.000000)  ( -1.000000 +i -0.000000) 
        2  (  1.000000 +i  0.000000)  (  0.000000 +i  0.000000) 
   3    1  (  1.000000 +i  0.000000)  (  0.000000 +i  0.000000) 
        2  (  0.000000 +i  0.000000)  ( -1.000000 +i  0.000000) 
   4    1  (  1.000000 +i  0.000000)  (  0.000000 +i  0.000000) 
        2  (  0.000000 +i  0.000000)  (  1.000000 +i  0.000000) 
   5    1  (  0.000000 +i  0.000000)  (  1.000000 +i  0.000000) 
        2  (  1.000000 +i  0.000000)  (  0.000000 +i  0.000000) 
   6    1  (  1.000000 +i  0.000000)  (  0.000000 +i  0.000000) 
        2  (  0.000000 +i  0.000000)  ( -1.000000 +i  0.000000) 
   7    1  (  1.000000 +i  0.000000)  (  0.000000 +i  0.000000) 
        2  (  0.000000 +i  0.000000)  ( -1.000000 +i  0.000000) 
   8    1  (  1.000000 +i  0.000000)  (  0.000000 +i  0.000000) 
        2  (  0.000000 +i  0.000000)  ( -1.000000 +i -0.000000) 
   9    1  (  1.000000 +i  0.000000)  (  0.000000 +i  0.000000) 
        2  (  0.000000 +i  0.000000)  (  1.000000 +i  0.000000) 
============================================================================
 Eigenmodes of ZZ-Spin correlation fn: 
                        1                          2
   1    1  (  0.000000 +i  0.000000)  (  1.000000 +i  0.000000) 
        2  (  1.000000 +i  0.000000)  (  0.000000 +i  0.000000) 
   2    1  (  0.000000 +i  0.000000)  (  1.000000 +i  0.000000) 
        2  (  1.000000 +i  0.000000)  (  0.000000 +i  0.000000) 
   3    1  (  1.000000 +i  0.000000)  (  0.000000 +i  0.000000) 
        2  (  0.000000 +i  0.000000)  (  1.000000 +i  0.000000) 
   4    1  (  1.000000 +i  0.000000)  (  0.000000 +i  0.000000) 
        2  (  0.000000 +i  0.000000)  (  1.000000 +i  0.000000) 
   5    1  (  0.000000 +i  0.000000)  (  1.000000 +i  0.000000) 
        2  (  1.000000 +i  0.000000)  (  0.000000 +i  0.000000) 
   6    1  (  1.000000 +i  0.000000)  (  0.000000 +i  0.000000) 
        2  (  0.000000 +i  0.000000)  (  1.000000 +i  0.000000) 
   7    1  (  1.000000 +i  0.000000)  (  0.000000 +i  0.000000) 
        2  (  0.000000 +i  0.000000)  (  1.000000 +i  0.000000) 
   8    1  (  1.000000 +i  0.000000)  (  0.000000 +i  0.000000) 
        2  (  0.000000 +i  0.000000)  (  1.000000 +i  0.000000) 
   9    1  (  1.000000 +i  0.000000)  (  0.000000 +i  0.000000) 
        2  (  0.000000 +i  0.000000)  (  1.000000 +i  0.000000) 
============================================================================
 Eigenmodes of Average Spin correlation fn: 
                        1                          2
   1    1  (  0.000000 +i  0.000000)  (  1.000000 +i  0.000000) 
        2  (  1.000000 +i  0.000000)  (  0.000000 +i  0.000000) 
   2    1  (  0.000000 +i  0.000000)  ( -1.000000 +i  0.000000) 
        2  (  1.000000 +i  0.000000)  (  0.000000 +i  0.000000) 
   3    1  (  1.000000 +i  0.000000)  (  0.000000 +i  0.000000) 
        2  (  0.000000 +i  0.000000)  (  1.000000 +i  0.000000) 
   4    1  (  1.000000 +i  0.000000)  (  0.000000 +i  0.000000) 
        2  (  0.000000 +i  0.000000)  ( -1.000000 +i  0.000000) 
   5    1  (  0.000000 +i  0.000000)  ( -1.000000 +i -0.000000) 
        2  (  1.000000 +i  0.000000)  (  0.000000 +i  0.000000) 
   6    1  (  1.000000 +i  0.000000)  (  0.000000 +i  0.000000) 
        2  (  0.000000 +i  0.000000)  ( -1.000000 +i -0.000000) 
   7    1  (  1.000000 +i  0.000000)  (  0.000000 +i  0.000000) 
        2  (  0.000000 +i  0.000000)  (  1.000000 +i  0.000000) 
   8    1  (  1.000000 +i  0.000000)  (  0.000000 +i  0.000000) 
        2  (  0.000000 +i  0.000000)  ( -1.000000 +i  0.000000) 
   9    1  (  1.000000 +i  0.000000)  (  0.000000 +i  0.000000) 
        2  (  0.000000 +i  0.000000)  ( -1.000000 +i  0.000000) 
============================================================================
 Eigenmodes of Pairing correlation fn: 
                        1                          2
   1    1  (  1.000000 +i  0.000000)  (  0.000000 +i  0.000000) 
        2  (  0.000000 +i  0.000000)  (  1.000000 +i  0.000000) 
   2    1  (  1.000000 +i  0.000000)  (  0.000000 +i  0.000000) 
        2  (  0.000000 +i  0.000000)  ( -1.000000 +i  0.000000) 
   3    1  (  1.000000 +i  0.000000)  (  0.000000 +i  0.000000) 
        2  (  0.000000 +i  0.000000)  ( -1.000000 +i  0.000000) 
   4    1  (  1.000000 +i  0.000000)  (  0.000000 +i  0.000000) 
        2  (  0.000000 +i  0.000000)  ( -1.000000 +i  0.000000) 
   5    1  (  1.000000 +i  0.000000)  (  0.000000 +i  0.000000) 
        2  (  0.000000 +i  0.000000)  ( -1.000000 +i -0.000000) 
   6    1  (  0.000000 +i  0.000000)  ( -1.000000 +i -0.000000) 
        2  (  1.000000 +i  0.000000)  (  0.000000 +i  0.000000) 
   7    1  (  1.000000 +i  0.000000)  (  0.000000 +i  0.000000) 
        2  (  0.000000 +i  0.000000)  ( -1.000000 +i  0.000000) 
   8    1  (  0.000000 +i  0.000000)  ( -1.000000 +i  0.000000) 
        2  (  1.000000 +i  0.000000)  (  0.000000 +i  0.000000) 
   9    1  (  0.000000 +i  0.000000)  ( -1.000000 +i  0.000000) 
        2  (  1.000000 +i  0.000000)  (  0.000000 +i  0.000000) 
============================================================================
