 General Geometry - Free Format                                                 
  
                          U :            0.000000    0.000000
                       t_up :        1.000000E+00
                       t_dn :        1.000000E+00
                      mu_up :            0.400000    0.400000
                      mu_dn :            0.400000    0.400000
             Time slice - L :           20
            Number of sites :           32
                       dtau :        1.000000E-01
                       beta :        2.000000E+00
     Number of warmup sweep :        50000
Number of measurement sweep :       100000
   Frequency of measurement :            1
                Random seed :      1234567
 Frequency of recomputing G :            8
Global move number of sites :            1
               Accept count :     49463987
               Reject count :     46464432
    Approximate accept rate :        5.156343E-01
                      gamma :        9.393386E-01
   Global move accept count :       150000
   Global move reject count :            0
    Global move accept rate :        1.000000E+00
           Type of matrix B : Dense MatB  
         Type of matrix HSF : discrete
 Sign of equal time measurements:
                                avg sign :   1.00000000E+00 +-  0.00000000E+00
                             avg up sign :   1.00000000E+00 +-  0.00000000E+00
                             avg dn sign :   1.00000000E+00 +-  0.00000000E+00
============================================================================
 Electronic properties:
                         spin up density :   5.79028426E-01 +-  0.00000000E+00
                       spin down density :   5.79028426E-01 +-  0.00000000E+00
                           total density :   1.15805685E+00 +-  0.00000000E+00
                        double occupancy :   3.35273918E-01 +-  0.00000000E+00
                kinetic (hopping) energy :  -1.45222334E+00 +-  0.00000000E+00
            potential (U*Nup*Ndn) energy :   0.00000000E+00 +-  0.00000000E+00
   PH-symm total energy (inc. chem potl) :  -1.91544608E+00 +-  0.00000000E+00
                             chi_thermal :   4.68417695E+01 +-  2.69632010E-13
                           specific heat :  -1.64008066E+02 +-  0.00000000E+00
                       (magnetization)^2 :   1.21877254E-01 +-  0.00000000E+00
               XX ferro structure factor :   1.83408149E-01 +-  0.00000000E+00
               ZZ ferro structure factor :   1.83408149E-01 +-  0.00000000E+00
============================================================================
 Mean Equal time Green's function:
    0    0    0.0000    0.0000    0.0000   016   4.20971574E-01 +-  0.00000000E+00
    0    1    0.0000    0.0000    1.0000   032  -3.43466387E-16 +-  0.00000000E+00
    0    0    1.0000    0.0000    0.0000   032  -1.81527917E-01 +-  0.00000000E+00
    0    1    1.0000    0.0000    1.0000   064   6.43030346E-17 +-  0.00000000E+00
    0    0    2.0000    0.0000    0.0000   016   2.37096027E-02 +-  0.00000000E+00
    0    1    2.0000    0.0000    1.0000   032   4.11675215E-16 +-  0.00000000E+00
    0    0    0.0000    1.0000    0.0000   032  -1.81527917E-01 +-  0.00000000E+00
    0    1    0.0000    1.0000    1.0000   064  -4.17320272E-17 +-  0.00000000E+00
    0    0    1.0000    1.0000    0.0000   064   2.37096027E-02 +-  0.00000000E+00
    0    1    1.0000    1.0000    1.0000   128  -2.85406591E-17 +-  0.00000000E+00
    0    0    2.0000    1.0000    0.0000   032   5.66400095E-02 +-  0.00000000E+00
    0    1    2.0000    1.0000    1.0000   064  -9.57270694E-17 +-  0.00000000E+00
    0    0    0.0000    2.0000    0.0000   016   2.37096027E-02 +-  0.00000000E+00
    0    1    0.0000    2.0000    1.0000   032   3.52189446E-16 +-  0.00000000E+00
    0    0    1.0000    2.0000    0.0000   032   5.66400095E-02 +-  0.00000000E+00
    0    1    1.0000    2.0000    1.0000   064   7.34551092E-17 +-  0.00000000E+00
    0    0    2.0000    2.0000    0.0000   016  -6.35268499E-02 +-  0.00000000E+00
    0    1    2.0000    2.0000    1.0000   032  -3.06609856E-16 +-  0.00000000E+00
    1    1    0.0000    0.0000    0.0000   016   4.20971574E-01 +-  0.00000000E+00
    1    1    1.0000    0.0000    0.0000   032  -1.81527917E-01 +-  0.00000000E+00
    1    1    2.0000    0.0000    0.0000   016   2.37096027E-02 +-  0.00000000E+00
    1    1    0.0000    1.0000    0.0000   032  -1.81527917E-01 +-  0.00000000E+00
    1    1    1.0000    1.0000    0.0000   064   2.37096027E-02 +-  0.00000000E+00
    1    1    2.0000    1.0000    0.0000   032   5.66400095E-02 +-  0.00000000E+00
    1    1    0.0000    2.0000    0.0000   016   2.37096027E-02 +-  0.00000000E+00
    1    1    1.0000    2.0000    0.0000   032   5.66400095E-02 +-  0.00000000E+00
    1    1    2.0000    2.0000    0.0000   016  -6.35268499E-02 +-  0.00000000E+00
============================================================================
 Up Equal time Green's function:
    0    0    0.0000    0.0000    0.0000   016   4.20971574E-01 +-  0.00000000E+00
    0    1    0.0000    0.0000    1.0000   032  -3.43466387E-16 +-  0.00000000E+00
    0    0    1.0000    0.0000    0.0000   032  -1.81527917E-01 +-  0.00000000E+00
    0    1    1.0000    0.0000    1.0000   064   6.43030346E-17 +-  0.00000000E+00
    0    0    2.0000    0.0000    0.0000   016   2.37096027E-02 +-  0.00000000E+00
    0    1    2.0000    0.0000    1.0000   032   4.11675215E-16 +-  0.00000000E+00
    0    0    0.0000    1.0000    0.0000   032  -1.81527917E-01 +-  0.00000000E+00
    0    1    0.0000    1.0000    1.0000   064  -4.17320272E-17 +-  0.00000000E+00
    0    0    1.0000    1.0000    0.0000   064   2.37096027E-02 +-  0.00000000E+00
    0    1    1.0000    1.0000    1.0000   128  -2.85406591E-17 +-  0.00000000E+00
    0    0    2.0000    1.0000    0.0000   032   5.66400095E-02 +-  0.00000000E+00
    0    1    2.0000    1.0000    1.0000   064  -9.57270694E-17 +-  0.00000000E+00
    0    0    0.0000    2.0000    0.0000   016   2.37096027E-02 +-  0.00000000E+00
    0    1    0.0000    2.0000    1.0000   032   3.52189446E-16 +-  0.00000000E+00
    0    0    1.0000    2.0000    0.0000   032   5.66400095E-02 +-  0.00000000E+00
    0    1    1.0000    2.0000    1.0000   064   7.34551092E-17 +-  0.00000000E+00
    0    0    2.0000    2.0000    0.0000   016  -6.35268499E-02 +-  0.00000000E+00
    0    1    2.0000    2.0000    1.0000   032  -3.06609856E-16 +-  0.00000000E+00
    1    1    0.0000    0.0000    0.0000   016   4.20971574E-01 +-  0.00000000E+00
    1    1    1.0000    0.0000    0.0000   032  -1.81527917E-01 +-  0.00000000E+00
    1    1    2.0000    0.0000    0.0000   016   2.37096027E-02 +-  0.00000000E+00
    1    1    0.0000    1.0000    0.0000   032  -1.81527917E-01 +-  0.00000000E+00
    1    1    1.0000    1.0000    0.0000   064   2.37096027E-02 +-  0.00000000E+00
    1    1    2.0000    1.0000    0.0000   032   5.66400095E-02 +-  0.00000000E+00
    1    1    0.0000    2.0000    0.0000   016   2.37096027E-02 +-  0.00000000E+00
    1    1    1.0000    2.0000    0.0000   032   5.66400095E-02 +-  0.00000000E+00
    1    1    2.0000    2.0000    0.0000   016  -6.35268499E-02 +-  0.00000000E+00
============================================================================
 Down Equal time Green's function:
    0    0    0.0000    0.0000    0.0000   016   4.20971574E-01 +-  0.00000000E+00
    0    1    0.0000    0.0000    1.0000   032  -3.43466387E-16 +-  0.00000000E+00
    0    0    1.0000    0.0000    0.0000   032  -1.81527917E-01 +-  0.00000000E+00
    0    1    1.0000    0.0000    1.0000   064   6.43030346E-17 +-  0.00000000E+00
    0    0    2.0000    0.0000    0.0000   016   2.37096027E-02 +-  0.00000000E+00
    0    1    2.0000    0.0000    1.0000   032   4.11675215E-16 +-  0.00000000E+00
    0    0    0.0000    1.0000    0.0000   032  -1.81527917E-01 +-  0.00000000E+00
    0    1    0.0000    1.0000    1.0000   064  -4.17320272E-17 +-  0.00000000E+00
    0    0    1.0000    1.0000    0.0000   064   2.37096027E-02 +-  0.00000000E+00
    0    1    1.0000    1.0000    1.0000   128  -2.85406591E-17 +-  0.00000000E+00
    0    0    2.0000    1.0000    0.0000   032   5.66400095E-02 +-  0.00000000E+00
    0    1    2.0000    1.0000    1.0000   064  -9.57270694E-17 +-  0.00000000E+00
    0    0    0.0000    2.0000    0.0000   016   2.37096027E-02 +-  0.00000000E+00
    0    1    0.0000    2.0000    1.0000   032   3.52189446E-16 +-  0.00000000E+00
    0    0    1.0000    2.0000    0.0000   032   5.66400095E-02 +-  0.00000000E+00
    0    1    1.0000    2.0000    1.0000   064   7.34551092E-17 +-  0.00000000E+00
    0    0    2.0000    2.0000    0.0000   016  -6.35268499E-02 +-  0.00000000E+00
    0    1    2.0000    2.0000    1.0000   032  -3.06609856E-16 +-  0.00000000E+00
    1    1    0.0000    0.0000    0.0000   016   4.20971574E-01 +-  0.00000000E+00
    1    1    1.0000    0.0000    0.0000   032  -1.81527917E-01 +-  0.00000000E+00
    1    1    2.0000    0.0000    0.0000   016   2.37096027E-02 +-  0.00000000E+00
    1    1    0.0000    1.0000    0.0000   032  -1.81527917E-01 +-  0.00000000E+00
    1    1    1.0000    1.0000    0.0000   064   2.37096027E-02 +-  0.00000000E+00
    1    1    2.0000    1.0000    0.0000   032   5.66400095E-02 +-  0.00000000E+00
    1    1    0.0000    2.0000    0.0000   016   2.37096027E-02 +-  0.00000000E+00
    1    1    1.0000    2.0000    0.0000   032   5.66400095E-02 +-  0.00000000E+00
    1    1    2.0000    2.0000    0.0000   016  -6.35268499E-02 +-  0.00000000E+00
============================================================================
 Density-density correlation fn: (up-up)
    0    0    0.0000    0.0000    0.0000   016   5.79028426E-01 +-  0.00000000E+00
    0    1    0.0000    0.0000    1.0000   032   3.35273918E-01 +-  0.00000000E+00
    0    0    1.0000    0.0000    0.0000   032   3.02321533E-01 +-  0.00000000E+00
    0    1    1.0000    0.0000    1.0000   064   3.35273918E-01 +-  0.00000000E+00
    0    0    2.0000    0.0000    0.0000   016   3.34711773E-01 +-  0.00000000E+00
    0    1    2.0000    0.0000    1.0000   032   3.35273918E-01 +-  0.00000000E+00
    0    0    0.0000    1.0000    0.0000   032   3.02321533E-01 +-  0.00000000E+00
    0    1    0.0000    1.0000    1.0000   064   3.35273918E-01 +-  0.00000000E+00
    0    0    1.0000    1.0000    0.0000   064   3.34711773E-01 +-  0.00000000E+00
    0    1    1.0000    1.0000    1.0000   128   3.35273918E-01 +-  0.00000000E+00
    0    0    2.0000    1.0000    0.0000   032   3.32065827E-01 +-  0.00000000E+00
    0    1    2.0000    1.0000    1.0000   064   3.35273918E-01 +-  0.00000000E+00
    0    0    0.0000    2.0000    0.0000   016   3.34711773E-01 +-  0.00000000E+00
    0    1    0.0000    2.0000    1.0000   032   3.35273918E-01 +-  0.00000000E+00
    0    0    1.0000    2.0000    0.0000   032   3.32065827E-01 +-  0.00000000E+00
    0    1    1.0000    2.0000    1.0000   064   3.35273918E-01 +-  0.00000000E+00
    0    0    2.0000    2.0000    0.0000   016   3.31238257E-01 +-  0.00000000E+00
    0    1    2.0000    2.0000    1.0000   032   3.35273918E-01 +-  0.00000000E+00
    1    1    0.0000    0.0000    0.0000   016   5.79028426E-01 +-  0.00000000E+00
    1    1    1.0000    0.0000    0.0000   032   3.02321533E-01 +-  0.00000000E+00
    1    1    2.0000    0.0000    0.0000   016   3.34711773E-01 +-  0.00000000E+00
    1    1    0.0000    1.0000    0.0000   032   3.02321533E-01 +-  0.00000000E+00
    1    1    1.0000    1.0000    0.0000   064   3.34711773E-01 +-  0.00000000E+00
    1    1    2.0000    1.0000    0.0000   032   3.32065827E-01 +-  0.00000000E+00
    1    1    0.0000    2.0000    0.0000   016   3.34711773E-01 +-  0.00000000E+00
    1    1    1.0000    2.0000    0.0000   032   3.32065827E-01 +-  0.00000000E+00
    1    1    2.0000    2.0000    0.0000   016   3.31238257E-01 +-  0.00000000E+00
============================================================================
 Density-density correlation fn: (up-dn)
    0    0    0.0000    0.0000    0.0000   016   3.35273918E-01 +-  0.00000000E+00
    0    1    0.0000    0.0000    1.0000   032   3.35273918E-01 +-  0.00000000E+00
    0    0    1.0000    0.0000    0.0000   032   3.35273918E-01 +-  0.00000000E+00
    0    1    1.0000    0.0000    1.0000   064   3.35273918E-01 +-  0.00000000E+00
    0    0    2.0000    0.0000    0.0000   016   3.35273918E-01 +-  0.00000000E+00
    0    1    2.0000    0.0000    1.0000   032   3.35273918E-01 +-  0.00000000E+00
    0    0    0.0000    1.0000    0.0000   032   3.35273918E-01 +-  0.00000000E+00
    0    1    0.0000    1.0000    1.0000   064   3.35273918E-01 +-  0.00000000E+00
    0    0    1.0000    1.0000    0.0000   064   3.35273918E-01 +-  0.00000000E+00
    0    1    1.0000    1.0000    1.0000   128   3.35273918E-01 +-  0.00000000E+00
    0    0    2.0000    1.0000    0.0000   032   3.35273918E-01 +-  0.00000000E+00
    0    1    2.0000    1.0000    1.0000   064   3.35273918E-01 +-  0.00000000E+00
    0    0    0.0000    2.0000    0.0000   016   3.35273918E-01 +-  0.00000000E+00
    0    1    0.0000    2.0000    1.0000   032   3.35273918E-01 +-  0.00000000E+00
    0    0    1.0000    2.0000    0.0000   032   3.35273918E-01 +-  0.00000000E+00
    0    1    1.0000    2.0000    1.0000   064   3.35273918E-01 +-  0.00000000E+00
    0    0    2.0000    2.0000    0.0000   016   3.35273918E-01 +-  0.00000000E+00
    0    1    2.0000    2.0000    1.0000   032   3.35273918E-01 +-  0.00000000E+00
    1    1    0.0000    0.0000    0.0000   016   3.35273918E-01 +-  0.00000000E+00
    1    1    1.0000    0.0000    0.0000   032   3.35273918E-01 +-  0.00000000E+00
    1    1    2.0000    0.0000    0.0000   016   3.35273918E-01 +-  0.00000000E+00
    1    1    0.0000    1.0000    0.0000   032   3.35273918E-01 +-  0.00000000E+00
    1    1    1.0000    1.0000    0.0000   064   3.35273918E-01 +-  0.00000000E+00
    1    1    2.0000    1.0000    0.0000   032   3.35273918E-01 +-  0.00000000E+00
    1    1    0.0000    2.0000    0.0000   016   3.35273918E-01 +-  0.00000000E+00
    1    1    1.0000    2.0000    0.0000   032   3.35273918E-01 +-  0.00000000E+00
    1    1    2.0000    2.0000    0.0000   016   3.35273918E-01 +-  0.00000000E+00
============================================================================
 XX Spin correlation function:
    0    0    0.0000    0.0000    0.0000   016   4.87509016E-01 +-  0.00000000E+00
    0    1    0.0000    0.0000    1.0000   032  -7.27999503E-31 +-  0.00000000E+00
    0    0    1.0000    0.0000    0.0000   032  -6.59047693E-02 +-  0.00000000E+00
    0    1    1.0000    0.0000    1.0000   064  -1.91410497E-31 +-  0.00000000E+00
    0    0    2.0000    0.0000    0.0000   016  -1.12429052E-03 +-  0.00000000E+00
    0    1    2.0000    0.0000    1.0000   032  -9.10914262E-31 +-  0.00000000E+00
    0    0    0.0000    1.0000    0.0000   032  -6.59047693E-02 +-  0.00000000E+00
    0    1    0.0000    1.0000    1.0000   064  -4.53842344E-31 +-  0.00000000E+00
    0    0    1.0000    1.0000    0.0000   064  -1.12429052E-03 +-  0.00000000E+00
    0    1    1.0000    1.0000    1.0000   128  -8.11086345E-31 +-  0.00000000E+00
    0    0    2.0000    1.0000    0.0000   032  -6.41618134E-03 +-  0.00000000E+00
    0    1    2.0000    1.0000    1.0000   064  -4.81450180E-31 +-  0.00000000E+00
    0    0    0.0000    2.0000    0.0000   016  -1.12429052E-03 +-  0.00000000E+00
    0    1    0.0000    2.0000    1.0000   032  -7.48647334E-31 +-  0.00000000E+00
    0    0    1.0000    2.0000    0.0000   032  -6.41618134E-03 +-  0.00000000E+00
    0    1    1.0000    2.0000    1.0000   064  -2.33187044E-31 +-  0.00000000E+00
    0    0    2.0000    2.0000    0.0000   016  -8.07132132E-03 +-  0.00000000E+00
    0    1    2.0000    2.0000    1.0000   032  -7.76175539E-31 +-  0.00000000E+00
    1    1    0.0000    0.0000    0.0000   016   4.87509016E-01 +-  0.00000000E+00
    1    1    1.0000    0.0000    0.0000   032  -6.59047693E-02 +-  0.00000000E+00
    1    1    2.0000    0.0000    0.0000   016  -1.12429052E-03 +-  0.00000000E+00
    1    1    0.0000    1.0000    0.0000   032  -6.59047693E-02 +-  0.00000000E+00
    1    1    1.0000    1.0000    0.0000   064  -1.12429052E-03 +-  0.00000000E+00
    1    1    2.0000    1.0000    0.0000   032  -6.41618134E-03 +-  0.00000000E+00
    1    1    0.0000    2.0000    0.0000   016  -1.12429052E-03 +-  0.00000000E+00
    1    1    1.0000    2.0000    0.0000   032  -6.41618134E-03 +-  0.00000000E+00
    1    1    2.0000    2.0000    0.0000   016  -8.07132132E-03 +-  0.00000000E+00
============================================================================
 ZZ Spin correlation function:
    0    0    0.0000    0.0000    0.0000   016   4.87509016E-01 +-  0.00000000E+00
    0    1    0.0000    0.0000    1.0000   032   0.00000000E+00 +-  0.00000000E+00
    0    0    1.0000    0.0000    0.0000   032  -6.59047693E-02 +-  0.00000000E+00
    0    1    1.0000    0.0000    1.0000   064   0.00000000E+00 +-  0.00000000E+00
    0    0    2.0000    0.0000    0.0000   016  -1.12429052E-03 +-  0.00000000E+00
    0    1    2.0000    0.0000    1.0000   032   0.00000000E+00 +-  0.00000000E+00
    0    0    0.0000    1.0000    0.0000   032  -6.59047693E-02 +-  0.00000000E+00
    0    1    0.0000    1.0000    1.0000   064   0.00000000E+00 +-  0.00000000E+00
    0    0    1.0000    1.0000    0.0000   064  -1.12429052E-03 +-  0.00000000E+00
    0    1    1.0000    1.0000    1.0000   128   0.00000000E+00 +-  0.00000000E+00
    0    0    2.0000    1.0000    0.0000   032  -6.41618134E-03 +-  0.00000000E+00
    0    1    2.0000    1.0000    1.0000   064   0.00000000E+00 +-  0.00000000E+00
    0    0    0.0000    2.0000    0.0000   016  -1.12429052E-03 +-  0.00000000E+00
    0    1    0.0000    2.0000    1.0000   032   0.00000000E+00 +-  0.00000000E+00
    0    0    1.0000    2.0000    0.0000   032  -6.41618134E-03 +-  0.00000000E+00
    0    1    1.0000    2.0000    1.0000   064   0.00000000E+00 +-  0.00000000E+00
    0    0    2.0000    2.0000    0.0000   016  -8.07132132E-03 +-  0.00000000E+00
    0    1    2.0000    2.0000    1.0000   032   0.00000000E+00 +-  0.00000000E+00
    1    1    0.0000    0.0000    0.0000   016   4.87509016E-01 +-  0.00000000E+00
    1    1    1.0000    0.0000    0.0000   032  -6.59047693E-02 +-  0.00000000E+00
    1    1    2.0000    0.0000    0.0000   016  -1.12429052E-03 +-  0.00000000E+00
    1    1    0.0000    1.0000    0.0000   032  -6.59047693E-02 +-  0.00000000E+00
    1    1    1.0000    1.0000    0.0000   064  -1.12429052E-03 +-  0.00000000E+00
    1    1    2.0000    1.0000    0.0000   032  -6.41618134E-03 +-  0.00000000E+00
    1    1    0.0000    2.0000    0.0000   016  -1.12429052E-03 +-  0.00000000E+00
    1    1    1.0000    2.0000    0.0000   032  -6.41618134E-03 +-  0.00000000E+00
    1    1    2.0000    2.0000    0.0000   016  -8.07132132E-03 +-  0.00000000E+00
============================================================================
 Average Spin correlation function:
    0    0    0.0000    0.0000    0.0000   016   4.87509016E-01 +-  0.00000000E+00
    0    1    0.0000    0.0000    1.0000   032  -4.85333002E-31 +-  0.00000000E+00
    0    0    1.0000    0.0000    0.0000   032  -6.59047693E-02 +-  0.00000000E+00
    0    1    1.0000    0.0000    1.0000   064  -1.27606998E-31 +-  0.00000000E+00
    0    0    2.0000    0.0000    0.0000   016  -1.12429052E-03 +-  0.00000000E+00
    0    1    2.0000    0.0000    1.0000   032  -6.07276175E-31 +-  0.00000000E+00
    0    0    0.0000    1.0000    0.0000   032  -6.59047693E-02 +-  0.00000000E+00
    0    1    0.0000    1.0000    1.0000   064  -3.02561563E-31 +-  0.00000000E+00
    0    0    1.0000    1.0000    0.0000   064  -1.12429052E-03 +-  0.00000000E+00
    0    1    1.0000    1.0000    1.0000   128  -5.40724230E-31 +-  0.00000000E+00
    0    0    2.0000    1.0000    0.0000   032  -6.41618134E-03 +-  0.00000000E+00
    0    1    2.0000    1.0000    1.0000   064  -3.20966787E-31 +-  0.00000000E+00
    0    0    0.0000    2.0000    0.0000   016  -1.12429052E-03 +-  0.00000000E+00
    0    1    0.0000    2.0000    1.0000   032  -4.99098223E-31 +-  0.00000000E+00
    0    0    1.0000    2.0000    0.0000   032  -6.41618134E-03 +-  0.00000000E+00
    0    1    1.0000    2.0000    1.0000   064  -1.55458030E-31 +-  0.00000000E+00
    0    0    2.0000    2.0000    0.0000   016  -8.07132132E-03 +-  0.00000000E+00
    0    1    2.0000    2.0000    1.0000   032  -5.17450360E-31 +-  0.00000000E+00
    1    1    0.0000    0.0000    0.0000   016   4.87509016E-01 +-  0.00000000E+00
    1    1    1.0000    0.0000    0.0000   032  -6.59047693E-02 +-  0.00000000E+00
    1    1    2.0000    0.0000    0.0000   016  -1.12429052E-03 +-  0.00000000E+00
    1    1    0.0000    1.0000    0.0000   032  -6.59047693E-02 +-  0.00000000E+00
    1    1    1.0000    1.0000    0.0000   064  -1.12429052E-03 +-  0.00000000E+00
    1    1    2.0000    1.0000    0.0000   032  -6.41618134E-03 +-  0.00000000E+00
    1    1    0.0000    2.0000    0.0000   016  -1.12429052E-03 +-  0.00000000E+00
    1    1    1.0000    2.0000    0.0000   032  -6.41618134E-03 +-  0.00000000E+00
    1    1    2.0000    2.0000    0.0000   016  -8.07132132E-03 +-  0.00000000E+00
============================================================================
 S-wave pairing correlation function:
    0    0    0.0000    0.0000    0.0000   016   8.86085332E-02 +-  0.00000000E+00
    0    1    0.0000    0.0000    1.0000   032   1.84701596E-31 +-  0.00000000E+00
    0    0    1.0000    0.0000    0.0000   032   1.64761923E-02 +-  0.00000000E+00
    0    1    1.0000    0.0000    1.0000   064   4.90261357E-32 +-  0.00000000E+00
    0    0    2.0000    0.0000    0.0000   016   2.81072631E-04 +-  0.00000000E+00
    0    1    2.0000    0.0000    1.0000   032   2.29450272E-31 +-  0.00000000E+00
    0    0    0.0000    1.0000    0.0000   032   1.64761923E-02 +-  0.00000000E+00
    0    1    0.0000    1.0000    1.0000   064   1.15162800E-31 +-  0.00000000E+00
    0    0    1.0000    1.0000    0.0000   064   2.81072631E-04 +-  0.00000000E+00
    0    1    1.0000    1.0000    1.0000   128   2.03902646E-31 +-  0.00000000E+00
    0    0    2.0000    1.0000    0.0000   032   1.60404534E-03 +-  0.00000000E+00
    0    1    2.0000    1.0000    1.0000   064   1.21490426E-31 +-  0.00000000E+00
    0    0    0.0000    2.0000    0.0000   016   2.81072631E-04 +-  0.00000000E+00
    0    1    0.0000    2.0000    1.0000   032   1.87991695E-31 +-  0.00000000E+00
    0    0    1.0000    2.0000    0.0000   032   1.60404534E-03 +-  0.00000000E+00
    0    1    1.0000    2.0000    1.0000   064   5.93868808E-32 +-  0.00000000E+00
    0    0    2.0000    2.0000    0.0000   016   2.01783033E-03 +-  0.00000000E+00
    0    1    2.0000    2.0000    1.0000   032   1.94843087E-31 +-  0.00000000E+00
    1    1    0.0000    0.0000    0.0000   016   8.86085332E-02 +-  0.00000000E+00
    1    1    1.0000    0.0000    0.0000   032   1.64761923E-02 +-  0.00000000E+00
    1    1    2.0000    0.0000    0.0000   016   2.81072631E-04 +-  0.00000000E+00
    1    1    0.0000    1.0000    0.0000   032   1.64761923E-02 +-  0.00000000E+00
    1    1    1.0000    1.0000    0.0000   064   2.81072631E-04 +-  0.00000000E+00
    1    1    2.0000    1.0000    0.0000   032   1.60404534E-03 +-  0.00000000E+00
    1    1    0.0000    2.0000    0.0000   016   2.81072631E-04 +-  0.00000000E+00
    1    1    1.0000    2.0000    0.0000   032   1.60404534E-03 +-  0.00000000E+00
    1    1    2.0000    2.0000    0.0000   016   2.01783033E-03 +-  0.00000000E+00
============================================================================
 Grid for Green's function
  K-points
  Class
    1         0.00000   0.00000
 
    2         0.00000  -1.57080
              0.00000   1.57080
 
    3        -1.57080   0.00000
              1.57080   0.00000
 
    4        -1.57080  -1.57080
              1.57080  -1.57080
             -1.57080   1.57080
              1.57080   1.57080
 
    5         0.00000  -3.14159
 
    6        -3.14159   0.00000
 
    7        -1.57080  -3.14159
              1.57080  -3.14159
 
    8        -3.14159  -1.57080
             -3.14159   1.57080
 
    9        -3.14159  -3.14159
 
============================================================================
 Grid for spin/charge correlations
  K-points
  Class
    1         0.00000   0.00000
 
    2         0.00000  -1.57080
              0.00000   1.57080
 
    3        -1.57080   0.00000
              1.57080   0.00000
 
    4        -1.57080  -1.57080
              1.57080  -1.57080
             -1.57080   1.57080
              1.57080   1.57080
 
    5         0.00000  -3.14159
 
    6        -3.14159   0.00000
 
    7        -1.57080  -3.14159
              1.57080  -3.14159
 
    8        -3.14159  -1.57080
             -3.14159   1.57080
 
    9        -3.14159  -3.14159
 
============================================================================
 FT of Ave Equal t Green's function:
    1    0    0                 1.50710358E-04 +-  1.45716772E-16
         1    0                 2.23876390E-19 +-  1.10933565E-31
         1    1                 1.50710358E-04 +-  1.87350135E-16
    2    0    0                 8.16257115E-03 +-  1.87350135E-16
         1    0                 4.32508918E-18 +-  0.00000000E+00
         1    1                 8.16257115E-03 +-  9.36750677E-17
    3    0    0                 8.16257115E-03 +-  0.00000000E+00
         1    0                 1.16477849E-17 +-  3.69778549E-32
         1    1                 8.16257115E-03 +-  0.00000000E+00
    4    0    0                 3.10025519E-01 +-  0.00000000E+00
         1    0                -1.41394090E-15 +-  0.00000000E+00
         1    1                 3.10025519E-01 +-  0.00000000E+00
    5    0    0                 3.10025519E-01 +-  3.33066907E-16
         1    0                 7.78385536E-16 +-  0.00000000E+00
         1    1                 3.10025519E-01 +-  1.66533454E-16
    6    0    0                 3.10025519E-01 +-  0.00000000E+00
         1    0                -3.22483426E-16 +-  0.00000000E+00
         1    1                 3.10025519E-01 +-  3.33066907E-16
    7    0    0                 9.60834277E-01 +-  0.00000000E+00
         1    0                -2.04332384E-16 +-  0.00000000E+00
         1    1                 9.60834277E-01 +-  0.00000000E+00
    8    0    0                 9.60834277E-01 +-  0.00000000E+00
         1    0                 4.09333875E-17 +-  0.00000000E+00
         1    1                 9.60834277E-01 +-  0.00000000E+00
    9    0    0                 9.99253971E-01 +-  0.00000000E+00
         1    0                -9.72312549E-19 +-  1.38666956E-31
         1    1                 9.99253971E-01 +-  0.00000000E+00
============================================================================
 FT of Up Equal t Green's function:
    1    0    0                 1.50710358E-04 +-  1.45716772E-16
         1    0                 2.23876390E-19 +-  1.10933565E-31
         1    1                 1.50710358E-04 +-  1.87350135E-16
    2    0    0                 8.16257115E-03 +-  1.87350135E-16
         1    0                 4.32508918E-18 +-  0.00000000E+00
         1    1                 8.16257115E-03 +-  9.36750677E-17
    3    0    0                 8.16257115E-03 +-  0.00000000E+00
         1    0                 1.16477849E-17 +-  3.69778549E-32
         1    1                 8.16257115E-03 +-  0.00000000E+00
    4    0    0                 3.10025519E-01 +-  0.00000000E+00
         1    0                -1.41394090E-15 +-  0.00000000E+00
         1    1                 3.10025519E-01 +-  0.00000000E+00
    5    0    0                 3.10025519E-01 +-  3.33066907E-16
         1    0                 7.78385536E-16 +-  0.00000000E+00
         1    1                 3.10025519E-01 +-  1.66533454E-16
    6    0    0                 3.10025519E-01 +-  0.00000000E+00
         1    0                -3.22483426E-16 +-  0.00000000E+00
         1    1                 3.10025519E-01 +-  3.33066907E-16
    7    0    0                 9.60834277E-01 +-  0.00000000E+00
         1    0                -2.04332384E-16 +-  0.00000000E+00
         1    1                 9.60834277E-01 +-  0.00000000E+00
    8    0    0                 9.60834277E-01 +-  0.00000000E+00
         1    0                 4.09333875E-17 +-  0.00000000E+00
         1    1                 9.60834277E-01 +-  0.00000000E+00
    9    0    0                 9.99253971E-01 +-  0.00000000E+00
         1    0                -9.72312549E-19 +-  1.38666956E-31
         1    1                 9.99253971E-01 +-  0.00000000E+00
============================================================================
 FT of Dn Equal t Green's function:
    1    0    0                 1.50710358E-04 +-  1.45716772E-16
         1    0                 2.23876390E-19 +-  1.10933565E-31
         1    1                 1.50710358E-04 +-  1.87350135E-16
    2    0    0                 8.16257115E-03 +-  1.87350135E-16
         1    0                 4.32508918E-18 +-  0.00000000E+00
         1    1                 8.16257115E-03 +-  9.36750677E-17
    3    0    0                 8.16257115E-03 +-  0.00000000E+00
         1    0                 1.16477849E-17 +-  3.69778549E-32
         1    1                 8.16257115E-03 +-  0.00000000E+00
    4    0    0                 3.10025519E-01 +-  0.00000000E+00
         1    0                -1.41394090E-15 +-  0.00000000E+00
         1    1                 3.10025519E-01 +-  0.00000000E+00
    5    0    0                 3.10025519E-01 +-  3.33066907E-16
         1    0                 7.78385536E-16 +-  0.00000000E+00
         1    1                 3.10025519E-01 +-  1.66533454E-16
    6    0    0                 3.10025519E-01 +-  0.00000000E+00
         1    0                -3.22483426E-16 +-  0.00000000E+00
         1    1                 3.10025519E-01 +-  3.33066907E-16
    7    0    0                 9.60834277E-01 +-  0.00000000E+00
         1    0                -2.04332384E-16 +-  0.00000000E+00
         1    1                 9.60834277E-01 +-  0.00000000E+00
    8    0    0                 9.60834277E-01 +-  0.00000000E+00
         1    0                 4.09333875E-17 +-  0.00000000E+00
         1    1                 9.60834277E-01 +-  0.00000000E+00
    9    0    0                 9.99253971E-01 +-  0.00000000E+00
         1    0                -9.72312549E-19 +-  1.38666956E-31
         1    1                 9.99253971E-01 +-  0.00000000E+00
============================================================================
 FT of Density-density correlation fn: (up-up)
    1    0    0                 5.45608676E+00 +-  0.00000000E+00
         1    0                 5.36438269E+00 +-  0.00000000E+00
         1    1                 5.45608676E+00 +-  0.00000000E+00
    2    0    0                 1.88301581E-01 +-  4.16333634E-16
         1    0                -2.42861287E-16 +-  2.08166817E-16
         1    1                 1.88301581E-01 +-  5.82867088E-16
    3    0    0                 1.88301581E-01 +-  1.66533454E-16
         1    0                 2.22044605E-16 +-  4.99600361E-16
         1    1                 1.88301581E-01 +-  8.32667268E-17
    4    0    0                 2.40843138E-01 +-  1.66533454E-16
         1    0                 6.24500451E-17 +-  1.66533454E-16
         1    1                 2.40843138E-01 +-  0.00000000E+00
    5    0    0                 2.40843138E-01 +-  8.32667268E-17
         1    0                 1.73472348E-16 +-  1.24900090E-16
         1    1                 2.40843138E-01 +-  2.49800181E-16
    6    0    0                 2.40843138E-01 +-  0.00000000E+00
         1    0                -3.33066907E-16 +-  4.99600361E-16
         1    1                 2.40843138E-01 +-  2.49800181E-16
    7    0    0                 3.07278757E-01 +-  6.66133815E-16
         1    0                -1.59594560E-16 +-  1.66533454E-16
         1    1                 3.07278757E-01 +-  0.00000000E+00
    8    0    0                 3.07278757E-01 +-  1.66533454E-16
         1    0                -1.11022302E-16 +-  1.66533454E-16
         1    1                 3.07278757E-01 +-  0.00000000E+00
    9    0    0                 3.80987877E-01 +-  1.66533454E-16
         1    0                 1.11022302E-16 +-  1.66533454E-16
         1    1                 3.80987877E-01 +-  1.66533454E-16
============================================================================
 FT of Density-density correlation fn: (up-dn)
    1    0    0                 5.36438269E+00 +-  0.00000000E+00
         1    0                 5.36438269E+00 +-  0.00000000E+00
         1    1                 5.36438269E+00 +-  0.00000000E+00
    2    0    0                -9.02056208E-17 +-  0.00000000E+00
         1    0                -1.04083409E-16 +-  2.08166817E-17
         1    1                -1.04083409E-16 +-  0.00000000E+00
    3    0    0                -1.11022302E-16 +-  0.00000000E+00
         1    0                 1.11022302E-16 +-  3.33066907E-16
         1    1                -1.11022302E-16 +-  0.00000000E+00
    4    0    0                -4.85722573E-17 +-  0.00000000E+00
         1    0                -4.85722573E-17 +-  0.00000000E+00
         1    1                -4.85722573E-17 +-  0.00000000E+00
    5    0    0                -8.95117314E-16 +-  0.00000000E+00
         1    0                -8.81239526E-16 +-  8.53483950E-16
         1    1                 6.93889390E-18 +-  0.00000000E+00
    6    0    0                -8.88178420E-16 +-  0.00000000E+00
         1    0                -2.22044605E-16 +-  3.33066907E-16
         1    1                 0.00000000E+00 +-  0.00000000E+00
    7    0    0                -4.85722573E-17 +-  0.00000000E+00
         1    0                -2.70616862E-16 +-  3.33066907E-16
         1    1                -4.85722573E-17 +-  0.00000000E+00
    8    0    0                 0.00000000E+00 +-  0.00000000E+00
         1    0                 0.00000000E+00 +-  0.00000000E+00
         1    1                 0.00000000E+00 +-  0.00000000E+00
    9    0    0                 8.88178420E-16 +-  0.00000000E+00
         1    0                 2.22044605E-16 +-  3.33066907E-16
         1    1                 0.00000000E+00 +-  0.00000000E+00
============================================================================
 FT of XX spin correlation fn:
    1    0    0                 1.83408149E-01 +-  0.00000000E+00
         1    0                -9.12786215E-30 +-  4.20389539E-45
         1    1                 1.83408149E-01 +-  0.00000000E+00
    2    0    0                 3.76603161E-01 +-  0.00000000E+00
         1    0                -3.05377980E-32 +-  1.31371731E-46
         1    1                 3.76603161E-01 +-  0.00000000E+00
    3    0    0                 3.76603161E-01 +-  0.00000000E+00
         1    0                 2.65658636E-31 +-  2.62743462E-46
         1    1                 3.76603161E-01 +-  0.00000000E+00
    4    0    0                 4.81686276E-01 +-  0.00000000E+00
         1    0                 1.55386554E-31 +-  5.25486924E-46
         1    1                 4.81686276E-01 +-  0.00000000E+00
    5    0    0                 4.81686276E-01 +-  0.00000000E+00
         1    0                 1.10199870E-30 +-  6.83133001E-45
         1    1                 4.81686276E-01 +-  0.00000000E+00
    6    0    0                 4.81686276E-01 +-  0.00000000E+00
         1    0                -9.40781226E-31 +-  3.67840847E-45
         1    1                 4.81686276E-01 +-  0.00000000E+00
    7    0    0                 6.14557513E-01 +-  0.00000000E+00
         1    0                 1.55227293E-31 +-  2.62743462E-46
         1    1                 6.14557513E-01 +-  0.00000000E+00
    8    0    0                 6.14557513E-01 +-  0.00000000E+00
         1    0                -1.97643986E-31 +-  6.56858655E-46
         1    1                 6.14557513E-01 +-  0.00000000E+00
    9    0    0                 7.61975754E-01 +-  0.00000000E+00
         1    0                -3.68830189E-30 +-  2.10194770E-45
         1    1                 7.61975754E-01 +-  0.00000000E+00
============================================================================
 FT of ZZ spin correlation fn:
    1    0    0                 1.83408149E-01 +-  0.00000000E+00
         1    0                 0.00000000E+00 +-  0.00000000E+00
         1    1                 1.83408149E-01 +-  0.00000000E+00
    2    0    0                 3.76603161E-01 +-  0.00000000E+00
         1    0                 0.00000000E+00 +-  0.00000000E+00
         1    1                 3.76603161E-01 +-  0.00000000E+00
    3    0    0                 3.76603161E-01 +-  0.00000000E+00
         1    0                 0.00000000E+00 +-  0.00000000E+00
         1    1                 3.76603161E-01 +-  0.00000000E+00
    4    0    0                 4.81686276E-01 +-  0.00000000E+00
         1    0                 0.00000000E+00 +-  0.00000000E+00
         1    1                 4.81686276E-01 +-  0.00000000E+00
    5    0    0                 4.81686276E-01 +-  0.00000000E+00
         1    0                 0.00000000E+00 +-  0.00000000E+00
         1    1                 4.81686276E-01 +-  0.00000000E+00
    6    0    0                 4.81686276E-01 +-  0.00000000E+00
         1    0                 0.00000000E+00 +-  0.00000000E+00
         1    1                 4.81686276E-01 +-  0.00000000E+00
    7    0    0                 6.14557513E-01 +-  0.00000000E+00
         1    0                 0.00000000E+00 +-  0.00000000E+00
         1    1                 6.14557513E-01 +-  0.00000000E+00
    8    0    0                 6.14557513E-01 +-  0.00000000E+00
         1    0                 0.00000000E+00 +-  0.00000000E+00
         1    1                 6.14557513E-01 +-  0.00000000E+00
    9    0    0                 7.61975754E-01 +-  0.00000000E+00
         1    0                 0.00000000E+00 +-  0.00000000E+00
         1    1                 7.61975754E-01 +-  0.00000000E+00
============================================================================
 FT of Average spin correlation fn:
    1    0    0                 1.83408149E-01 +-  0.00000000E+00
         1    0                -6.08524143E-30 +-  0.00000000E+00
         1    1                 1.83408149E-01 +-  0.00000000E+00
    2    0    0                 3.76603161E-01 +-  0.00000000E+00
         1    0                -2.03585320E-32 +-  2.46321996E-46
         1    1                 3.76603161E-01 +-  0.00000000E+00
    3    0    0                 3.76603161E-01 +-  0.00000000E+00
         1    0                 1.77105758E-31 +-  1.31371731E-46
         1    1                 3.76603161E-01 +-  0.00000000E+00
    4    0    0                 4.81686276E-01 +-  0.00000000E+00
         1    0                 1.03591036E-31 +-  1.31371731E-46
         1    1                 4.81686276E-01 +-  0.00000000E+00
    5    0    0                 4.81686276E-01 +-  0.00000000E+00
         1    0                 7.34665803E-31 +-  0.00000000E+00
         1    1                 4.81686276E-01 +-  0.00000000E+00
    6    0    0                 4.81686276E-01 +-  0.00000000E+00
         1    0                -6.27187484E-31 +-  5.25486924E-46
         1    1                 4.81686276E-01 +-  0.00000000E+00
    7    0    0                 6.14557513E-01 +-  0.00000000E+00
         1    0                 1.03484862E-31 +-  3.94115193E-46
         1    1                 6.14557513E-01 +-  0.00000000E+00
    8    0    0                 6.14557513E-01 +-  0.00000000E+00
         1    0                -1.31762657E-31 +-  1.31371731E-46
         1    1                 6.14557513E-01 +-  0.00000000E+00
    9    0    0                 7.61975754E-01 +-  0.00000000E+00
         1    0                -2.45886792E-30 +-  0.00000000E+00
         1    1                 7.61975754E-01 +-  0.00000000E+00
============================================================================
 FT of Pairing correlation fn:
    1    0    0                 1.64633750E-01 +-  0.00000000E+00
         1    0                 2.30272972E-30 +-  0.00000000E+00
         1    1                 1.64633750E-01 +-  0.00000000E+00
    2    0    0                 1.16334997E-01 +-  0.00000000E+00
         1    0                 1.05955955E-32 +-  0.00000000E+00
         1    1                 1.16334997E-01 +-  0.00000000E+00
    3    0    0                 1.16334997E-01 +-  0.00000000E+00
         1    0                -6.42553207E-32 +-  0.00000000E+00
         1    1                 1.16334997E-01 +-  0.00000000E+00
    4    0    0                 9.00642182E-02 +-  0.00000000E+00
         1    0                -3.78972852E-32 +-  0.00000000E+00
         1    1                 9.00642182E-02 +-  0.00000000E+00
    5    0    0                 9.00642182E-02 +-  0.00000000E+00
         1    0                -2.75104353E-31 +-  0.00000000E+00
         1    1                 9.00642182E-02 +-  0.00000000E+00
    6    0    0                 9.00642182E-02 +-  0.00000000E+00
         1    0                 2.37856484E-31 +-  0.00000000E+00
         1    1                 9.00642182E-02 +-  0.00000000E+00
    7    0    0                 5.68464088E-02 +-  0.00000000E+00
         1    0                -3.89448144E-32 +-  0.00000000E+00
         1    1                 5.68464088E-02 +-  0.00000000E+00
    8    0    0                 5.68464088E-02 +-  0.00000000E+00
         1    0                 5.20385758E-32 +-  0.00000000E+00
         1    1                 5.68464088E-02 +-  0.00000000E+00
    9    0    0                 1.99918486E-02 +-  0.00000000E+00
         1    0                 9.22464749E-31 +-  0.00000000E+00
         1    1                 1.99918486E-02 +-  0.00000000E+00
============================================================================
 Eigenvalues of Ave Equal t Green's function:
    1    1                      1.50710358E-04 +-  1.45798087E-16
         2                      1.50710358E-04 +-  1.87431451E-16
    2    1                      8.16257115E-03 +-  1.92554306E-16
         2                      8.16257115E-03 +-  9.88792381E-17
    3    1                      8.16257115E-03 +-  5.20417043E-18
         2                      8.16257115E-03 +-  0.00000000E+00
    4    1                      3.10025519E-01 +-  4.32986980E-15
         2                      3.10025519E-01 +-  4.16333634E-15
    5    1                      3.10025519E-01 +-  3.16413562E-15
         2                      3.10025519E-01 +-  3.66373598E-15
    6    1                      3.10025519E-01 +-  1.16573418E-15
         2                      3.10025519E-01 +-  8.32667268E-16
    7    1                      9.60834277E-01 +-  1.33226763E-15
         2                      9.60834277E-01 +-  0.00000000E+00
    8    1                      9.60834277E-01 +-  0.00000000E+00
         2                      9.60834277E-01 +-  0.00000000E+00
    9    1                      9.99253971E-01 +-  0.00000000E+00
         2                      9.99253971E-01 +-  0.00000000E+00
============================================================================
 Eigenvalues of Up Equal t Green's function:
    1    1                      1.50710358E-04 +-  1.45798087E-16
         2                      1.50710358E-04 +-  1.87431451E-16
    2    1                      8.16257115E-03 +-  1.92554306E-16
         2                      8.16257115E-03 +-  9.88792381E-17
    3    1                      8.16257115E-03 +-  5.20417043E-18
         2                      8.16257115E-03 +-  0.00000000E+00
    4    1                      3.10025519E-01 +-  4.32986980E-15
         2                      3.10025519E-01 +-  4.16333634E-15
    5    1                      3.10025519E-01 +-  3.16413562E-15
         2                      3.10025519E-01 +-  3.66373598E-15
    6    1                      3.10025519E-01 +-  1.16573418E-15
         2                      3.10025519E-01 +-  8.32667268E-16
    7    1                      9.60834277E-01 +-  1.33226763E-15
         2                      9.60834277E-01 +-  0.00000000E+00
    8    1                      9.60834277E-01 +-  0.00000000E+00
         2                      9.60834277E-01 +-  0.00000000E+00
    9    1                      9.99253971E-01 +-  0.00000000E+00
         2                      9.99253971E-01 +-  0.00000000E+00
============================================================================
 Eigenvalues of Dn Equal t Green's function:
    1    1                      1.50710358E-04 +-  1.45798087E-16
         2                      1.50710358E-04 +-  1.87431451E-16
    2    1                      8.16257115E-03 +-  1.92554306E-16
         2                      8.16257115E-03 +-  9.88792381E-17
    3    1                      8.16257115E-03 +-  5.20417043E-18
         2                      8.16257115E-03 +-  0.00000000E+00
    4    1                      3.10025519E-01 +-  4.32986980E-15
         2                      3.10025519E-01 +-  4.16333634E-15
    5    1                      3.10025519E-01 +-  3.16413562E-15
         2                      3.10025519E-01 +-  3.66373598E-15
    6    1                      3.10025519E-01 +-  1.16573418E-15
         2                      3.10025519E-01 +-  8.32667268E-16
    7    1                      9.60834277E-01 +-  1.33226763E-15
         2                      9.60834277E-01 +-  0.00000000E+00
    8    1                      9.60834277E-01 +-  0.00000000E+00
         2                      9.60834277E-01 +-  0.00000000E+00
    9    1                      9.99253971E-01 +-  0.00000000E+00
         2                      9.99253971E-01 +-  0.00000000E+00
============================================================================
 Eigenvalues of Density-density correlation fn: (up-up)
    1    1                      9.17040743E-02 +-  8.04657403E+00
         2                      1.08204694E+01 +-  8.04657403E+00
    2    1                      1.88301581E-01 +-  5.64611500E-05
         2                      1.88301581E-01 +-  8.18364043E-03
    3    1                      1.88301581E-01 +-  1.66533454E-16
         2                      1.88301581E-01 +-  0.00000000E+00
    4    1                      2.40843138E-01 +-  1.66533454E-16
         2                      2.40843138E-01 +-  0.00000000E+00
    5    1                      2.40843138E-01 +-  8.32667268E-17
         2                      2.40843138E-01 +-  4.16333634E-16
    6    1                      2.40843138E-01 +-  1.91513472E-15
         2                      2.40843138E-01 +-  1.33226763E-15
    7    1                      3.07278757E-01 +-  1.66533454E-16
         2                      3.07278757E-01 +-  4.99600361E-16
    8    1                      3.07278757E-01 +-  4.13119675E-04
         2                      3.07278757E-01 +-  4.29088904E-07
    9    1                      3.80987877E-01 +-  1.66533454E-16
         2                      3.80987877E-01 +-  1.66533454E-16
============================================================================
 Eigenvalues of Density-density correlation fn: (up-dn)
    1    1                      4.44089210E-16 +-  8.04657403E+00
         2                      1.07287654E+01 +-  8.04657403E+00
    2    1                     -2.03515744E-16 +-  4.93818428E-16
         2                      9.22671465E-18 +-  4.69799180E-16
    3    1                     -2.22044605E-16 +-  1.47911420E-31
         2                      0.00000000E+00 +-  0.00000000E+00
    4    1                     -9.71445147E-17 +-  7.28583860E-17
         2                      0.00000000E+00 +-  7.28583860E-17
    5    1                     -1.43404348E-15 +-  3.90996431E-15
         2                      5.45865058E-16 +-  3.90996431E-15
    6    1                     -9.40596040E-16 +-  5.21332172E-16
         2                      5.24176208E-17 +-  5.21332172E-16
    7    1                     -3.19189120E-16 +-  2.39391840E-16
         2                      2.22044605E-16 +-  2.39391840E-16
    8    1                     -1.66295468E-18 +-  4.98886403E-18
         2                      1.66295468E-18 +-  4.98886403E-18
    9    1                     -5.24176208E-17 +-  5.21332172E-16
         2                      9.40596040E-16 +-  5.21332172E-16
============================================================================
 Eigenvalues of XX spin correlation fn:
    1    1                      1.83408149E-01 +-  0.00000000E+00
         2                      1.83408149E-01 +-  0.00000000E+00
    2    1                      3.76603161E-01 +-  0.00000000E+00
         2                      3.76603161E-01 +-  0.00000000E+00
    3    1                      3.76603161E-01 +-  0.00000000E+00
         2                      3.76603161E-01 +-  0.00000000E+00
    4    1                      4.81686276E-01 +-  0.00000000E+00
         2                      4.81686276E-01 +-  0.00000000E+00
    5    1                      4.81686276E-01 +-  0.00000000E+00
         2                      4.81686276E-01 +-  0.00000000E+00
    6    1                      4.81686276E-01 +-  0.00000000E+00
         2                      4.81686276E-01 +-  0.00000000E+00
    7    1                      6.14557513E-01 +-  0.00000000E+00
         2                      6.14557513E-01 +-  0.00000000E+00
    8    1                      6.14557513E-01 +-  0.00000000E+00
         2                      6.14557513E-01 +-  0.00000000E+00
    9    1                      7.61975754E-01 +-  0.00000000E+00
         2                      7.61975754E-01 +-  0.00000000E+00
============================================================================
 Eigenvalues of ZZ spin correlation fn:
    1    1                      1.83408149E-01 +-  0.00000000E+00
         2                      1.83408149E-01 +-  0.00000000E+00
    2    1                      3.76603161E-01 +-  0.00000000E+00
         2                      3.76603161E-01 +-  0.00000000E+00
    3    1                      3.76603161E-01 +-  0.00000000E+00
         2                      3.76603161E-01 +-  0.00000000E+00
    4    1                      4.81686276E-01 +-  0.00000000E+00
         2                      4.81686276E-01 +-  0.00000000E+00
    5    1                      4.81686276E-01 +-  0.00000000E+00
         2                      4.81686276E-01 +-  0.00000000E+00
    6    1                      4.81686276E-01 +-  0.00000000E+00
         2                      4.81686276E-01 +-  0.00000000E+00
    7    1                      6.14557513E-01 +-  0.00000000E+00
         2                      6.14557513E-01 +-  0.00000000E+00
    8    1                      6.14557513E-01 +-  0.00000000E+00
         2                      6.14557513E-01 +-  0.00000000E+00
    9    1                      7.61975754E-01 +-  0.00000000E+00
         2                      7.61975754E-01 +-  0.00000000E+00
============================================================================
 Eigenvalues of Average spin correlation fn:
    1    1                      1.83408149E-01 +-  0.00000000E+00
         2                      1.83408149E-01 +-  0.00000000E+00
    2    1                      3.76603161E-01 +-  0.00000000E+00
         2                      3.76603161E-01 +-  0.00000000E+00
    3    1                      3.76603161E-01 +-  0.00000000E+00
         2                      3.76603161E-01 +-  0.00000000E+00
    4    1                      4.81686276E-01 +-  0.00000000E+00
         2                      4.81686276E-01 +-  0.00000000E+00
    5    1                      4.81686276E-01 +-  0.00000000E+00
         2                      4.81686276E-01 +-  0.00000000E+00
    6    1                      4.81686276E-01 +-  0.00000000E+00
         2                      4.81686276E-01 +-  0.00000000E+00
    7    1                      6.14557513E-01 +-  0.00000000E+00
         2                      6.14557513E-01 +-  0.00000000E+00
    8    1                      6.14557513E-01 +-  0.00000000E+00
         2                      6.14557513E-01 +-  0.00000000E+00
    9    1                      7.61975754E-01 +-  0.00000000E+00
         2                      7.61975754E-01 +-  0.00000000E+00
============================================================================
 Eigenvalues of Pairing correlation fn:
    1    1                      1.64633750E-01 +-  0.00000000E+00
         2                      1.64633750E-01 +-  0.00000000E+00
    2    1                      1.16334997E-01 +-  0.00000000E+00
         2                      1.16334997E-01 +-  0.00000000E+00
    3    1                      1.16334997E-01 +-  0.00000000E+00
         2                      1.16334997E-01 +-  0.00000000E+00
    4    1                      9.00642182E-02 +-  0.00000000E+00
         2                      9.00642182E-02 +-  0.00000000E+00
    5    1                      9.00642182E-02 +-  0.00000000E+00
         2                      9.00642182E-02 +-  0.00000000E+00
    6    1                      9.00642182E-02 +-  0.00000000E+00
         2                      9.00642182E-02 +-  0.00000000E+00
    7    1                      5.68464088E-02 +-  0.00000000E+00
         2                      5.68464088E-02 +-  0.00000000E+00
    8    1                      5.68464088E-02 +-  0.00000000E+00
         2                      5.68464088E-02 +-  0.00000000E+00
    9    1                      1.99918486E-02 +-  0.00000000E+00
         2                      1.99918486E-02 +-  0.00000000E+00
============================================================================
 Eigenmodes of Ave Equal t Green's function (Natural orbitals):
                        1                          2
   1    1  ( -1.000000 +i  0.000000)  (  0.000896 +i  0.000000) 
        2  (  0.000896 +i  0.000000)  (  1.000000 +i  0.000000) 
   2    1  ( -0.999944 +i  0.000000)  (  0.010563 +i -0.000000) 
        2  ( -0.010563 +i  0.000000)  ( -0.999944 +i  0.000000) 
   3    1  ( -0.999921 +i  0.000000)  (  0.012571 +i  0.000000) 
        2  (  0.012571 +i  0.000000)  (  0.999921 +i  0.000000) 
   4    1  (  0.356641 +i  0.000000)  (  0.934242 +i  0.000000) 
        2  ( -0.934242 +i  0.000000)  (  0.356641 +i  0.000000) 
   5    1  ( -0.755382 +i  0.000000)  (  0.655285 +i -0.000000) 
        2  ( -0.655285 +i  0.000000)  ( -0.755382 +i  0.000000) 
   6    1  (  0.295297 +i  0.000000)  (  0.955405 +i  0.000000) 
        2  ( -0.955405 +i  0.000000)  (  0.295297 +i  0.000000) 
   7    1  (  0.607384 +i  0.000000)  (  0.794408 +i  0.000000) 
        2  ( -0.794408 +i  0.000000)  (  0.607384 +i  0.000000) 
   8    1  (  1.000000 +i  0.000000)  (  0.000000 +i  0.000000) 
        2  (  0.000000 +i  0.000000)  ( -1.000000 +i  0.000000) 
   9    1  (  1.000000 +i  0.000000)  (  0.000000 +i  0.000000) 
        2  (  0.000000 +i  0.000000)  ( -1.000000 +i -0.000000) 
============================================================================
 Eigenmodes of Up Equal t Green's function (Natural orbitals):
                        1                          2
   1    1  ( -1.000000 +i  0.000000)  (  0.000896 +i  0.000000) 
        2  (  0.000896 +i  0.000000)  (  1.000000 +i  0.000000) 
   2    1  ( -0.999944 +i  0.000000)  (  0.010563 +i -0.000000) 
        2  ( -0.010563 +i  0.000000)  ( -0.999944 +i  0.000000) 
   3    1  ( -0.999921 +i  0.000000)  (  0.012571 +i  0.000000) 
        2  (  0.012571 +i  0.000000)  (  0.999921 +i  0.000000) 
   4    1  (  0.356641 +i  0.000000)  (  0.934242 +i  0.000000) 
        2  ( -0.934242 +i  0.000000)  (  0.356641 +i  0.000000) 
   5    1  ( -0.755382 +i  0.000000)  (  0.655285 +i -0.000000) 
        2  ( -0.655285 +i  0.000000)  ( -0.755382 +i  0.000000) 
   6    1  (  0.295297 +i  0.000000)  (  0.955405 +i  0.000000) 
        2  ( -0.955405 +i  0.000000)  (  0.295297 +i  0.000000) 
   7    1  (  0.607384 +i  0.000000)  (  0.794408 +i  0.000000) 
        2  ( -0.794408 +i  0.000000)  (  0.607384 +i  0.000000) 
   8    1  (  1.000000 +i  0.000000)  (  0.000000 +i  0.000000) 
        2  (  0.000000 +i  0.000000)  ( -1.000000 +i  0.000000) 
   9    1  (  1.000000 +i  0.000000)  (  0.000000 +i  0.000000) 
        2  (  0.000000 +i  0.000000)  ( -1.000000 +i -0.000000) 
============================================================================
 Eigenmodes of Down Equal t Green's function (Natural orbitals):
                        1                          2
   1    1  ( -1.000000 +i  0.000000)  (  0.000896 +i  0.000000) 
        2  (  0.000896 +i  0.000000)  (  1.000000 +i  0.000000) 
   2    1  ( -0.999944 +i  0.000000)  (  0.010563 +i -0.000000) 
        2  ( -0.010563 +i  0.000000)  ( -0.999944 +i  0.000000) 
   3    1  ( -0.999921 +i  0.000000)  (  0.012571 +i  0.000000) 
        2  (  0.012571 +i  0.000000)  (  0.999921 +i  0.000000) 
   4    1  (  0.356641 +i  0.000000)  (  0.934242 +i  0.000000) 
        2  ( -0.934242 +i  0.000000)  (  0.356641 +i  0.000000) 
   5    1  ( -0.755382 +i  0.000000)  (  0.655285 +i -0.000000) 
        2  ( -0.655285 +i  0.000000)  ( -0.755382 +i  0.000000) 
   6    1  (  0.295297 +i  0.000000)  (  0.955405 +i  0.000000) 
        2  ( -0.955405 +i  0.000000)  (  0.295297 +i  0.000000) 
   7    1  (  0.607384 +i  0.000000)  (  0.794408 +i  0.000000) 
        2  ( -0.794408 +i  0.000000)  (  0.607384 +i  0.000000) 
   8    1  (  1.000000 +i  0.000000)  (  0.000000 +i  0.000000) 
        2  (  0.000000 +i  0.000000)  ( -1.000000 +i  0.000000) 
   9    1  (  1.000000 +i  0.000000)  (  0.000000 +i  0.000000) 
        2  (  0.000000 +i  0.000000)  ( -1.000000 +i -0.000000) 
============================================================================
 Eigenmodes of Density-density correlation fn: (up-up)
                        1                          2
   1    1  ( -0.707107 +i  0.000000)  (  0.707107 +i  0.000000) 
        2  (  0.707107 +i  0.000000)  (  0.707107 +i  0.000000) 
   2    1  ( -0.996568 +i  0.000000)  ( -0.082474 +i -0.007069) 
        2  (  0.082777 +i  0.000000)  ( -0.992927 +i -0.085108) 
   3    1  ( -0.982746 +i  0.000000)  (  0.184963 +i  0.000000) 
        2  (  0.184963 +i  0.000000)  (  0.982746 +i  0.000000) 
   4    1  ( -0.995709 +i  0.000000)  (  0.092541 +i  0.000000) 
        2  (  0.092541 +i  0.000000)  (  0.995709 +i  0.000000) 
   5    1  ( -0.998400 +i  0.000000)  (  0.056545 +i  0.000000) 
        2  ( -0.056545 +i  0.000000)  ( -0.998400 +i -0.000000) 
   6    1  ( -0.800000 +i  0.000000)  ( -0.600000 +i -0.000000) 
        2  (  0.600000 +i  0.000000)  ( -0.800000 +i -0.000000) 
   7    1  ( -0.053016 +i  0.000000)  ( -0.998594 +i  0.000000) 
        2  ( -0.998594 +i  0.000000)  (  0.053016 +i  0.000000) 
   8    1  (  0.032211 +i  0.000000)  (  0.999369 +i  0.014969) 
        2  ( -0.999481 +i  0.000000)  (  0.032208 +i  0.000482) 
   9    1  ( -0.010868 +i  0.000000)  (  0.999941 +i -0.000000) 
        2  ( -0.999941 +i  0.000000)  ( -0.010868 +i  0.000000) 
============================================================================
 Eigenmodes of Density-density correlation fn: (up-dn)
                        1                          2
   1    1  ( -0.707107 +i  0.000000)  (  0.707107 +i  0.000000) 
        2  (  0.707107 +i  0.000000)  (  0.707107 +i  0.000000) 
   2    1  ( -0.683655 +i  0.000000)  ( -0.715633 +i -0.143127) 
        2  ( -0.729806 +i  0.000000)  (  0.670378 +i  0.134076) 
   3    1  (  0.707107 +i  0.000000)  ( -0.707107 +i  0.000000) 
        2  (  0.707107 +i  0.000000)  (  0.707107 +i  0.000000) 
   4    1  (  0.707107 +i  0.000000)  (  0.707107 +i  0.000000) 
        2  ( -0.707107 +i  0.000000)  (  0.707107 +i  0.000000) 
   5    1  ( -0.853113 +i  0.000000)  ( -0.521726 +i -0.000000) 
        2  ( -0.521726 +i  0.000000)  (  0.853113 +i  0.000000) 
   6    1  ( -0.973249 +i  0.000000)  ( -0.229753 +i  0.000000) 
        2  ( -0.229753 +i  0.000000)  (  0.973249 +i -0.000000) 
   7    1  (  0.707107 +i  0.000000)  (  0.707107 +i  0.000000) 
        2  ( -0.707107 +i  0.000000)  (  0.707107 +i  0.000000) 
   8    1  ( -0.707107 +i  0.000000)  (  0.000000 +i -0.707107) 
        2  ( -0.707107 +i  0.000000)  (  0.000000 +i  0.707107) 
   9    1  ( -0.229753 +i  0.000000)  (  0.973249 +i  0.000000) 
        2  ( -0.973249 +i  0.000000)  ( -0.229753 +i -0.000000) 
============================================================================
 Eigenmodes of XX-Spin correlation fn: 
                        1                          2
   1    1  (  0.000000 +i  0.000000)  (  1.000000 +i  0.000000) 
        2  (  1.000000 +i  0.000000)  (  0.000000 +i  0.000000) 
   2    1  (  1.000000 +i  0.000000)  (  0.000000 +i  0.000000) 
        2  (  0.000000 +i  0.000000)  ( -1.000000 +i  0.000000) 
   3    1  (  0.000000 +i  0.000000)  ( -1.000000 +i  0.000000) 
        2  (  1.000000 +i  0.000000)  (  0.000000 +i  0.000000) 
   4    1  (  0.000000 +i  0.000000)  ( -1.000000 +i -0.000000) 
        2  (  1.000000 +i  0.000000)  (  0.000000 +i  0.000000) 
   5    1  (  1.000000 +i  0.000000)  (  0.000000 +i  0.000000) 
        2  (  0.000000 +i  0.000000)  ( -1.000000 +i -0.000000) 
   6    1  (  0.000000 +i  0.000000)  ( -1.000000 +i  0.000000) 
        2  (  1.000000 +i  0.000000)  (  0.000000 +i  0.000000) 
   7    1  (  1.000000 +i  0.000000)  (  0.000000 +i  0.000000) 
        2  (  0.000000 +i  0.000000)  ( -1.000000 +i -0.000000) 
   8    1  (  1.000000 +i  0.000000)  (  0.000000 +i  0.000000) 
        2  (  0.000000 +i  0.000000)  ( -1.000000 +i  0.000000) 
   9    1  (  0.000000 +i  0.000000)  ( -1.000000 +i -0.000000) 
        2  (  1.000000 +i  0.000000)  (  0.000000 +i  0.000000) 
============================================================================
 Eigenmodes of ZZ-Spin correlation fn: 
                        1                          2
   1    1  (  0.000000 +i  0.000000)  (  1.000000 +i  0.000000) 
        2  (  1.000000 +i  0.000000)  (  0.000000 +i  0.000000) 
   2    1  (  1.000000 +i  0.000000)  (  0.000000 +i  0.000000) 
        2  (  0.000000 +i  0.000000)  (  1.000000 +i  0.000000) 
   3    1  (  0.000000 +i  0.000000)  (  1.000000 +i  0.000000) 
        2  (  1.000000 +i  0.000000)  (  0.000000 +i  0.000000) 
   4    1  (  0.000000 +i  0.000000)  (  1.000000 +i  0.000000) 
        2  (  1.000000 +i  0.000000)  (  0.000000 +i  0.000000) 
   5    1  (  1.000000 +i  0.000000)  (  0.000000 +i  0.000000) 
        2  (  0.000000 +i  0.000000)  (  1.000000 +i  0.000000) 
   6    1  (  0.000000 +i  0.000000)  (  1.000000 +i  0.000000) 
        2  (  1.000000 +i  0.000000)  (  0.000000 +i  0.000000) 
   7    1  (  1.000000 +i  0.000000)  (  0.000000 +i  0.000000) 
        2  (  0.000000 +i  0.000000)  (  1.000000 +i  0.000000) 
   8    1  (  1.000000 +i  0.000000)  (  0.000000 +i  0.000000) 
        2  (  0.000000 +i  0.000000)  (  1.000000 +i  0.000000) 
   9    1  (  0.000000 +i  0.000000)  (  1.000000 +i  0.000000) 
        2  (  1.000000 +i  0.000000)  (  0.000000 +i  0.000000) 
============================================================================
 Eigenmodes of Average Spin correlation fn: 
                        1                          2
   1    1  (  0.000000 +i  0.000000)  (  1.000000 +i  0.000000) 
        2  (  1.000000 +i  0.000000)  (  0.000000 +i  0.000000) 
   2    1  (  1.000000 +i  0.000000)  (  0.000000 +i  0.000000) 
        2  (  0.000000 +i  0.000000)  ( -1.000000 +i -0.000000) 
   3    1  (  0.000000 +i  0.000000)  ( -1.000000 +i  0.000000) 
        2  (  1.000000 +i  0.000000)  (  0.000000 +i  0.000000) 
   4    1  (  0.000000 +i  0.000000)  ( -1.000000 +i  0.000000) 
        2  (  1.000000 +i  0.000000)  (  0.000000 +i  0.000000) 
   5    1  (  1.000000 +i  0.000000)  (  0.000000 +i  0.000000) 
        2  (  0.000000 +i  0.000000)  ( -1.000000 +i -0.000000) 
   6    1  (  0.000000 +i  0.000000)  ( -1.000000 +i  0.000000) 
        2  (  1.000000 +i  0.000000)  (  0.000000 +i  0.000000) 
   7    1  (  1.000000 +i  0.000000)  (  0.000000 +i  0.000000) 
        2  (  0.000000 +i  0.000000)  ( -1.000000 +i -0.000000) 
   8    1  (  1.000000 +i  0.000000)  (  0.000000 +i  0.000000) 
        2  (  0.000000 +i  0.000000)  ( -1.000000 +i  0.000000) 
   9    1  (  0.000000 +i  0.000000)  ( -1.000000 +i -0.000000) 
        2  (  1.000000 +i  0.000000)  (  0.000000 +i  0.000000) 
============================================================================
 Eigenmodes of Pairing correlation fn: 
                        1                          2
   1    1  (  0.000000 +i  0.000000)  (  1.000000 +i  0.000000) 
        2  (  1.000000 +i  0.000000)  (  0.000000 +i  0.000000) 
   2    1  (  0.000000 +i  0.000000)  ( -1.000000 +i -0.000000) 
        2  (  1.000000 +i  0.000000)  (  0.000000 +i  0.000000) 
   3    1  (  0.000000 +i  0.000000)  ( -1.000000 +i  0.000000) 
        2  (  1.000000 +i  0.000000)  (  0.000000 +i  0.000000) 
   4    1  (  0.000000 +i  0.000000)  ( -1.000000 +i -0.000000) 
        2  (  1.000000 +i  0.000000)  (  0.000000 +i  0.000000) 
   5    1  (  0.000000 +i  0.000000)  ( -1.000000 +i -0.000000) 
        2  (  1.000000 +i  0.000000)  (  0.000000 +i  0.000000) 
   6    1  (  0.000000 +i  0.000000)  ( -1.000000 +i  0.000000) 
        2  (  1.000000 +i  0.000000)  (  0.000000 +i  0.000000) 
   7    1  (  0.000000 +i  0.000000)  ( -1.000000 +i -0.000000) 
        2  (  1.000000 +i  0.000000)  (  0.000000 +i  0.000000) 
   8    1  (  0.000000 +i  0.000000)  ( -1.000000 +i -0.000000) 
        2  (  1.000000 +i  0.000000)  (  0.000000 +i  0.000000) 
   9    1  (  0.000000 +i  0.000000)  ( -1.000000 +i  0.000000) 
        2  (  1.000000 +i  0.000000)  (  0.000000 +i  0.000000) 
============================================================================
