 General Geometry - Free Format                                                 
  
                          U :            0.000000    0.000000
                       t_up :        1.000000E+00
                       t_dn :        1.000000E+00
                      mu_up :            0.600000    0.600000
                      mu_dn :            0.600000    0.600000
             Time slice - L :           20
            Number of sites :           32
                       dtau :        1.000000E-01
                       beta :        2.000000E+00
     Number of warmup sweep :        50000
Number of measurement sweep :       100000
   Frequency of measurement :            1
                Random seed :      1234567
 Frequency of recomputing G :            8
Global move number of sites :            1
               Accept count :     49463987
               Reject count :     46464432
    Approximate accept rate :        5.156343E-01
                      gamma :        9.393386E-01
   Global move accept count :       150000
   Global move reject count :            0
    Global move accept rate :        1.000000E+00
           Type of matrix B : Dense MatB  
         Type of matrix HSF : discrete
 Sign of equal time measurements:
                                avg sign :   1.00000000E+00 +-  0.00000000E+00
                             avg up sign :   1.00000000E+00 +-  0.00000000E+00
                             avg dn sign :   1.00000000E+00 +-  0.00000000E+00
============================================================================
 Electronic properties:
                         spin up density :   6.13719482E-01 +-  0.00000000E+00
                       spin down density :   6.13719482E-01 +-  0.00000000E+00
                           total density :   1.22743896E+00 +-  0.00000000E+00
                        double occupancy :   3.76651603E-01 +-  0.00000000E+00
                kinetic (hopping) energy :  -1.43658274E+00 +-  0.00000000E+00
            potential (U*Nup*Ndn) energy :   0.00000000E+00 +-  0.00000000E+00
   PH-symm total energy (inc. chem potl) :  -2.17304612E+00 +-  0.00000000E+00
                             chi_thermal :   5.59677258E+01 +-  0.00000000E+00
                           specific heat :  -2.09045999E+02 +-  0.00000000E+00
                       (magnetization)^2 :   1.18533940E-01 +-  0.00000000E+00
               XX ferro structure factor :   1.63319527E-01 +-  0.00000000E+00
               ZZ ferro structure factor :   1.63319527E-01 +-  0.00000000E+00
============================================================================
 Mean Equal time Green's function:
    0    0    0.0000    0.0000    0.0000   016   3.86280518E-01 +-  0.00000000E+00
    0    1    0.0000    0.0000    1.0000   032   1.44197433E-17 +-  0.00000000E+00
    0    0    1.0000    0.0000    0.0000   032  -1.79572843E-01 +-  0.00000000E+00
    0    1    1.0000    0.0000    1.0000   064  -8.73669393E-17 +-  0.00000000E+00
    0    0    2.0000    0.0000    0.0000   016   3.35023788E-02 +-  0.00000000E+00
    0    1    2.0000    0.0000    1.0000   032  -4.47304769E-17 +-  0.00000000E+00
    0    0    0.0000    1.0000    0.0000   032  -1.79572843E-01 +-  0.00000000E+00
    0    1    0.0000    1.0000    1.0000   064   8.90789352E-17 +-  0.00000000E+00
    0    0    1.0000    1.0000    0.0000   064   3.35023788E-02 +-  0.00000000E+00
    0    1    1.0000    1.0000    1.0000   128   8.15546593E-18 +-  0.00000000E+00
    0    0    2.0000    1.0000    0.0000   032   5.47245385E-02 +-  0.00000000E+00
    0    1    2.0000    1.0000    1.0000   064   1.00497192E-16 +-  0.00000000E+00
    0    0    0.0000    2.0000    0.0000   016   3.35023788E-02 +-  0.00000000E+00
    0    1    0.0000    2.0000    1.0000   032  -1.12342335E-17 +-  0.00000000E+00
    0    0    1.0000    2.0000    0.0000   032   5.47245385E-02 +-  0.00000000E+00
    0    1    1.0000    2.0000    1.0000   064  -1.02787231E-16 +-  0.00000000E+00
    0    0    2.0000    2.0000    0.0000   016  -8.78005437E-02 +-  0.00000000E+00
    0    1    2.0000    2.0000    1.0000   032   1.01282275E-17 +-  0.00000000E+00
    1    1    0.0000    0.0000    0.0000   016   3.86280518E-01 +-  0.00000000E+00
    1    1    1.0000    0.0000    0.0000   032  -1.79572843E-01 +-  0.00000000E+00
    1    1    2.0000    0.0000    0.0000   016   3.35023788E-02 +-  0.00000000E+00
    1    1    0.0000    1.0000    0.0000   032  -1.79572843E-01 +-  0.00000000E+00
    1    1    1.0000    1.0000    0.0000   064   3.35023788E-02 +-  0.00000000E+00
    1    1    2.0000    1.0000    0.0000   032   5.47245385E-02 +-  0.00000000E+00
    1    1    0.0000    2.0000    0.0000   016   3.35023788E-02 +-  0.00000000E+00
    1    1    1.0000    2.0000    0.0000   032   5.47245385E-02 +-  0.00000000E+00
    1    1    2.0000    2.0000    0.0000   016  -8.78005437E-02 +-  0.00000000E+00
============================================================================
 Up Equal time Green's function:
    0    0    0.0000    0.0000    0.0000   016   3.86280518E-01 +-  0.00000000E+00
    0    1    0.0000    0.0000    1.0000   032   1.44197433E-17 +-  0.00000000E+00
    0    0    1.0000    0.0000    0.0000   032  -1.79572843E-01 +-  0.00000000E+00
    0    1    1.0000    0.0000    1.0000   064  -8.73669393E-17 +-  0.00000000E+00
    0    0    2.0000    0.0000    0.0000   016   3.35023788E-02 +-  0.00000000E+00
    0    1    2.0000    0.0000    1.0000   032  -4.47304769E-17 +-  0.00000000E+00
    0    0    0.0000    1.0000    0.0000   032  -1.79572843E-01 +-  0.00000000E+00
    0    1    0.0000    1.0000    1.0000   064   8.90789352E-17 +-  0.00000000E+00
    0    0    1.0000    1.0000    0.0000   064   3.35023788E-02 +-  0.00000000E+00
    0    1    1.0000    1.0000    1.0000   128   8.15546593E-18 +-  0.00000000E+00
    0    0    2.0000    1.0000    0.0000   032   5.47245385E-02 +-  0.00000000E+00
    0    1    2.0000    1.0000    1.0000   064   1.00497192E-16 +-  0.00000000E+00
    0    0    0.0000    2.0000    0.0000   016   3.35023788E-02 +-  0.00000000E+00
    0    1    0.0000    2.0000    1.0000   032  -1.12342335E-17 +-  0.00000000E+00
    0    0    1.0000    2.0000    0.0000   032   5.47245385E-02 +-  0.00000000E+00
    0    1    1.0000    2.0000    1.0000   064  -1.02787231E-16 +-  0.00000000E+00
    0    0    2.0000    2.0000    0.0000   016  -8.78005437E-02 +-  0.00000000E+00
    0    1    2.0000    2.0000    1.0000   032   1.01282275E-17 +-  0.00000000E+00
    1    1    0.0000    0.0000    0.0000   016   3.86280518E-01 +-  0.00000000E+00
    1    1    1.0000    0.0000    0.0000   032  -1.79572843E-01 +-  0.00000000E+00
    1    1    2.0000    0.0000    0.0000   016   3.35023788E-02 +-  0.00000000E+00
    1    1    0.0000    1.0000    0.0000   032  -1.79572843E-01 +-  0.00000000E+00
    1    1    1.0000    1.0000    0.0000   064   3.35023788E-02 +-  0.00000000E+00
    1    1    2.0000    1.0000    0.0000   032   5.47245385E-02 +-  0.00000000E+00
    1    1    0.0000    2.0000    0.0000   016   3.35023788E-02 +-  0.00000000E+00
    1    1    1.0000    2.0000    0.0000   032   5.47245385E-02 +-  0.00000000E+00
    1    1    2.0000    2.0000    0.0000   016  -8.78005437E-02 +-  0.00000000E+00
============================================================================
 Down Equal time Green's function:
    0    0    0.0000    0.0000    0.0000   016   3.86280518E-01 +-  0.00000000E+00
    0    1    0.0000    0.0000    1.0000   032   1.44197433E-17 +-  0.00000000E+00
    0    0    1.0000    0.0000    0.0000   032  -1.79572843E-01 +-  0.00000000E+00
    0    1    1.0000    0.0000    1.0000   064  -8.73669393E-17 +-  0.00000000E+00
    0    0    2.0000    0.0000    0.0000   016   3.35023788E-02 +-  0.00000000E+00
    0    1    2.0000    0.0000    1.0000   032  -4.47304769E-17 +-  0.00000000E+00
    0    0    0.0000    1.0000    0.0000   032  -1.79572843E-01 +-  0.00000000E+00
    0    1    0.0000    1.0000    1.0000   064   8.90789352E-17 +-  0.00000000E+00
    0    0    1.0000    1.0000    0.0000   064   3.35023788E-02 +-  0.00000000E+00
    0    1    1.0000    1.0000    1.0000   128   8.15546593E-18 +-  0.00000000E+00
    0    0    2.0000    1.0000    0.0000   032   5.47245385E-02 +-  0.00000000E+00
    0    1    2.0000    1.0000    1.0000   064   1.00497192E-16 +-  0.00000000E+00
    0    0    0.0000    2.0000    0.0000   016   3.35023788E-02 +-  0.00000000E+00
    0    1    0.0000    2.0000    1.0000   032  -1.12342335E-17 +-  0.00000000E+00
    0    0    1.0000    2.0000    0.0000   032   5.47245385E-02 +-  0.00000000E+00
    0    1    1.0000    2.0000    1.0000   064  -1.02787231E-16 +-  0.00000000E+00
    0    0    2.0000    2.0000    0.0000   016  -8.78005437E-02 +-  0.00000000E+00
    0    1    2.0000    2.0000    1.0000   032   1.01282275E-17 +-  0.00000000E+00
    1    1    0.0000    0.0000    0.0000   016   3.86280518E-01 +-  0.00000000E+00
    1    1    1.0000    0.0000    0.0000   032  -1.79572843E-01 +-  0.00000000E+00
    1    1    2.0000    0.0000    0.0000   016   3.35023788E-02 +-  0.00000000E+00
    1    1    0.0000    1.0000    0.0000   032  -1.79572843E-01 +-  0.00000000E+00
    1    1    1.0000    1.0000    0.0000   064   3.35023788E-02 +-  0.00000000E+00
    1    1    2.0000    1.0000    0.0000   032   5.47245385E-02 +-  0.00000000E+00
    1    1    0.0000    2.0000    0.0000   016   3.35023788E-02 +-  0.00000000E+00
    1    1    1.0000    2.0000    0.0000   032   5.47245385E-02 +-  0.00000000E+00
    1    1    2.0000    2.0000    0.0000   016  -8.78005437E-02 +-  0.00000000E+00
============================================================================
 Density-density correlation fn: (up-up)
    0    0    0.0000    0.0000    0.0000   016   6.13719482E-01 +-  0.00000000E+00
    0    1    0.0000    0.0000    1.0000   032   3.76651603E-01 +-  0.00000000E+00
    0    0    1.0000    0.0000    0.0000   032   3.44405197E-01 +-  0.00000000E+00
    0    1    1.0000    0.0000    1.0000   064   3.76651603E-01 +-  0.00000000E+00
    0    0    2.0000    0.0000    0.0000   016   3.75529193E-01 +-  0.00000000E+00
    0    1    2.0000    0.0000    1.0000   032   3.76651603E-01 +-  0.00000000E+00
    0    0    0.0000    1.0000    0.0000   032   3.44405197E-01 +-  0.00000000E+00
    0    1    0.0000    1.0000    1.0000   064   3.76651603E-01 +-  0.00000000E+00
    0    0    1.0000    1.0000    0.0000   064   3.75529193E-01 +-  0.00000000E+00
    0    1    1.0000    1.0000    1.0000   128   3.76651603E-01 +-  0.00000000E+00
    0    0    2.0000    1.0000    0.0000   032   3.73656828E-01 +-  0.00000000E+00
    0    1    2.0000    1.0000    1.0000   064   3.76651603E-01 +-  0.00000000E+00
    0    0    0.0000    2.0000    0.0000   016   3.75529193E-01 +-  0.00000000E+00
    0    1    0.0000    2.0000    1.0000   032   3.76651603E-01 +-  0.00000000E+00
    0    0    1.0000    2.0000    0.0000   032   3.73656828E-01 +-  0.00000000E+00
    0    1    1.0000    2.0000    1.0000   064   3.76651603E-01 +-  0.00000000E+00
    0    0    2.0000    2.0000    0.0000   016   3.68942667E-01 +-  0.00000000E+00
    0    1    2.0000    2.0000    1.0000   032   3.76651603E-01 +-  0.00000000E+00
    1    1    0.0000    0.0000    0.0000   016   6.13719482E-01 +-  0.00000000E+00
    1    1    1.0000    0.0000    0.0000   032   3.44405197E-01 +-  0.00000000E+00
    1    1    2.0000    0.0000    0.0000   016   3.75529193E-01 +-  0.00000000E+00
    1    1    0.0000    1.0000    0.0000   032   3.44405197E-01 +-  0.00000000E+00
    1    1    1.0000    1.0000    0.0000   064   3.75529193E-01 +-  0.00000000E+00
    1    1    2.0000    1.0000    0.0000   032   3.73656828E-01 +-  0.00000000E+00
    1    1    0.0000    2.0000    0.0000   016   3.75529193E-01 +-  0.00000000E+00
    1    1    1.0000    2.0000    0.0000   032   3.73656828E-01 +-  0.00000000E+00
    1    1    2.0000    2.0000    0.0000   016   3.68942667E-01 +-  0.00000000E+00
============================================================================
 Density-density correlation fn: (up-dn)
    0    0    0.0000    0.0000    0.0000   016   3.76651603E-01 +-  0.00000000E+00
    0    1    0.0000    0.0000    1.0000   032   3.76651603E-01 +-  0.00000000E+00
    0    0    1.0000    0.0000    0.0000   032   3.76651603E-01 +-  0.00000000E+00
    0    1    1.0000    0.0000    1.0000   064   3.76651603E-01 +-  0.00000000E+00
    0    0    2.0000    0.0000    0.0000   016   3.76651603E-01 +-  0.00000000E+00
    0    1    2.0000    0.0000    1.0000   032   3.76651603E-01 +-  0.00000000E+00
    0    0    0.0000    1.0000    0.0000   032   3.76651603E-01 +-  0.00000000E+00
    0    1    0.0000    1.0000    1.0000   064   3.76651603E-01 +-  0.00000000E+00
    0    0    1.0000    1.0000    0.0000   064   3.76651603E-01 +-  0.00000000E+00
    0    1    1.0000    1.0000    1.0000   128   3.76651603E-01 +-  0.00000000E+00
    0    0    2.0000    1.0000    0.0000   032   3.76651603E-01 +-  0.00000000E+00
    0    1    2.0000    1.0000    1.0000   064   3.76651603E-01 +-  0.00000000E+00
    0    0    0.0000    2.0000    0.0000   016   3.76651603E-01 +-  0.00000000E+00
    0    1    0.0000    2.0000    1.0000   032   3.76651603E-01 +-  0.00000000E+00
    0    0    1.0000    2.0000    0.0000   032   3.76651603E-01 +-  0.00000000E+00
    0    1    1.0000    2.0000    1.0000   064   3.76651603E-01 +-  0.00000000E+00
    0    0    2.0000    2.0000    0.0000   016   3.76651603E-01 +-  0.00000000E+00
    0    1    2.0000    2.0000    1.0000   032   3.76651603E-01 +-  0.00000000E+00
    1    1    0.0000    0.0000    0.0000   016   3.76651603E-01 +-  0.00000000E+00
    1    1    1.0000    0.0000    0.0000   032   3.76651603E-01 +-  0.00000000E+00
    1    1    2.0000    0.0000    0.0000   016   3.76651603E-01 +-  0.00000000E+00
    1    1    0.0000    1.0000    0.0000   032   3.76651603E-01 +-  0.00000000E+00
    1    1    1.0000    1.0000    0.0000   064   3.76651603E-01 +-  0.00000000E+00
    1    1    2.0000    1.0000    0.0000   032   3.76651603E-01 +-  0.00000000E+00
    1    1    0.0000    2.0000    0.0000   016   3.76651603E-01 +-  0.00000000E+00
    1    1    1.0000    2.0000    0.0000   032   3.76651603E-01 +-  0.00000000E+00
    1    1    2.0000    2.0000    0.0000   016   3.76651603E-01 +-  0.00000000E+00
============================================================================
 XX Spin correlation function:
    0    0    0.0000    0.0000    0.0000   016   4.74135759E-01 +-  0.00000000E+00
    0    1    0.0000    0.0000    1.0000   032  -1.42794890E-31 +-  0.00000000E+00
    0    0    1.0000    0.0000    0.0000   032  -6.44928118E-02 +-  0.00000000E+00
    0    1    1.0000    0.0000    1.0000   064  -1.44173344E-31 +-  0.00000000E+00
    0    0    2.0000    0.0000    0.0000   016  -2.24481877E-03 +-  0.00000000E+00
    0    1    2.0000    0.0000    1.0000   032  -1.25347525E-31 +-  0.00000000E+00
    0    0    0.0000    1.0000    0.0000   032  -6.44928118E-02 +-  0.00000000E+00
    0    1    0.0000    1.0000    1.0000   064  -1.97822964E-31 +-  0.00000000E+00
    0    0    1.0000    1.0000    0.0000   064  -2.24481877E-03 +-  0.00000000E+00
    0    1    1.0000    1.0000    1.0000   128  -1.32578946E-31 +-  0.00000000E+00
    0    0    2.0000    1.0000    0.0000   032  -5.98955022E-03 +-  0.00000000E+00
    0    1    2.0000    1.0000    1.0000   064  -1.33697813E-31 +-  0.00000000E+00
    0    0    0.0000    2.0000    0.0000   016  -2.24481877E-03 +-  0.00000000E+00
    0    1    0.0000    2.0000    1.0000   032  -9.32615940E-32 +-  0.00000000E+00
    0    0    1.0000    2.0000    0.0000   032  -5.98955022E-03 +-  0.00000000E+00
    0    1    1.0000    2.0000    1.0000   064  -1.86549429E-31 +-  0.00000000E+00
    0    0    2.0000    2.0000    0.0000   016  -1.54178710E-02 +-  0.00000000E+00
    0    1    2.0000    2.0000    1.0000   032  -1.44697563E-31 +-  0.00000000E+00
    1    1    0.0000    0.0000    0.0000   016   4.74135759E-01 +-  0.00000000E+00
    1    1    1.0000    0.0000    0.0000   032  -6.44928118E-02 +-  0.00000000E+00
    1    1    2.0000    0.0000    0.0000   016  -2.24481877E-03 +-  0.00000000E+00
    1    1    0.0000    1.0000    0.0000   032  -6.44928118E-02 +-  0.00000000E+00
    1    1    1.0000    1.0000    0.0000   064  -2.24481877E-03 +-  0.00000000E+00
    1    1    2.0000    1.0000    0.0000   032  -5.98955022E-03 +-  0.00000000E+00
    1    1    0.0000    2.0000    0.0000   016  -2.24481877E-03 +-  0.00000000E+00
    1    1    1.0000    2.0000    0.0000   032  -5.98955022E-03 +-  0.00000000E+00
    1    1    2.0000    2.0000    0.0000   016  -1.54178710E-02 +-  0.00000000E+00
============================================================================
 ZZ Spin correlation function:
    0    0    0.0000    0.0000    0.0000   016   4.74135759E-01 +-  0.00000000E+00
    0    1    0.0000    0.0000    1.0000   032   0.00000000E+00 +-  0.00000000E+00
    0    0    1.0000    0.0000    0.0000   032  -6.44928118E-02 +-  0.00000000E+00
    0    1    1.0000    0.0000    1.0000   064   0.00000000E+00 +-  0.00000000E+00
    0    0    2.0000    0.0000    0.0000   016  -2.24481877E-03 +-  0.00000000E+00
    0    1    2.0000    0.0000    1.0000   032   0.00000000E+00 +-  0.00000000E+00
    0    0    0.0000    1.0000    0.0000   032  -6.44928118E-02 +-  0.00000000E+00
    0    1    0.0000    1.0000    1.0000   064   0.00000000E+00 +-  0.00000000E+00
    0    0    1.0000    1.0000    0.0000   064  -2.24481877E-03 +-  0.00000000E+00
    0    1    1.0000    1.0000    1.0000   128   0.00000000E+00 +-  0.00000000E+00
    0    0    2.0000    1.0000    0.0000   032  -5.98955022E-03 +-  0.00000000E+00
    0    1    2.0000    1.0000    1.0000   064   0.00000000E+00 +-  0.00000000E+00
    0    0    0.0000    2.0000    0.0000   016  -2.24481877E-03 +-  0.00000000E+00
    0    1    0.0000    2.0000    1.0000   032   0.00000000E+00 +-  0.00000000E+00
    0    0    1.0000    2.0000    0.0000   032  -5.98955022E-03 +-  0.00000000E+00
    0    1    1.0000    2.0000    1.0000   064   0.00000000E+00 +-  0.00000000E+00
    0    0    2.0000    2.0000    0.0000   016  -1.54178710E-02 +-  0.00000000E+00
    0    1    2.0000    2.0000    1.0000   032   0.00000000E+00 +-  0.00000000E+00
    1    1    0.0000    0.0000    0.0000   016   4.74135759E-01 +-  0.00000000E+00
    1    1    1.0000    0.0000    0.0000   032  -6.44928118E-02 +-  0.00000000E+00
    1    1    2.0000    0.0000    0.0000   016  -2.24481877E-03 +-  0.00000000E+00
    1    1    0.0000    1.0000    0.0000   032  -6.44928118E-02 +-  0.00000000E+00
    1    1    1.0000    1.0000    0.0000   064  -2.24481877E-03 +-  0.00000000E+00
    1    1    2.0000    1.0000    0.0000   032  -5.98955022E-03 +-  0.00000000E+00
    1    1    0.0000    2.0000    0.0000   016  -2.24481877E-03 +-  0.00000000E+00
    1    1    1.0000    2.0000    0.0000   032  -5.98955022E-03 +-  0.00000000E+00
    1    1    2.0000    2.0000    0.0000   016  -1.54178710E-02 +-  0.00000000E+00
============================================================================
 Average Spin correlation function:
    0    0    0.0000    0.0000    0.0000   016   4.74135759E-01 +-  0.00000000E+00
    0    1    0.0000    0.0000    1.0000   032  -9.51965931E-32 +-  0.00000000E+00
    0    0    1.0000    0.0000    0.0000   032  -6.44928118E-02 +-  0.00000000E+00
    0    1    1.0000    0.0000    1.0000   064  -9.61155626E-32 +-  0.00000000E+00
    0    0    2.0000    0.0000    0.0000   016  -2.24481877E-03 +-  0.00000000E+00
    0    1    2.0000    0.0000    1.0000   032  -8.35650164E-32 +-  0.00000000E+00
    0    0    0.0000    1.0000    0.0000   032  -6.44928118E-02 +-  0.00000000E+00
    0    1    0.0000    1.0000    1.0000   064  -1.31881976E-31 +-  0.00000000E+00
    0    0    1.0000    1.0000    0.0000   064  -2.24481877E-03 +-  0.00000000E+00
    0    1    1.0000    1.0000    1.0000   128  -8.83859641E-32 +-  0.00000000E+00
    0    0    2.0000    1.0000    0.0000   032  -5.98955022E-03 +-  0.00000000E+00
    0    1    2.0000    1.0000    1.0000   064  -8.91318755E-32 +-  0.00000000E+00
    0    0    0.0000    2.0000    0.0000   016  -2.24481877E-03 +-  0.00000000E+00
    0    1    0.0000    2.0000    1.0000   032  -6.21743960E-32 +-  0.00000000E+00
    0    0    1.0000    2.0000    0.0000   032  -5.98955022E-03 +-  0.00000000E+00
    0    1    1.0000    2.0000    1.0000   064  -1.24366286E-31 +-  0.00000000E+00
    0    0    2.0000    2.0000    0.0000   016  -1.54178710E-02 +-  0.00000000E+00
    0    1    2.0000    2.0000    1.0000   032  -9.64650422E-32 +-  0.00000000E+00
    1    1    0.0000    0.0000    0.0000   016   4.74135759E-01 +-  0.00000000E+00
    1    1    1.0000    0.0000    0.0000   032  -6.44928118E-02 +-  0.00000000E+00
    1    1    2.0000    0.0000    0.0000   016  -2.24481877E-03 +-  0.00000000E+00
    1    1    0.0000    1.0000    0.0000   032  -6.44928118E-02 +-  0.00000000E+00
    1    1    1.0000    1.0000    0.0000   064  -2.24481877E-03 +-  0.00000000E+00
    1    1    2.0000    1.0000    0.0000   032  -5.98955022E-03 +-  0.00000000E+00
    1    1    0.0000    2.0000    0.0000   016  -2.24481877E-03 +-  0.00000000E+00
    1    1    1.0000    2.0000    0.0000   032  -5.98955022E-03 +-  0.00000000E+00
    1    1    2.0000    2.0000    0.0000   016  -1.54178710E-02 +-  0.00000000E+00
============================================================================
 S-wave pairing correlation function:
    0    0    0.0000    0.0000    0.0000   016   7.46063192E-02 +-  0.00000000E+00
    0    1    0.0000    0.0000    1.0000   032   3.60666766E-32 +-  0.00000000E+00
    0    0    1.0000    0.0000    0.0000   032   1.61232029E-02 +-  0.00000000E+00
    0    1    1.0000    0.0000    1.0000   064   3.66144285E-32 +-  0.00000000E+00
    0    0    2.0000    0.0000    0.0000   016   5.61204691E-04 +-  0.00000000E+00
    0    1    2.0000    0.0000    1.0000   032   3.18986718E-32 +-  0.00000000E+00
    0    0    0.0000    1.0000    0.0000   032   1.61232029E-02 +-  0.00000000E+00
    0    1    0.0000    1.0000    1.0000   064   5.00933072E-32 +-  0.00000000E+00
    0    0    1.0000    1.0000    0.0000   064   5.61204691E-04 +-  0.00000000E+00
    0    1    1.0000    1.0000    1.0000   128   3.37330656E-32 +-  0.00000000E+00
    0    0    2.0000    1.0000    0.0000   032   1.49738756E-03 +-  0.00000000E+00
    0    1    2.0000    1.0000    1.0000   064   3.42696548E-32 +-  0.00000000E+00
    0    0    0.0000    2.0000    0.0000   016   5.61204691E-04 +-  0.00000000E+00
    0    1    0.0000    2.0000    1.0000   032   2.36364145E-32 +-  0.00000000E+00
    0    0    1.0000    2.0000    0.0000   032   1.49738756E-03 +-  0.00000000E+00
    0    1    1.0000    2.0000    1.0000   064   4.72671672E-32 +-  0.00000000E+00
    0    0    2.0000    2.0000    0.0000   016   3.85446774E-03 +-  0.00000000E+00
    0    1    2.0000    2.0000    1.0000   032   3.66178684E-32 +-  0.00000000E+00
    1    1    0.0000    0.0000    0.0000   016   7.46063192E-02 +-  0.00000000E+00
    1    1    1.0000    0.0000    0.0000   032   1.61232029E-02 +-  0.00000000E+00
    1    1    2.0000    0.0000    0.0000   016   5.61204691E-04 +-  0.00000000E+00
    1    1    0.0000    1.0000    0.0000   032   1.61232029E-02 +-  0.00000000E+00
    1    1    1.0000    1.0000    0.0000   064   5.61204691E-04 +-  0.00000000E+00
    1    1    2.0000    1.0000    0.0000   032   1.49738756E-03 +-  0.00000000E+00
    1    1    0.0000    2.0000    0.0000   016   5.61204691E-04 +-  0.00000000E+00
    1    1    1.0000    2.0000    0.0000   032   1.49738756E-03 +-  0.00000000E+00
    1    1    2.0000    2.0000    0.0000   016   3.85446774E-03 +-  0.00000000E+00
============================================================================
 Grid for Green's function
  K-points
  Class
    1         0.00000   0.00000
 
    2         0.00000  -1.57080
              0.00000   1.57080
 
    3        -1.57080   0.00000
              1.57080   0.00000
 
    4        -1.57080  -1.57080
              1.57080  -1.57080
             -1.57080   1.57080
              1.57080   1.57080
 
    5         0.00000  -3.14159
 
    6        -3.14159   0.00000
 
    7        -1.57080  -3.14159
              1.57080  -3.14159
 
    8        -3.14159  -1.57080
             -3.14159   1.57080
 
    9        -3.14159  -3.14159
 
============================================================================
 Grid for spin/charge correlations
  K-points
  Class
    1         0.00000   0.00000
 
    2         0.00000  -1.57080
              0.00000   1.57080
 
    3        -1.57080   0.00000
              1.57080   0.00000
 
    4        -1.57080  -1.57080
              1.57080  -1.57080
             -1.57080   1.57080
              1.57080   1.57080
 
    5         0.00000  -3.14159
 
    6        -3.14159   0.00000
 
    7        -1.57080  -3.14159
              1.57080  -3.14159
 
    8        -3.14159  -1.57080
             -3.14159   1.57080
 
    9        -3.14159  -3.14159
 
============================================================================
 FT of Ave Equal t Green's function:
    1    0    0                 1.01029194E-04 +-  2.08166817E-17
         1    0                 4.90389946E-20 +-  1.47911420E-31
         1    1                 1.01029194E-04 +-  1.04083409E-17
    2    0    0                 5.48629890E-03 +-  4.16333634E-17
         1    0                 1.63585526E-18 +-  0.00000000E+00
         1    1                 5.48629890E-03 +-  4.16333634E-17
    3    0    0                 5.48629890E-03 +-  0.00000000E+00
         1    0                 1.49512454E-17 +-  1.84889275E-32
         1    1                 5.48629890E-03 +-  2.08166817E-17
    4    0    0                 2.31475217E-01 +-  0.00000000E+00
         1    0                 8.05126812E-17 +-  0.00000000E+00
         1    1                 2.31475217E-01 +-  0.00000000E+00
    5    0    0                 2.31475217E-01 +-  0.00000000E+00
         1    0                -8.23499198E-16 +-  0.00000000E+00
         1    1                 2.31475217E-01 +-  0.00000000E+00
    6    0    0                 2.31475217E-01 +-  0.00000000E+00
         1    0                 6.95421991E-16 +-  0.00000000E+00
         1    1                 2.31475217E-01 +-  8.32667268E-17
    7    0    0                 9.42675824E-01 +-  0.00000000E+00
         1    0                 6.06242731E-17 +-  3.69778549E-32
         1    1                 9.42675824E-01 +-  0.00000000E+00
    8    0    0                 9.42675824E-01 +-  0.00000000E+00
         1    0                -6.00453104E-17 +-  0.00000000E+00
         1    1                 9.42675824E-01 +-  0.00000000E+00
    9    0    0                 9.98887464E-01 +-  0.00000000E+00
         1    0                 2.36120939E-18 +-  1.38666956E-31
         1    1                 9.98887464E-01 +-  0.00000000E+00
============================================================================
 FT of Up Equal t Green's function:
    1    0    0                 1.01029194E-04 +-  2.08166817E-17
         1    0                 4.90389946E-20 +-  1.47911420E-31
         1    1                 1.01029194E-04 +-  1.04083409E-17
    2    0    0                 5.48629890E-03 +-  4.16333634E-17
         1    0                 1.63585526E-18 +-  0.00000000E+00
         1    1                 5.48629890E-03 +-  4.16333634E-17
    3    0    0                 5.48629890E-03 +-  0.00000000E+00
         1    0                 1.49512454E-17 +-  1.84889275E-32
         1    1                 5.48629890E-03 +-  2.08166817E-17
    4    0    0                 2.31475217E-01 +-  0.00000000E+00
         1    0                 8.05126812E-17 +-  0.00000000E+00
         1    1                 2.31475217E-01 +-  0.00000000E+00
    5    0    0                 2.31475217E-01 +-  0.00000000E+00
         1    0                -8.23499198E-16 +-  0.00000000E+00
         1    1                 2.31475217E-01 +-  0.00000000E+00
    6    0    0                 2.31475217E-01 +-  0.00000000E+00
         1    0                 6.95421991E-16 +-  0.00000000E+00
         1    1                 2.31475217E-01 +-  8.32667268E-17
    7    0    0                 9.42675824E-01 +-  0.00000000E+00
         1    0                 6.06242731E-17 +-  3.69778549E-32
         1    1                 9.42675824E-01 +-  0.00000000E+00
    8    0    0                 9.42675824E-01 +-  0.00000000E+00
         1    0                -6.00453104E-17 +-  0.00000000E+00
         1    1                 9.42675824E-01 +-  0.00000000E+00
    9    0    0                 9.98887464E-01 +-  0.00000000E+00
         1    0                 2.36120939E-18 +-  1.38666956E-31
         1    1                 9.98887464E-01 +-  0.00000000E+00
============================================================================
 FT of Dn Equal t Green's function:
    1    0    0                 1.01029194E-04 +-  2.08166817E-17
         1    0                 4.90389946E-20 +-  1.47911420E-31
         1    1                 1.01029194E-04 +-  1.04083409E-17
    2    0    0                 5.48629890E-03 +-  4.16333634E-17
         1    0                 1.63585526E-18 +-  0.00000000E+00
         1    1                 5.48629890E-03 +-  4.16333634E-17
    3    0    0                 5.48629890E-03 +-  0.00000000E+00
         1    0                 1.49512454E-17 +-  1.84889275E-32
         1    1                 5.48629890E-03 +-  2.08166817E-17
    4    0    0                 2.31475217E-01 +-  0.00000000E+00
         1    0                 8.05126812E-17 +-  0.00000000E+00
         1    1                 2.31475217E-01 +-  0.00000000E+00
    5    0    0                 2.31475217E-01 +-  0.00000000E+00
         1    0                -8.23499198E-16 +-  0.00000000E+00
         1    1                 2.31475217E-01 +-  0.00000000E+00
    6    0    0                 2.31475217E-01 +-  0.00000000E+00
         1    0                 6.95421991E-16 +-  0.00000000E+00
         1    1                 2.31475217E-01 +-  8.32667268E-17
    7    0    0                 9.42675824E-01 +-  0.00000000E+00
         1    0                 6.06242731E-17 +-  3.69778549E-32
         1    1                 9.42675824E-01 +-  0.00000000E+00
    8    0    0                 9.42675824E-01 +-  0.00000000E+00
         1    0                -6.00453104E-17 +-  0.00000000E+00
         1    1                 9.42675824E-01 +-  0.00000000E+00
    9    0    0                 9.98887464E-01 +-  0.00000000E+00
         1    0                 2.36120939E-18 +-  1.38666956E-31
         1    1                 9.98887464E-01 +-  0.00000000E+00
============================================================================
 FT of Density-density correlation fn: (up-up)
    1    0    0                 6.10808541E+00 +-  0.00000000E+00
         1    0                 6.02642565E+00 +-  0.00000000E+00
         1    1                 6.10808541E+00 +-  0.00000000E+00
    2    0    0                 1.86273553E-01 +-  0.00000000E+00
         1    0                -7.63278329E-17 +-  0.00000000E+00
         1    1                 1.86273553E-01 +-  0.00000000E+00
    3    0    0                 1.86273553E-01 +-  0.00000000E+00
         1    0                -1.11022302E-16 +-  0.00000000E+00
         1    1                 1.86273553E-01 +-  0.00000000E+00
    4    0    0                 2.31603763E-01 +-  0.00000000E+00
         1    0                -4.85722573E-17 +-  0.00000000E+00
         1    1                 2.31603763E-01 +-  0.00000000E+00
    5    0    0                 2.31603763E-01 +-  0.00000000E+00
         1    0                 1.93595140E-15 +-  0.00000000E+00
         1    1                 2.31603763E-01 +-  0.00000000E+00
    6    0    0                 2.31603763E-01 +-  0.00000000E+00
         1    0                 1.99840144E-15 +-  0.00000000E+00
         1    1                 2.31603763E-01 +-  0.00000000E+00
    7    0    0                 3.03280076E-01 +-  0.00000000E+00
         1    0                -4.85722573E-17 +-  0.00000000E+00
         1    1                 3.03280076E-01 +-  0.00000000E+00
    8    0    0                 3.03280076E-01 +-  0.00000000E+00
         1    0                 0.00000000E+00 +-  0.00000000E+00
         1    1                 3.03280076E-01 +-  0.00000000E+00
    9    0    0                 3.63589212E-01 +-  0.00000000E+00
         1    0                -1.99840144E-15 +-  0.00000000E+00
         1    1                 3.63589212E-01 +-  0.00000000E+00
============================================================================
 FT of Density-density correlation fn: (up-dn)
    1    0    0                 6.02642565E+00 +-  0.00000000E+00
         1    0                 6.02642565E+00 +-  0.00000000E+00
         1    1                 6.02642565E+00 +-  0.00000000E+00
    2    0    0                -7.63278329E-17 +-  0.00000000E+00
         1    0                -7.63278329E-17 +-  0.00000000E+00
         1    1                -3.78169718E-16 +-  1.76941795E-16
    3    0    0                -1.11022302E-16 +-  0.00000000E+00
         1    0                -1.11022302E-16 +-  0.00000000E+00
         1    1                -2.22044605E-16 +-  1.66533454E-16
    4    0    0                -4.85722573E-17 +-  0.00000000E+00
         1    0                -4.85722573E-17 +-  0.00000000E+00
         1    1                -1.59594560E-16 +-  1.66533454E-16
    5    0    0                -6.93889390E-18 +-  0.00000000E+00
         1    0                -6.93889390E-18 +-  0.00000000E+00
         1    1                -3.22658567E-16 +-  1.04083409E-17
    6    0    0                 0.00000000E+00 +-  0.00000000E+00
         1    0                 0.00000000E+00 +-  0.00000000E+00
         1    1                 0.00000000E+00 +-  1.66533454E-16
    7    0    0                -4.85722573E-17 +-  0.00000000E+00
         1    0                -4.85722573E-17 +-  0.00000000E+00
         1    1                -1.59594560E-16 +-  1.66533454E-16
    8    0    0                 0.00000000E+00 +-  0.00000000E+00
         1    0                 0.00000000E+00 +-  0.00000000E+00
         1    1                 0.00000000E+00 +-  1.66533454E-16
    9    0    0                 0.00000000E+00 +-  0.00000000E+00
         1    0                 0.00000000E+00 +-  0.00000000E+00
         1    1                 0.00000000E+00 +-  1.66533454E-16
============================================================================
 FT of XX spin correlation fn:
    1    0    0                 1.63319527E-01 +-  0.00000000E+00
         1    0                -2.36090446E-30 +-  0.00000000E+00
         1    1                 1.63319527E-01 +-  0.00000000E+00
    2    0    0                 3.72547107E-01 +-  0.00000000E+00
         1    0                 5.45689137E-32 +-  9.85287983E-47
         1    1                 3.72547107E-01 +-  0.00000000E+00
    3    0    0                 3.72547107E-01 +-  0.00000000E+00
         1    0                -9.42616969E-32 +-  6.56858655E-47
         1    1                 3.72547107E-01 +-  0.00000000E+00
    4    0    0                 4.63207525E-01 +-  0.00000000E+00
         1    0                -6.88833344E-32 +-  3.28429328E-47
         1    1                 4.63207525E-01 +-  0.00000000E+00
    5    0    0                 4.63207525E-01 +-  0.00000000E+00
         1    0                 2.58102212E-32 +-  5.25486924E-46
         1    1                 4.63207525E-01 +-  0.00000000E+00
    6    0    0                 4.63207525E-01 +-  0.00000000E+00
         1    0                 2.26182046E-32 +-  1.31371731E-46
         1    1                 4.63207525E-01 +-  0.00000000E+00
    7    0    0                 6.06560153E-01 +-  0.00000000E+00
         1    0                 1.62238905E-31 +-  4.59801059E-46
         1    1                 6.06560153E-01 +-  0.00000000E+00
    8    0    0                 6.06560153E-01 +-  0.00000000E+00
         1    0                -1.14935427E-31 +-  6.56858655E-47
         1    1                 6.06560153E-01 +-  0.00000000E+00
    9    0    0                 7.27178423E-01 +-  0.00000000E+00
         1    0                 2.88069744E-31 +-  0.00000000E+00
         1    1                 7.27178423E-01 +-  0.00000000E+00
============================================================================
 FT of ZZ spin correlation fn:
    1    0    0                 1.63319527E-01 +-  0.00000000E+00
         1    0                 0.00000000E+00 +-  0.00000000E+00
         1    1                 1.63319527E-01 +-  0.00000000E+00
    2    0    0                 3.72547107E-01 +-  0.00000000E+00
         1    0                 0.00000000E+00 +-  0.00000000E+00
         1    1                 3.72547107E-01 +-  0.00000000E+00
    3    0    0                 3.72547107E-01 +-  0.00000000E+00
         1    0                 0.00000000E+00 +-  0.00000000E+00
         1    1                 3.72547107E-01 +-  0.00000000E+00
    4    0    0                 4.63207525E-01 +-  0.00000000E+00
         1    0                 0.00000000E+00 +-  0.00000000E+00
         1    1                 4.63207525E-01 +-  0.00000000E+00
    5    0    0                 4.63207525E-01 +-  0.00000000E+00
         1    0                 0.00000000E+00 +-  0.00000000E+00
         1    1                 4.63207525E-01 +-  0.00000000E+00
    6    0    0                 4.63207525E-01 +-  0.00000000E+00
         1    0                 0.00000000E+00 +-  0.00000000E+00
         1    1                 4.63207525E-01 +-  0.00000000E+00
    7    0    0                 6.06560153E-01 +-  0.00000000E+00
         1    0                 0.00000000E+00 +-  0.00000000E+00
         1    1                 6.06560153E-01 +-  0.00000000E+00
    8    0    0                 6.06560153E-01 +-  0.00000000E+00
         1    0                 0.00000000E+00 +-  0.00000000E+00
         1    1                 6.06560153E-01 +-  0.00000000E+00
    9    0    0                 7.27178423E-01 +-  0.00000000E+00
         1    0                 0.00000000E+00 +-  0.00000000E+00
         1    1                 7.27178423E-01 +-  0.00000000E+00
============================================================================
 FT of Average spin correlation fn:
    1    0    0                 1.63319527E-01 +-  3.33066907E-16
         1    0                -1.57393630E-30 +-  0.00000000E+00
         1    1                 1.63319527E-01 +-  2.49800181E-16
    2    0    0                 3.72547107E-01 +-  1.66533454E-16
         1    0                 3.63792758E-32 +-  1.64214664E-46
         1    1                 3.72547107E-01 +-  0.00000000E+00
    3    0    0                 3.72547107E-01 +-  3.33066907E-16
         1    0                -6.28411313E-32 +-  2.29900529E-46
         1    1                 3.72547107E-01 +-  3.33066907E-16
    4    0    0                 4.63207525E-01 +-  1.66533454E-16
         1    0                -4.59222230E-32 +-  1.64214664E-47
         1    1                 4.63207525E-01 +-  1.66533454E-16
    5    0    0                 4.63207525E-01 +-  1.66533454E-16
         1    0                 1.72068141E-32 +-  1.64214664E-46
         1    1                 4.63207525E-01 +-  0.00000000E+00
    6    0    0                 4.63207525E-01 +-  0.00000000E+00
         1    0                 1.50788031E-32 +-  1.64214664E-47
         1    1                 4.63207525E-01 +-  1.66533454E-16
    7    0    0                 6.06560153E-01 +-  3.33066907E-16
         1    0                 1.08159270E-31 +-  6.56858655E-47
         1    1                 6.06560153E-01 +-  3.33066907E-16
    8    0    0                 6.06560153E-01 +-  0.00000000E+00
         1    0                -7.66236183E-32 +-  6.56858655E-47
         1    1                 6.06560153E-01 +-  0.00000000E+00
    9    0    0                 7.27178423E-01 +-  0.00000000E+00
         1    0                 1.92046496E-31 +-  1.31371731E-46
         1    1                 7.27178423E-01 +-  0.00000000E+00
============================================================================
 FT of Pairing correlation fn:
    1    0    0                 1.52310377E-01 +-  0.00000000E+00
         1    0                 5.99641009E-31 +-  0.00000000E+00
         1    1                 1.52310377E-01 +-  0.00000000E+00
    2    0    0                 1.00003482E-01 +-  0.00000000E+00
         1    0                -1.35944120E-32 +-  3.28429328E-47
         1    1                 1.00003482E-01 +-  0.00000000E+00
    3    0    0                 1.00003482E-01 +-  0.00000000E+00
         1    0                 2.28338559E-32 +-  8.21073319E-48
         1    1                 1.00003482E-01 +-  0.00000000E+00
    4    0    0                 7.73383776E-02 +-  0.00000000E+00
         1    0                 1.71494588E-32 +-  0.00000000E+00
         1    1                 7.73383776E-02 +-  0.00000000E+00
    5    0    0                 7.73383776E-02 +-  0.00000000E+00
         1    0                -7.67536349E-33 +-  4.10536659E-47
         1    1                 7.73383776E-02 +-  0.00000000E+00
    6    0    0                 7.73383776E-02 +-  0.00000000E+00
         1    0                -5.74989856E-33 +-  2.46321996E-47
         1    1                 7.73383776E-02 +-  0.00000000E+00
    7    0    0                 4.15002207E-02 +-  0.00000000E+00
         1    0                -4.04607540E-32 +-  0.00000000E+00
         1    1                 4.15002207E-02 +-  0.00000000E+00
    8    0    0                 4.15002207E-02 +-  0.00000000E+00
         1    0                 2.90165430E-32 +-  1.64214664E-47
         1    1                 4.15002207E-02 +-  0.00000000E+00
    9    0    0                 1.13456531E-02 +-  0.00000000E+00
         1    0                -7.33372219E-32 +-  0.00000000E+00
         1    1                 1.13456531E-02 +-  0.00000000E+00
============================================================================
 Eigenvalues of Ave Equal t Green's function:
    1    1                      1.01029194E-04 +-  1.03270257E-17
         2                      1.01029194E-04 +-  2.08979969E-17
    2    1                      5.48629890E-03 +-  4.16333634E-17
         2                      5.48629890E-03 +-  4.16333634E-17
    3    1                      5.48629890E-03 +-  2.60208521E-18
         2                      5.48629890E-03 +-  3.64291930E-17
    4    1                      2.31475217E-01 +-  0.00000000E+00
         2                      2.31475217E-01 +-  8.32667268E-17
    5    1                      2.31475217E-01 +-  2.33146835E-15
         2                      2.31475217E-01 +-  2.24820162E-15
    6    1                      2.31475217E-01 +-  1.24900090E-15
         2                      2.31475217E-01 +-  1.24900090E-15
    7    1                      9.42675824E-01 +-  0.00000000E+00
         2                      9.42675824E-01 +-  0.00000000E+00
    8    1                      9.42675824E-01 +-  0.00000000E+00
         2                      9.42675824E-01 +-  0.00000000E+00
    9    1                      9.98887464E-01 +-  0.00000000E+00
         2                      9.98887464E-01 +-  0.00000000E+00
============================================================================
 Eigenvalues of Up Equal t Green's function:
    1    1                      1.01029194E-04 +-  1.03270257E-17
         2                      1.01029194E-04 +-  2.08979969E-17
    2    1                      5.48629890E-03 +-  4.16333634E-17
         2                      5.48629890E-03 +-  4.16333634E-17
    3    1                      5.48629890E-03 +-  2.60208521E-18
         2                      5.48629890E-03 +-  3.64291930E-17
    4    1                      2.31475217E-01 +-  0.00000000E+00
         2                      2.31475217E-01 +-  8.32667268E-17
    5    1                      2.31475217E-01 +-  2.33146835E-15
         2                      2.31475217E-01 +-  2.24820162E-15
    6    1                      2.31475217E-01 +-  1.24900090E-15
         2                      2.31475217E-01 +-  1.24900090E-15
    7    1                      9.42675824E-01 +-  0.00000000E+00
         2                      9.42675824E-01 +-  0.00000000E+00
    8    1                      9.42675824E-01 +-  0.00000000E+00
         2                      9.42675824E-01 +-  0.00000000E+00
    9    1                      9.98887464E-01 +-  0.00000000E+00
         2                      9.98887464E-01 +-  0.00000000E+00
============================================================================
 Eigenvalues of Dn Equal t Green's function:
    1    1                      1.01029194E-04 +-  1.03270257E-17
         2                      1.01029194E-04 +-  2.08979969E-17
    2    1                      5.48629890E-03 +-  4.16333634E-17
         2                      5.48629890E-03 +-  4.16333634E-17
    3    1                      5.48629890E-03 +-  2.60208521E-18
         2                      5.48629890E-03 +-  3.64291930E-17
    4    1                      2.31475217E-01 +-  0.00000000E+00
         2                      2.31475217E-01 +-  8.32667268E-17
    5    1                      2.31475217E-01 +-  2.33146835E-15
         2                      2.31475217E-01 +-  2.24820162E-15
    6    1                      2.31475217E-01 +-  1.24900090E-15
         2                      2.31475217E-01 +-  1.24900090E-15
    7    1                      9.42675824E-01 +-  0.00000000E+00
         2                      9.42675824E-01 +-  0.00000000E+00
    8    1                      9.42675824E-01 +-  0.00000000E+00
         2                      9.42675824E-01 +-  0.00000000E+00
    9    1                      9.98887464E-01 +-  0.00000000E+00
         2                      9.98887464E-01 +-  0.00000000E+00
============================================================================
 Eigenvalues of Density-density correlation fn: (up-up)
    1    1                      8.16597636E-02 +-  9.03963847E+00
         2                      1.21345111E+01 +-  9.03963847E+00
    2    1                      1.86273553E-01 +-  1.45001203E-05
         2                      1.86273553E-01 +-  2.03886883E-02
    3    1                      1.86273553E-01 +-  3.33066907E-16
         2                      1.86273553E-01 +-  8.32667268E-17
    4    1                      2.31603763E-01 +-  2.49800181E-16
         2                      2.31603763E-01 +-  0.00000000E+00
    5    1                      2.31603763E-01 +-  6.99440506E-15
         2                      2.31603763E-01 +-  7.16093851E-15
    6    1                      2.31603763E-01 +-  7.57727214E-15
         2                      2.31603763E-01 +-  7.24420524E-15
    7    1                      3.03280076E-01 +-  1.66533454E-16
         2                      3.03280076E-01 +-  1.66533454E-16
    8    1                      3.03280076E-01 +-  1.81968046E+00
         2                      3.03280076E-01 +-  0.00000000E+00
    9    1                      3.63589212E-01 +-  7.16093851E-15
         2                      3.63589212E-01 +-  7.32747196E-15
============================================================================
 Eigenvalues of Density-density correlation fn: (up-dn)
    1    1                      0.00000000E+00 +-  9.03963847E+00
         2                      1.20528513E+01 +-  9.03963847E+00
    2    1                     -3.96515480E-16 +-  8.93148518E-18
         2                     -5.79820710E-17 +-  1.64374084E-16
    3    1                     -2.90660161E-16 +-  2.84473100E-17
         2                     -4.24067460E-17 +-  1.94980764E-16
    4    1                     -1.77844863E-16 +-  9.79537420E-17
         2                     -3.03219546E-17 +-  6.85797117E-17
    5    1                     -3.22810996E-16 +-  9.03211612E-18
         2                     -6.78646433E-18 +-  1.37622473E-18
    6    1                     -1.15555797E-33 +-  8.32667268E-17
         2                      1.15555797E-33 +-  8.32667268E-17
    7    1                     -1.77844863E-16 +-  9.79537420E-17
         2                     -3.03219546E-17 +-  6.85797117E-17
    8    1                     -1.17307916E-18 +-  8.67859643E-17
         2                      1.17307916E-18 +-  7.97474894E-17
    9    1                     -6.93334780E-33 +-  8.32667268E-17
         2                      6.93334780E-33 +-  8.32667268E-17
============================================================================
 Eigenvalues of XX spin correlation fn:
    1    1                      1.63319527E-01 +-  0.00000000E+00
         2                      1.63319527E-01 +-  0.00000000E+00
    2    1                      3.72547107E-01 +-  0.00000000E+00
         2                      3.72547107E-01 +-  0.00000000E+00
    3    1                      3.72547107E-01 +-  0.00000000E+00
         2                      3.72547107E-01 +-  0.00000000E+00
    4    1                      4.63207525E-01 +-  0.00000000E+00
         2                      4.63207525E-01 +-  0.00000000E+00
    5    1                      4.63207525E-01 +-  0.00000000E+00
         2                      4.63207525E-01 +-  0.00000000E+00
    6    1                      4.63207525E-01 +-  0.00000000E+00
         2                      4.63207525E-01 +-  0.00000000E+00
    7    1                      6.06560153E-01 +-  0.00000000E+00
         2                      6.06560153E-01 +-  0.00000000E+00
    8    1                      6.06560153E-01 +-  0.00000000E+00
         2                      6.06560153E-01 +-  0.00000000E+00
    9    1                      7.27178423E-01 +-  0.00000000E+00
         2                      7.27178423E-01 +-  0.00000000E+00
============================================================================
 Eigenvalues of ZZ spin correlation fn:
    1    1                      1.63319527E-01 +-  0.00000000E+00
         2                      1.63319527E-01 +-  0.00000000E+00
    2    1                      3.72547107E-01 +-  0.00000000E+00
         2                      3.72547107E-01 +-  0.00000000E+00
    3    1                      3.72547107E-01 +-  0.00000000E+00
         2                      3.72547107E-01 +-  0.00000000E+00
    4    1                      4.63207525E-01 +-  0.00000000E+00
         2                      4.63207525E-01 +-  0.00000000E+00
    5    1                      4.63207525E-01 +-  0.00000000E+00
         2                      4.63207525E-01 +-  0.00000000E+00
    6    1                      4.63207525E-01 +-  0.00000000E+00
         2                      4.63207525E-01 +-  0.00000000E+00
    7    1                      6.06560153E-01 +-  0.00000000E+00
         2                      6.06560153E-01 +-  0.00000000E+00
    8    1                      6.06560153E-01 +-  0.00000000E+00
         2                      6.06560153E-01 +-  0.00000000E+00
    9    1                      7.27178423E-01 +-  0.00000000E+00
         2                      7.27178423E-01 +-  0.00000000E+00
============================================================================
 Eigenvalues of Average spin correlation fn:
    1    1                      1.63319527E-01 +-  3.33066907E-16
         2                      1.63319527E-01 +-  2.49800181E-16
    2    1                      3.72547107E-01 +-  1.66533454E-16
         2                      3.72547107E-01 +-  0.00000000E+00
    3    1                      3.72547107E-01 +-  3.33066907E-16
         2                      3.72547107E-01 +-  3.33066907E-16
    4    1                      4.63207525E-01 +-  1.66533454E-16
         2                      4.63207525E-01 +-  1.66533454E-16
    5    1                      4.63207525E-01 +-  0.00000000E+00
         2                      4.63207525E-01 +-  1.66533454E-16
    6    1                      4.63207525E-01 +-  1.66533454E-16
         2                      4.63207525E-01 +-  0.00000000E+00
    7    1                      6.06560153E-01 +-  3.33066907E-16
         2                      6.06560153E-01 +-  3.33066907E-16
    8    1                      6.06560153E-01 +-  0.00000000E+00
         2                      6.06560153E-01 +-  0.00000000E+00
    9    1                      7.27178423E-01 +-  0.00000000E+00
         2                      7.27178423E-01 +-  0.00000000E+00
============================================================================
 Eigenvalues of Pairing correlation fn:
    1    1                      1.52310377E-01 +-  0.00000000E+00
         2                      1.52310377E-01 +-  0.00000000E+00
    2    1                      1.00003482E-01 +-  0.00000000E+00
         2                      1.00003482E-01 +-  0.00000000E+00
    3    1                      1.00003482E-01 +-  0.00000000E+00
         2                      1.00003482E-01 +-  0.00000000E+00
    4    1                      7.73383776E-02 +-  0.00000000E+00
         2                      7.73383776E-02 +-  0.00000000E+00
    5    1                      7.73383776E-02 +-  0.00000000E+00
         2                      7.73383776E-02 +-  0.00000000E+00
    6    1                      7.73383776E-02 +-  0.00000000E+00
         2                      7.73383776E-02 +-  0.00000000E+00
    7    1                      4.15002207E-02 +-  0.00000000E+00
         2                      4.15002207E-02 +-  0.00000000E+00
    8    1                      4.15002207E-02 +-  0.00000000E+00
         2                      4.15002207E-02 +-  0.00000000E+00
    9    1                      1.13456531E-02 +-  0.00000000E+00
         2                      1.13456531E-02 +-  0.00000000E+00
============================================================================
 Eigenmodes of Ave Equal t Green's function (Natural orbitals):
                        1                          2
   1    1  (  0.000079 +i  0.000000)  ( -1.000000 +i  0.000000) 
        2  ( -1.000000 +i  0.000000)  ( -0.000079 +i  0.000000) 
   2    1  ( -0.005125 +i  0.000000)  (  0.999987 +i  0.000000) 
        2  ( -0.999987 +i  0.000000)  ( -0.005125 +i -0.000000) 
   3    1  ( -0.997955 +i  0.000000)  (  0.063925 +i -0.000000) 
        2  ( -0.063925 +i  0.000000)  ( -0.997955 +i  0.000000) 
   4    1  (  0.105630 +i  0.000000)  ( -0.994406 +i  0.000000) 
        2  ( -0.994406 +i  0.000000)  ( -0.105630 +i  0.000000) 
   5    1  ( -0.945570 +i  0.000000)  ( -0.325420 +i -0.000000) 
        2  (  0.325420 +i  0.000000)  ( -0.945570 +i -0.000000) 
   6    1  ( -0.980209 +i  0.000000)  (  0.197963 +i -0.000000) 
        2  ( -0.197963 +i  0.000000)  ( -0.980209 +i  0.000000) 
   7    1  (  0.000000 +i  0.000000)  (  1.000000 +i  0.000000) 
        2  (  1.000000 +i  0.000000)  (  0.000000 +i  0.000000) 
   8    1  (  0.000000 +i  0.000000)  ( -1.000000 +i -0.000000) 
        2  (  1.000000 +i  0.000000)  (  0.000000 +i  0.000000) 
   9    1  (  1.000000 +i  0.000000)  (  0.000000 +i  0.000000) 
        2  (  0.000000 +i  0.000000)  ( -1.000000 +i  0.000000) 
============================================================================
 Eigenmodes of Up Equal t Green's function (Natural orbitals):
                        1                          2
   1    1  (  0.000079 +i  0.000000)  ( -1.000000 +i  0.000000) 
        2  ( -1.000000 +i  0.000000)  ( -0.000079 +i  0.000000) 
   2    1  ( -0.005125 +i  0.000000)  (  0.999987 +i  0.000000) 
        2  ( -0.999987 +i  0.000000)  ( -0.005125 +i -0.000000) 
   3    1  ( -0.997955 +i  0.000000)  (  0.063925 +i -0.000000) 
        2  ( -0.063925 +i  0.000000)  ( -0.997955 +i  0.000000) 
   4    1  (  0.105630 +i  0.000000)  ( -0.994406 +i  0.000000) 
        2  ( -0.994406 +i  0.000000)  ( -0.105630 +i  0.000000) 
   5    1  ( -0.945570 +i  0.000000)  ( -0.325420 +i -0.000000) 
        2  (  0.325420 +i  0.000000)  ( -0.945570 +i -0.000000) 
   6    1  ( -0.980209 +i  0.000000)  (  0.197963 +i -0.000000) 
        2  ( -0.197963 +i  0.000000)  ( -0.980209 +i  0.000000) 
   7    1  (  0.000000 +i  0.000000)  (  1.000000 +i  0.000000) 
        2  (  1.000000 +i  0.000000)  (  0.000000 +i  0.000000) 
   8    1  (  0.000000 +i  0.000000)  ( -1.000000 +i -0.000000) 
        2  (  1.000000 +i  0.000000)  (  0.000000 +i  0.000000) 
   9    1  (  1.000000 +i  0.000000)  (  0.000000 +i  0.000000) 
        2  (  0.000000 +i  0.000000)  ( -1.000000 +i  0.000000) 
============================================================================
 Eigenmodes of Down Equal t Green's function (Natural orbitals):
                        1                          2
   1    1  (  0.000079 +i  0.000000)  ( -1.000000 +i  0.000000) 
        2  ( -1.000000 +i  0.000000)  ( -0.000079 +i  0.000000) 
   2    1  ( -0.005125 +i  0.000000)  (  0.999987 +i  0.000000) 
        2  ( -0.999987 +i  0.000000)  ( -0.005125 +i -0.000000) 
   3    1  ( -0.997955 +i  0.000000)  (  0.063925 +i -0.000000) 
        2  ( -0.063925 +i  0.000000)  ( -0.997955 +i  0.000000) 
   4    1  (  0.105630 +i  0.000000)  ( -0.994406 +i  0.000000) 
        2  ( -0.994406 +i  0.000000)  ( -0.105630 +i  0.000000) 
   5    1  ( -0.945570 +i  0.000000)  ( -0.325420 +i -0.000000) 
        2  (  0.325420 +i  0.000000)  ( -0.945570 +i -0.000000) 
   6    1  ( -0.980209 +i  0.000000)  (  0.197963 +i -0.000000) 
        2  ( -0.197963 +i  0.000000)  ( -0.980209 +i  0.000000) 
   7    1  (  0.000000 +i  0.000000)  (  1.000000 +i  0.000000) 
        2  (  1.000000 +i  0.000000)  (  0.000000 +i  0.000000) 
   8    1  (  0.000000 +i  0.000000)  ( -1.000000 +i -0.000000) 
        2  (  1.000000 +i  0.000000)  (  0.000000 +i  0.000000) 
   9    1  (  1.000000 +i  0.000000)  (  0.000000 +i  0.000000) 
        2  (  0.000000 +i  0.000000)  ( -1.000000 +i  0.000000) 
============================================================================
 Eigenmodes of Density-density correlation fn: (up-up)
                        1                          2
   1    1  (  0.707107 +i  0.000000)  ( -0.707107 +i  0.000000) 
        2  ( -0.707107 +i  0.000000)  ( -0.707107 +i  0.000000) 
   2    1  ( -0.999645 +i  0.000000)  ( -0.026414 +i  0.003602) 
        2  (  0.026659 +i  0.000000)  ( -0.990478 +i  0.135065) 
   3    1  ( -0.749678 +i  0.000000)  ( -0.661803 +i  0.000000) 
        2  ( -0.661803 +i  0.000000)  (  0.749678 +i  0.000000) 
   4    1  ( -0.798349 +i  0.000000)  ( -0.602196 +i  0.000000) 
        2  ( -0.602196 +i  0.000000)  (  0.798349 +i  0.000000) 
   5    1  ( -0.456829 +i  0.000000)  (  0.889555 +i  0.000000) 
        2  ( -0.889555 +i  0.000000)  ( -0.456829 +i -0.000000) 
   6    1  ( -0.883919 +i  0.000000)  (  0.467641 +i -0.000000) 
        2  ( -0.467641 +i  0.000000)  ( -0.883919 +i  0.000000) 
   7    1  ( -0.351727 +i  0.000000)  ( -0.936103 +i  0.000000) 
        2  ( -0.936103 +i  0.000000)  (  0.351727 +i  0.000000) 
   8    1  (  0.000000 +i  0.000000)  (  0.000000 +i -1.000000) 
        2  (  1.000000 +i  0.000000)  (  0.000000 +i  0.000000) 
   9    1  ( -0.894427 +i  0.000000)  ( -0.447214 +i  0.000000) 
        2  (  0.447214 +i  0.000000)  ( -0.894427 +i  0.000000) 
============================================================================
 Eigenmodes of Density-density correlation fn: (up-dn)
                        1                          2
   1    1  ( -0.707107 +i  0.000000)  (  0.707107 +i  0.000000) 
        2  (  0.707107 +i  0.000000)  (  0.707107 +i  0.000000) 
   2    1  ( -0.232791 +i  0.000000)  ( -0.968533 +i -0.088048) 
        2  ( -0.972527 +i  0.000000)  (  0.231835 +i  0.021076) 
   3    1  (  0.525731 +i  0.000000)  (  0.850651 +i  0.000000) 
        2  ( -0.850651 +i  0.000000)  (  0.525731 +i  0.000000) 
   4    1  (  0.351727 +i  0.000000)  (  0.936103 +i  0.000000) 
        2  ( -0.936103 +i  0.000000)  (  0.351727 +i  0.000000) 
   5    1  ( -0.021962 +i  0.000000)  ( -0.999759 +i  0.000000) 
        2  ( -0.999759 +i  0.000000)  (  0.021962 +i -0.000000) 
   6    1  ( -0.707107 +i  0.000000)  (  0.000000 +i  0.707107) 
        2  ( -0.707107 +i  0.000000)  (  0.000000 +i -0.707107) 
   7    1  (  0.351727 +i  0.000000)  (  0.936103 +i  0.000000) 
        2  ( -0.936103 +i  0.000000)  (  0.351727 +i  0.000000) 
   8    1  ( -0.707107 +i  0.000000)  (  0.000000 +i  0.707107) 
        2  ( -0.707107 +i  0.000000)  (  0.000000 +i -0.707107) 
   9    1  ( -0.707107 +i  0.000000)  (  0.000000 +i  0.707107) 
        2  ( -0.707107 +i  0.000000)  (  0.000000 +i -0.707107) 
============================================================================
 Eigenmodes of XX-Spin correlation fn: 
                        1                          2
   1    1  (  1.000000 +i  0.000000)  (  0.000000 +i  0.000000) 
        2  (  0.000000 +i  0.000000)  (  1.000000 +i  0.000000) 
   2    1  (  1.000000 +i  0.000000)  (  0.000000 +i  0.000000) 
        2  (  0.000000 +i  0.000000)  ( -1.000000 +i -0.000000) 
   3    1  (  0.000000 +i  0.000000)  (  1.000000 +i  0.000000) 
        2  (  1.000000 +i  0.000000)  (  0.000000 +i  0.000000) 
   4    1  (  1.000000 +i  0.000000)  (  0.000000 +i  0.000000) 
        2  (  0.000000 +i  0.000000)  ( -1.000000 +i -0.000000) 
   5    1  (  1.000000 +i  0.000000)  (  0.000000 +i  0.000000) 
        2  (  0.000000 +i  0.000000)  ( -1.000000 +i -0.000000) 
   6    1  (  0.000000 +i  0.000000)  ( -1.000000 +i  0.000000) 
        2  (  1.000000 +i  0.000000)  (  0.000000 +i  0.000000) 
   7    1  (  1.000000 +i  0.000000)  (  0.000000 +i  0.000000) 
        2  (  0.000000 +i  0.000000)  (  1.000000 +i  0.000000) 
   8    1  (  0.000000 +i  0.000000)  ( -1.000000 +i -0.000000) 
        2  (  1.000000 +i  0.000000)  (  0.000000 +i  0.000000) 
   9    1  (  0.000000 +i  0.000000)  ( -1.000000 +i  0.000000) 
        2  (  1.000000 +i  0.000000)  (  0.000000 +i  0.000000) 
============================================================================
 Eigenmodes of ZZ-Spin correlation fn: 
                        1                          2
   1    1  (  1.000000 +i  0.000000)  (  0.000000 +i  0.000000) 
        2  (  0.000000 +i  0.000000)  (  1.000000 +i  0.000000) 
   2    1  (  1.000000 +i  0.000000)  (  0.000000 +i  0.000000) 
        2  (  0.000000 +i  0.000000)  (  1.000000 +i  0.000000) 
   3    1  (  0.000000 +i  0.000000)  (  1.000000 +i  0.000000) 
        2  (  1.000000 +i  0.000000)  (  0.000000 +i  0.000000) 
   4    1  (  1.000000 +i  0.000000)  (  0.000000 +i  0.000000) 
        2  (  0.000000 +i  0.000000)  (  1.000000 +i  0.000000) 
   5    1  (  1.000000 +i  0.000000)  (  0.000000 +i  0.000000) 
        2  (  0.000000 +i  0.000000)  (  1.000000 +i  0.000000) 
   6    1  (  0.000000 +i  0.000000)  (  1.000000 +i  0.000000) 
        2  (  1.000000 +i  0.000000)  (  0.000000 +i  0.000000) 
   7    1  (  1.000000 +i  0.000000)  (  0.000000 +i  0.000000) 
        2  (  0.000000 +i  0.000000)  (  1.000000 +i  0.000000) 
   8    1  (  0.000000 +i  0.000000)  (  1.000000 +i  0.000000) 
        2  (  1.000000 +i  0.000000)  (  0.000000 +i  0.000000) 
   9    1  (  0.000000 +i  0.000000)  (  1.000000 +i  0.000000) 
        2  (  1.000000 +i  0.000000)  (  0.000000 +i  0.000000) 
============================================================================
 Eigenmodes of Average Spin correlation fn: 
                        1                          2
   1    1  (  1.000000 +i  0.000000)  (  0.000000 +i  0.000000) 
        2  (  0.000000 +i  0.000000)  (  1.000000 +i  0.000000) 
   2    1  (  1.000000 +i  0.000000)  (  0.000000 +i  0.000000) 
        2  (  0.000000 +i  0.000000)  ( -1.000000 +i -0.000000) 
   3    1  (  0.000000 +i  0.000000)  ( -1.000000 +i  0.000000) 
        2  (  1.000000 +i  0.000000)  (  0.000000 +i  0.000000) 
   4    1  (  1.000000 +i  0.000000)  (  0.000000 +i  0.000000) 
        2  (  0.000000 +i  0.000000)  ( -1.000000 +i  0.000000) 
   5    1  (  0.000000 +i  0.000000)  ( -1.000000 +i  0.000000) 
        2  (  1.000000 +i  0.000000)  (  0.000000 +i  0.000000) 
   6    1  (  0.000000 +i  0.000000)  ( -1.000000 +i -0.000000) 
        2  (  1.000000 +i  0.000000)  (  0.000000 +i  0.000000) 
   7    1  (  1.000000 +i  0.000000)  (  0.000000 +i  0.000000) 
        2  (  0.000000 +i  0.000000)  ( -1.000000 +i  0.000000) 
   8    1  (  0.000000 +i  0.000000)  ( -1.000000 +i -0.000000) 
        2  (  1.000000 +i  0.000000)  (  0.000000 +i  0.000000) 
   9    1  (  0.000000 +i  0.000000)  ( -1.000000 +i -0.000000) 
        2  (  1.000000 +i  0.000000)  (  0.000000 +i  0.000000) 
============================================================================
 Eigenmodes of Pairing correlation fn: 
                        1                          2
   1    1  (  0.000000 +i  0.000000)  (  1.000000 +i  0.000000) 
        2  (  1.000000 +i  0.000000)  (  0.000000 +i  0.000000) 
   2    1  (  0.000000 +i  0.000000)  ( -1.000000 +i -0.000000) 
        2  (  1.000000 +i  0.000000)  (  0.000000 +i  0.000000) 
   3    1  (  1.000000 +i  0.000000)  (  0.000000 +i  0.000000) 
        2  (  0.000000 +i  0.000000)  (  1.000000 +i  0.000000) 
   4    1  (  0.000000 +i  0.000000)  ( -1.000000 +i -0.000000) 
        2  (  1.000000 +i  0.000000)  (  0.000000 +i  0.000000) 
   5    1  (  1.000000 +i  0.000000)  (  0.000000 +i  0.000000) 
        2  (  0.000000 +i  0.000000)  ( -1.000000 +i -0.000000) 
   6    1  (  1.000000 +i  0.000000)  (  0.000000 +i  0.000000) 
        2  (  0.000000 +i  0.000000)  ( -1.000000 +i  0.000000) 
   7    1  (  0.000000 +i  0.000000)  (  1.000000 +i  0.000000) 
        2  (  1.000000 +i  0.000000)  (  0.000000 +i  0.000000) 
   8    1  (  1.000000 +i  0.000000)  (  0.000000 +i  0.000000) 
        2  (  0.000000 +i  0.000000)  ( -1.000000 +i -0.000000) 
   9    1  (  0.000000 +i  0.000000)  ( -1.000000 +i  0.000000) 
        2  (  1.000000 +i  0.000000)  (  0.000000 +i  0.000000) 
============================================================================
