 General Geometry - Free Format                                                 
  
                          U :            0.000000    0.000000
                       t_up :        1.000000E+00
                       t_dn :        1.000000E+00
                      mu_up :           -0.200000   -0.200000
                      mu_dn :           -0.200000   -0.200000
             Time slice - L :           20
            Number of sites :           32
                       dtau :        1.000000E-01
                       beta :        2.000000E+00
     Number of warmup sweep :        50000
Number of measurement sweep :       100000
   Frequency of measurement :            1
                Random seed :      1234567
 Frequency of recomputing G :            8
Global move number of sites :            1
               Accept count :     49463987
               Reject count :     46464432
    Approximate accept rate :        5.156343E-01
                      gamma :        9.393386E-01
   Global move accept count :       150000
   Global move reject count :            0
    Global move accept rate :        1.000000E+00
           Type of matrix B : Dense MatB  
         Type of matrix HSF : discrete
 Sign of equal time measurements:
                                avg sign :   1.00000000E+00 +-  0.00000000E+00
                             avg up sign :   1.00000000E+00 +-  0.00000000E+00
                             avg dn sign :   1.00000000E+00 +-  0.00000000E+00
============================================================================
 Electronic properties:
                         spin up density :   4.59357776E-01 +-  0.00000000E+00
                       spin down density :   4.59357776E-01 +-  0.00000000E+00
                           total density :   9.18715553E-01 +-  0.00000000E+00
                        double occupancy :   2.11009567E-01 +-  0.00000000E+00
                kinetic (hopping) energy :  -1.46091206E+00 +-  0.00000000E+00
            potential (U*Nup*Ndn) energy :   0.00000000E+00 +-  0.00000000E+00
   PH-symm total energy (inc. chem potl) :  -1.27716895E+00 +-  0.00000000E+00
                             chi_thermal :   2.32289120E+01 +-  0.00000000E+00
                           specific heat :  -6.86725187E+01 +-  0.00000000E+00
                       (magnetization)^2 :   1.24174105E-01 +-  0.00000000E+00
               XX ferro structure factor :   1.99221614E-01 +-  0.00000000E+00
               ZZ ferro structure factor :   1.99221614E-01 +-  0.00000000E+00
============================================================================
 Mean Equal time Green's function:
    0    0    0.0000    0.0000    0.0000   016   5.40642224E-01 +-  0.00000000E+00
    0    1    0.0000    0.0000    1.0000   032  -1.68409478E-16 +-  0.00000000E+00
    0    0    1.0000    0.0000    0.0000   032  -1.82614008E-01 +-  0.00000000E+00
    0    1    1.0000    0.0000    1.0000   064   7.27851681E-17 +-  0.00000000E+00
    0    0    2.0000    0.0000    0.0000   016  -1.23187460E-02 +-  0.00000000E+00
    0    1    2.0000    0.0000    1.0000   032  -1.19349323E-17 +-  0.00000000E+00
    0    0    0.0000    1.0000    0.0000   032  -1.82614008E-01 +-  0.00000000E+00
    0    1    0.0000    1.0000    1.0000   064  -6.92623546E-17 +-  0.00000000E+00
    0    0    1.0000    1.0000    0.0000   064  -1.23187460E-02 +-  0.00000000E+00
    0    1    1.0000    1.0000    1.0000   128   8.03932899E-17 +-  0.00000000E+00
    0    0    2.0000    1.0000    0.0000   032   5.77046350E-02 +-  0.00000000E+00
    0    1    2.0000    1.0000    1.0000   064  -7.12280919E-17 +-  0.00000000E+00
    0    0    0.0000    2.0000    0.0000   016  -1.23187460E-02 +-  0.00000000E+00
    0    1    0.0000    2.0000    1.0000   032   1.44122402E-19 +-  0.00000000E+00
    0    0    1.0000    2.0000    0.0000   032   5.77046350E-02 +-  0.00000000E+00
    0    1    1.0000    2.0000    1.0000   064   6.77437133E-17 +-  0.00000000E+00
    0    0    2.0000    2.0000    0.0000   016   3.34079444E-02 +-  0.00000000E+00
    0    1    2.0000    2.0000    1.0000   032  -1.41237142E-16 +-  0.00000000E+00
    1    1    0.0000    0.0000    0.0000   016   5.40642224E-01 +-  0.00000000E+00
    1    1    1.0000    0.0000    0.0000   032  -1.82614008E-01 +-  0.00000000E+00
    1    1    2.0000    0.0000    0.0000   016  -1.23187460E-02 +-  0.00000000E+00
    1    1    0.0000    1.0000    0.0000   032  -1.82614008E-01 +-  0.00000000E+00
    1    1    1.0000    1.0000    0.0000   064  -1.23187460E-02 +-  0.00000000E+00
    1    1    2.0000    1.0000    0.0000   032   5.77046350E-02 +-  0.00000000E+00
    1    1    0.0000    2.0000    0.0000   016  -1.23187460E-02 +-  0.00000000E+00
    1    1    1.0000    2.0000    0.0000   032   5.77046350E-02 +-  0.00000000E+00
    1    1    2.0000    2.0000    0.0000   016   3.34079444E-02 +-  0.00000000E+00
============================================================================
 Up Equal time Green's function:
    0    0    0.0000    0.0000    0.0000   016   5.40642224E-01 +-  0.00000000E+00
    0    1    0.0000    0.0000    1.0000   032  -1.68409478E-16 +-  0.00000000E+00
    0    0    1.0000    0.0000    0.0000   032  -1.82614008E-01 +-  0.00000000E+00
    0    1    1.0000    0.0000    1.0000   064   7.27851681E-17 +-  0.00000000E+00
    0    0    2.0000    0.0000    0.0000   016  -1.23187460E-02 +-  0.00000000E+00
    0    1    2.0000    0.0000    1.0000   032  -1.19349323E-17 +-  0.00000000E+00
    0    0    0.0000    1.0000    0.0000   032  -1.82614008E-01 +-  0.00000000E+00
    0    1    0.0000    1.0000    1.0000   064  -6.92623546E-17 +-  0.00000000E+00
    0    0    1.0000    1.0000    0.0000   064  -1.23187460E-02 +-  0.00000000E+00
    0    1    1.0000    1.0000    1.0000   128   8.03932899E-17 +-  0.00000000E+00
    0    0    2.0000    1.0000    0.0000   032   5.77046350E-02 +-  0.00000000E+00
    0    1    2.0000    1.0000    1.0000   064  -7.12280919E-17 +-  0.00000000E+00
    0    0    0.0000    2.0000    0.0000   016  -1.23187460E-02 +-  0.00000000E+00
    0    1    0.0000    2.0000    1.0000   032   1.44122402E-19 +-  0.00000000E+00
    0    0    1.0000    2.0000    0.0000   032   5.77046350E-02 +-  0.00000000E+00
    0    1    1.0000    2.0000    1.0000   064   6.77437133E-17 +-  0.00000000E+00
    0    0    2.0000    2.0000    0.0000   016   3.34079444E-02 +-  0.00000000E+00
    0    1    2.0000    2.0000    1.0000   032  -1.41237142E-16 +-  0.00000000E+00
    1    1    0.0000    0.0000    0.0000   016   5.40642224E-01 +-  0.00000000E+00
    1    1    1.0000    0.0000    0.0000   032  -1.82614008E-01 +-  0.00000000E+00
    1    1    2.0000    0.0000    0.0000   016  -1.23187460E-02 +-  0.00000000E+00
    1    1    0.0000    1.0000    0.0000   032  -1.82614008E-01 +-  0.00000000E+00
    1    1    1.0000    1.0000    0.0000   064  -1.23187460E-02 +-  0.00000000E+00
    1    1    2.0000    1.0000    0.0000   032   5.77046350E-02 +-  0.00000000E+00
    1    1    0.0000    2.0000    0.0000   016  -1.23187460E-02 +-  0.00000000E+00
    1    1    1.0000    2.0000    0.0000   032   5.77046350E-02 +-  0.00000000E+00
    1    1    2.0000    2.0000    0.0000   016   3.34079444E-02 +-  0.00000000E+00
============================================================================
 Down Equal time Green's function:
    0    0    0.0000    0.0000    0.0000   016   5.40642224E-01 +-  0.00000000E+00
    0    1    0.0000    0.0000    1.0000   032  -1.68409478E-16 +-  0.00000000E+00
    0    0    1.0000    0.0000    0.0000   032  -1.82614008E-01 +-  0.00000000E+00
    0    1    1.0000    0.0000    1.0000   064   7.27851681E-17 +-  0.00000000E+00
    0    0    2.0000    0.0000    0.0000   016  -1.23187460E-02 +-  0.00000000E+00
    0    1    2.0000    0.0000    1.0000   032  -1.19349323E-17 +-  0.00000000E+00
    0    0    0.0000    1.0000    0.0000   032  -1.82614008E-01 +-  0.00000000E+00
    0    1    0.0000    1.0000    1.0000   064  -6.92623546E-17 +-  0.00000000E+00
    0    0    1.0000    1.0000    0.0000   064  -1.23187460E-02 +-  0.00000000E+00
    0    1    1.0000    1.0000    1.0000   128   8.03932899E-17 +-  0.00000000E+00
    0    0    2.0000    1.0000    0.0000   032   5.77046350E-02 +-  0.00000000E+00
    0    1    2.0000    1.0000    1.0000   064  -7.12280919E-17 +-  0.00000000E+00
    0    0    0.0000    2.0000    0.0000   016  -1.23187460E-02 +-  0.00000000E+00
    0    1    0.0000    2.0000    1.0000   032   1.44122402E-19 +-  0.00000000E+00
    0    0    1.0000    2.0000    0.0000   032   5.77046350E-02 +-  0.00000000E+00
    0    1    1.0000    2.0000    1.0000   064   6.77437133E-17 +-  0.00000000E+00
    0    0    2.0000    2.0000    0.0000   016   3.34079444E-02 +-  0.00000000E+00
    0    1    2.0000    2.0000    1.0000   032  -1.41237142E-16 +-  0.00000000E+00
    1    1    0.0000    0.0000    0.0000   016   5.40642224E-01 +-  0.00000000E+00
    1    1    1.0000    0.0000    0.0000   032  -1.82614008E-01 +-  0.00000000E+00
    1    1    2.0000    0.0000    0.0000   016  -1.23187460E-02 +-  0.00000000E+00
    1    1    0.0000    1.0000    0.0000   032  -1.82614008E-01 +-  0.00000000E+00
    1    1    1.0000    1.0000    0.0000   064  -1.23187460E-02 +-  0.00000000E+00
    1    1    2.0000    1.0000    0.0000   032   5.77046350E-02 +-  0.00000000E+00
    1    1    0.0000    2.0000    0.0000   016  -1.23187460E-02 +-  0.00000000E+00
    1    1    1.0000    2.0000    0.0000   032   5.77046350E-02 +-  0.00000000E+00
    1    1    2.0000    2.0000    0.0000   016   3.34079444E-02 +-  0.00000000E+00
============================================================================
 Density-density correlation fn: (up-up)
    0    0    0.0000    0.0000    0.0000   016   4.59357776E-01 +-  0.00000000E+00
    0    1    0.0000    0.0000    1.0000   032   2.11009567E-01 +-  0.00000000E+00
    0    0    1.0000    0.0000    0.0000   032   1.77661691E-01 +-  0.00000000E+00
    0    1    1.0000    0.0000    1.0000   064   2.11009567E-01 +-  0.00000000E+00
    0    0    2.0000    0.0000    0.0000   016   2.10857815E-01 +-  0.00000000E+00
    0    1    2.0000    0.0000    1.0000   032   2.11009567E-01 +-  0.00000000E+00
    0    0    0.0000    1.0000    0.0000   032   1.77661691E-01 +-  0.00000000E+00
    0    1    0.0000    1.0000    1.0000   064   2.11009567E-01 +-  0.00000000E+00
    0    0    1.0000    1.0000    0.0000   064   2.10857815E-01 +-  0.00000000E+00
    0    1    1.0000    1.0000    1.0000   128   2.11009567E-01 +-  0.00000000E+00
    0    0    2.0000    1.0000    0.0000   032   2.07679742E-01 +-  0.00000000E+00
    0    1    2.0000    1.0000    1.0000   064   2.11009567E-01 +-  0.00000000E+00
    0    0    0.0000    2.0000    0.0000   016   2.10857815E-01 +-  0.00000000E+00
    0    1    0.0000    2.0000    1.0000   032   2.11009567E-01 +-  0.00000000E+00
    0    0    1.0000    2.0000    0.0000   032   2.07679742E-01 +-  0.00000000E+00
    0    1    1.0000    2.0000    1.0000   064   2.11009567E-01 +-  0.00000000E+00
    0    0    2.0000    2.0000    0.0000   016   2.09893476E-01 +-  0.00000000E+00
    0    1    2.0000    2.0000    1.0000   032   2.11009567E-01 +-  0.00000000E+00
    1    1    0.0000    0.0000    0.0000   016   4.59357776E-01 +-  0.00000000E+00
    1    1    1.0000    0.0000    0.0000   032   1.77661691E-01 +-  0.00000000E+00
    1    1    2.0000    0.0000    0.0000   016   2.10857815E-01 +-  0.00000000E+00
    1    1    0.0000    1.0000    0.0000   032   1.77661691E-01 +-  0.00000000E+00
    1    1    1.0000    1.0000    0.0000   064   2.10857815E-01 +-  0.00000000E+00
    1    1    2.0000    1.0000    0.0000   032   2.07679742E-01 +-  0.00000000E+00
    1    1    0.0000    2.0000    0.0000   016   2.10857815E-01 +-  0.00000000E+00
    1    1    1.0000    2.0000    0.0000   032   2.07679742E-01 +-  0.00000000E+00
    1    1    2.0000    2.0000    0.0000   016   2.09893476E-01 +-  0.00000000E+00
============================================================================
 Density-density correlation fn: (up-dn)
    0    0    0.0000    0.0000    0.0000   016   2.11009567E-01 +-  0.00000000E+00
    0    1    0.0000    0.0000    1.0000   032   2.11009567E-01 +-  0.00000000E+00
    0    0    1.0000    0.0000    0.0000   032   2.11009567E-01 +-  0.00000000E+00
    0    1    1.0000    0.0000    1.0000   064   2.11009567E-01 +-  0.00000000E+00
    0    0    2.0000    0.0000    0.0000   016   2.11009567E-01 +-  0.00000000E+00
    0    1    2.0000    0.0000    1.0000   032   2.11009567E-01 +-  0.00000000E+00
    0    0    0.0000    1.0000    0.0000   032   2.11009567E-01 +-  0.00000000E+00
    0    1    0.0000    1.0000    1.0000   064   2.11009567E-01 +-  0.00000000E+00
    0    0    1.0000    1.0000    0.0000   064   2.11009567E-01 +-  0.00000000E+00
    0    1    1.0000    1.0000    1.0000   128   2.11009567E-01 +-  0.00000000E+00
    0    0    2.0000    1.0000    0.0000   032   2.11009567E-01 +-  0.00000000E+00
    0    1    2.0000    1.0000    1.0000   064   2.11009567E-01 +-  0.00000000E+00
    0    0    0.0000    2.0000    0.0000   016   2.11009567E-01 +-  0.00000000E+00
    0    1    0.0000    2.0000    1.0000   032   2.11009567E-01 +-  0.00000000E+00
    0    0    1.0000    2.0000    0.0000   032   2.11009567E-01 +-  0.00000000E+00
    0    1    1.0000    2.0000    1.0000   064   2.11009567E-01 +-  0.00000000E+00
    0    0    2.0000    2.0000    0.0000   016   2.11009567E-01 +-  0.00000000E+00
    0    1    2.0000    2.0000    1.0000   032   2.11009567E-01 +-  0.00000000E+00
    1    1    0.0000    0.0000    0.0000   016   2.11009567E-01 +-  0.00000000E+00
    1    1    1.0000    0.0000    0.0000   032   2.11009567E-01 +-  0.00000000E+00
    1    1    2.0000    0.0000    0.0000   016   2.11009567E-01 +-  0.00000000E+00
    1    1    0.0000    1.0000    0.0000   032   2.11009567E-01 +-  0.00000000E+00
    1    1    1.0000    1.0000    0.0000   064   2.11009567E-01 +-  0.00000000E+00
    1    1    2.0000    1.0000    0.0000   032   2.11009567E-01 +-  0.00000000E+00
    1    1    0.0000    2.0000    0.0000   016   2.11009567E-01 +-  0.00000000E+00
    1    1    1.0000    2.0000    0.0000   032   2.11009567E-01 +-  0.00000000E+00
    1    1    2.0000    2.0000    0.0000   016   2.11009567E-01 +-  0.00000000E+00
============================================================================
 XX Spin correlation function:
    0    0    0.0000    0.0000    0.0000   016   4.96696419E-01 +-  0.00000000E+00
    0    1    0.0000    0.0000    1.0000   032  -3.72671486E-31 +-  0.00000000E+00
    0    0    1.0000    0.0000    0.0000   032  -6.66957517E-02 +-  0.00000000E+00
    0    1    1.0000    0.0000    1.0000   064  -1.47843356E-31 +-  0.00000000E+00
    0    0    2.0000    0.0000    0.0000   016  -3.03503006E-04 +-  0.00000000E+00
    0    1    2.0000    0.0000    1.0000   032  -1.59255680E-31 +-  0.00000000E+00
    0    0    0.0000    1.0000    0.0000   032  -6.66957517E-02 +-  0.00000000E+00
    0    1    0.0000    1.0000    1.0000   064  -3.00484355E-31 +-  0.00000000E+00
    0    0    1.0000    1.0000    0.0000   064  -3.03503006E-04 +-  0.00000000E+00
    0    1    1.0000    1.0000    1.0000   128  -2.72001403E-31 +-  0.00000000E+00
    0    0    2.0000    1.0000    0.0000   032  -6.65964981E-03 +-  0.00000000E+00
    0    1    2.0000    1.0000    1.0000   064  -3.51128315E-31 +-  0.00000000E+00
    0    0    0.0000    2.0000    0.0000   016  -3.03503006E-04 +-  0.00000000E+00
    0    1    0.0000    2.0000    1.0000   032  -1.91438192E-31 +-  0.00000000E+00
    0    0    1.0000    2.0000    0.0000   032  -6.65964981E-03 +-  0.00000000E+00
    0    1    1.0000    2.0000    1.0000   064  -2.58242333E-31 +-  0.00000000E+00
    0    0    2.0000    2.0000    0.0000   016  -2.23218150E-03 +-  0.00000000E+00
    0    1    2.0000    2.0000    1.0000   032  -2.76558873E-31 +-  0.00000000E+00
    1    1    0.0000    0.0000    0.0000   016   4.96696419E-01 +-  0.00000000E+00
    1    1    1.0000    0.0000    0.0000   032  -6.66957517E-02 +-  0.00000000E+00
    1    1    2.0000    0.0000    0.0000   016  -3.03503006E-04 +-  0.00000000E+00
    1    1    0.0000    1.0000    0.0000   032  -6.66957517E-02 +-  0.00000000E+00
    1    1    1.0000    1.0000    0.0000   064  -3.03503006E-04 +-  0.00000000E+00
    1    1    2.0000    1.0000    0.0000   032  -6.65964981E-03 +-  0.00000000E+00
    1    1    0.0000    2.0000    0.0000   016  -3.03503006E-04 +-  0.00000000E+00
    1    1    1.0000    2.0000    0.0000   032  -6.65964981E-03 +-  0.00000000E+00
    1    1    2.0000    2.0000    0.0000   016  -2.23218150E-03 +-  0.00000000E+00
============================================================================
 ZZ Spin correlation function:
    0    0    0.0000    0.0000    0.0000   016   4.96696419E-01 +-  0.00000000E+00
    0    1    0.0000    0.0000    1.0000   032   0.00000000E+00 +-  0.00000000E+00
    0    0    1.0000    0.0000    0.0000   032  -6.66957517E-02 +-  0.00000000E+00
    0    1    1.0000    0.0000    1.0000   064   0.00000000E+00 +-  0.00000000E+00
    0    0    2.0000    0.0000    0.0000   016  -3.03503006E-04 +-  0.00000000E+00
    0    1    2.0000    0.0000    1.0000   032   0.00000000E+00 +-  0.00000000E+00
    0    0    0.0000    1.0000    0.0000   032  -6.66957517E-02 +-  0.00000000E+00
    0    1    0.0000    1.0000    1.0000   064   0.00000000E+00 +-  0.00000000E+00
    0    0    1.0000    1.0000    0.0000   064  -3.03503006E-04 +-  0.00000000E+00
    0    1    1.0000    1.0000    1.0000   128   0.00000000E+00 +-  0.00000000E+00
    0    0    2.0000    1.0000    0.0000   032  -6.65964981E-03 +-  0.00000000E+00
    0    1    2.0000    1.0000    1.0000   064   0.00000000E+00 +-  0.00000000E+00
    0    0    0.0000    2.0000    0.0000   016  -3.03503006E-04 +-  0.00000000E+00
    0    1    0.0000    2.0000    1.0000   032   0.00000000E+00 +-  0.00000000E+00
    0    0    1.0000    2.0000    0.0000   032  -6.65964981E-03 +-  0.00000000E+00
    0    1    1.0000    2.0000    1.0000   064   0.00000000E+00 +-  0.00000000E+00
    0    0    2.0000    2.0000    0.0000   016  -2.23218150E-03 +-  0.00000000E+00
    0    1    2.0000    2.0000    1.0000   032   0.00000000E+00 +-  0.00000000E+00
    1    1    0.0000    0.0000    0.0000   016   4.96696419E-01 +-  0.00000000E+00
    1    1    1.0000    0.0000    0.0000   032  -6.66957517E-02 +-  0.00000000E+00
    1    1    2.0000    0.0000    0.0000   016  -3.03503006E-04 +-  0.00000000E+00
    1    1    0.0000    1.0000    0.0000   032  -6.66957517E-02 +-  0.00000000E+00
    1    1    1.0000    1.0000    0.0000   064  -3.03503006E-04 +-  0.00000000E+00
    1    1    2.0000    1.0000    0.0000   032  -6.65964981E-03 +-  0.00000000E+00
    1    1    0.0000    2.0000    0.0000   016  -3.03503006E-04 +-  0.00000000E+00
    1    1    1.0000    2.0000    0.0000   032  -6.65964981E-03 +-  0.00000000E+00
    1    1    2.0000    2.0000    0.0000   016  -2.23218150E-03 +-  0.00000000E+00
============================================================================
 Average Spin correlation function:
    0    0    0.0000    0.0000    0.0000   016   4.96696419E-01 +-  0.00000000E+00
    0    1    0.0000    0.0000    1.0000   032  -2.48447657E-31 +-  0.00000000E+00
    0    0    1.0000    0.0000    0.0000   032  -6.66957517E-02 +-  0.00000000E+00
    0    1    1.0000    0.0000    1.0000   064  -9.85622372E-32 +-  0.00000000E+00
    0    0    2.0000    0.0000    0.0000   016  -3.03503006E-04 +-  0.00000000E+00
    0    1    2.0000    0.0000    1.0000   032  -1.06170453E-31 +-  0.00000000E+00
    0    0    0.0000    1.0000    0.0000   032  -6.66957517E-02 +-  0.00000000E+00
    0    1    0.0000    1.0000    1.0000   064  -2.00322903E-31 +-  0.00000000E+00
    0    0    1.0000    1.0000    0.0000   064  -3.03503006E-04 +-  0.00000000E+00
    0    1    1.0000    1.0000    1.0000   128  -1.81334269E-31 +-  0.00000000E+00
    0    0    2.0000    1.0000    0.0000   032  -6.65964981E-03 +-  0.00000000E+00
    0    1    2.0000    1.0000    1.0000   064  -2.34085543E-31 +-  0.00000000E+00
    0    0    0.0000    2.0000    0.0000   016  -3.03503006E-04 +-  0.00000000E+00
    0    1    0.0000    2.0000    1.0000   032  -1.27625461E-31 +-  0.00000000E+00
    0    0    1.0000    2.0000    0.0000   032  -6.65964981E-03 +-  0.00000000E+00
    0    1    1.0000    2.0000    1.0000   064  -1.72161555E-31 +-  0.00000000E+00
    0    0    2.0000    2.0000    0.0000   016  -2.23218150E-03 +-  0.00000000E+00
    0    1    2.0000    2.0000    1.0000   032  -1.84372582E-31 +-  0.00000000E+00
    1    1    0.0000    0.0000    0.0000   016   4.96696419E-01 +-  0.00000000E+00
    1    1    1.0000    0.0000    0.0000   032  -6.66957517E-02 +-  0.00000000E+00
    1    1    2.0000    0.0000    0.0000   016  -3.03503006E-04 +-  0.00000000E+00
    1    1    0.0000    1.0000    0.0000   032  -6.66957517E-02 +-  0.00000000E+00
    1    1    1.0000    1.0000    0.0000   064  -3.03503006E-04 +-  0.00000000E+00
    1    1    2.0000    1.0000    0.0000   032  -6.65964981E-03 +-  0.00000000E+00
    1    1    0.0000    2.0000    0.0000   016  -3.03503006E-04 +-  0.00000000E+00
    1    1    1.0000    2.0000    0.0000   032  -6.65964981E-03 +-  0.00000000E+00
    1    1    2.0000    2.0000    0.0000   016  -2.23218150E-03 +-  0.00000000E+00
============================================================================
 S-wave pairing correlation function:
    0    0    0.0000    0.0000    0.0000   016   1.46147007E-01 +-  0.00000000E+00
    0    1    0.0000    0.0000    1.0000   032   9.53930947E-32 +-  0.00000000E+00
    0    0    1.0000    0.0000    0.0000   032   1.66739379E-02 +-  0.00000000E+00
    0    1    1.0000    0.0000    1.0000   064   3.82399406E-32 +-  0.00000000E+00
    0    0    2.0000    0.0000    0.0000   016   7.58757514E-05 +-  0.00000000E+00
    0    1    2.0000    0.0000    1.0000   032   4.12715527E-32 +-  0.00000000E+00
    0    0    0.0000    1.0000    0.0000   032   1.66739379E-02 +-  0.00000000E+00
    0    1    0.0000    1.0000    1.0000   064   7.66495610E-32 +-  0.00000000E+00
    0    0    1.0000    1.0000    0.0000   064   7.58757514E-05 +-  0.00000000E+00
    0    1    1.0000    1.0000    1.0000   128   6.92458485E-32 +-  0.00000000E+00
    0    0    2.0000    1.0000    0.0000   032   1.66491245E-03 +-  0.00000000E+00
    0    1    2.0000    1.0000    1.0000   064   8.92665009E-32 +-  0.00000000E+00
    0    0    0.0000    2.0000    0.0000   016   7.58757514E-05 +-  0.00000000E+00
    0    1    0.0000    2.0000    1.0000   032   4.89145021E-32 +-  0.00000000E+00
    0    0    1.0000    2.0000    0.0000   032   1.66491245E-03 +-  0.00000000E+00
    0    1    1.0000    2.0000    1.0000   064   6.57887279E-32 +-  0.00000000E+00
    0    0    2.0000    2.0000    0.0000   016   5.58045375E-04 +-  0.00000000E+00
    0    1    2.0000    2.0000    1.0000   032   7.23669201E-32 +-  0.00000000E+00
    1    1    0.0000    0.0000    0.0000   016   1.46147007E-01 +-  0.00000000E+00
    1    1    1.0000    0.0000    0.0000   032   1.66739379E-02 +-  0.00000000E+00
    1    1    2.0000    0.0000    0.0000   016   7.58757514E-05 +-  0.00000000E+00
    1    1    0.0000    1.0000    0.0000   032   1.66739379E-02 +-  0.00000000E+00
    1    1    1.0000    1.0000    0.0000   064   7.58757514E-05 +-  0.00000000E+00
    1    1    2.0000    1.0000    0.0000   032   1.66491245E-03 +-  0.00000000E+00
    1    1    0.0000    2.0000    0.0000   016   7.58757514E-05 +-  0.00000000E+00
    1    1    1.0000    2.0000    0.0000   032   1.66491245E-03 +-  0.00000000E+00
    1    1    2.0000    2.0000    0.0000   016   5.58045375E-04 +-  0.00000000E+00
============================================================================
 Grid for Green's function
  K-points
  Class
    1         0.00000   0.00000
 
    2         0.00000  -1.57080
              0.00000   1.57080
 
    3        -1.57080   0.00000
              1.57080   0.00000
 
    4        -1.57080  -1.57080
              1.57080  -1.57080
             -1.57080   1.57080
              1.57080   1.57080
 
    5         0.00000  -3.14159
 
    6        -3.14159   0.00000
 
    7        -1.57080  -3.14159
              1.57080  -3.14159
 
    8        -3.14159  -1.57080
             -3.14159   1.57080
 
    9        -3.14159  -3.14159
 
============================================================================
 Grid for spin/charge correlations
  K-points
  Class
    1         0.00000   0.00000
 
    2         0.00000  -1.57080
              0.00000   1.57080
 
    3        -1.57080   0.00000
              1.57080   0.00000
 
    4        -1.57080  -1.57080
              1.57080  -1.57080
             -1.57080   1.57080
              1.57080   1.57080
 
    5         0.00000  -3.14159
 
    6        -3.14159   0.00000
 
    7        -1.57080  -3.14159
              1.57080  -3.14159
 
    8        -3.14159  -1.57080
             -3.14159   1.57080
 
    9        -3.14159  -3.14159
 
============================================================================
 FT of Ave Equal t Green's function:
    1    0    0                 5.00201107E-04 +-  3.53883589E-16
         1    0                 2.12599498E-19 +-  1.34044724E-31
         1    1                 5.00201107E-04 +-  1.66533454E-16
    2    0    0                 2.65969936E-02 +-  1.24900090E-16
         1    0                -2.91684818E-17 +-  1.47911420E-31
         1    1                 2.65969936E-02 +-  0.00000000E+00
    3    0    0                 2.65969936E-02 +-  1.04083409E-16
         1    0                -1.11618073E-17 +-  1.80267043E-31
         1    1                 2.65969936E-02 +-  8.32667268E-17
    4    0    0                 5.98687660E-01 +-  0.00000000E+00
         1    0                -2.97855810E-16 +-  0.00000000E+00
         1    1                 5.98687660E-01 +-  0.00000000E+00
    5    0    0                 5.98687660E-01 +-  0.00000000E+00
         1    0                -8.09719337E-17 +-  2.21867130E-31
         1    1                 5.98687660E-01 +-  0.00000000E+00
    6    0    0                 5.98687660E-01 +-  0.00000000E+00
         1    0                -1.20504925E-15 +-  0.00000000E+00
         1    1                 5.98687660E-01 +-  0.00000000E+00
    7    0    0                 9.87871565E-01 +-  3.33066907E-16
         1    0                -1.90247565E-17 +-  3.69778549E-32
         1    1                 9.87871565E-01 +-  0.00000000E+00
    8    0    0                 9.87871565E-01 +-  0.00000000E+00
         1    0                -4.93343008E-17 +-  7.39557099E-32
         1    1                 9.87871565E-01 +-  0.00000000E+00
    9    0    0                 9.99775183E-01 +-  0.00000000E+00
         1    0                 5.88601256E-20 +-  7.85779417E-32
         1    1                 9.99775183E-01 +-  0.00000000E+00
============================================================================
 FT of Up Equal t Green's function:
    1    0    0                 5.00201107E-04 +-  3.53883589E-16
         1    0                 2.12599498E-19 +-  1.34044724E-31
         1    1                 5.00201107E-04 +-  1.66533454E-16
    2    0    0                 2.65969936E-02 +-  1.24900090E-16
         1    0                -2.91684818E-17 +-  1.47911420E-31
         1    1                 2.65969936E-02 +-  0.00000000E+00
    3    0    0                 2.65969936E-02 +-  1.04083409E-16
         1    0                -1.11618073E-17 +-  1.80267043E-31
         1    1                 2.65969936E-02 +-  8.32667268E-17
    4    0    0                 5.98687660E-01 +-  0.00000000E+00
         1    0                -2.97855810E-16 +-  0.00000000E+00
         1    1                 5.98687660E-01 +-  0.00000000E+00
    5    0    0                 5.98687660E-01 +-  0.00000000E+00
         1    0                -8.09719337E-17 +-  2.21867130E-31
         1    1                 5.98687660E-01 +-  0.00000000E+00
    6    0    0                 5.98687660E-01 +-  0.00000000E+00
         1    0                -1.20504925E-15 +-  0.00000000E+00
         1    1                 5.98687660E-01 +-  0.00000000E+00
    7    0    0                 9.87871565E-01 +-  3.33066907E-16
         1    0                -1.90247565E-17 +-  3.69778549E-32
         1    1                 9.87871565E-01 +-  0.00000000E+00
    8    0    0                 9.87871565E-01 +-  0.00000000E+00
         1    0                -4.93343008E-17 +-  7.39557099E-32
         1    1                 9.87871565E-01 +-  0.00000000E+00
    9    0    0                 9.99775183E-01 +-  0.00000000E+00
         1    0                 5.88601256E-20 +-  7.85779417E-32
         1    1                 9.99775183E-01 +-  0.00000000E+00
============================================================================
 FT of Dn Equal t Green's function:
    1    0    0                 5.00201107E-04 +-  3.53883589E-16
         1    0                 2.12599498E-19 +-  1.34044724E-31
         1    1                 5.00201107E-04 +-  1.66533454E-16
    2    0    0                 2.65969936E-02 +-  1.24900090E-16
         1    0                -2.91684818E-17 +-  1.47911420E-31
         1    1                 2.65969936E-02 +-  0.00000000E+00
    3    0    0                 2.65969936E-02 +-  1.04083409E-16
         1    0                -1.11618073E-17 +-  1.80267043E-31
         1    1                 2.65969936E-02 +-  8.32667268E-17
    4    0    0                 5.98687660E-01 +-  0.00000000E+00
         1    0                -2.97855810E-16 +-  0.00000000E+00
         1    1                 5.98687660E-01 +-  0.00000000E+00
    5    0    0                 5.98687660E-01 +-  0.00000000E+00
         1    0                -8.09719337E-17 +-  2.21867130E-31
         1    1                 5.98687660E-01 +-  0.00000000E+00
    6    0    0                 5.98687660E-01 +-  0.00000000E+00
         1    0                -1.20504925E-15 +-  0.00000000E+00
         1    1                 5.98687660E-01 +-  0.00000000E+00
    7    0    0                 9.87871565E-01 +-  3.33066907E-16
         1    0                -1.90247565E-17 +-  3.69778549E-32
         1    1                 9.87871565E-01 +-  0.00000000E+00
    8    0    0                 9.87871565E-01 +-  0.00000000E+00
         1    0                -4.93343008E-17 +-  7.39557099E-32
         1    1                 9.87871565E-01 +-  0.00000000E+00
    9    0    0                 9.99775183E-01 +-  0.00000000E+00
         1    0                 5.88601256E-20 +-  7.85779417E-32
         1    1                 9.99775183E-01 +-  0.00000000E+00
============================================================================
 FT of Density-density correlation fn: (up-up)
    1    0    0                 3.47576387E+00 +-  0.00000000E+00
         1    0                 3.37615307E+00 +-  1.33226763E-15
         1    1                 3.47576387E+00 +-  0.00000000E+00
    2    0    0                 1.89428199E-01 +-  6.66133815E-16
         1    0                -5.55111512E-17 +-  6.24500451E-17
         1    1                 1.89428199E-01 +-  1.66533454E-16
    3    0    0                 1.89428199E-01 +-  2.49800181E-16
         1    0                -5.55111512E-17 +-  0.00000000E+00
         1    1                 1.89428199E-01 +-  0.00000000E+00
    4    0    0                 2.47535622E-01 +-  8.32667268E-17
         1    0                -2.42861287E-17 +-  0.00000000E+00
         1    1                 2.47535622E-01 +-  8.32667268E-17
    5    0    0                 2.47535622E-01 +-  1.66533454E-16
         1    0                 4.87110352E-15 +-  4.16333634E-17
         1    1                 2.47535622E-01 +-  3.33066907E-16
    6    0    0                 2.47535622E-01 +-  1.66533454E-16
         1    0                 4.77395901E-15 +-  3.33066907E-16
         1    1                 2.47535622E-01 +-  3.33066907E-16
    7    0    0                 3.09500402E-01 +-  3.33066907E-16
         1    0                -2.42861287E-17 +-  0.00000000E+00
         1    1                 3.09500402E-01 +-  0.00000000E+00
    8    0    0                 3.09500402E-01 +-  1.66533454E-16
         1    0                 0.00000000E+00 +-  0.00000000E+00
         1    1                 3.09500402E-01 +-  1.66533454E-16
    9    0    0                 3.93032413E-01 +-  4.99600361E-16
         1    0                -1.05471187E-14 +-  9.99200722E-16
         1    1                 3.93032413E-01 +-  1.66533454E-16
============================================================================
 FT of Density-density correlation fn: (up-dn)
    1    0    0                 3.37615307E+00 +-  0.00000000E+00
         1    0                 3.37615307E+00 +-  0.00000000E+00
         1    1                 3.37615307E+00 +-  0.00000000E+00
    2    0    0                -5.89805982E-17 +-  5.20417043E-17
         1    0                 3.46944695E-18 +-  5.20417043E-17
         1    1                -1.17961196E-16 +-  0.00000000E+00
    3    0    0                 1.27675648E-15 +-  0.00000000E+00
         1    0                -5.55111512E-17 +-  0.00000000E+00
         1    1                 5.55111512E-17 +-  1.66533454E-16
    4    0    0                -2.42861287E-17 +-  0.00000000E+00
         1    0                -2.42861287E-17 +-  0.00000000E+00
         1    1                 3.12250226E-17 +-  0.00000000E+00
    5    0    0                -1.33573708E-15 +-  1.04083409E-17
         1    0                -2.93168267E-15 +-  4.47558657E-16
         1    1                 2.08166817E-17 +-  0.00000000E+00
    6    0    0                 1.33226763E-15 +-  0.00000000E+00
         1    0                -2.83106871E-15 +-  8.32667268E-16
         1    1                 2.22044605E-16 +-  1.66533454E-16
    7    0    0                -1.35655376E-15 +-  0.00000000E+00
         1    0                -2.42861287E-17 +-  0.00000000E+00
         1    1                -2.42861287E-17 +-  1.66533454E-16
    8    0    0                 0.00000000E+00 +-  0.00000000E+00
         1    0                -5.55111512E-17 +-  1.66533454E-16
         1    1                -5.55111512E-17 +-  0.00000000E+00
    9    0    0                -1.33226763E-15 +-  0.00000000E+00
         1    0                 2.94209102E-15 +-  4.99600361E-16
         1    1                -3.33066907E-16 +-  1.66533454E-16
============================================================================
 FT of XX spin correlation fn:
    1    0    0                 1.99221614E-01 +-  5.82867088E-16
         1    0                -4.20332656E-30 +-  0.00000000E+00
         1    1                 1.99221614E-01 +-  5.82867088E-16
    2    0    0                 3.78856397E-01 +-  3.33066907E-16
         1    0                 1.56867854E-31 +-  1.31371731E-46
         1    1                 3.78856397E-01 +-  4.99600361E-16
    3    0    0                 3.78856397E-01 +-  3.33066907E-16
         1    0                -2.70072055E-32 +-  2.95586395E-46
         1    1                 3.78856397E-01 +-  3.33066907E-16
    4    0    0                 4.95071244E-01 +-  1.66533454E-16
         1    0                -2.98536487E-31 +-  0.00000000E+00
         1    1                 4.95071244E-01 +-  1.66533454E-16
    5    0    0                 4.95071244E-01 +-  3.33066907E-16
         1    0                 5.79135344E-31 +-  0.00000000E+00
         1    1                 4.95071244E-01 +-  3.33066907E-16
    6    0    0                 4.95071244E-01 +-  1.66533454E-16
         1    0                -4.02972578E-31 +-  2.62743462E-46
         1    1                 4.95071244E-01 +-  3.33066907E-16
    7    0    0                 6.19000805E-01 +-  3.33066907E-16
         1    0                -2.29583046E-31 +-  5.25486924E-46
         1    1                 6.19000805E-01 +-  0.00000000E+00
    8    0    0                 6.19000805E-01 +-  3.33066907E-16
         1    0                -2.84728054E-31 +-  0.00000000E+00
         1    1                 6.19000805E-01 +-  0.00000000E+00
    9    0    0                 7.86064826E-01 +-  3.33066907E-16
         1    0                 2.74668721E-32 +-  2.62743462E-46
         1    1                 7.86064826E-01 +-  3.33066907E-16
============================================================================
 FT of ZZ spin correlation fn:
    1    0    0                 1.99221614E-01 +-  4.99600361E-16
         1    0                 0.00000000E+00 +-  0.00000000E+00
         1    1                 1.99221614E-01 +-  5.82867088E-16
    2    0    0                 3.78856397E-01 +-  3.33066907E-16
         1    0                 0.00000000E+00 +-  0.00000000E+00
         1    1                 3.78856397E-01 +-  4.99600361E-16
    3    0    0                 3.78856397E-01 +-  3.33066907E-16
         1    0                 0.00000000E+00 +-  0.00000000E+00
         1    1                 3.78856397E-01 +-  3.33066907E-16
    4    0    0                 4.95071244E-01 +-  1.66533454E-16
         1    0                 0.00000000E+00 +-  0.00000000E+00
         1    1                 4.95071244E-01 +-  1.66533454E-16
    5    0    0                 4.95071244E-01 +-  1.66533454E-16
         1    0                 0.00000000E+00 +-  0.00000000E+00
         1    1                 4.95071244E-01 +-  3.33066907E-16
    6    0    0                 4.95071244E-01 +-  3.33066907E-16
         1    0                 0.00000000E+00 +-  0.00000000E+00
         1    1                 4.95071244E-01 +-  3.33066907E-16
    7    0    0                 6.19000805E-01 +-  3.33066907E-16
         1    0                 0.00000000E+00 +-  0.00000000E+00
         1    1                 6.19000805E-01 +-  0.00000000E+00
    8    0    0                 6.19000805E-01 +-  3.33066907E-16
         1    0                 0.00000000E+00 +-  0.00000000E+00
         1    1                 6.19000805E-01 +-  0.00000000E+00
    9    0    0                 7.86064826E-01 +-  3.33066907E-16
         1    0                 0.00000000E+00 +-  0.00000000E+00
         1    1                 7.86064826E-01 +-  3.33066907E-16
============================================================================
 FT of Average spin correlation fn:
    1    0    0                 1.99221614E-01 +-  5.82867088E-16
         1    0                -2.80221771E-30 +-  0.00000000E+00
         1    1                 1.99221614E-01 +-  5.82867088E-16
    2    0    0                 3.78856397E-01 +-  3.33066907E-16
         1    0                 1.04578569E-31 +-  6.56858655E-47
         1    1                 3.78856397E-01 +-  4.99600361E-16
    3    0    0                 3.78856397E-01 +-  3.33066907E-16
         1    0                -1.80048037E-32 +-  9.03180651E-47
         1    1                 3.78856397E-01 +-  3.33066907E-16
    4    0    0                 4.95071244E-01 +-  1.66533454E-16
         1    0                -1.99024325E-31 +-  1.31371731E-46
         1    1                 4.95071244E-01 +-  1.66533454E-16
    5    0    0                 4.95071244E-01 +-  3.33066907E-16
         1    0                 3.86090229E-31 +-  0.00000000E+00
         1    1                 4.95071244E-01 +-  3.33066907E-16
    6    0    0                 4.95071244E-01 +-  1.66533454E-16
         1    0                -2.68648385E-31 +-  0.00000000E+00
         1    1                 4.95071244E-01 +-  3.33066907E-16
    7    0    0                 6.19000805E-01 +-  3.33066907E-16
         1    0                -1.53055364E-31 +-  0.00000000E+00
         1    1                 6.19000805E-01 +-  0.00000000E+00
    8    0    0                 6.19000805E-01 +-  3.33066907E-16
         1    0                -1.89818703E-31 +-  1.31371731E-46
         1    1                 6.19000805E-01 +-  0.00000000E+00
    9    0    0                 7.86064826E-01 +-  3.33066907E-16
         1    0                 1.83112480E-32 +-  4.76222525E-46
         1    1                 7.86064826E-01 +-  3.33066907E-16
============================================================================
 FT of Pairing correlation fn:
    1    0    0                 2.20515708E-01 +-  0.00000000E+00
         1    0                 1.07481892E-30 +-  0.00000000E+00
         1    1                 2.20515708E-01 +-  0.00000000E+00
    2    0    0                 1.75607013E-01 +-  0.00000000E+00
         1    0                -3.97143492E-32 +-  9.85287983E-47
         1    1                 1.75607013E-01 +-  0.00000000E+00
    3    0    0                 1.75607013E-01 +-  0.00000000E+00
         1    0                 5.43524417E-33 +-  3.07902495E-47
         1    1                 1.75607013E-01 +-  0.00000000E+00
    4    0    0                 1.46553301E-01 +-  0.00000000E+00
         1    0                 7.75739600E-32 +-  6.56858655E-47
         1    1                 1.46553301E-01 +-  8.32667268E-17
    5    0    0                 1.46553301E-01 +-  0.00000000E+00
         1    0                -1.42812111E-31 +-  0.00000000E+00
         1    1                 1.46553301E-01 +-  8.32667268E-17
    6    0    0                 1.46553301E-01 +-  0.00000000E+00
         1    0                 1.04737462E-31 +-  6.56858655E-47
         1    1                 1.46553301E-01 +-  0.00000000E+00
    7    0    0                 1.15570911E-01 +-  0.00000000E+00
         1    0                 5.59030038E-32 +-  1.31371731E-46
         1    1                 1.15570911E-01 +-  8.32667268E-17
    8    0    0                 1.15570911E-01 +-  4.16333634E-17
         1    0                 7.04807998E-32 +-  0.00000000E+00
         1    1                 1.15570911E-01 +-  4.16333634E-17
    9    0    0                 7.38049054E-02 +-  0.00000000E+00
         1    0                -4.95999713E-33 +-  5.13170824E-47
         1    1                 7.38049054E-02 +-  4.16333634E-17
============================================================================
 Eigenvalues of Ave Equal t Green's function:
    1    1                      5.00201107E-04 +-  3.53558328E-16
         2                      5.00201107E-04 +-  1.66208193E-16
    2    1                      2.65969936E-02 +-  1.24900090E-16
         2                      2.65969936E-02 +-  0.00000000E+00
    3    1                      2.65969936E-02 +-  7.28583860E-17
         2                      2.65969936E-02 +-  9.36750677E-17
    4    1                      5.98687660E-01 +-  0.00000000E+00
         2                      5.98687660E-01 +-  3.33066907E-16
    5    1                      5.98687660E-01 +-  0.00000000E+00
         2                      5.98687660E-01 +-  6.66133815E-16
    6    1                      5.98687660E-01 +-  5.99520433E-15
         2                      5.98687660E-01 +-  4.99600361E-15
    7    1                      9.87871565E-01 +-  0.00000000E+00
         2                      9.87871565E-01 +-  3.33066907E-16
    8    1                      9.87871565E-01 +-  0.00000000E+00
         2                      9.87871565E-01 +-  0.00000000E+00
    9    1                      9.99775183E-01 +-  0.00000000E+00
         2                      9.99775183E-01 +-  0.00000000E+00
============================================================================
 Eigenvalues of Up Equal t Green's function:
    1    1                      5.00201107E-04 +-  3.53558328E-16
         2                      5.00201107E-04 +-  1.66208193E-16
    2    1                      2.65969936E-02 +-  1.24900090E-16
         2                      2.65969936E-02 +-  0.00000000E+00
    3    1                      2.65969936E-02 +-  7.28583860E-17
         2                      2.65969936E-02 +-  9.36750677E-17
    4    1                      5.98687660E-01 +-  0.00000000E+00
         2                      5.98687660E-01 +-  3.33066907E-16
    5    1                      5.98687660E-01 +-  0.00000000E+00
         2                      5.98687660E-01 +-  6.66133815E-16
    6    1                      5.98687660E-01 +-  5.99520433E-15
         2                      5.98687660E-01 +-  4.99600361E-15
    7    1                      9.87871565E-01 +-  0.00000000E+00
         2                      9.87871565E-01 +-  3.33066907E-16
    8    1                      9.87871565E-01 +-  0.00000000E+00
         2                      9.87871565E-01 +-  0.00000000E+00
    9    1                      9.99775183E-01 +-  0.00000000E+00
         2                      9.99775183E-01 +-  0.00000000E+00
============================================================================
 Eigenvalues of Dn Equal t Green's function:
    1    1                      5.00201107E-04 +-  3.53558328E-16
         2                      5.00201107E-04 +-  1.66208193E-16
    2    1                      2.65969936E-02 +-  1.24900090E-16
         2                      2.65969936E-02 +-  0.00000000E+00
    3    1                      2.65969936E-02 +-  7.28583860E-17
         2                      2.65969936E-02 +-  9.36750677E-17
    4    1                      5.98687660E-01 +-  0.00000000E+00
         2                      5.98687660E-01 +-  3.33066907E-16
    5    1                      5.98687660E-01 +-  0.00000000E+00
         2                      5.98687660E-01 +-  6.66133815E-16
    6    1                      5.98687660E-01 +-  5.99520433E-15
         2                      5.98687660E-01 +-  4.99600361E-15
    7    1                      9.87871565E-01 +-  0.00000000E+00
         2                      9.87871565E-01 +-  3.33066907E-16
    8    1                      9.87871565E-01 +-  0.00000000E+00
         2                      9.87871565E-01 +-  0.00000000E+00
    9    1                      9.99775183E-01 +-  0.00000000E+00
         2                      9.99775183E-01 +-  0.00000000E+00
============================================================================
 Eigenvalues of Density-density correlation fn: (up-up)
    1    1                      9.96108069E-02 +-  5.06422960E+00
         2                      6.85191694E+00 +-  5.06422960E+00
    2    1                      1.89428199E-01 +-  1.10187810E-03
         2                      1.89428199E-01 +-  6.96988736E-06
    3    1                      1.89428199E-01 +-  8.32667268E-17
         2                      1.89428199E-01 +-  8.32667268E-17
    4    1                      2.47535622E-01 +-  8.32667268E-17
         2                      2.47535622E-01 +-  8.32667268E-17
    5    1                      2.47535622E-01 +-  2.17326157E-14
         2                      2.47535622E-01 +-  2.18991492E-14
    6    1                      2.47535622E-01 +-  2.07334150E-14
         2                      2.47535622E-01 +-  2.13162821E-14
    7    1                      3.09500402E-01 +-  0.00000000E+00
         2                      3.09500402E-01 +-  3.33066907E-16
    8    1                      3.09500402E-01 +-  1.66533454E-16
         2                      3.09500402E-01 +-  1.85700241E+00
    9    1                      3.93032413E-01 +-  4.64628336E-14
         2                      3.93032413E-01 +-  4.71289674E-14
============================================================================
 Eigenvalues of Density-density correlation fn: (up-dn)
    1    1                     -1.55431223E-15 +-  5.06422960E+00
         2                      6.75230613E+00 +-  5.06422960E+00
    2    1                     -1.18164580E-16 +-  2.61047417E-18
         2                     -5.87772144E-17 +-  4.94312301E-17
    3    1                      5.29931089E-17 +-  1.73730110E-16
         2                      1.27927452E-15 +-  7.19665598E-18
    4    1                     -3.34112800E-17 +-  2.39887914E-17
         2                      4.03501739E-17 +-  2.39887914E-17
    5    1                     -3.66658346E-15 +-  1.26414146E-14
         2                      2.35166307E-15 +-  1.26310062E-14
    6    1                     -2.10782202E-15 +-  1.21924845E-14
         2                      3.66213425E-15 +-  1.20259510E-14
    7    1                     -1.35699633E-15 +-  1.27198147E-18
         2                     -2.38435598E-17 +-  1.67805435E-16
    8    1                     -8.98193908E-17 +-  2.97909476E-16
         2                      3.43082395E-17 +-  2.97903287E-16
    9    1                     -3.81687572E-15 +-  1.27369547E-14
         2                      2.15154118E-15 +-  1.29034882E-14
============================================================================
 Eigenvalues of XX spin correlation fn:
    1    1                      1.99221614E-01 +-  5.82867088E-16
         2                      1.99221614E-01 +-  5.82867088E-16
    2    1                      3.78856397E-01 +-  3.33066907E-16
         2                      3.78856397E-01 +-  4.99600361E-16
    3    1                      3.78856397E-01 +-  3.33066907E-16
         2                      3.78856397E-01 +-  3.33066907E-16
    4    1                      4.95071244E-01 +-  1.66533454E-16
         2                      4.95071244E-01 +-  1.66533454E-16
    5    1                      4.95071244E-01 +-  3.33066907E-16
         2                      4.95071244E-01 +-  3.33066907E-16
    6    1                      4.95071244E-01 +-  3.33066907E-16
         2                      4.95071244E-01 +-  1.66533454E-16
    7    1                      6.19000805E-01 +-  3.33066907E-16
         2                      6.19000805E-01 +-  0.00000000E+00
    8    1                      6.19000805E-01 +-  3.33066907E-16
         2                      6.19000805E-01 +-  0.00000000E+00
    9    1                      7.86064826E-01 +-  3.33066907E-16
         2                      7.86064826E-01 +-  3.33066907E-16
============================================================================
 Eigenvalues of ZZ spin correlation fn:
    1    1                      1.99221614E-01 +-  5.82867088E-16
         2                      1.99221614E-01 +-  4.99600361E-16
    2    1                      3.78856397E-01 +-  3.33066907E-16
         2                      3.78856397E-01 +-  4.99600361E-16
    3    1                      3.78856397E-01 +-  3.33066907E-16
         2                      3.78856397E-01 +-  3.33066907E-16
    4    1                      4.95071244E-01 +-  1.66533454E-16
         2                      4.95071244E-01 +-  1.66533454E-16
    5    1                      4.95071244E-01 +-  3.33066907E-16
         2                      4.95071244E-01 +-  1.66533454E-16
    6    1                      4.95071244E-01 +-  3.33066907E-16
         2                      4.95071244E-01 +-  3.33066907E-16
    7    1                      6.19000805E-01 +-  3.33066907E-16
         2                      6.19000805E-01 +-  0.00000000E+00
    8    1                      6.19000805E-01 +-  3.33066907E-16
         2                      6.19000805E-01 +-  0.00000000E+00
    9    1                      7.86064826E-01 +-  3.33066907E-16
         2                      7.86064826E-01 +-  3.33066907E-16
============================================================================
 Eigenvalues of Average spin correlation fn:
    1    1                      1.99221614E-01 +-  5.82867088E-16
         2                      1.99221614E-01 +-  5.82867088E-16
    2    1                      3.78856397E-01 +-  3.33066907E-16
         2                      3.78856397E-01 +-  4.99600361E-16
    3    1                      3.78856397E-01 +-  3.33066907E-16
         2                      3.78856397E-01 +-  3.33066907E-16
    4    1                      4.95071244E-01 +-  1.66533454E-16
         2                      4.95071244E-01 +-  1.66533454E-16
    5    1                      4.95071244E-01 +-  3.33066907E-16
         2                      4.95071244E-01 +-  3.33066907E-16
    6    1                      4.95071244E-01 +-  3.33066907E-16
         2                      4.95071244E-01 +-  1.66533454E-16
    7    1                      6.19000805E-01 +-  3.33066907E-16
         2                      6.19000805E-01 +-  0.00000000E+00
    8    1                      6.19000805E-01 +-  3.33066907E-16
         2                      6.19000805E-01 +-  0.00000000E+00
    9    1                      7.86064826E-01 +-  3.33066907E-16
         2                      7.86064826E-01 +-  3.33066907E-16
============================================================================
 Eigenvalues of Pairing correlation fn:
    1    1                      2.20515708E-01 +-  0.00000000E+00
         2                      2.20515708E-01 +-  0.00000000E+00
    2    1                      1.75607013E-01 +-  0.00000000E+00
         2                      1.75607013E-01 +-  0.00000000E+00
    3    1                      1.75607013E-01 +-  0.00000000E+00
         2                      1.75607013E-01 +-  0.00000000E+00
    4    1                      1.46553301E-01 +-  0.00000000E+00
         2                      1.46553301E-01 +-  8.32667268E-17
    5    1                      1.46553301E-01 +-  0.00000000E+00
         2                      1.46553301E-01 +-  8.32667268E-17
    6    1                      1.46553301E-01 +-  0.00000000E+00
         2                      1.46553301E-01 +-  0.00000000E+00
    7    1                      1.15570911E-01 +-  8.32667268E-17
         2                      1.15570911E-01 +-  0.00000000E+00
    8    1                      1.15570911E-01 +-  4.16333634E-17
         2                      1.15570911E-01 +-  4.16333634E-17
    9    1                      7.38049054E-02 +-  0.00000000E+00
         2                      7.38049054E-02 +-  4.16333634E-17
============================================================================
 Eigenmodes of Ave Equal t Green's function (Natural orbitals):
                        1                          2
   1    1  ( -0.999999 +i  0.000000)  (  0.001226 +i  0.000000) 
        2  (  0.001226 +i  0.000000)  (  0.999999 +i  0.000000) 
   2    1  ( -0.831965 +i  0.000000)  ( -0.554827 +i  0.000000) 
        2  ( -0.554827 +i  0.000000)  (  0.831965 +i  0.000000) 
   3    1  ( -0.105442 +i  0.000000)  ( -0.994425 +i  0.000000) 
        2  ( -0.994425 +i  0.000000)  (  0.105442 +i  0.000000) 
   4    1  ( -0.862557 +i  0.000000)  ( -0.505959 +i  0.000000) 
        2  ( -0.505959 +i  0.000000)  (  0.862557 +i  0.000000) 
   5    1  ( -0.950775 +i  0.000000)  ( -0.309883 +i -0.000000) 
        2  (  0.309883 +i  0.000000)  ( -0.950775 +i -0.000000) 
   6    1  ( -0.738831 +i  0.000000)  ( -0.673891 +i  0.000000) 
        2  (  0.673891 +i  0.000000)  ( -0.738831 +i  0.000000) 
   7    1  (  0.000000 +i  0.000000)  (  1.000000 +i  0.000000) 
        2  (  1.000000 +i  0.000000)  (  0.000000 +i  0.000000) 
   8    1  (  1.000000 +i  0.000000)  (  0.000000 +i  0.000000) 
        2  (  0.000000 +i  0.000000)  ( -1.000000 +i  0.000000) 
   9    1  (  1.000000 +i  0.000000)  (  0.000000 +i  0.000000) 
        2  (  0.000000 +i  0.000000)  ( -1.000000 +i -0.000000) 
============================================================================
 Eigenmodes of Up Equal t Green's function (Natural orbitals):
                        1                          2
   1    1  ( -0.999999 +i  0.000000)  (  0.001226 +i  0.000000) 
        2  (  0.001226 +i  0.000000)  (  0.999999 +i  0.000000) 
   2    1  ( -0.831965 +i  0.000000)  ( -0.554827 +i  0.000000) 
        2  ( -0.554827 +i  0.000000)  (  0.831965 +i  0.000000) 
   3    1  ( -0.105442 +i  0.000000)  ( -0.994425 +i  0.000000) 
        2  ( -0.994425 +i  0.000000)  (  0.105442 +i  0.000000) 
   4    1  ( -0.862557 +i  0.000000)  ( -0.505959 +i  0.000000) 
        2  ( -0.505959 +i  0.000000)  (  0.862557 +i  0.000000) 
   5    1  ( -0.950775 +i  0.000000)  ( -0.309883 +i -0.000000) 
        2  (  0.309883 +i  0.000000)  ( -0.950775 +i -0.000000) 
   6    1  ( -0.738831 +i  0.000000)  ( -0.673891 +i  0.000000) 
        2  (  0.673891 +i  0.000000)  ( -0.738831 +i  0.000000) 
   7    1  (  0.000000 +i  0.000000)  (  1.000000 +i  0.000000) 
        2  (  1.000000 +i  0.000000)  (  0.000000 +i  0.000000) 
   8    1  (  1.000000 +i  0.000000)  (  0.000000 +i  0.000000) 
        2  (  0.000000 +i  0.000000)  ( -1.000000 +i  0.000000) 
   9    1  (  1.000000 +i  0.000000)  (  0.000000 +i  0.000000) 
        2  (  0.000000 +i  0.000000)  ( -1.000000 +i -0.000000) 
============================================================================
 Eigenmodes of Down Equal t Green's function (Natural orbitals):
                        1                          2
   1    1  ( -0.999999 +i  0.000000)  (  0.001226 +i  0.000000) 
        2  (  0.001226 +i  0.000000)  (  0.999999 +i  0.000000) 
   2    1  ( -0.831965 +i  0.000000)  ( -0.554827 +i  0.000000) 
        2  ( -0.554827 +i  0.000000)  (  0.831965 +i  0.000000) 
   3    1  ( -0.105442 +i  0.000000)  ( -0.994425 +i  0.000000) 
        2  ( -0.994425 +i  0.000000)  (  0.105442 +i  0.000000) 
   4    1  ( -0.862557 +i  0.000000)  ( -0.505959 +i  0.000000) 
        2  ( -0.505959 +i  0.000000)  (  0.862557 +i  0.000000) 
   5    1  ( -0.950775 +i  0.000000)  ( -0.309883 +i -0.000000) 
        2  (  0.309883 +i  0.000000)  ( -0.950775 +i -0.000000) 
   6    1  ( -0.738831 +i  0.000000)  ( -0.673891 +i  0.000000) 
        2  (  0.673891 +i  0.000000)  ( -0.738831 +i  0.000000) 
   7    1  (  0.000000 +i  0.000000)  (  1.000000 +i  0.000000) 
        2  (  1.000000 +i  0.000000)  (  0.000000 +i  0.000000) 
   8    1  (  1.000000 +i  0.000000)  (  0.000000 +i  0.000000) 
        2  (  0.000000 +i  0.000000)  ( -1.000000 +i  0.000000) 
   9    1  (  1.000000 +i  0.000000)  (  0.000000 +i  0.000000) 
        2  (  0.000000 +i  0.000000)  ( -1.000000 +i -0.000000) 
============================================================================
 Eigenmodes of Density-density correlation fn: (up-up)
                        1                          2
   1    1  ( -0.707107 +i  0.000000)  (  0.707107 +i  0.000000) 
        2  (  0.707107 +i  0.000000)  (  0.707107 +i  0.000000) 
   2    1  (  0.079282 +i  0.000000)  (  0.996366 +i  0.031136) 
        2  ( -0.996852 +i  0.000000)  (  0.079244 +i  0.002476) 
   3    1  ( -0.978216 +i  0.000000)  ( -0.207591 +i  0.000000) 
        2  ( -0.207591 +i  0.000000)  (  0.978216 +i  0.000000) 
   4    1  (  0.000000 +i  0.000000)  (  1.000000 +i  0.000000) 
        2  (  1.000000 +i  0.000000)  (  0.000000 +i  0.000000) 
   5    1  ( -0.737556 +i  0.000000)  (  0.675286 +i -0.000000) 
        2  ( -0.675286 +i  0.000000)  ( -0.737556 +i  0.000000) 
   6    1  ( -0.782248 +i  0.000000)  (  0.622967 +i -0.000000) 
        2  ( -0.622967 +i  0.000000)  ( -0.782248 +i  0.000000) 
   7    1  (  0.000000 +i  0.000000)  (  1.000000 +i  0.000000) 
        2  (  1.000000 +i  0.000000)  (  0.000000 +i  0.000000) 
   8    1  (  1.000000 +i  0.000000)  (  0.000000 +i  0.000000) 
        2  (  0.000000 +i  0.000000)  (  0.000000 +i -1.000000) 
   9    1  (  0.702440 +i  0.000000)  (  0.711743 +i -0.000000) 
        2  ( -0.711743 +i  0.000000)  (  0.702440 +i -0.000000) 
============================================================================
 Eigenmodes of Density-density correlation fn: (up-dn)
                        1                          2
   1    1  (  0.707107 +i  0.000000)  ( -0.707107 +i  0.000000) 
        2  ( -0.707107 +i  0.000000)  ( -0.707107 +i  0.000000) 
   2    1  ( -0.058521 +i  0.000000)  (  0.998286 +i  0.000000) 
        2  ( -0.998286 +i  0.000000)  ( -0.058521 +i  0.000000) 
   3    1  ( -0.045314 +i  0.000000)  ( -0.998973 +i  0.000000) 
        2  ( -0.998973 +i  0.000000)  (  0.045314 +i  0.000000) 
   4    1  ( -0.936103 +i  0.000000)  ( -0.351727 +i  0.000000) 
        2  ( -0.351727 +i  0.000000)  (  0.936103 +i  0.000000) 
   5    1  ( -0.782754 +i  0.000000)  ( -0.622332 +i -0.000000) 
        2  ( -0.622332 +i  0.000000)  (  0.782754 +i  0.000000) 
   6    1  (  0.635447 +i  0.000000)  (  0.772145 +i  0.000000) 
        2  ( -0.772145 +i  0.000000)  (  0.635447 +i  0.000000) 
   7    1  ( -0.999834 +i  0.000000)  ( -0.018220 +i  0.000000) 
        2  (  0.018220 +i  0.000000)  ( -0.999834 +i  0.000000) 
   8    1  ( -0.525733 +i  0.000000)  ( -0.850642 +i  0.003667) 
        2  ( -0.850650 +i  0.000000)  (  0.525728 +i -0.002266) 
   9    1  ( -0.764007 +i  0.000000)  (  0.645207 +i  0.000000) 
        2  (  0.645207 +i  0.000000)  (  0.764007 +i  0.000000) 
============================================================================
 Eigenmodes of XX-Spin correlation fn: 
                        1                          2
   1    1  (  0.000000 +i  0.000000)  (  1.000000 +i  0.000000) 
        2  (  1.000000 +i  0.000000)  (  0.000000 +i  0.000000) 
   2    1  (  1.000000 +i  0.000000)  (  0.000000 +i  0.000000) 
        2  (  0.000000 +i  0.000000)  ( -1.000000 +i -0.000000) 
   3    1  (  1.000000 +i  0.000000)  (  0.000000 +i  0.000000) 
        2  (  0.000000 +i  0.000000)  ( -1.000000 +i  0.000000) 
   4    1  (  0.000000 +i  0.000000)  ( -1.000000 +i  0.000000) 
        2  (  1.000000 +i  0.000000)  (  0.000000 +i  0.000000) 
   5    1  (  0.000000 +i  0.000000)  ( -1.000000 +i -0.000000) 
        2  (  1.000000 +i  0.000000)  (  0.000000 +i  0.000000) 
   6    1  (  0.000000 +i  0.000000)  ( -1.000000 +i -0.000000) 
        2  (  1.000000 +i  0.000000)  (  0.000000 +i  0.000000) 
   7    1  (  1.000000 +i  0.000000)  (  0.000000 +i  0.000000) 
        2  (  0.000000 +i  0.000000)  ( -1.000000 +i  0.000000) 
   8    1  (  1.000000 +i  0.000000)  (  0.000000 +i  0.000000) 
        2  (  0.000000 +i  0.000000)  ( -1.000000 +i  0.000000) 
   9    1  (  0.000000 +i  0.000000)  ( -1.000000 +i  0.000000) 
        2  (  1.000000 +i  0.000000)  (  0.000000 +i  0.000000) 
============================================================================
 Eigenmodes of ZZ-Spin correlation fn: 
                        1                          2
   1    1  (  0.000000 +i  0.000000)  (  1.000000 +i  0.000000) 
        2  (  1.000000 +i  0.000000)  (  0.000000 +i  0.000000) 
   2    1  (  1.000000 +i  0.000000)  (  0.000000 +i  0.000000) 
        2  (  0.000000 +i  0.000000)  (  1.000000 +i  0.000000) 
   3    1  (  1.000000 +i  0.000000)  (  0.000000 +i  0.000000) 
        2  (  0.000000 +i  0.000000)  (  1.000000 +i  0.000000) 
   4    1  (  0.000000 +i  0.000000)  (  1.000000 +i  0.000000) 
        2  (  1.000000 +i  0.000000)  (  0.000000 +i  0.000000) 
   5    1  (  0.000000 +i  0.000000)  (  1.000000 +i  0.000000) 
        2  (  1.000000 +i  0.000000)  (  0.000000 +i  0.000000) 
   6    1  (  0.000000 +i  0.000000)  (  1.000000 +i  0.000000) 
        2  (  1.000000 +i  0.000000)  (  0.000000 +i  0.000000) 
   7    1  (  1.000000 +i  0.000000)  (  0.000000 +i  0.000000) 
        2  (  0.000000 +i  0.000000)  (  1.000000 +i  0.000000) 
   8    1  (  1.000000 +i  0.000000)  (  0.000000 +i  0.000000) 
        2  (  0.000000 +i  0.000000)  (  1.000000 +i  0.000000) 
   9    1  (  0.000000 +i  0.000000)  (  1.000000 +i  0.000000) 
        2  (  1.000000 +i  0.000000)  (  0.000000 +i  0.000000) 
============================================================================
 Eigenmodes of Average Spin correlation fn: 
                        1                          2
   1    1  (  0.000000 +i  0.000000)  (  1.000000 +i  0.000000) 
        2  (  1.000000 +i  0.000000)  (  0.000000 +i  0.000000) 
   2    1  (  1.000000 +i  0.000000)  (  0.000000 +i  0.000000) 
        2  (  0.000000 +i  0.000000)  ( -1.000000 +i  0.000000) 
   3    1  (  1.000000 +i  0.000000)  (  0.000000 +i  0.000000) 
        2  (  0.000000 +i  0.000000)  ( -1.000000 +i  0.000000) 
   4    1  (  0.000000 +i  0.000000)  ( -1.000000 +i  0.000000) 
        2  (  1.000000 +i  0.000000)  (  0.000000 +i  0.000000) 
   5    1  (  0.000000 +i  0.000000)  ( -1.000000 +i  0.000000) 
        2  (  1.000000 +i  0.000000)  (  0.000000 +i  0.000000) 
   6    1  (  0.000000 +i  0.000000)  ( -1.000000 +i  0.000000) 
        2  (  1.000000 +i  0.000000)  (  0.000000 +i  0.000000) 
   7    1  (  1.000000 +i  0.000000)  (  0.000000 +i  0.000000) 
        2  (  0.000000 +i  0.000000)  ( -1.000000 +i -0.000000) 
   8    1  (  1.000000 +i  0.000000)  (  0.000000 +i  0.000000) 
        2  (  0.000000 +i  0.000000)  ( -1.000000 +i -0.000000) 
   9    1  (  0.000000 +i  0.000000)  ( -1.000000 +i  0.000000) 
        2  (  1.000000 +i  0.000000)  (  0.000000 +i  0.000000) 
============================================================================
 Eigenmodes of Pairing correlation fn: 
                        1                          2
   1    1  (  1.000000 +i  0.000000)  (  0.000000 +i  0.000000) 
        2  (  0.000000 +i  0.000000)  (  1.000000 +i  0.000000) 
   2    1  (  0.000000 +i  0.000000)  ( -1.000000 +i  0.000000) 
        2  (  1.000000 +i  0.000000)  (  0.000000 +i  0.000000) 
   3    1  (  0.000000 +i  0.000000)  ( -1.000000 +i  0.000000) 
        2  (  1.000000 +i  0.000000)  (  0.000000 +i  0.000000) 
   4    1  (  1.000000 +i  0.000000)  (  0.000000 +i  0.000000) 
        2  (  0.000000 +i  0.000000)  ( -1.000000 +i  0.000000) 
   5    1  (  1.000000 +i  0.000000)  (  0.000000 +i  0.000000) 
        2  (  0.000000 +i  0.000000)  ( -1.000000 +i -0.000000) 
   6    1  (  1.000000 +i  0.000000)  (  0.000000 +i  0.000000) 
        2  (  0.000000 +i  0.000000)  ( -1.000000 +i -0.000000) 
   7    1  (  0.000000 +i  0.000000)  ( -1.000000 +i  0.000000) 
        2  (  1.000000 +i  0.000000)  (  0.000000 +i  0.000000) 
   8    1  (  0.000000 +i  0.000000)  ( -1.000000 +i -0.000000) 
        2  (  1.000000 +i  0.000000)  (  0.000000 +i  0.000000) 
   9    1  (  1.000000 +i  0.000000)  (  0.000000 +i  0.000000) 
        2  (  0.000000 +i  0.000000)  ( -1.000000 +i -0.000000) 
============================================================================
